<?xml version="1.0" encoding="UTF-8"?>
<coverage generated="1757661248583" clover="3.2.0">
  <project timestamp="1757661248583" name="All files">
    <metrics statements="2877" coveredstatements="2877" conditionals="810" coveredconditionals="810" methods="366" coveredmethods="366" elements="4053" coveredelements="4053" complexity="0" loc="2877" ncloc="2877" packages="19" files="61" classes="61"/>
    <package name="codec">
      <metrics statements="27" coveredstatements="27" conditionals="3" coveredconditionals="3" methods="3" coveredmethods="3"/>
      <file name="Isomorphism.ts" path="/home/eilara/projects/effect-tree/src/codec/Isomorphism.ts">
        <metrics statements="27" coveredstatements="27" conditionals="3" coveredconditionals="3" methods="3" coveredmethods="3"/>
        <line num="1" count="1" type="stmt"/>
        <line num="2" count="1" type="stmt"/>
        <line num="3" count="1" type="stmt"/>
        <line num="6" count="1" type="stmt"/>
        <line num="11" count="1" type="stmt"/>
        <line num="15" count="1" type="stmt"/>
        <line num="16" count="1" type="stmt"/>
        <line num="22" count="1" type="cond" truecount="1" falsecount="0"/>
        <line num="23" count="2" type="stmt"/>
        <line num="24" count="2" type="stmt"/>
        <line num="25" count="2" type="stmt"/>
        <line num="28" count="1" type="cond" truecount="1" falsecount="0"/>
        <line num="29" count="2" type="stmt"/>
        <line num="30" count="2" type="stmt"/>
        <line num="31" count="2" type="stmt"/>
        <line num="32" count="2" type="stmt"/>
        <line num="33" count="2" type="stmt"/>
        <line num="36" count="1" type="stmt"/>
        <line num="37" count="1" type="stmt"/>
        <line num="38" count="1" type="stmt"/>
        <line num="39" count="1" type="stmt"/>
        <line num="42" count="1" type="cond" truecount="1" falsecount="0"/>
        <line num="43" count="2" type="stmt"/>
        <line num="44" count="2" type="stmt"/>
        <line num="45" count="2" type="stmt"/>
        <line num="46" count="2" type="stmt"/>
        <line num="47" count="2" type="stmt"/>
      </file>
    </package>
    <package name="codec.arrays">
      <metrics statements="28" coveredstatements="28" conditionals="8" coveredconditionals="8" methods="4" coveredmethods="4"/>
      <file name="decode.ts" path="/home/eilara/projects/effect-tree/src/codec/arrays/decode.ts">
        <metrics statements="6" coveredstatements="6" conditionals="3" coveredconditionals="3" methods="1" coveredmethods="1"/>
        <line num="2" count="1" type="stmt"/>
        <line num="3" count="1" type="stmt"/>
        <line num="4" count="1" type="stmt"/>
        <line num="7" count="1" type="cond" truecount="1" falsecount="0"/>
        <line num="8" count="12" type="cond" truecount="2" falsecount="0"/>
        <line num="43" count="1" type="stmt"/>
      </file>
      <file name="encode.ts" path="/home/eilara/projects/effect-tree/src/codec/arrays/encode.ts">
        <metrics statements="22" coveredstatements="22" conditionals="5" coveredconditionals="5" methods="3" coveredmethods="3"/>
        <line num="2" count="1" type="stmt"/>
        <line num="3" count="1" type="stmt"/>
        <line num="4" count="1" type="stmt"/>
        <line num="5" count="1" type="stmt"/>
        <line num="17" count="1" type="cond" truecount="1" falsecount="0"/>
        <line num="18" count="13" type="stmt"/>
        <line num="19" count="13" type="stmt"/>
        <line num="20" count="13" type="stmt"/>
        <line num="21" count="13" type="cond" truecount="2" falsecount="0"/>
        <line num="28" count="12" type="stmt"/>
        <line num="29" count="12" type="stmt"/>
        <line num="30" count="12" type="stmt"/>
        <line num="31" count="12" type="stmt"/>
        <line num="32" count="12" type="cond" truecount="1" falsecount="0"/>
        <line num="33" count="4" type="stmt"/>
        <line num="34" count="4" type="stmt"/>
        <line num="35" count="4" type="stmt"/>
        <line num="36" count="12" type="stmt"/>
        <line num="37" count="12" type="stmt"/>
        <line num="38" count="12" type="stmt"/>
        <line num="41" count="1" type="cond" truecount="1" falsecount="0"/>
        <line num="42" count="2" type="stmt"/>
      </file>
    </package>
    <package name="codec.edges">
      <metrics statements="161" coveredstatements="161" conditionals="33" coveredconditionals="33" methods="26" coveredmethods="26"/>
      <file name="decode.ts" path="/home/eilara/projects/effect-tree/src/codec/edges/decode.ts">
        <metrics statements="21" coveredstatements="21" conditionals="4" coveredconditionals="4" methods="4" coveredmethods="4"/>
        <line num="1" count="1" type="stmt"/>
        <line num="2" count="1" type="stmt"/>
        <line num="3" count="1" type="stmt"/>
        <line num="4" count="1" type="stmt"/>
        <line num="5" count="1" type="stmt"/>
        <line num="8" count="1" type="cond" truecount="1" falsecount="0"/>
        <line num="9" count="2093" type="stmt"/>
        <line num="10" count="2093" type="stmt"/>
        <line num="11" count="2093" type="stmt"/>
        <line num="12" count="2093" type="stmt"/>
        <line num="13" count="2093" type="cond" truecount="1" falsecount="0"/>
        <line num="14" count="2093" type="cond" truecount="1" falsecount="0"/>
        <line num="15" count="2093" type="stmt"/>
        <line num="16" count="2093" type="stmt"/>
        <line num="17" count="2093" type="stmt"/>
        <line num="20" count="1" type="cond" truecount="1" falsecount="0"/>
        <line num="21" count="440" type="stmt"/>
        <line num="24" count="1" type="stmt"/>
        <line num="25" count="1" type="stmt"/>
        <line num="26" count="1" type="stmt"/>
        <line num="27" count="1" type="stmt"/>
      </file>
      <file name="encode.ts" path="/home/eilara/projects/effect-tree/src/codec/edges/encode.ts">
        <metrics statements="19" coveredstatements="19" conditionals="2" coveredconditionals="2" methods="2" coveredmethods="2"/>
        <line num="1" count="1" type="stmt"/>
        <line num="2" count="1" type="stmt"/>
        <line num="3" count="1" type="stmt"/>
        <line num="4" count="1" type="stmt"/>
        <line num="5" count="1" type="stmt"/>
        <line num="9" count="1" type="stmt"/>
        <line num="10" count="1" type="cond" truecount="1" falsecount="0"/>
        <line num="11" count="1" type="cond" truecount="1" falsecount="0"/>
        <line num="12" count="39" type="stmt"/>
        <line num="13" count="39" type="stmt"/>
        <line num="14" count="39" type="stmt"/>
        <line num="15" count="39" type="stmt"/>
        <line num="16" count="39" type="stmt"/>
        <line num="17" count="1" type="stmt"/>
        <line num="58" count="1" type="stmt"/>
        <line num="61" count="1" type="stmt"/>
        <line num="62" count="1" type="stmt"/>
        <line num="63" count="1" type="stmt"/>
        <line num="64" count="1" type="stmt"/>
      </file>
      <file name="map.ts" path="/home/eilara/projects/effect-tree/src/codec/edges/map.ts">
        <metrics statements="82" coveredstatements="82" conditionals="14" coveredconditionals="14" methods="13" coveredmethods="13"/>
        <line num="1" count="1" type="stmt"/>
        <line num="20" count="1" type="cond" truecount="1" falsecount="0"/>
        <line num="21" count="443" type="stmt"/>
        <line num="25" count="1" type="cond" truecount="1" falsecount="0"/>
        <line num="26" count="2100" type="stmt"/>
        <line num="27" count="2100" type="stmt"/>
        <line num="28" count="2100" type="stmt"/>
        <line num="29" count="2100" type="stmt"/>
        <line num="30" count="2100" type="stmt"/>
        <line num="31" count="2100" type="stmt"/>
        <line num="32" count="2100" type="stmt"/>
        <line num="38" count="1" type="cond" truecount="1" falsecount="0"/>
        <line num="39" count="2100" type="stmt"/>
        <line num="40" count="2100" type="stmt"/>
        <line num="41" count="2100" type="stmt"/>
        <line num="42" count="2100" type="stmt"/>
        <line num="43" count="2100" type="stmt"/>
        <line num="44" count="2100" type="stmt"/>
        <line num="45" count="2100" type="stmt"/>
        <line num="46" count="2100" type="stmt"/>
        <line num="47" count="2100" type="cond" truecount="1" falsecount="0"/>
        <line num="48" count="2100" type="cond" truecount="1" falsecount="0"/>
        <line num="49" count="2100" type="stmt"/>
        <line num="50" count="2100" type="stmt"/>
        <line num="51" count="2100" type="stmt"/>
        <line num="52" count="2100" type="stmt"/>
        <line num="53" count="2100" type="stmt"/>
        <line num="56" count="1" type="cond" truecount="1" falsecount="0"/>
        <line num="57" count="2100" type="stmt"/>
        <line num="58" count="2100" type="stmt"/>
        <line num="59" count="2100" type="stmt"/>
        <line num="60" count="2100" type="stmt"/>
        <line num="61" count="2100" type="stmt"/>
        <line num="62" count="2100" type="stmt"/>
        <line num="63" count="2100" type="stmt"/>
        <line num="64" count="2100" type="stmt"/>
        <line num="65" count="2100" type="stmt"/>
        <line num="66" count="2100" type="stmt"/>
        <line num="67" count="2100" type="stmt"/>
        <line num="68" count="2100" type="cond" truecount="1" falsecount="0"/>
        <line num="69" count="2100" type="cond" truecount="1" falsecount="0"/>
        <line num="70" count="2100" type="stmt"/>
        <line num="71" count="2100" type="stmt"/>
        <line num="72" count="2100" type="stmt"/>
        <line num="73" count="2100" type="stmt"/>
        <line num="74" count="2100" type="stmt"/>
        <line num="77" count="1" type="cond" truecount="1" falsecount="0"/>
        <line num="78" count="2100" type="stmt"/>
        <line num="79" count="2100" type="stmt"/>
        <line num="80" count="2100" type="stmt"/>
        <line num="81" count="2100" type="stmt"/>
        <line num="82" count="2100" type="stmt"/>
        <line num="83" count="2100" type="stmt"/>
        <line num="84" count="2100" type="stmt"/>
        <line num="85" count="2100" type="stmt"/>
        <line num="86" count="2100" type="stmt"/>
        <line num="87" count="2100" type="cond" truecount="1" falsecount="0"/>
        <line num="88" count="2100" type="stmt"/>
        <line num="89" count="2100" type="stmt"/>
        <line num="90" count="2100" type="stmt"/>
        <line num="91" count="2100" type="stmt"/>
        <line num="92" count="2100" type="stmt"/>
        <line num="94" count="1" type="stmt"/>
        <line num="95" count="1" type="cond" truecount="1" falsecount="0"/>
        <line num="96" count="2100" type="stmt"/>
        <line num="97" count="2100" type="stmt"/>
        <line num="99" count="2100" type="cond" truecount="1" falsecount="0"/>
        <line num="100" count="1657" type="stmt"/>
        <line num="101" count="1657" type="stmt"/>
        <line num="102" count="1657" type="stmt"/>
        <line num="103" count="1657" type="stmt"/>
        <line num="104" count="1657" type="stmt"/>
        <line num="105" count="1657" type="cond" truecount="1" falsecount="0"/>
        <line num="106" count="1657" type="stmt"/>
        <line num="107" count="1657" type="stmt"/>
        <line num="108" count="1657" type="stmt"/>
        <line num="109" count="1657" type="stmt"/>
        <line num="112" count="1" type="cond" truecount="1" falsecount="0"/>
        <line num="113" count="443" type="stmt"/>
        <line num="114" count="443" type="stmt"/>
        <line num="115" count="443" type="stmt"/>
        <line num="116" count="443" type="stmt"/>
      </file>
      <file name="ops.ts" path="/home/eilara/projects/effect-tree/src/codec/edges/ops.ts">
        <metrics statements="39" coveredstatements="39" conditionals="13" coveredconditionals="13" methods="7" coveredmethods="7"/>
        <line num="1" count="1" type="stmt"/>
        <line num="15" count="1" type="cond" truecount="1" falsecount="0"/>
        <line num="16" count="526" type="stmt"/>
        <line num="17" count="526" type="stmt"/>
        <line num="18" count="526" type="stmt"/>
        <line num="21" count="1" type="stmt"/>
        <line num="22" count="1" type="cond" truecount="1" falsecount="0"/>
        <line num="23" count="39" type="cond" truecount="1" falsecount="0"/>
        <line num="29" count="1" type="cond" truecount="1" falsecount="0"/>
        <line num="30" count="2093" type="stmt"/>
        <line num="31" count="2093" type="stmt"/>
        <line num="32" count="2093" type="stmt"/>
        <line num="33" count="2093" type="stmt"/>
        <line num="38" count="2093" type="stmt"/>
        <line num="39" count="2093" type="stmt"/>
        <line num="40" count="2093" type="stmt"/>
        <line num="41" count="2093" type="stmt"/>
        <line num="42" count="2093" type="stmt"/>
        <line num="43" count="2093" type="cond" truecount="1" falsecount="0"/>
        <line num="44" count="2093" type="stmt"/>
        <line num="45" count="2093" type="stmt"/>
        <line num="46" count="2093" type="stmt"/>
        <line num="49" count="1" type="stmt"/>
        <line num="50" count="1" type="cond" truecount="1" falsecount="0"/>
        <line num="51" count="1019" type="cond" truecount="1" falsecount="0"/>
        <line num="54" count="1" type="stmt"/>
        <line num="56" count="1" type="cond" truecount="1" falsecount="0"/>
        <line num="57" count="1" type="stmt"/>
        <line num="60" count="1" type="stmt"/>
        <line num="62" count="1" type="cond" truecount="1" falsecount="0"/>
        <line num="63" count="1" type="stmt"/>
        <line num="66" count="1" type="stmt"/>
        <line num="67" count="1" type="cond" truecount="1" falsecount="0"/>
        <line num="68" count="360" type="cond" truecount="1" falsecount="0"/>
        <line num="69" count="360" type="stmt"/>
        <line num="75" count="1" type="stmt"/>
        <line num="77" count="1" type="stmt"/>
        <line num="78" count="1" type="stmt"/>
        <line num="79" count="1" type="stmt"/>
      </file>
    </package>
    <package name="codec.indented">
      <metrics statements="47" coveredstatements="47" conditionals="17" coveredconditionals="17" methods="5" coveredmethods="5"/>
      <file name="index.ts" path="/home/eilara/projects/effect-tree/src/codec/indented/index.ts">
        <metrics statements="47" coveredstatements="47" conditionals="17" coveredconditionals="17" methods="5" coveredmethods="5"/>
        <line num="1" count="1" type="stmt"/>
        <line num="2" count="1" type="stmt"/>
        <line num="3" count="1" type="stmt"/>
        <line num="4" count="1" type="stmt"/>
        <line num="11" count="1" type="stmt"/>
        <line num="12" count="1" type="cond" truecount="1" falsecount="0"/>
        <line num="13" count="3" type="cond" truecount="1" falsecount="0"/>
        <line num="14" count="3" type="cond" truecount="1" falsecount="0"/>
        <line num="16" count="102" type="stmt"/>
        <line num="17" count="102" type="stmt"/>
        <line num="18" count="102" type="stmt"/>
        <line num="19" count="102" type="stmt"/>
        <line num="20" count="102" type="cond" truecount="1" falsecount="0"/>
        <line num="21" count="225" type="stmt"/>
        <line num="22" count="102" type="stmt"/>
        <line num="23" count="102" type="stmt"/>
        <line num="24" count="102" type="stmt"/>
        <line num="27" count="1" type="cond" truecount="1" falsecount="0"/>
        <line num="28" count="83" type="stmt"/>
        <line num="29" count="83" type="cond" truecount="2" falsecount="0"/>
        <line num="31" count="22" type="stmt"/>
        <line num="32" count="22" type="cond" truecount="1" falsecount="0"/>
        <line num="33" count="22" type="stmt"/>
        <line num="34" count="22" type="stmt"/>
        <line num="35" count="22" type="cond" truecount="1" falsecount="0"/>
        <line num="36" count="22" type="stmt"/>
        <line num="38" count="22" type="stmt"/>
        <line num="39" count="22" type="stmt"/>
        <line num="45" count="1" type="cond" truecount="1" falsecount="0"/>
        <line num="46" count="139" type="stmt"/>
        <line num="47" count="139" type="stmt"/>
        <line num="48" count="139" type="stmt"/>
        <line num="49" count="139" type="stmt"/>
        <line num="52" count="139" type="stmt"/>
        <line num="53" count="139" type="cond" truecount="2" falsecount="0"/>
        <line num="55" count="41" type="stmt"/>
        <line num="57" count="41" type="stmt"/>
        <line num="58" count="139" type="cond" truecount="1" falsecount="0"/>
        <line num="59" count="135" type="cond" truecount="1" falsecount="0"/>
        <line num="60" count="59" type="stmt"/>
        <line num="61" count="59" type="stmt"/>
        <line num="62" count="59" type="cond" truecount="1" falsecount="0"/>
        <line num="63" count="76" type="cond" truecount="1" falsecount="0"/>
        <line num="65" count="41" type="stmt"/>
        <line num="66" count="41" type="stmt"/>
        <line num="68" count="1" type="cond" truecount="1" falsecount="0"/>
        <line num="69" count="161" type="stmt"/>
      </file>
    </package>
    <package name="codec.paths">
      <metrics statements="84" coveredstatements="84" conditionals="24" coveredconditionals="24" methods="6" coveredmethods="6"/>
      <file name="fold.ts" path="/home/eilara/projects/effect-tree/src/codec/paths/fold.ts">
        <metrics statements="18" coveredstatements="18" conditionals="4" coveredconditionals="4" methods="3" coveredmethods="3"/>
        <line num="1" count="1" type="stmt"/>
        <line num="2" count="1" type="stmt"/>
        <line num="3" count="1" type="stmt"/>
        <line num="4" count="1" type="stmt"/>
        <line num="17" count="1" type="cond" truecount="1" falsecount="0"/>
        <line num="18" count="906" type="stmt"/>
        <line num="20" count="906" type="stmt"/>
        <line num="21" count="906" type="stmt"/>
        <line num="22" count="906" type="stmt"/>
        <line num="23" count="906" type="cond" truecount="1" falsecount="0"/>
        <line num="24" count="906" type="cond" truecount="1" falsecount="0"/>
        <line num="25" count="433" type="stmt"/>
        <line num="26" count="433" type="stmt"/>
        <line num="27" count="433" type="stmt"/>
        <line num="28" count="433" type="cond" truecount="1" falsecount="0"/>
        <line num="29" count="433" type="stmt"/>
        <line num="30" count="906" type="stmt"/>
        <line num="31" count="906" type="stmt"/>
      </file>
      <file name="guard.ts" path="/home/eilara/projects/effect-tree/src/codec/paths/guard.ts">
        <metrics statements="25" coveredstatements="25" conditionals="14" coveredconditionals="14" methods="1" coveredmethods="1"/>
        <line num="2" count="1" type="stmt"/>
        <line num="12" count="1" type="stmt"/>
        <line num="13" count="1" type="cond" truecount="1" falsecount="0"/>
        <line num="14" count="51" type="stmt"/>
        <line num="16" count="51" type="cond" truecount="1" falsecount="0"/>
        <line num="17" count="179" type="stmt"/>
        <line num="18" count="179" type="stmt"/>
        <line num="19" count="179" type="stmt"/>
        <line num="21" count="179" type="cond" truecount="1" falsecount="0"/>
        <line num="22" count="361" type="stmt"/>
        <line num="24" count="361" type="cond" truecount="3" falsecount="0"/>
        <line num="25" count="359" type="stmt"/>
        <line num="27" count="359" type="stmt"/>
        <line num="28" count="359" type="stmt"/>
        <line num="29" count="359" type="stmt"/>
        <line num="30" count="359" type="stmt"/>
        <line num="31" count="361" type="cond" truecount="2" falsecount="0"/>
        <line num="33" count="361" type="cond" truecount="1" falsecount="0"/>
        <line num="34" count="671" type="stmt"/>
        <line num="35" count="671" type="cond" truecount="2" falsecount="0"/>
        <line num="36" count="87" type="cond" truecount="1" falsecount="0"/>
        <line num="37" count="671" type="cond" truecount="1" falsecount="0"/>
        <line num="38" count="326" type="cond" truecount="1" falsecount="0"/>
        <line num="40" count="144" type="stmt"/>
        <line num="41" count="144" type="stmt"/>
      </file>
      <file name="ops.ts" path="/home/eilara/projects/effect-tree/src/codec/paths/ops.ts">
        <metrics statements="11" coveredstatements="11" conditionals="2" coveredconditionals="2" methods="1" coveredmethods="1"/>
        <line num="1" count="1" type="stmt"/>
        <line num="2" count="1" type="stmt"/>
        <line num="3" count="1" type="stmt"/>
        <line num="4" count="1" type="stmt"/>
        <line num="5" count="1" type="stmt"/>
        <line num="7" count="1" type="stmt"/>
        <line num="8" count="1" type="stmt"/>
        <line num="10" count="1" type="stmt"/>
        <line num="11" count="1" type="cond" truecount="1" falsecount="0"/>
        <line num="12" count="4" type="cond" truecount="1" falsecount="0"/>
        <line num="13" count="82" type="stmt"/>
      </file>
      <file name="unfold.ts" path="/home/eilara/projects/effect-tree/src/codec/paths/unfold.ts">
        <metrics statements="30" coveredstatements="30" conditionals="4" coveredconditionals="4" methods="1" coveredmethods="1"/>
        <line num="1" count="1" type="stmt"/>
        <line num="2" count="1" type="stmt"/>
        <line num="3" count="1" type="stmt"/>
        <line num="4" count="1" type="stmt"/>
        <line num="5" count="1" type="stmt"/>
        <line num="17" count="1" type="stmt"/>
        <line num="18" count="1" type="cond" truecount="1" falsecount="0"/>
        <line num="19" count="82" type="cond" truecount="1" falsecount="0"/>
        <line num="20" count="138" type="stmt"/>
        <line num="21" count="138" type="stmt"/>
        <line num="22" count="138" type="stmt"/>
        <line num="23" count="138" type="stmt"/>
        <line num="25" count="138" type="stmt"/>
        <line num="26" count="138" type="stmt"/>
        <line num="28" count="138" type="stmt"/>
        <line num="30" count="138" type="stmt"/>
        <line num="31" count="138" type="stmt"/>
        <line num="32" count="138" type="stmt"/>
        <line num="33" count="138" type="stmt"/>
        <line num="34" count="138" type="stmt"/>
        <line num="36" count="138" type="cond" truecount="1" falsecount="0"/>
        <line num="37" count="34" type="stmt"/>
        <line num="38" count="34" type="stmt"/>
        <line num="39" count="34" type="stmt"/>
        <line num="40" count="34" type="stmt"/>
        <line num="41" count="34" type="stmt"/>
        <line num="42" count="34" type="stmt"/>
        <line num="43" count="34" type="cond" truecount="1" falsecount="0"/>
        <line num="44" count="104" type="stmt"/>
        <line num="45" count="138" type="stmt"/>
      </file>
    </package>
    <package name="codec.prufer">
      <metrics statements="196" coveredstatements="196" conditionals="83" coveredconditionals="83" methods="30" coveredmethods="30"/>
      <file name="decoder.ts" path="/home/eilara/projects/effect-tree/src/codec/prufer/decoder.ts">
        <metrics statements="55" coveredstatements="55" conditionals="14" coveredconditionals="14" methods="4" coveredmethods="4"/>
        <line num="1" count="1" type="stmt"/>
        <line num="2" count="1" type="stmt"/>
        <line num="3" count="1" type="stmt"/>
        <line num="5" count="1" type="stmt"/>
        <line num="17" count="1" type="cond" truecount="1" falsecount="0"/>
        <line num="18" count="360" type="stmt"/>
        <line num="19" count="360" type="stmt"/>
        <line num="21" count="360" type="stmt"/>
        <line num="22" count="360" type="stmt"/>
        <line num="23" count="360" type="stmt"/>
        <line num="25" count="360" type="cond" truecount="1" falsecount="0"/>
        <line num="26" count="1611" type="cond" truecount="1" falsecount="0"/>
        <line num="27" count="1611" type="stmt"/>
        <line num="28" count="1611" type="stmt"/>
        <line num="30" count="1611" type="cond" truecount="1" falsecount="0"/>
        <line num="31" count="1611" type="cond" truecount="2" falsecount="0"/>
        <line num="32" count="980" type="cond" truecount="1" falsecount="0"/>
        <line num="33" count="1611" type="stmt"/>
        <line num="35" count="360" type="stmt"/>
        <line num="36" count="360" type="stmt"/>
        <line num="37" count="360" type="stmt"/>
        <line num="38" count="360" type="stmt"/>
        <line num="39" count="360" type="stmt"/>
        <line num="40" count="360" type="stmt"/>
        <line num="41" count="360" type="stmt"/>
        <line num="42" count="360" type="stmt"/>
        <line num="45" count="1" type="cond" truecount="1" falsecount="0"/>
        <line num="48" count="362" type="cond" truecount="1" falsecount="0"/>
        <line num="49" count="359" type="cond" truecount="1" falsecount="0"/>
        <line num="50" count="3" type="stmt"/>
        <line num="51" count="362" type="stmt"/>
        <line num="54" count="1" type="cond" truecount="1" falsecount="0"/>
        <line num="55" count="360" type="stmt"/>
        <line num="56" count="360" type="stmt"/>
        <line num="57" count="360" type="stmt"/>
        <line num="58" count="360" type="stmt"/>
        <line num="59" count="360" type="stmt"/>
        <line num="60" count="360" type="stmt"/>
        <line num="61" count="360" type="stmt"/>
        <line num="63" count="360" type="stmt"/>
        <line num="64" count="360" type="stmt"/>
        <line num="67" count="1" type="cond" truecount="1" falsecount="0"/>
        <line num="68" count="360" type="stmt"/>
        <line num="69" count="360" type="stmt"/>
        <line num="70" count="360" type="stmt"/>
        <line num="71" count="360" type="cond" truecount="1" falsecount="0"/>
        <line num="72" count="360" type="stmt"/>
        <line num="74" count="360" type="stmt"/>
        <line num="75" count="360" type="stmt"/>
        <line num="76" count="360" type="stmt"/>
        <line num="77" count="360" type="stmt"/>
        <line num="78" count="360" type="stmt"/>
        <line num="79" count="360" type="cond" truecount="1" falsecount="0"/>
        <line num="81" count="360" type="stmt"/>
        <line num="82" count="360" type="stmt"/>
      </file>
      <file name="encoder.ts" path="/home/eilara/projects/effect-tree/src/codec/prufer/encoder.ts">
        <metrics statements="31" coveredstatements="31" conditionals="9" coveredconditionals="9" methods="4" coveredmethods="4"/>
        <line num="1" count="1" type="stmt"/>
        <line num="2" count="1" type="stmt"/>
        <line num="3" count="1" type="stmt"/>
        <line num="4" count="1" type="stmt"/>
        <line num="25" count="1" type="stmt"/>
        <line num="26" count="1" type="cond" truecount="1" falsecount="0"/>
        <line num="27" count="23" type="cond" truecount="1" falsecount="0"/>
        <line num="30" count="147" type="stmt"/>
        <line num="33" count="147" type="cond" truecount="2" falsecount="0"/>
        <line num="34" count="2" type="stmt"/>
        <line num="35" count="2" type="cond" truecount="1" falsecount="0"/>
        <line num="37" count="145" type="stmt"/>
        <line num="39" count="145" type="cond" truecount="1" falsecount="0"/>
        <line num="40" count="927" type="stmt"/>
        <line num="42" count="927" type="stmt"/>
        <line num="43" count="927" type="stmt"/>
        <line num="44" count="927" type="stmt"/>
        <line num="45" count="927" type="cond" truecount="1" falsecount="0"/>
        <line num="46" count="927" type="cond" truecount="1" falsecount="0"/>
        <line num="47" count="782" type="stmt"/>
        <line num="48" count="782" type="cond" truecount="1" falsecount="0"/>
        <line num="49" count="782" type="stmt"/>
        <line num="50" count="782" type="stmt"/>
        <line num="51" count="927" type="stmt"/>
        <line num="52" count="927" type="stmt"/>
        <line num="53" count="927" type="stmt"/>
        <line num="55" count="145" type="stmt"/>
        <line num="56" count="145" type="stmt"/>
        <line num="57" count="145" type="stmt"/>
        <line num="58" count="145" type="stmt"/>
        <line num="59" count="145" type="stmt"/>
      </file>
      <file name="enumerate.ts" path="/home/eilara/projects/effect-tree/src/codec/prufer/enumerate.ts">
        <metrics statements="48" coveredstatements="48" conditionals="20" coveredconditionals="20" methods="9" coveredmethods="9"/>
        <line num="1" count="1" type="stmt"/>
        <line num="2" count="1" type="stmt"/>
        <line num="3" count="1" type="stmt"/>
        <line num="4" count="1" type="stmt"/>
        <line num="6" count="1" type="stmt"/>
        <line num="7" count="1" type="stmt"/>
        <line num="14" count="1" type="cond" truecount="1" falsecount="0"/>
        <line num="17" count="1" type="cond" truecount="1" falsecount="0"/>
        <line num="19" count="1" type="cond" truecount="1" falsecount="0"/>
        <line num="25" count="1" type="cond" truecount="1" falsecount="0"/>
        <line num="26" count="297" type="cond" truecount="1" falsecount="0"/>
        <line num="27" count="3" type="stmt"/>
        <line num="28" count="3" type="cond" truecount="1" falsecount="0"/>
        <line num="30" count="294" type="stmt"/>
        <line num="31" count="294" type="stmt"/>
        <line num="33" count="294" type="stmt"/>
        <line num="34" count="294" type="stmt"/>
        <line num="35" count="297" type="cond" truecount="2" falsecount="0"/>
        <line num="36" count="297" type="stmt"/>
        <line num="37" count="297" type="stmt"/>
        <line num="45" count="1" type="stmt"/>
        <line num="47" count="1" type="cond" truecount="1" falsecount="0"/>
        <line num="48" count="31" type="cond" truecount="1" falsecount="0"/>
        <line num="49" count="2" type="stmt"/>
        <line num="50" count="2" type="cond" truecount="1" falsecount="0"/>
        <line num="52" count="29" type="stmt"/>
        <line num="53" count="29" type="stmt"/>
        <line num="54" count="29" type="stmt"/>
        <line num="55" count="29" type="stmt"/>
        <line num="56" count="29" type="stmt"/>
        <line num="58" count="29" type="stmt"/>
        <line num="59" count="29" type="stmt"/>
        <line num="62" count="1" type="cond" truecount="1" falsecount="0"/>
        <line num="63" count="4" type="stmt"/>
        <line num="70" count="1" type="stmt"/>
        <line num="72" count="1" type="cond" truecount="1" falsecount="0"/>
        <line num="73" count="6" type="stmt"/>
        <line num="76" count="1" type="cond" truecount="1" falsecount="0"/>
        <line num="77" count="5" type="stmt"/>
        <line num="78" count="5" type="stmt"/>
        <line num="79" count="5" type="cond" truecount="1" falsecount="0"/>
        <line num="80" count="5" type="stmt"/>
        <line num="83" count="1" type="cond" truecount="1" falsecount="0"/>
        <line num="84" count="5" type="cond" truecount="1" falsecount="0"/>
        <line num="85" count="1" type="cond" truecount="1" falsecount="0"/>
        <line num="86" count="4" type="cond" truecount="1" falsecount="0"/>
        <line num="87" count="1" type="cond" truecount="1" falsecount="0"/>
        <line num="88" count="3" type="stmt"/>
      </file>
      <file name="step.ts" path="/home/eilara/projects/effect-tree/src/codec/prufer/step.ts">
        <metrics statements="62" coveredstatements="62" conditionals="40" coveredconditionals="40" methods="13" coveredmethods="13"/>
        <line num="1" count="1" type="stmt"/>
        <line num="2" count="1" type="stmt"/>
        <line num="3" count="1" type="stmt"/>
        <line num="4" count="1" type="stmt"/>
        <line num="5" count="1" type="stmt"/>
        <line num="6" count="1" type="stmt"/>
        <line num="7" count="1" type="stmt"/>
        <line num="15" count="1" type="cond" truecount="1" falsecount="0"/>
        <line num="16" count="9" type="cond" truecount="1" falsecount="0"/>
        <line num="17" count="2" type="cond" truecount="1" falsecount="0"/>
        <line num="18" count="7" type="cond" truecount="1" falsecount="0"/>
        <line num="21" count="1" type="cond" truecount="1" falsecount="0"/>
        <line num="22" count="7" type="cond" truecount="1" falsecount="0"/>
        <line num="23" count="1" type="cond" truecount="1" falsecount="0"/>
        <line num="24" count="6" type="cond" truecount="1" falsecount="0"/>
        <line num="27" count="1" type="cond" truecount="1" falsecount="0"/>
        <line num="28" count="21" type="cond" truecount="3" falsecount="0"/>
        <line num="31" count="1" type="cond" truecount="1" falsecount="0"/>
        <line num="32" count="23" type="cond" truecount="1" falsecount="0"/>
        <line num="33" count="21" type="stmt"/>
        <line num="34" count="21" type="stmt"/>
        <line num="35" count="21" type="stmt"/>
        <line num="36" count="21" type="cond" truecount="1" falsecount="0"/>
        <line num="37" count="21" type="stmt"/>
        <line num="38" count="23" type="cond" truecount="1" falsecount="0"/>
        <line num="39" count="23" type="stmt"/>
        <line num="47" count="1" type="cond" truecount="1" falsecount="0"/>
        <line num="48" count="13" type="cond" truecount="1" falsecount="0"/>
        <line num="49" count="12" type="cond" truecount="1" falsecount="0"/>
        <line num="50" count="4" type="cond" truecount="1" falsecount="0"/>
        <line num="51" count="2" type="cond" truecount="1" falsecount="0"/>
        <line num="52" count="2" type="cond" truecount="1" falsecount="0"/>
        <line num="53" count="8" type="cond" truecount="1" falsecount="0"/>
        <line num="54" count="1" type="stmt"/>
        <line num="60" count="1" type="cond" truecount="1" falsecount="0"/>
        <line num="61" count="14" type="cond" truecount="1" falsecount="0"/>
        <line num="62" count="3" type="cond" truecount="1" falsecount="0"/>
        <line num="63" count="11" type="stmt"/>
        <line num="71" count="1" type="cond" truecount="1" falsecount="0"/>
        <line num="72" count="9" type="cond" truecount="1" falsecount="0"/>
        <line num="73" count="8" type="cond" truecount="1" falsecount="0"/>
        <line num="74" count="3" type="cond" truecount="1" falsecount="0"/>
        <line num="75" count="5" type="cond" truecount="1" falsecount="0"/>
        <line num="76" count="1" type="stmt"/>
        <line num="84" count="1" type="cond" truecount="1" falsecount="0"/>
        <line num="85" count="9" type="cond" truecount="1" falsecount="0"/>
        <line num="86" count="3" type="cond" truecount="1" falsecount="0"/>
        <line num="87" count="6" type="stmt"/>
        <line num="96" count="1" type="cond" truecount="1" falsecount="0"/>
        <line num="97" count="1" type="stmt"/>
        <line num="105" count="1" type="cond" truecount="1" falsecount="0"/>
        <line num="106" count="1" type="stmt"/>
        <line num="112" count="1" type="cond" truecount="1" falsecount="0"/>
        <line num="113" count="1" type="stmt"/>
        <line num="119" count="1" type="cond" truecount="1" falsecount="0"/>
        <line num="120" count="1" type="stmt"/>
        <line num="126" count="1" type="stmt"/>
        <line num="127" count="1" type="cond" truecount="1" falsecount="0"/>
        <line num="128" count="19" type="cond" truecount="1" falsecount="0"/>
        <line num="129" count="19" type="stmt"/>
        <line num="130" count="19" type="stmt"/>
        <line num="131" count="19" type="stmt"/>
      </file>
    </package>
    <package name="draw">
      <metrics statements="122" coveredstatements="122" conditionals="18" coveredconditionals="18" methods="8" coveredmethods="8"/>
      <file name="atoms.ts" path="/home/eilara/projects/effect-tree/src/draw/atoms.ts">
        <metrics statements="70" coveredstatements="70" conditionals="9" coveredconditionals="9" methods="4" coveredmethods="4"/>
        <line num="1" count="1" type="stmt"/>
        <line num="2" count="1" type="stmt"/>
        <line num="3" count="1" type="stmt"/>
        <line num="5" count="1" type="stmt"/>
        <line num="8" count="1" type="stmt"/>
        <line num="24" count="1" type="stmt"/>
        <line num="25" count="1" type="stmt"/>
        <line num="26" count="1" type="stmt"/>
        <line num="27" count="1" type="stmt"/>
        <line num="28" count="1" type="stmt"/>
        <line num="29" count="1" type="stmt"/>
        <line num="31" count="1" type="stmt"/>
        <line num="32" count="1" type="stmt"/>
        <line num="33" count="1" type="stmt"/>
        <line num="34" count="1" type="stmt"/>
        <line num="35" count="1" type="stmt"/>
        <line num="36" count="1" type="stmt"/>
        <line num="38" count="68" type="cond" truecount="1" falsecount="0"/>
        <line num="39" count="68" type="stmt"/>
        <line num="40" count="68" type="stmt"/>
        <line num="42" count="68" type="cond" truecount="1" falsecount="0"/>
        <line num="43" count="68" type="stmt"/>
        <line num="44" count="68" type="stmt"/>
        <line num="45" count="68" type="stmt"/>
        <line num="46" count="68" type="stmt"/>
        <line num="47" count="68" type="cond" truecount="1" falsecount="0"/>
        <line num="48" count="968" type="cond" truecount="1" falsecount="0"/>
        <line num="49" count="968" type="stmt"/>
        <line num="50" count="968" type="stmt"/>
        <line num="51" count="968" type="stmt"/>
        <line num="52" count="968" type="stmt"/>
        <line num="53" count="968" type="stmt"/>
        <line num="54" count="968" type="stmt"/>
        <line num="55" count="968" type="stmt"/>
        <line num="56" count="968" type="stmt"/>
        <line num="57" count="968" type="stmt"/>
        <line num="59" count="968" type="stmt"/>
        <line num="60" count="968" type="stmt"/>
        <line num="61" count="968" type="stmt"/>
        <line num="62" count="968" type="stmt"/>
        <line num="63" count="968" type="stmt"/>
        <line num="64" count="968" type="stmt"/>
        <line num="65" count="968" type="stmt"/>
        <line num="66" count="968" type="stmt"/>
        <line num="67" count="968" type="stmt"/>
        <line num="68" count="968" type="stmt"/>
        <line num="69" count="68" type="stmt"/>
        <line num="71" count="68" type="cond" truecount="1" falsecount="0"/>
        <line num="72" count="68" type="stmt"/>
        <line num="73" count="68" type="stmt"/>
        <line num="74" count="68" type="stmt"/>
        <line num="75" count="68" type="stmt"/>
        <line num="76" count="68" type="cond" truecount="2" falsecount="0"/>
        <line num="77" count="802" type="stmt"/>
        <line num="78" count="802" type="stmt"/>
        <line num="79" count="802" type="stmt"/>
        <line num="80" count="802" type="stmt"/>
        <line num="81" count="802" type="stmt"/>
        <line num="82" count="802" type="stmt"/>
        <line num="83" count="802" type="stmt"/>
        <line num="84" count="68" type="stmt"/>
        <line num="85" count="68" type="stmt"/>
        <line num="87" count="968" type="cond" truecount="1" falsecount="0"/>
        <line num="88" count="968" type="stmt"/>
        <line num="89" count="968" type="cond" truecount="1" falsecount="0"/>
        <line num="90" count="968" type="stmt"/>
        <line num="91" count="968" type="stmt"/>
        <line num="92" count="968" type="stmt"/>
        <line num="93" count="968" type="stmt"/>
        <line num="94" count="968" type="stmt"/>
      </file>
      <file name="index.ts" path="/home/eilara/projects/effect-tree/src/draw/index.ts">
        <metrics statements="12" coveredstatements="12" conditionals="2" coveredconditionals="2" methods="0" coveredmethods="0"/>
        <line num="2" count="1" type="stmt"/>
        <line num="4" count="1" type="stmt"/>
        <line num="5" count="1" type="stmt"/>
        <line num="6" count="1" type="stmt"/>
        <line num="10" count="1" type="stmt"/>
        <line num="13" count="1" type="stmt"/>
        <line num="14" count="1" type="stmt"/>
        <line num="15" count="1" type="cond" truecount="2" falsecount="0"/>
        <line num="16" count="164" type="stmt"/>
        <line num="17" count="1" type="stmt"/>
        <line num="20" count="1" type="stmt"/>
        <line num="22" count="1" type="stmt"/>
      </file>
      <file name="layout.ts" path="/home/eilara/projects/effect-tree/src/draw/layout.ts">
        <metrics statements="40" coveredstatements="40" conditionals="7" coveredconditionals="7" methods="4" coveredmethods="4"/>
        <line num="1" count="1" type="stmt"/>
        <line num="2" count="1" type="stmt"/>
        <line num="3" count="1" type="stmt"/>
        <line num="5" count="1" type="stmt"/>
        <line num="6" count="1" type="stmt"/>
        <line num="8" count="1" type="stmt"/>
        <line num="13" count="1" type="cond" truecount="1" falsecount="0"/>
        <line num="14" count="964" type="cond" truecount="1" falsecount="0"/>
        <line num="15" count="964" type="stmt"/>
        <line num="16" count="964" type="stmt"/>
        <line num="17" count="964" type="stmt"/>
        <line num="18" count="964" type="cond" truecount="1" falsecount="0"/>
        <line num="19" count="964" type="stmt"/>
        <line num="20" count="964" type="stmt"/>
        <line num="21" count="964" type="stmt"/>
        <line num="22" count="964" type="stmt"/>
        <line num="24" count="1" type="stmt"/>
        <line num="25" count="1" type="cond" truecount="1" falsecount="0"/>
        <line num="26" count="964" type="cond" truecount="1" falsecount="0"/>
        <line num="27" count="500" type="stmt"/>
        <line num="28" count="500" type="stmt"/>
        <line num="29" count="500" type="stmt"/>
        <line num="30" count="500" type="stmt"/>
        <line num="32" count="500" type="stmt"/>
        <line num="33" count="500" type="stmt"/>
        <line num="35" count="1" type="cond" truecount="1" falsecount="0"/>
        <line num="36" count="500" type="stmt"/>
        <line num="37" count="500" type="stmt"/>
        <line num="38" count="500" type="cond" truecount="1" falsecount="0"/>
        <line num="39" count="500" type="stmt"/>
        <line num="41" count="500" type="stmt"/>
        <line num="42" count="500" type="stmt"/>
        <line num="43" count="500" type="stmt"/>
        <line num="44" count="500" type="stmt"/>
        <line num="45" count="500" type="stmt"/>
        <line num="46" count="500" type="stmt"/>
        <line num="47" count="500" type="stmt"/>
        <line num="48" count="500" type="stmt"/>
        <line num="49" count="500" type="stmt"/>
        <line num="50" count="500" type="stmt"/>
      </file>
    </package>
    <package name="draw.part">
      <metrics statements="201" coveredstatements="201" conditionals="49" coveredconditionals="49" methods="20" coveredmethods="20"/>
      <file name="data.ts" path="/home/eilara/projects/effect-tree/src/draw/part/data.ts">
        <metrics statements="110" coveredstatements="110" conditionals="38" coveredconditionals="38" methods="15" coveredmethods="15"/>
        <line num="2" count="1" type="stmt"/>
        <line num="3" count="1" type="stmt"/>
        <line num="5" count="1" type="stmt"/>
        <line num="6" count="1" type="stmt"/>
        <line num="19" count="1" type="stmt"/>
        <line num="22" count="1" type="stmt"/>
        <line num="24" count="1" type="cond" truecount="1" falsecount="0"/>
        <line num="25" count="3217" type="stmt"/>
        <line num="26" count="1" type="cond" truecount="1" falsecount="0"/>
        <line num="27" count="702" type="stmt"/>
        <line num="28" count="1" type="cond" truecount="1" falsecount="0"/>
        <line num="29" count="1" type="cond" truecount="1" falsecount="0"/>
        <line num="32" count="1" type="stmt"/>
        <line num="34" count="1" type="stmt"/>
        <line num="35" count="1" type="stmt"/>
        <line num="36" count="1" type="stmt"/>
        <line num="39" count="1" type="stmt"/>
        <line num="40" count="1" type="cond" truecount="1" falsecount="0"/>
        <line num="41" count="938" type="cond" truecount="1" falsecount="0"/>
        <line num="42" count="1172" type="cond" truecount="1" falsecount="0"/>
        <line num="43" count="828" type="stmt"/>
        <line num="44" count="828" type="stmt"/>
        <line num="47" count="828" type="stmt"/>
        <line num="49" count="828" type="stmt"/>
        <line num="50" count="828" type="cond" truecount="1" falsecount="0"/>
        <line num="51" count="828" type="stmt"/>
        <line num="54" count="1" type="stmt"/>
        <line num="55" count="1" type="cond" truecount="1" falsecount="0"/>
        <line num="56" count="144" type="cond" truecount="1" falsecount="0"/>
        <line num="57" count="2003" type="cond" truecount="1" falsecount="0"/>
        <line num="59" count="1" type="stmt"/>
        <line num="60" count="1" type="cond" truecount="1" falsecount="0"/>
        <line num="61" count="1" type="cond" truecount="1" falsecount="0"/>
        <line num="62" count="1" type="cond" truecount="1" falsecount="0"/>
        <line num="63" count="1" type="cond" truecount="1" falsecount="0"/>
        <line num="64" count="1" type="stmt"/>
        <line num="67" count="1" type="cond" truecount="1" falsecount="0"/>
        <line num="73" count="1" type="stmt"/>
        <line num="74" count="1" type="cond" truecount="1" falsecount="0"/>
        <line num="75" count="1" type="cond" truecount="1" falsecount="0"/>
        <line num="76" count="1" type="stmt"/>
        <line num="82" count="1" type="stmt"/>
        <line num="83" count="1" type="cond" truecount="1" falsecount="0"/>
        <line num="84" count="1" type="cond" truecount="1" falsecount="0"/>
        <line num="85" count="1" type="stmt"/>
        <line num="88" count="1" type="stmt"/>
        <line num="89" count="1" type="cond" truecount="1" falsecount="0"/>
        <line num="90" count="120" type="cond" truecount="1" falsecount="0"/>
        <line num="91" count="354" type="cond" truecount="1" falsecount="0"/>
        <line num="92" count="805" type="stmt"/>
        <line num="93" count="805" type="stmt"/>
        <line num="96" count="805" type="stmt"/>
        <line num="98" count="805" type="cond" truecount="1" falsecount="0"/>
        <line num="99" count="805" type="cond" truecount="1" falsecount="0"/>
        <line num="102" count="1" type="stmt"/>
        <line num="103" count="1" type="cond" truecount="1" falsecount="0"/>
        <line num="104" count="119" type="cond" truecount="1" falsecount="0"/>
        <line num="105" count="2" type="cond" truecount="1" falsecount="0"/>
        <line num="106" count="2" type="stmt"/>
        <line num="107" count="2" type="stmt"/>
        <line num="110" count="2" type="stmt"/>
        <line num="112" count="2" type="cond" truecount="1" falsecount="0"/>
        <line num="113" count="2" type="cond" truecount="1" falsecount="0"/>
        <line num="116" count="1" type="stmt"/>
        <line num="117" count="1" type="cond" truecount="1" falsecount="0"/>
        <line num="118" count="118" type="cond" truecount="1" falsecount="0"/>
        <line num="119" count="1" type="cond" truecount="1" falsecount="0"/>
        <line num="120" count="1" type="stmt"/>
        <line num="123" count="1" type="stmt"/>
        <line num="124" count="1" type="cond" truecount="1" falsecount="0"/>
        <line num="125" count="118" type="cond" truecount="1" falsecount="0"/>
        <line num="126" count="1" type="cond" truecount="1" falsecount="0"/>
        <line num="127" count="1" type="stmt"/>
        <line num="130" count="1" type="stmt"/>
        <line num="131" count="1" type="cond" truecount="1" falsecount="0"/>
        <line num="132" count="226" type="stmt"/>
        <line num="133" count="226" type="stmt"/>
        <line num="134" count="226" type="stmt"/>
        <line num="135" count="226" type="stmt"/>
        <line num="137" count="226" type="cond" truecount="1" falsecount="0"/>
        <line num="138" count="226" type="stmt"/>
        <line num="139" count="226" type="stmt"/>
        <line num="140" count="226" type="stmt"/>
        <line num="141" count="226" type="stmt"/>
        <line num="142" count="226" type="stmt"/>
        <line num="143" count="226" type="stmt"/>
        <line num="144" count="226" type="stmt"/>
        <line num="145" count="226" type="stmt"/>
        <line num="146" count="226" type="stmt"/>
        <line num="147" count="226" type="stmt"/>
        <line num="149" count="1" type="stmt"/>
        <line num="151" count="1" type="stmt"/>
        <line num="152" count="1" type="stmt"/>
        <line num="154" count="1" type="stmt"/>
        <line num="155" count="1" type="stmt"/>
        <line num="156" count="1" type="stmt"/>
        <line num="157" count="1" type="stmt"/>
        <line num="158" count="1" type="stmt"/>
        <line num="159" count="1" type="stmt"/>
        <line num="161" count="1" type="stmt"/>
        <line num="162" count="1" type="stmt"/>
        <line num="163" count="1" type="stmt"/>
        <line num="164" count="1" type="stmt"/>
        <line num="165" count="1" type="stmt"/>
        <line num="167" count="1" type="stmt"/>
        <line num="168" count="1" type="stmt"/>
        <line num="169" count="1" type="stmt"/>
        <line num="170" count="1" type="stmt"/>
        <line num="171" count="1" type="stmt"/>
        <line num="172" count="1" type="stmt"/>
      </file>
      <file name="draw.ts" path="/home/eilara/projects/effect-tree/src/draw/part/draw.ts">
        <metrics statements="40" coveredstatements="40" conditionals="4" coveredconditionals="4" methods="2" coveredmethods="2"/>
        <line num="1" count="1" type="stmt"/>
        <line num="2" count="1" type="stmt"/>
        <line num="3" count="1" type="stmt"/>
        <line num="4" count="1" type="stmt"/>
        <line num="5" count="1" type="stmt"/>
        <line num="6" count="1" type="stmt"/>
        <line num="7" count="1" type="stmt"/>
        <line num="8" count="1" type="stmt"/>
        <line num="14" count="1" type="stmt"/>
        <line num="16" count="1" type="stmt"/>
        <line num="17" count="1" type="stmt"/>
        <line num="18" count="1" type="stmt"/>
        <line num="19" count="1" type="stmt"/>
        <line num="20" count="1" type="stmt"/>
        <line num="21" count="1" type="stmt"/>
        <line num="23" count="1" type="stmt"/>
        <line num="25" count="854" type="cond" truecount="1" falsecount="0"/>
        <line num="26" count="854" type="stmt"/>
        <line num="27" count="854" type="stmt"/>
        <line num="28" count="854" type="stmt"/>
        <line num="29" count="854" type="stmt"/>
        <line num="30" count="854" type="stmt"/>
        <line num="31" count="854" type="stmt"/>
        <line num="32" count="854" type="cond" truecount="1" falsecount="0"/>
        <line num="33" count="1" type="stmt"/>
        <line num="34" count="1" type="cond" truecount="1" falsecount="0"/>
        <line num="35" count="853" type="stmt"/>
        <line num="36" count="853" type="stmt"/>
        <line num="37" count="853" type="stmt"/>
        <line num="38" count="853" type="stmt"/>
        <line num="39" count="853" type="stmt"/>
        <line num="41" count="853" type="stmt"/>
        <line num="42" count="853" type="stmt"/>
        <line num="43" count="853" type="stmt"/>
        <line num="44" count="853" type="stmt"/>
        <line num="45" count="853" type="stmt"/>
        <line num="46" count="853" type="stmt"/>
        <line num="48" count="2008" type="cond" truecount="1" falsecount="0"/>
        <line num="49" count="2008" type="stmt"/>
        <line num="50" count="2008" type="stmt"/>
      </file>
      <file name="ops.ts" path="/home/eilara/projects/effect-tree/src/draw/part/ops.ts">
        <metrics statements="51" coveredstatements="51" conditionals="7" coveredconditionals="7" methods="3" coveredmethods="3"/>
        <line num="1" count="1" type="stmt"/>
        <line num="2" count="1" type="stmt"/>
        <line num="3" count="1" type="stmt"/>
        <line num="4" count="1" type="stmt"/>
        <line num="11" count="1" type="stmt"/>
        <line num="12" count="1" type="stmt"/>
        <line num="14" count="1" type="stmt"/>
        <line num="16" count="1" type="stmt"/>
        <line num="17" count="1" type="stmt"/>
        <line num="18" count="1" type="stmt"/>
        <line num="19" count="1" type="stmt"/>
        <line num="20" count="1" type="stmt"/>
        <line num="21" count="1" type="stmt"/>
        <line num="23" count="1" type="cond" truecount="1" falsecount="0"/>
        <line num="24" count="14" type="stmt"/>
        <line num="26" count="8" type="cond" truecount="1" falsecount="0"/>
        <line num="27" count="8" type="stmt"/>
        <line num="28" count="8" type="stmt"/>
        <line num="29" count="8" type="stmt"/>
        <line num="30" count="8" type="stmt"/>
        <line num="31" count="8" type="stmt"/>
        <line num="32" count="8" type="stmt"/>
        <line num="33" count="8" type="stmt"/>
        <line num="34" count="8" type="stmt"/>
        <line num="35" count="8" type="stmt"/>
        <line num="36" count="8" type="stmt"/>
        <line num="37" count="8" type="cond" truecount="1" falsecount="0"/>
        <line num="38" count="3" type="cond" truecount="1" falsecount="0"/>
        <line num="39" count="5" type="stmt"/>
        <line num="40" count="8" type="stmt"/>
        <line num="41" count="8" type="stmt"/>
        <line num="42" count="8" type="stmt"/>
        <line num="43" count="8" type="stmt"/>
        <line num="44" count="8" type="stmt"/>
        <line num="46" count="4" type="cond" truecount="1" falsecount="0"/>
        <line num="47" count="4" type="stmt"/>
        <line num="48" count="4" type="stmt"/>
        <line num="49" count="4" type="stmt"/>
        <line num="50" count="4" type="stmt"/>
        <line num="51" count="4" type="stmt"/>
        <line num="52" count="4" type="stmt"/>
        <line num="53" count="4" type="stmt"/>
        <line num="54" count="4" type="stmt"/>
        <line num="55" count="4" type="cond" truecount="1" falsecount="0"/>
        <line num="56" count="3" type="cond" truecount="1" falsecount="0"/>
        <line num="57" count="1" type="stmt"/>
        <line num="58" count="4" type="stmt"/>
        <line num="59" count="4" type="stmt"/>
        <line num="60" count="4" type="stmt"/>
        <line num="61" count="4" type="stmt"/>
        <line num="62" count="4" type="stmt"/>
      </file>
    </package>
    <package name="draw.part.align">
      <metrics statements="160" coveredstatements="160" conditionals="56" coveredconditionals="56" methods="13" coveredmethods="13"/>
      <file name="data.ts" path="/home/eilara/projects/effect-tree/src/draw/part/align/data.ts">
        <metrics statements="76" coveredstatements="76" conditionals="25" coveredconditionals="25" methods="7" coveredmethods="7"/>
        <line num="1" count="1" type="stmt"/>
        <line num="2" count="1" type="stmt"/>
        <line num="4" count="1" type="stmt"/>
        <line num="6" count="1" type="stmt"/>
        <line num="7" count="1" type="stmt"/>
        <line num="23" count="1" type="stmt"/>
        <line num="24" count="1" type="cond" truecount="1" falsecount="0"/>
        <line num="25" count="1041" type="cond" truecount="1" falsecount="0"/>
        <line num="26" count="1041" type="cond" truecount="4" falsecount="0"/>
        <line num="27" count="1" type="stmt"/>
        <line num="28" count="1" type="cond" truecount="1" falsecount="0"/>
        <line num="29" count="397" type="cond" truecount="1" falsecount="0"/>
        <line num="30" count="397" type="cond" truecount="4" falsecount="0"/>
        <line num="32" count="1" type="cond" truecount="1" falsecount="0"/>
        <line num="33" count="7" type="stmt"/>
        <line num="34" count="7" type="stmt"/>
        <line num="35" count="7" type="stmt"/>
        <line num="36" count="7" type="cond" truecount="1" falsecount="0"/>
        <line num="37" count="7" type="stmt"/>
        <line num="38" count="1" type="cond" truecount="1" falsecount="0"/>
        <line num="39" count="13" type="stmt"/>
        <line num="40" count="13" type="stmt"/>
        <line num="41" count="13" type="stmt"/>
        <line num="42" count="13" type="cond" truecount="1" falsecount="0"/>
        <line num="43" count="13" type="stmt"/>
        <line num="45" count="1" type="cond" truecount="1" falsecount="0"/>
        <line num="46" count="159" type="stmt"/>
        <line num="47" count="159" type="stmt"/>
        <line num="48" count="1" type="cond" truecount="1" falsecount="0"/>
        <line num="49" count="393" type="stmt"/>
        <line num="50" count="393" type="stmt"/>
        <line num="52" count="1" type="stmt"/>
        <line num="53" count="1" type="stmt"/>
        <line num="54" count="1" type="stmt"/>
        <line num="55" count="1" type="stmt"/>
        <line num="56" count="1" type="stmt"/>
        <line num="57" count="1" type="stmt"/>
        <line num="58" count="1" type="stmt"/>
        <line num="59" count="1" type="stmt"/>
        <line num="61" count="1" type="cond" truecount="1" falsecount="0"/>
        <line num="63" count="1" type="stmt"/>
        <line num="64" count="1" type="stmt"/>
        <line num="65" count="1" type="stmt"/>
        <line num="66" count="1" type="stmt"/>
        <line num="68" count="1" type="stmt"/>
        <line num="71" count="1" type="stmt"/>
        <line num="72" count="1" type="stmt"/>
        <line num="73" count="1" type="stmt"/>
        <line num="74" count="1" type="stmt"/>
        <line num="75" count="1" type="cond" truecount="1" falsecount="0"/>
        <line num="76" count="1" type="stmt"/>
        <line num="77" count="1" type="stmt"/>
        <line num="78" count="1" type="stmt"/>
        <line num="79" count="1" type="stmt"/>
        <line num="80" count="1" type="cond" truecount="1" falsecount="0"/>
        <line num="81" count="1" type="stmt"/>
        <line num="82" count="1" type="stmt"/>
        <line num="83" count="1" type="stmt"/>
        <line num="84" count="1" type="stmt"/>
        <line num="85" count="1" type="stmt"/>
        <line num="86" count="1" type="stmt"/>
        <line num="88" count="1" type="stmt"/>
        <line num="89" count="1" type="stmt"/>
        <line num="90" count="1" type="stmt"/>
        <line num="91" count="1" type="stmt"/>
        <line num="92" count="1" type="stmt"/>
        <line num="93" count="1" type="stmt"/>
        <line num="95" count="1" type="stmt"/>
        <line num="98" count="1" type="stmt"/>
        <line num="99" count="1" type="cond" truecount="1" falsecount="0"/>
        <line num="100" count="1" type="cond" truecount="1" falsecount="0"/>
        <line num="101" count="1" type="stmt"/>
        <line num="103" count="1" type="stmt"/>
        <line num="104" count="1" type="cond" truecount="1" falsecount="0"/>
        <line num="105" count="2800" type="cond" truecount="1" falsecount="0"/>
        <line num="106" count="1" type="stmt"/>
      </file>
      <file name="horizontally.ts" path="/home/eilara/projects/effect-tree/src/draw/part/align/horizontally.ts">
        <metrics statements="40" coveredstatements="40" conditionals="20" coveredconditionals="20" methods="4" coveredmethods="4"/>
        <line num="2" count="1" type="stmt"/>
        <line num="3" count="1" type="stmt"/>
        <line num="4" count="1" type="stmt"/>
        <line num="5" count="1" type="stmt"/>
        <line num="12" count="1" type="stmt"/>
        <line num="13" count="1" type="cond" truecount="1" falsecount="0"/>
        <line num="14" count="2907" type="cond" truecount="1" falsecount="0"/>
        <line num="15" count="3822" type="cond" truecount="2" falsecount="0"/>
        <line num="17" count="1744" type="stmt"/>
        <line num="18" count="1744" type="cond" truecount="1" falsecount="0"/>
        <line num="20" count="1744" type="stmt"/>
        <line num="21" count="1744" type="stmt"/>
        <line num="22" count="1744" type="cond" truecount="1" falsecount="0"/>
        <line num="23" count="6146" type="stmt"/>
        <line num="24" count="6146" type="cond" truecount="2" falsecount="0"/>
        <line num="25" count="1744" type="stmt"/>
        <line num="26" count="1744" type="stmt"/>
        <line num="27" count="1744" type="stmt"/>
        <line num="30" count="1041" type="cond" truecount="1" falsecount="0"/>
        <line num="31" count="1041" type="cond" truecount="1" falsecount="0"/>
        <line num="32" count="1041" type="stmt"/>
        <line num="33" count="1041" type="stmt"/>
        <line num="34" count="1041" type="stmt"/>
        <line num="35" count="1041" type="cond" truecount="1" falsecount="0"/>
        <line num="36" count="1041" type="cond" truecount="1" falsecount="0"/>
        <line num="37" count="106" type="stmt"/>
        <line num="38" count="106" type="stmt"/>
        <line num="39" count="106" type="stmt"/>
        <line num="40" count="1041" type="cond" truecount="1" falsecount="0"/>
        <line num="41" count="1041" type="stmt"/>
        <line num="42" count="1041" type="stmt"/>
        <line num="43" count="1041" type="stmt"/>
        <line num="47" count="1147" type="cond" truecount="1" falsecount="0"/>
        <line num="48" count="1147" type="stmt"/>
        <line num="49" count="1147" type="cond" truecount="4" falsecount="0"/>
        <line num="51" count="576" type="stmt"/>
        <line num="52" count="576" type="stmt"/>
        <line num="53" count="576" type="stmt"/>
        <line num="54" count="1147" type="cond" truecount="2" falsecount="0"/>
        <line num="56" count="1147" type="stmt"/>
      </file>
      <file name="vertically.ts" path="/home/eilara/projects/effect-tree/src/draw/part/align/vertically.ts">
        <metrics statements="44" coveredstatements="44" conditionals="11" coveredconditionals="11" methods="2" coveredmethods="2"/>
        <line num="1" count="1" type="stmt"/>
        <line num="2" count="1" type="stmt"/>
        <line num="4" count="1" type="stmt"/>
        <line num="17" count="1" type="stmt"/>
        <line num="18" count="1" type="cond" truecount="1" falsecount="0"/>
        <line num="19" count="874" type="stmt"/>
        <line num="20" count="874" type="stmt"/>
        <line num="21" count="874" type="stmt"/>
        <line num="23" count="874" type="cond" truecount="1" falsecount="0"/>
        <line num="24" count="874" type="stmt"/>
        <line num="26" count="874" type="cond" truecount="1" falsecount="0"/>
        <line num="27" count="3" type="cond" truecount="1" falsecount="0"/>
        <line num="28" count="871" type="stmt"/>
        <line num="29" count="871" type="stmt"/>
        <line num="30" count="871" type="cond" truecount="1" falsecount="0"/>
        <line num="31" count="1775" type="stmt"/>
        <line num="32" count="1775" type="stmt"/>
        <line num="33" count="1775" type="stmt"/>
        <line num="34" count="1775" type="cond" truecount="2" falsecount="0"/>
        <line num="35" count="1775" type="stmt"/>
        <line num="36" count="1775" type="stmt"/>
        <line num="37" count="871" type="stmt"/>
        <line num="38" count="871" type="stmt"/>
        <line num="39" count="874" type="stmt"/>
        <line num="44" count="397" type="cond" truecount="1" falsecount="0"/>
        <line num="45" count="397" type="stmt"/>
        <line num="46" count="397" type="stmt"/>
        <line num="47" count="397" type="stmt"/>
        <line num="48" count="397" type="stmt"/>
        <line num="49" count="397" type="stmt"/>
        <line num="50" count="397" type="stmt"/>
        <line num="51" count="397" type="stmt"/>
        <line num="52" count="397" type="cond" truecount="1" falsecount="0"/>
        <line num="53" count="397" type="cond" truecount="1" falsecount="0"/>
        <line num="54" count="5" type="stmt"/>
        <line num="55" count="5" type="stmt"/>
        <line num="56" count="5" type="stmt"/>
        <line num="57" count="397" type="cond" truecount="1" falsecount="0"/>
        <line num="58" count="397" type="stmt"/>
        <line num="59" count="397" type="stmt"/>
        <line num="60" count="397" type="stmt"/>
        <line num="61" count="397" type="stmt"/>
        <line num="62" count="397" type="stmt"/>
        <line num="63" count="397" type="stmt"/>
      </file>
    </package>
    <package name="draw.part.instances">
      <metrics statements="49" coveredstatements="49" conditionals="25" coveredconditionals="25" methods="7" coveredmethods="7"/>
      <file name="Equivalence.ts" path="/home/eilara/projects/effect-tree/src/draw/part/instances/Equivalence.ts">
        <metrics statements="49" coveredstatements="49" conditionals="25" coveredconditionals="25" methods="7" coveredmethods="7"/>
        <line num="1" count="1" type="stmt"/>
        <line num="2" count="1" type="stmt"/>
        <line num="3" count="1" type="stmt"/>
        <line num="13" count="1" type="stmt"/>
        <line num="17" count="1" type="cond" truecount="1" falsecount="0"/>
        <line num="18" count="153" type="stmt"/>
        <line num="19" count="153" type="stmt"/>
        <line num="20" count="153" type="stmt"/>
        <line num="21" count="153" type="stmt"/>
        <line num="22" count="153" type="stmt"/>
        <line num="24" count="1" type="cond" truecount="1" falsecount="0"/>
        <line num="25" count="226" type="stmt"/>
        <line num="26" count="226" type="stmt"/>
        <line num="27" count="226" type="stmt"/>
        <line num="28" count="226" type="stmt"/>
        <line num="29" count="226" type="cond" truecount="1" falsecount="0"/>
        <line num="30" count="52" type="stmt"/>
        <line num="31" count="52" type="stmt"/>
        <line num="32" count="52" type="cond" truecount="2" falsecount="0"/>
        <line num="33" count="52" type="stmt"/>
        <line num="34" count="226" type="cond" truecount="3" falsecount="0"/>
        <line num="35" count="226" type="cond" truecount="3" falsecount="0"/>
        <line num="36" count="226" type="stmt"/>
        <line num="37" count="226" type="stmt"/>
        <line num="39" count="1" type="cond" truecount="1" falsecount="0"/>
        <line num="40" count="19" type="stmt"/>
        <line num="41" count="19" type="stmt"/>
        <line num="43" count="19" type="cond" truecount="1" falsecount="0"/>
        <line num="44" count="16" type="cond" truecount="1" falsecount="0"/>
        <line num="45" count="3" type="stmt"/>
        <line num="47" count="1" type="cond" truecount="1" falsecount="0"/>
        <line num="48" count="28" type="stmt"/>
        <line num="49" count="28" type="stmt"/>
        <line num="51" count="28" type="cond" truecount="1" falsecount="0"/>
        <line num="52" count="19" type="cond" truecount="1" falsecount="0"/>
        <line num="53" count="9" type="stmt"/>
        <line num="55" count="1" type="cond" truecount="1" falsecount="0"/>
        <line num="56" count="35" type="stmt"/>
        <line num="57" count="35" type="stmt"/>
        <line num="59" count="35" type="cond" truecount="1" falsecount="0"/>
        <line num="60" count="34" type="cond" truecount="1" falsecount="0"/>
        <line num="61" count="34" type="stmt"/>
        <line num="62" count="34" type="cond" truecount="1" falsecount="0"/>
        <line num="63" count="1" type="stmt"/>
        <line num="65" count="1" type="cond" truecount="2" falsecount="0"/>
        <line num="67" count="1" type="stmt"/>
        <line num="68" count="1" type="cond" truecount="1" falsecount="0"/>
        <line num="69" count="278" type="cond" truecount="1" falsecount="0"/>
        <line num="70" count="278" type="stmt"/>
      </file>
    </package>
    <package name="draw.part.partF">
      <metrics statements="147" coveredstatements="147" conditionals="51" coveredconditionals="51" methods="16" coveredmethods="16"/>
      <file name="data.ts" path="/home/eilara/projects/effect-tree/src/draw/part/partF/data.ts">
        <metrics statements="41" coveredstatements="41" conditionals="19" coveredconditionals="19" methods="5" coveredmethods="5"/>
        <line num="1" count="1" type="stmt"/>
        <line num="3" count="1" type="stmt"/>
        <line num="43" count="1" type="stmt"/>
        <line num="44" count="1" type="stmt"/>
        <line num="45" count="1" type="stmt"/>
        <line num="46" count="1" type="stmt"/>
        <line num="47" count="1" type="stmt"/>
        <line num="48" count="1" type="stmt"/>
        <line num="49" count="1" type="stmt"/>
        <line num="51" count="1" type="stmt"/>
        <line num="52" count="1" type="cond" truecount="1" falsecount="0"/>
        <line num="53" count="1" type="cond" truecount="1" falsecount="0"/>
        <line num="54" count="1" type="cond" truecount="1" falsecount="0"/>
        <line num="55" count="1" type="cond" truecount="1" falsecount="0"/>
        <line num="56" count="1" type="stmt"/>
        <line num="58" count="1" type="stmt"/>
        <line num="59" count="1" type="cond" truecount="1" falsecount="0"/>
        <line num="62" count="1" type="cond" truecount="1" falsecount="0"/>
        <line num="64" count="1" type="stmt"/>
        <line num="65" count="1" type="cond" truecount="1" falsecount="0"/>
        <line num="66" count="828" type="cond" truecount="1" falsecount="0"/>
        <line num="67" count="828" type="cond" truecount="1" falsecount="0"/>
        <line num="68" count="828" type="stmt"/>
        <line num="70" count="1" type="stmt"/>
        <line num="71" count="1" type="cond" truecount="1" falsecount="0"/>
        <line num="72" count="2217" type="cond" truecount="1" falsecount="0"/>
        <line num="73" count="2223" type="stmt"/>
        <line num="75" count="1" type="stmt"/>
        <line num="76" count="1" type="cond" truecount="1" falsecount="0"/>
        <line num="77" count="10905" type="stmt"/>
        <line num="78" count="10905" type="stmt"/>
        <line num="79" count="10905" type="stmt"/>
        <line num="80" count="10905" type="stmt"/>
        <line num="82" count="10905" type="cond" truecount="1" falsecount="0"/>
        <line num="83" count="15706" type="cond" truecount="1" falsecount="0"/>
        <line num="84" count="261" type="cond" truecount="1" falsecount="0"/>
        <line num="85" count="15445" type="cond" truecount="1" falsecount="0"/>
        <line num="86" count="6267" type="cond" truecount="1" falsecount="0"/>
        <line num="87" count="9178" type="cond" truecount="1" falsecount="0"/>
        <line num="88" count="2890" type="cond" truecount="1" falsecount="0"/>
        <line num="89" count="6288" type="stmt"/>
      </file>
      <file name="instances.ts" path="/home/eilara/projects/effect-tree/src/draw/part/partF/instances.ts">
        <metrics statements="106" coveredstatements="106" conditionals="32" coveredconditionals="32" methods="11" coveredmethods="11"/>
        <line num="1" count="1" type="stmt"/>
        <line num="6" count="1" type="stmt"/>
        <line num="7" count="1" type="stmt"/>
        <line num="8" count="1" type="stmt"/>
        <line num="9" count="1" type="stmt"/>
        <line num="10" count="1" type="stmt"/>
        <line num="25" count="1" type="stmt"/>
        <line num="26" count="1" type="stmt"/>
        <line num="27" count="1" type="cond" truecount="1" falsecount="0"/>
        <line num="28" count="5275" type="stmt"/>
        <line num="29" count="5275" type="stmt"/>
        <line num="30" count="5275" type="stmt"/>
        <line num="31" count="5275" type="stmt"/>
        <line num="32" count="5275" type="cond" truecount="1" falsecount="0"/>
        <line num="33" count="5275" type="cond" truecount="1" falsecount="0"/>
        <line num="34" count="972" type="stmt"/>
        <line num="35" count="972" type="stmt"/>
        <line num="36" count="972" type="stmt"/>
        <line num="37" count="972" type="stmt"/>
        <line num="38" count="5275" type="cond" truecount="1" falsecount="0"/>
        <line num="39" count="2108" type="stmt"/>
        <line num="40" count="2108" type="stmt"/>
        <line num="41" count="2108" type="stmt"/>
        <line num="42" count="2108" type="stmt"/>
        <line num="43" count="5275" type="stmt"/>
        <line num="44" count="5275" type="stmt"/>
        <line num="45" count="1" type="stmt"/>
        <line num="47" count="1" type="stmt"/>
        <line num="49" count="1" type="cond" truecount="1" falsecount="0"/>
        <line num="52" count="137" type="stmt"/>
        <line num="54" count="137" type="stmt"/>
        <line num="55" count="137" type="stmt"/>
        <line num="56" count="137" type="cond" truecount="1" falsecount="0"/>
        <line num="57" count="5008" type="stmt"/>
        <line num="58" count="5008" type="stmt"/>
        <line num="59" count="5008" type="stmt"/>
        <line num="60" count="137" type="stmt"/>
        <line num="63" count="1" type="stmt"/>
        <line num="66" count="1" type="stmt"/>
        <line num="73" count="1" type="cond" truecount="1" falsecount="0"/>
        <line num="74" count="20" type="stmt"/>
        <line num="75" count="20" type="stmt"/>
        <line num="76" count="20" type="stmt"/>
        <line num="77" count="20" type="stmt"/>
        <line num="78" count="20" type="stmt"/>
        <line num="79" count="20" type="stmt"/>
        <line num="81" count="20" type="cond" truecount="1" falsecount="0"/>
        <line num="82" count="321" type="stmt"/>
        <line num="83" count="321" type="stmt"/>
        <line num="84" count="321" type="stmt"/>
        <line num="85" count="321" type="stmt"/>
        <line num="86" count="321" type="cond" truecount="2" falsecount="0"/>
        <line num="87" count="321" type="cond" truecount="2" falsecount="0"/>
        <line num="88" count="321" type="cond" truecount="2" falsecount="0"/>
        <line num="89" count="321" type="stmt"/>
        <line num="90" count="321" type="stmt"/>
        <line num="91" count="20" type="stmt"/>
        <line num="93" count="1" type="stmt"/>
        <line num="94" count="1" type="cond" truecount="1" falsecount="0"/>
        <line num="95" count="20" type="cond" truecount="1" falsecount="0"/>
        <line num="96" count="90" type="cond" truecount="1" falsecount="0"/>
        <line num="97" count="85" type="stmt"/>
        <line num="98" count="1" type="stmt"/>
        <line num="99" count="1" type="cond" truecount="1" falsecount="0"/>
        <line num="100" count="20" type="cond" truecount="1" falsecount="0"/>
        <line num="101" count="63" type="cond" truecount="1" falsecount="0"/>
        <line num="102" count="56" type="stmt"/>
        <line num="104" count="1" type="cond" truecount="1" falsecount="0"/>
        <line num="105" count="182" type="stmt"/>
        <line num="107" count="1" type="cond" truecount="1" falsecount="0"/>
        <line num="108" count="200" type="stmt"/>
        <line num="109" count="200" type="stmt"/>
        <line num="111" count="200" type="cond" truecount="1" falsecount="0"/>
        <line num="113" count="1" type="cond" truecount="1" falsecount="0"/>
        <line num="114" count="109" type="stmt"/>
        <line num="115" count="109" type="stmt"/>
        <line num="117" count="109" type="cond" truecount="1" falsecount="0"/>
        <line num="118" count="102" type="cond" truecount="1" falsecount="0"/>
        <line num="119" count="102" type="stmt"/>
        <line num="121" count="1" type="stmt"/>
        <line num="122" count="1" type="cond" truecount="1" falsecount="0"/>
        <line num="123" count="5008" type="cond" truecount="1" falsecount="0"/>
        <line num="124" count="5008" type="stmt"/>
        <line num="125" count="5008" type="stmt"/>
        <line num="129" count="5008" type="stmt"/>
        <line num="130" count="5008" type="stmt"/>
        <line num="132" count="5008" type="stmt"/>
        <line num="133" count="5008" type="stmt"/>
        <line num="134" count="5008" type="stmt"/>
        <line num="135" count="5008" type="stmt"/>
        <line num="136" count="5008" type="stmt"/>
        <line num="137" count="5008" type="cond" truecount="1" falsecount="0"/>
        <line num="138" count="893" type="stmt"/>
        <line num="139" count="893" type="stmt"/>
        <line num="140" count="893" type="stmt"/>
        <line num="141" count="893" type="cond" truecount="1" falsecount="0"/>
        <line num="142" count="893" type="stmt"/>
        <line num="143" count="5008" type="cond" truecount="1" falsecount="0"/>
        <line num="144" count="2038" type="stmt"/>
        <line num="145" count="2038" type="stmt"/>
        <line num="146" count="2038" type="stmt"/>
        <line num="147" count="2038" type="cond" truecount="1" falsecount="0"/>
        <line num="148" count="2038" type="stmt"/>
        <line num="149" count="5008" type="stmt"/>
        <line num="150" count="5008" type="stmt"/>
        <line num="151" count="5008" type="stmt"/>
      </file>
    </package>
    <package name="draw.theme">
      <metrics statements="257" coveredstatements="257" conditionals="43" coveredconditionals="43" methods="16" coveredmethods="16"/>
      <file name="get.ts" path="/home/eilara/projects/effect-tree/src/draw/theme/get.ts">
        <metrics statements="34" coveredstatements="34" conditionals="11" coveredconditionals="11" methods="2" coveredmethods="2"/>
        <line num="1" count="1" type="stmt"/>
        <line num="2" count="1" type="stmt"/>
        <line num="3" count="1" type="stmt"/>
        <line num="4" count="1" type="stmt"/>
        <line num="5" count="1" type="stmt"/>
        <line num="15" count="1" type="cond" truecount="1" falsecount="0"/>
        <line num="16" count="1" type="stmt"/>
        <line num="17" count="1" type="stmt"/>
        <line num="18" count="1" type="stmt"/>
        <line num="19" count="1" type="stmt"/>
        <line num="20" count="1" type="cond" truecount="1" falsecount="0"/>
        <line num="21" count="3383" type="cond" truecount="1" falsecount="0"/>
        <line num="22" count="6123" type="stmt"/>
        <line num="23" count="1" type="stmt"/>
        <line num="25" count="1" type="stmt"/>
        <line num="26" count="1" type="cond" truecount="1" falsecount="0"/>
        <line num="27" count="1" type="cond" truecount="1" falsecount="0"/>
        <line num="28" count="1" type="cond" truecount="1" falsecount="0"/>
        <line num="29" count="1" type="stmt"/>
        <line num="30" count="1" type="stmt"/>
        <line num="32" count="1" type="stmt"/>
        <line num="33" count="1" type="cond" truecount="1" falsecount="0"/>
        <line num="34" count="1" type="cond" truecount="1" falsecount="0"/>
        <line num="35" count="1" type="cond" truecount="1" falsecount="0"/>
        <line num="36" count="1" type="stmt"/>
        <line num="37" count="1" type="stmt"/>
        <line num="39" count="1" type="stmt"/>
        <line num="40" count="1" type="cond" truecount="1" falsecount="0"/>
        <line num="41" count="70" type="cond" truecount="1" falsecount="0"/>
        <line num="42" count="804" type="stmt"/>
        <line num="43" count="804" type="stmt"/>
        <line num="44" count="804" type="stmt"/>
        <line num="45" count="804" type="stmt"/>
        <line num="47" count="804" type="stmt"/>
      </file>
      <file name="glyph.ts" path="/home/eilara/projects/effect-tree/src/draw/theme/glyph.ts">
[...]
        <line num="65" count="1" type="stmt"/>
        <line num="66" count="1" type="stmt"/>
        <line num="69" count="1" type="cond" truecount="1" falsecount="0"/>
        <line num="70" count="2" type="stmt"/>
        <line num="72" count="1" type="cond" truecount="1" falsecount="0"/>
        <line num="73" count="8" type="stmt"/>
        <line num="74" count="8" type="stmt"/>
        <line num="75" count="8" type="cond" truecount="1" falsecount="0"/>
        <line num="76" count="8" type="cond" truecount="2" falsecount="0"/>
        <line num="77" count="8" type="stmt"/>
        <line num="78" count="8" type="stmt"/>
        <line num="85" count="1" type="stmt"/>
        <line num="89" count="1" type="stmt"/>
        <line num="90" count="1" type="cond" truecount="1" falsecount="0"/>
        <line num="91" count="1" type="stmt"/>
        <line num="92" count="1" type="stmt"/>
        <line num="93" count="1" type="cond" truecount="1" falsecount="0"/>
        <line num="94" count="82" type="cond" truecount="1" falsecount="0"/>
        <line num="95" count="2" type="stmt"/>
        <line num="96" count="1" type="stmt"/>
        <line num="97" count="1" type="stmt"/>
        <line num="100" count="1" type="stmt"/>
        <line num="103" count="1" type="stmt"/>
      </file>
      <file name="index.ts" path="/home/eilara/projects/effect-tree/src/tree/index.ts">
        <metrics statements="147" coveredstatements="147" conditionals="54" coveredconditionals="54" methods="27" coveredmethods="27"/>
        <line num="1" count="1" type="stmt"/>
        <line num="8" count="1" type="stmt"/>
        <line num="9" count="1" type="stmt"/>
        <line num="10" count="1" type="stmt"/>
        <line num="11" count="1" type="stmt"/>
        <line num="21" count="1" type="stmt"/>
        <line num="24" count="1" type="stmt"/>
        <line num="27" count="1" type="stmt"/>
        <line num="32" count="1" type="stmt"/>
        <line num="35" count="1" type="stmt"/>
        <line num="39" count="1" type="stmt"/>
        <line num="40" count="1" type="cond" truecount="1" falsecount="0"/>
        <line num="41" count="1611" type="stmt"/>
        <line num="42" count="1" type="stmt"/>
        <line num="43" count="1" type="stmt"/>
        <line num="44" count="1" type="stmt"/>
        <line num="45" count="1" type="cond" truecount="1" falsecount="0"/>
        <line num="46" count="3743" type="cond" truecount="1" falsecount="0"/>
        <line num="47" count="3743" type="stmt"/>
        <line num="48" count="1" type="stmt"/>
        <line num="49" count="1" type="stmt"/>
        <line num="55" count="1" type="cond" truecount="1" falsecount="0"/>
        <line num="56" count="45863" type="cond" truecount="1" falsecount="0"/>
        <line num="57" count="45492" type="cond" truecount="1" falsecount="0"/>
        <line num="58" count="371" type="stmt"/>
        <line num="61" count="1" type="stmt"/>
        <line num="62" count="1" type="cond" truecount="1" falsecount="0"/>
        <line num="63" count="59" type="cond" truecount="1" falsecount="0"/>
        <line num="64" count="58" type="stmt"/>
        <line num="67" count="1" type="stmt"/>
        <line num="70" count="1" type="stmt"/>
        <line num="71" count="1" type="stmt"/>
        <line num="72" count="1" type="cond" truecount="1" falsecount="0"/>
        <line num="73" count="1" type="stmt"/>
        <line num="76" count="1" type="cond" truecount="1" falsecount="0"/>
        <line num="79" count="1" type="cond" truecount="1" falsecount="0"/>
        <line num="80" count="74744" type="stmt"/>
        <line num="83" count="1" type="cond" truecount="1" falsecount="0"/>
        <line num="86" count="1" type="stmt"/>
        <line num="87" count="1" type="cond" truecount="1" falsecount="0"/>
        <line num="88" count="69105" type="cond" truecount="1" falsecount="0"/>
        <line num="89" count="74488" type="cond" truecount="1" falsecount="0"/>
        <line num="90" count="39161" type="cond" truecount="1" falsecount="0"/>
        <line num="91" count="35327" type="stmt"/>
        <line num="94" count="1" type="stmt"/>
        <line num="95" count="1" type="cond" truecount="1" falsecount="0"/>
        <line num="96" count="1" type="cond" truecount="1" falsecount="0"/>
        <line num="97" count="1" type="stmt"/>
        <line num="100" count="1" type="cond" truecount="1" falsecount="0"/>
        <line num="103" count="1" type="cond" truecount="1" falsecount="0"/>
        <line num="104" count="39340" type="stmt"/>
        <line num="105" count="39340" type="stmt"/>
        <line num="111" count="1" type="cond" truecount="1" falsecount="0"/>
        <line num="112" count="23" type="stmt"/>
        <line num="113" count="23" type="stmt"/>
        <line num="114" count="23" type="stmt"/>
        <line num="115" count="23" type="cond" truecount="1" falsecount="0"/>
        <line num="116" count="23" type="cond" truecount="1" falsecount="0"/>
        <line num="117" count="23" type="stmt"/>
        <line num="118" count="23" type="stmt"/>
        <line num="121" count="1" type="cond" truecount="1" falsecount="0"/>
        <line num="122" count="14010" type="stmt"/>
        <line num="123" count="14010" type="stmt"/>
        <line num="124" count="14010" type="stmt"/>
        <line num="125" count="14010" type="stmt"/>
        <line num="126" count="14010" type="stmt"/>
        <line num="127" count="14010" type="stmt"/>
        <line num="128" count="14010" type="stmt"/>
        <line num="131" count="1" type="stmt"/>
        <line num="134" count="1" type="stmt"/>
        <line num="135" count="1" type="stmt"/>
        <line num="136" count="1" type="cond" truecount="1" falsecount="0"/>
        <line num="137" count="3" type="stmt"/>
        <line num="138" count="3" type="stmt"/>
        <line num="139" count="3" type="stmt"/>
        <line num="140" count="3" type="cond" truecount="1" falsecount="0"/>
        <line num="141" count="3" type="cond" truecount="1" falsecount="0"/>
        <line num="142" count="3" type="stmt"/>
        <line num="143" count="3" type="stmt"/>
        <line num="144" count="3" type="stmt"/>
        <line num="145" count="1" type="stmt"/>
        <line num="152" count="1" type="stmt"/>
        <line num="156" count="1" type="stmt"/>
        <line num="157" count="1" type="stmt"/>
        <line num="158" count="1" type="stmt"/>
        <line num="159" count="1" type="cond" truecount="1" falsecount="0"/>
        <line num="160" count="20" type="stmt"/>
        <line num="161" count="20" type="stmt"/>
        <line num="162" count="1" type="stmt"/>
        <line num="163" count="1" type="stmt"/>
        <line num="164" count="1" type="stmt"/>
        <line num="165" count="1" type="cond" truecount="1" falsecount="0"/>
        <line num="166" count="1" type="cond" truecount="1" falsecount="0"/>
        <line num="167" count="1" type="stmt"/>
        <line num="168" count="1" type="stmt"/>
        <line num="169" count="1" type="stmt"/>
        <line num="170" count="1" type="stmt"/>
        <line num="177" count="1" type="stmt"/>
        <line num="178" count="1" type="cond" truecount="1" falsecount="0"/>
        <line num="179" count="2" type="cond" truecount="1" falsecount="0"/>
        <line num="180" count="2" type="cond" truecount="2" falsecount="0"/>
        <line num="186" count="1" type="stmt"/>
        <line num="187" count="1" type="cond" truecount="1" falsecount="0"/>
        <line num="188" count="1" type="cond" truecount="1" falsecount="0"/>
        <line num="189" count="1" type="stmt"/>
        <line num="196" count="1" type="stmt"/>
        <line num="197" count="1" type="cond" truecount="1" falsecount="0"/>
        <line num="198" count="11" type="cond" truecount="1" falsecount="0"/>
        <line num="199" count="11" type="stmt"/>
        <line num="205" count="1" type="stmt"/>
        <line num="206" count="1" type="cond" truecount="1" falsecount="0"/>
        <line num="207" count="16" type="cond" truecount="1" falsecount="0"/>
        <line num="208" count="16" type="stmt"/>
        <line num="211" count="1" type="cond" truecount="1" falsecount="0"/>
        <line num="212" count="14" type="stmt"/>
        <line num="215" count="1" type="cond" truecount="1" falsecount="0"/>
        <line num="216" count="1" type="stmt"/>
        <line num="218" count="1" type="cond" truecount="1" falsecount="0"/>
        <line num="219" count="10" type="stmt"/>
        <line num="220" count="10" type="stmt"/>
        <line num="221" count="10" type="stmt"/>
        <line num="222" count="10" type="stmt"/>
        <line num="223" count="10" type="cond" truecount="1" falsecount="0"/>
        <line num="224" count="10" type="stmt"/>
        <line num="225" count="10" type="stmt"/>
        <line num="231" count="1" type="stmt"/>
        <line num="235" count="1" type="stmt"/>
        <line num="236" count="1" type="cond" truecount="1" falsecount="0"/>
        <line num="237" count="1" type="stmt"/>
        <line num="238" count="1" type="stmt"/>
        <line num="239" count="1" type="cond" truecount="1" falsecount="0"/>
        <line num="240" count="1" type="cond" truecount="1" falsecount="0"/>
        <line num="241" count="1" type="stmt"/>
        <line num="242" count="1" type="stmt"/>
        <line num="243" count="1" type="stmt"/>
        <line num="246" count="1" type="stmt"/>
        <line num="249" count="1" type="cond" truecount="1" falsecount="0"/>
        <line num="250" count="6" type="stmt"/>
        <line num="251" count="6" type="cond" truecount="2" falsecount="0"/>
        <line num="253" count="5" type="stmt"/>
        <line num="254" count="6" type="cond" truecount="2" falsecount="0"/>
        <line num="256" count="6" type="cond" truecount="1" falsecount="0"/>
        <line num="257" count="2" type="stmt"/>
        <line num="258" count="2" type="cond" truecount="1" falsecount="0"/>
        <line num="259" count="2" type="stmt"/>
        <line num="261" count="2" type="stmt"/>
        <line num="262" count="2" type="stmt"/>
      </file>
    </package>
    <package name="treeF">
      <metrics statements="163" coveredstatements="163" conditionals="45" coveredconditionals="45" methods="24" coveredmethods="24"/>
      <file name="index.ts" path="/home/eilara/projects/effect-tree/src/treeF/index.ts">
        <metrics statements="84" coveredstatements="84" conditionals="29" coveredconditionals="29" methods="15" coveredmethods="15"/>
        <line num="1" count="1" type="stmt"/>
        <line num="2" count="1" type="stmt"/>
        <line num="7" count="1" type="cond" truecount="1" falsecount="0"/>
        <line num="10" count="1" type="stmt"/>
        <line num="14" count="1" type="stmt"/>
        <line num="15" count="1" type="stmt"/>
        <line num="16" count="1" type="stmt"/>
        <line num="17" count="1" type="cond" truecount="1" falsecount="0"/>
        <line num="18" count="25609" type="stmt"/>
        <line num="19" count="25609" type="stmt"/>
        <line num="20" count="25609" type="stmt"/>
        <line num="21" count="1" type="stmt"/>
        <line num="22" count="1" type="stmt"/>
        <line num="24" count="1" type="cond" truecount="1" falsecount="0"/>
        <line num="27" count="1" type="stmt"/>
        <line num="28" count="1" type="stmt"/>
        <line num="29" count="1" type="stmt"/>
        <line num="35" count="1" type="stmt"/>
        <line num="38" count="1" type="stmt"/>
        <line num="39" count="1" type="stmt"/>
        <line num="40" count="1" type="cond" truecount="1" falsecount="0"/>
        <line num="41" count="30989" type="cond" truecount="2" falsecount="0"/>
        <line num="42" count="1" type="stmt"/>
        <line num="45" count="1" type="stmt"/>
        <line num="48" count="1" type="stmt"/>
        <line num="49" count="1" type="stmt"/>
        <line num="50" count="1" type="cond" truecount="1" falsecount="0"/>
        <line num="51" count="1" type="stmt"/>
        <line num="54" count="1" type="cond" truecount="1" falsecount="0"/>
        <line num="55" count="163546" type="stmt"/>
        <line num="57" count="1" type="cond" truecount="1" falsecount="0"/>
        <line num="58" count="88802" type="stmt"/>
        <line num="61" count="1" type="stmt"/>
        <line num="62" count="1" type="cond" truecount="1" falsecount="0"/>
        <line num="63" count="70326" type="cond" truecount="1" falsecount="0"/>
        <line num="64" count="88748" type="cond" truecount="2" falsecount="0"/>
        <line num="66" count="1" type="cond" truecount="1" falsecount="0"/>
        <line num="67" count="59" type="stmt"/>
        <line num="68" count="59" type="stmt"/>
        <line num="69" count="59" type="stmt"/>
        <line num="70" count="59" type="stmt"/>
        <line num="71" count="59" type="cond" truecount="1" falsecount="0"/>
        <line num="72" count="59" type="stmt"/>
        <line num="73" count="59" type="stmt"/>
        <line num="76" count="1" type="stmt"/>
        <line num="77" count="1" type="cond" truecount="1" falsecount="0"/>
        <line num="78" count="1" type="cond" truecount="1" falsecount="0"/>
        <line num="79" count="1" type="stmt"/>
        <line num="81" count="1" type="stmt"/>
        <line num="82" count="1" type="cond" truecount="1" falsecount="0"/>
        <line num="83" count="1" type="cond" truecount="1" falsecount="0"/>
        <line num="84" count="31" type="cond" truecount="2" falsecount="0"/>
        <line num="85" count="1" type="cond" truecount="1" falsecount="0"/>
        <line num="86" count="1" type="stmt"/>
        <line num="88" count="1" type="stmt"/>
        <line num="91" count="1" type="stmt"/>
        <line num="92" count="1" type="stmt"/>
        <line num="93" count="1" type="cond" truecount="1" falsecount="0"/>
        <line num="94" count="1758" type="stmt"/>
        <line num="95" count="1758" type="stmt"/>
        <line num="97" count="1758" type="stmt"/>
        <line num="98" count="1758" type="cond" truecount="1" falsecount="0"/>
        <line num="99" count="1758" type="cond" truecount="1" falsecount="0"/>
        <line num="100" count="1758" type="stmt"/>
        <line num="101" count="1758" type="stmt"/>
        <line num="102" count="1" type="stmt"/>
        <line num="103" count="1" type="stmt"/>
        <line num="108" count="1" type="stmt"/>
        <line num="109" count="1" type="stmt"/>
        <line num="110" count="1" type="cond" truecount="1" falsecount="0"/>
        <line num="111" count="2" type="stmt"/>
        <line num="112" count="2" type="stmt"/>
        <line num="113" count="2" type="stmt"/>
        <line num="114" count="2" type="cond" truecount="1" falsecount="0"/>
        <line num="115" count="2" type="cond" truecount="1" falsecount="0"/>
        <line num="116" count="2" type="stmt"/>
        <line num="117" count="2" type="stmt"/>
        <line num="118" count="1" type="stmt"/>
        <line num="120" count="1" type="stmt"/>
        <line num="123" count="1" type="stmt"/>
        <line num="124" count="1" type="stmt"/>
        <line num="125" count="1" type="cond" truecount="1" falsecount="0"/>
        <line num="126" count="1758" type="stmt"/>
        <line num="127" count="1" type="stmt"/>
      </file>
      <file name="instances.ts" path="/home/eilara/projects/effect-tree/src/treeF/instances.ts">
        <metrics statements="79" coveredstatements="79" conditionals="16" coveredconditionals="16" methods="9" coveredmethods="9"/>
        <line num="1" count="1" type="stmt"/>
        <line num="8" count="1" type="stmt"/>
        <line num="9" count="1" type="stmt"/>
        <line num="11" count="1" type="stmt"/>
        <line num="14" count="1" type="stmt"/>
        <line num="15" count="1" type="stmt"/>
        <line num="16" count="1" type="cond" truecount="1" falsecount="0"/>
        <line num="17" count="943" type="stmt"/>
        <line num="18" count="943" type="stmt"/>
        <line num="19" count="943" type="stmt"/>
        <line num="20" count="943" type="stmt"/>
        <line num="21" count="943" type="cond" truecount="1" falsecount="0"/>
        <line num="22" count="943" type="stmt"/>
        <line num="23" count="943" type="stmt"/>
        <line num="24" count="1" type="stmt"/>
        <line num="26" count="1" type="stmt"/>
        <line num="28" count="1" type="stmt"/>
        <line num="29" count="1" type="stmt"/>
        <line num="30" count="1" type="cond" truecount="1" falsecount="0"/>
        <line num="31" count="91" type="stmt"/>
        <line num="32" count="91" type="stmt"/>
        <line num="34" count="91" type="stmt"/>
        <line num="35" count="1" type="stmt"/>
        <line num="37" count="1" type="cond" truecount="1" falsecount="0"/>
        <line num="40" count="5426" type="stmt"/>
        <line num="42" count="5426" type="stmt"/>
        <line num="43" count="5426" type="stmt"/>
        <line num="44" count="5426" type="cond" truecount="1" falsecount="0"/>
        <line num="45" count="37287" type="stmt"/>
        <line num="46" count="37287" type="stmt"/>
        <line num="48" count="37287" type="stmt"/>
        <line num="49" count="37287" type="stmt"/>
        <line num="50" count="37287" type="stmt"/>
        <line num="51" count="37287" type="stmt"/>
        <line num="52" count="37287" type="cond" truecount="1" falsecount="0"/>
        <line num="53" count="37287" type="stmt"/>
        <line num="54" count="37287" type="stmt"/>
        <line num="55" count="5426" type="stmt"/>
        <line num="57" count="1" type="stmt"/>
        <line num="58" count="1" type="stmt"/>
        <line num="59" count="1" type="stmt"/>
        <line num="61" count="1" type="stmt"/>
        <line num="62" count="1" type="cond" truecount="1" falsecount="0"/>
        <line num="63" count="1" type="cond" truecount="1" falsecount="0"/>
        <line num="64" count="23" type="stmt"/>
        <line num="66" count="23" type="cond" truecount="1" falsecount="0"/>
        <line num="67" count="5941" type="stmt"/>
        <line num="68" count="5941" type="stmt"/>
        <line num="69" count="5941" type="stmt"/>
        <line num="70" count="5941" type="cond" truecount="1" falsecount="0"/>
        <line num="71" count="151" type="stmt"/>
        <line num="72" count="151" type="stmt"/>
        <line num="73" count="151" type="stmt"/>
        <line num="74" count="151" type="cond" truecount="1" falsecount="0"/>
        <line num="75" count="151" type="stmt"/>
        <line num="76" count="151" type="stmt"/>
        <line num="77" count="151" type="stmt"/>
        <line num="78" count="5941" type="cond" truecount="1" falsecount="0"/>
        <line num="79" count="5790" type="stmt"/>
        <line num="80" count="5790" type="stmt"/>
        <line num="81" count="5790" type="stmt"/>
        <line num="82" count="5790" type="stmt"/>
        <line num="83" count="5790" type="cond" truecount="1" falsecount="0"/>
        <line num="84" count="5770" type="cond" truecount="1" falsecount="0"/>
        <line num="85" count="5756" type="stmt"/>
        <line num="86" count="5790" type="stmt"/>
        <line num="87" count="5790" type="stmt"/>
        <line num="88" count="5941" type="stmt"/>
        <line num="89" count="5941" type="stmt"/>
        <line num="91" count="1" type="stmt"/>
        <line num="92" count="1" type="cond" truecount="1" falsecount="0"/>
        <line num="93" count="18397" type="cond" truecount="1" falsecount="0"/>
        <line num="94" count="18397" type="stmt"/>
        <line num="95" count="18397" type="stmt"/>
        <line num="97" count="18397" type="stmt"/>
        <line num="98" count="18397" type="stmt"/>
        <line num="99" count="18397" type="stmt"/>
        <line num="100" count="18397" type="stmt"/>
        <line num="101" count="18397" type="stmt"/>
      </file>
    </package>
  </project>
</coverage>
