<?xml version="1.0" encoding="UTF-8"?>
<coverage generated="1757811301788" clover="3.2.0">
  <project timestamp="1757811301788" name="All files">
    <metrics statements="2993" coveredstatements="2991" conditionals="818" coveredconditionals="818" methods="373" coveredmethods="371" elements="4184" coveredelements="4180" complexity="0" loc="2993" ncloc="2993" packages="20" files="63" classes="63"/>
    <package name="codec">
      <metrics statements="27" coveredstatements="27" conditionals="3" coveredconditionals="3" methods="3" coveredmethods="3"/>
      <file name="Isomorphism.ts" path="/home/eilara/projects/effect-tree/src/codec/Isomorphism.ts">
        <metrics statements="27" coveredstatements="27" conditionals="3" coveredconditionals="3" methods="3" coveredmethods="3"/>
        <line num="1" count="1" type="stmt"/>
        <line num="2" count="1" type="stmt"/>
        <line num="3" count="1" type="stmt"/>
        <line num="6" count="1" type="stmt"/>
        <line num="11" count="1" type="stmt"/>
        <line num="15" count="1" type="stmt"/>
        <line num="16" count="1" type="stmt"/>
        <line num="25" count="1" type="cond" truecount="1" falsecount="0"/>
        <line num="26" count="2" type="stmt"/>
        <line num="27" count="2" type="stmt"/>
        <line num="28" count="2" type="stmt"/>
        <line num="34" count="1" type="cond" truecount="1" falsecount="0"/>
        <line num="35" count="2" type="stmt"/>
        <line num="36" count="2" type="stmt"/>
        <line num="37" count="2" type="stmt"/>
        <line num="38" count="2" type="stmt"/>
        <line num="39" count="2" type="stmt"/>
        <line num="45" count="1" type="stmt"/>
        <line num="46" count="1" type="stmt"/>
        <line num="47" count="1" type="stmt"/>
        <line num="48" count="1" type="stmt"/>
        <line num="54" count="1" type="cond" truecount="1" falsecount="0"/>
        <line num="55" count="2" type="stmt"/>
        <line num="56" count="2" type="stmt"/>
        <line num="57" count="2" type="stmt"/>
        <line num="58" count="2" type="stmt"/>
        <line num="59" count="2" type="stmt"/>
      </file>
    </package>
    <package name="codec.arrays">
      <metrics statements="28" coveredstatements="28" conditionals="8" coveredconditionals="8" methods="4" coveredmethods="4"/>
      <file name="decode.ts" path="/home/eilara/projects/effect-tree/src/codec/arrays/decode.ts">
        <metrics statements="6" coveredstatements="6" conditionals="3" coveredconditionals="3" methods="1" coveredmethods="1"/>
        <line num="2" count="1" type="stmt"/>
        <line num="3" count="1" type="stmt"/>
        <line num="4" count="1" type="stmt"/>
        <line num="11" count="1" type="cond" truecount="1" falsecount="0"/>
        <line num="12" count="12" type="cond" truecount="2" falsecount="0"/>
        <line num="48" count="1" type="stmt"/>
      </file>
      <file name="encode.ts" path="/home/eilara/projects/effect-tree/src/codec/arrays/encode.ts">
        <metrics statements="22" coveredstatements="22" conditionals="5" coveredconditionals="5" methods="3" coveredmethods="3"/>
        <line num="2" count="1" type="stmt"/>
        <line num="3" count="1" type="stmt"/>
        <line num="4" count="1" type="stmt"/>
        <line num="5" count="1" type="stmt"/>
        <line num="18" count="1" type="cond" truecount="1" falsecount="0"/>
        <line num="19" count="13" type="stmt"/>
        <line num="20" count="13" type="stmt"/>
        <line num="21" count="13" type="stmt"/>
        <line num="22" count="13" type="cond" truecount="2" falsecount="0"/>
        <line num="29" count="12" type="stmt"/>
        <line num="30" count="12" type="stmt"/>
        <line num="31" count="12" type="stmt"/>
        <line num="32" count="12" type="stmt"/>
        <line num="33" count="12" type="cond" truecount="1" falsecount="0"/>
        <line num="34" count="4" type="stmt"/>
        <line num="35" count="4" type="stmt"/>
        <line num="36" count="4" type="stmt"/>
        <line num="37" count="12" type="stmt"/>
        <line num="38" count="12" type="stmt"/>
        <line num="39" count="12" type="stmt"/>
        <line num="45" count="1" type="cond" truecount="1" falsecount="0"/>
        <line num="46" count="2" type="stmt"/>
      </file>
    </package>
    <package name="codec.edges">
      <metrics statements="161" coveredstatements="161" conditionals="32" coveredconditionals="32" methods="25" coveredmethods="25"/>
      <file name="decode.ts" path="/home/eilara/projects/effect-tree/src/codec/edges/decode.ts">
        <metrics statements="21" coveredstatements="21" conditionals="3" coveredconditionals="3" methods="3" coveredmethods="3"/>
        <line num="1" count="1" type="stmt"/>
        <line num="2" count="1" type="stmt"/>
        <line num="3" count="1" type="stmt"/>
        <line num="4" count="1" type="stmt"/>
        <line num="5" count="1" type="stmt"/>
        <line num="12" count="1" type="cond" truecount="1" falsecount="0"/>
        <line num="13" count="2132" type="stmt"/>
        <line num="14" count="2132" type="stmt"/>
        <line num="15" count="2132" type="stmt"/>
        <line num="16" count="2132" type="stmt"/>
        <line num="17" count="2132" type="cond" truecount="1" falsecount="0"/>
        <line num="18" count="2132" type="stmt"/>
        <line num="19" count="2132" type="stmt"/>
        <line num="20" count="2132" type="stmt"/>
        <line num="21" count="2132" type="stmt"/>
        <line num="24" count="1" type="cond" truecount="1" falsecount="0"/>
        <line num="25" count="440" type="stmt"/>
        <line num="28" count="1" type="stmt"/>
        <line num="29" count="1" type="stmt"/>
        <line num="30" count="1" type="stmt"/>
        <line num="31" count="1" type="stmt"/>
      </file>
      <file name="encode.ts" path="/home/eilara/projects/effect-tree/src/codec/edges/encode.ts">
        <metrics statements="19" coveredstatements="19" conditionals="2" coveredconditionals="2" methods="2" coveredmethods="2"/>
        <line num="1" count="1" type="stmt"/>
        <line num="2" count="1" type="stmt"/>
        <line num="3" count="1" type="stmt"/>
        <line num="4" count="1" type="stmt"/>
        <line num="5" count="1" type="stmt"/>
        <line num="12" count="1" type="stmt"/>
        <line num="13" count="1" type="cond" truecount="1" falsecount="0"/>
        <line num="14" count="1" type="cond" truecount="1" falsecount="0"/>
        <line num="15" count="38" type="stmt"/>
        <line num="16" count="38" type="stmt"/>
        <line num="17" count="38" type="stmt"/>
        <line num="18" count="38" type="stmt"/>
        <line num="19" count="38" type="stmt"/>
        <line num="20" count="1" type="stmt"/>
        <line num="61" count="1" type="stmt"/>
        <line num="64" count="1" type="stmt"/>
        <line num="65" count="1" type="stmt"/>
        <line num="66" count="1" type="stmt"/>
        <line num="67" count="1" type="stmt"/>
      </file>
      <file name="map.ts" path="/home/eilara/projects/effect-tree/src/codec/edges/map.ts">
        <metrics statements="82" coveredstatements="82" conditionals="14" coveredconditionals="14" methods="13" coveredmethods="13"/>
        <line num="1" count="1" type="stmt"/>
        <line num="23" count="1" type="cond" truecount="1" falsecount="0"/>
        <line num="24" count="443" type="stmt"/>
        <line num="28" count="1" type="cond" truecount="1" falsecount="0"/>
        <line num="29" count="2139" type="stmt"/>
        <line num="30" count="2139" type="stmt"/>
        <line num="31" count="2139" type="stmt"/>
        <line num="32" count="2139" type="stmt"/>
        <line num="33" count="2139" type="stmt"/>
        <line num="34" count="2139" type="stmt"/>
        <line num="35" count="2139" type="stmt"/>
        <line num="41" count="1" type="cond" truecount="1" falsecount="0"/>
        <line num="42" count="2139" type="stmt"/>
        <line num="43" count="2139" type="stmt"/>
        <line num="44" count="2139" type="stmt"/>
        <line num="45" count="2139" type="stmt"/>
        <line num="46" count="2139" type="stmt"/>
        <line num="47" count="2139" type="stmt"/>
        <line num="48" count="2139" type="stmt"/>
        <line num="49" count="2139" type="stmt"/>
        <line num="50" count="2139" type="cond" truecount="1" falsecount="0"/>
        <line num="51" count="2139" type="cond" truecount="1" falsecount="0"/>
        <line num="52" count="2139" type="stmt"/>
        <line num="53" count="2139" type="stmt"/>
        <line num="54" count="2139" type="stmt"/>
        <line num="55" count="2139" type="stmt"/>
        <line num="56" count="2139" type="stmt"/>
        <line num="59" count="1" type="cond" truecount="1" falsecount="0"/>
        <line num="60" count="2139" type="stmt"/>
        <line num="61" count="2139" type="stmt"/>
        <line num="62" count="2139" type="stmt"/>
        <line num="63" count="2139" type="stmt"/>
        <line num="64" count="2139" type="stmt"/>
        <line num="65" count="2139" type="stmt"/>
        <line num="66" count="2139" type="stmt"/>
        <line num="67" count="2139" type="stmt"/>
        <line num="68" count="2139" type="stmt"/>
        <line num="69" count="2139" type="stmt"/>
        <line num="70" count="2139" type="stmt"/>
        <line num="71" count="2139" type="cond" truecount="1" falsecount="0"/>
        <line num="72" count="2139" type="cond" truecount="1" falsecount="0"/>
        <line num="73" count="2139" type="stmt"/>
        <line num="74" count="2139" type="stmt"/>
        <line num="75" count="2139" type="stmt"/>
        <line num="76" count="2139" type="stmt"/>
        <line num="77" count="2139" type="stmt"/>
        <line num="80" count="1" type="cond" truecount="1" falsecount="0"/>
        <line num="81" count="2139" type="stmt"/>
        <line num="82" count="2139" type="stmt"/>
        <line num="83" count="2139" type="stmt"/>
        <line num="84" count="2139" type="stmt"/>
        <line num="85" count="2139" type="stmt"/>
        <line num="86" count="2139" type="stmt"/>
        <line num="87" count="2139" type="stmt"/>
        <line num="88" count="2139" type="stmt"/>
        <line num="89" count="2139" type="stmt"/>
        <line num="90" count="2139" type="cond" truecount="1" falsecount="0"/>
        <line num="91" count="2139" type="stmt"/>
        <line num="92" count="2139" type="stmt"/>
        <line num="93" count="2139" type="stmt"/>
        <line num="94" count="2139" type="stmt"/>
        <line num="95" count="2139" type="stmt"/>
        <line num="97" count="1" type="stmt"/>
        <line num="98" count="1" type="cond" truecount="1" falsecount="0"/>
        <line num="99" count="2139" type="stmt"/>
        <line num="100" count="2139" type="stmt"/>
        <line num="102" count="2139" type="cond" truecount="1" falsecount="0"/>
        <line num="103" count="1696" type="stmt"/>
        <line num="104" count="1696" type="stmt"/>
        <line num="105" count="1696" type="stmt"/>
        <line num="106" count="1696" type="stmt"/>
        <line num="107" count="1696" type="stmt"/>
        <line num="108" count="1696" type="cond" truecount="1" falsecount="0"/>
        <line num="109" count="1696" type="stmt"/>
        <line num="110" count="1696" type="stmt"/>
        <line num="111" count="1696" type="stmt"/>
        <line num="112" count="1696" type="stmt"/>
        <line num="115" count="1" type="cond" truecount="1" falsecount="0"/>
        <line num="116" count="443" type="stmt"/>
        <line num="117" count="443" type="stmt"/>
        <line num="118" count="443" type="stmt"/>
        <line num="119" count="443" type="stmt"/>
      </file>
      <file name="ops.ts" path="/home/eilara/projects/effect-tree/src/codec/edges/ops.ts">
        <metrics statements="39" coveredstatements="39" conditionals="13" coveredconditionals="13" methods="7" coveredmethods="7"/>
        <line num="1" count="1" type="stmt"/>
        <line num="18" count="1" type="cond" truecount="1" falsecount="0"/>
        <line num="19" count="523" type="stmt"/>
        <line num="20" count="523" type="stmt"/>
        <line num="21" count="523" type="stmt"/>
        <line num="27" count="1" type="stmt"/>
        <line num="28" count="1" type="cond" truecount="1" falsecount="0"/>
        <line num="29" count="38" type="cond" truecount="1" falsecount="0"/>
        <line num="36" count="1" type="cond" truecount="1" falsecount="0"/>
        <line num="37" count="2132" type="stmt"/>
        <line num="38" count="2132" type="stmt"/>
        <line num="39" count="2132" type="stmt"/>
        <line num="40" count="2132" type="stmt"/>
        <line num="45" count="2132" type="stmt"/>
        <line num="46" count="2132" type="stmt"/>
        <line num="47" count="2132" type="stmt"/>
        <line num="48" count="2132" type="stmt"/>
        <line num="49" count="2132" type="stmt"/>
        <line num="50" count="2132" type="cond" truecount="1" falsecount="0"/>
        <line num="51" count="2132" type="stmt"/>
        <line num="52" count="2132" type="stmt"/>
        <line num="53" count="2132" type="stmt"/>
        <line num="59" count="1" type="stmt"/>
        <line num="60" count="1" type="cond" truecount="1" falsecount="0"/>
        <line num="61" count="2132" type="cond" truecount="1" falsecount="0"/>
        <line num="67" count="1" type="stmt"/>
        <line num="69" count="1" type="cond" truecount="1" falsecount="0"/>
        <line num="70" count="1" type="stmt"/>
        <line num="76" count="1" type="stmt"/>
        <line num="78" count="1" type="cond" truecount="1" falsecount="0"/>
        <line num="79" count="1" type="stmt"/>
        <line num="85" count="1" type="stmt"/>
        <line num="86" count="1" type="cond" truecount="1" falsecount="0"/>
        <line num="87" count="360" type="cond" truecount="1" falsecount="0"/>
        <line num="88" count="360" type="stmt"/>
        <line num="95" count="1" type="stmt"/>
        <line num="97" count="1" type="stmt"/>
        <line num="98" count="1" type="stmt"/>
        <line num="99" count="1" type="stmt"/>
      </file>
    </package>
    <package name="codec.indented">
      <metrics statements="47" coveredstatements="47" conditionals="17" coveredconditionals="17" methods="5" coveredmethods="5"/>
      <file name="index.ts" path="/home/eilara/projects/effect-tree/src/codec/indented/index.ts">
        <metrics statements="47" coveredstatements="47" conditionals="17" coveredconditionals="17" methods="5" coveredmethods="5"/>
        <line num="1" count="1" type="stmt"/>
        <line num="2" count="1" type="stmt"/>
        <line num="3" count="1" type="stmt"/>
        <line num="4" count="1" type="stmt"/>
        <line num="12" count="1" type="stmt"/>
        <line num="13" count="1" type="cond" truecount="1" falsecount="0"/>
        <line num="14" count="3" type="cond" truecount="1" falsecount="0"/>
        <line num="15" count="3" type="cond" truecount="1" falsecount="0"/>
        <line num="17" count="102" type="stmt"/>
        <line num="18" count="102" type="stmt"/>
        <line num="19" count="102" type="stmt"/>
        <line num="20" count="102" type="stmt"/>
        <line num="21" count="102" type="cond" truecount="1" falsecount="0"/>
        <line num="22" count="253" type="stmt"/>
        <line num="23" count="102" type="stmt"/>
        <line num="24" count="102" type="stmt"/>
        <line num="25" count="102" type="stmt"/>
        <line num="31" count="1" type="cond" truecount="1" falsecount="0"/>
        <line num="32" count="83" type="stmt"/>
        <line num="33" count="83" type="cond" truecount="2" falsecount="0"/>
        <line num="35" count="27" type="stmt"/>
        <line num="36" count="27" type="cond" truecount="1" falsecount="0"/>
        <line num="37" count="27" type="stmt"/>
        <line num="38" count="27" type="stmt"/>
        <line num="39" count="27" type="cond" truecount="1" falsecount="0"/>
        <line num="40" count="27" type="stmt"/>
        <line num="42" count="27" type="stmt"/>
        <line num="43" count="27" type="stmt"/>
        <line num="50" count="1" type="cond" truecount="1" falsecount="0"/>
        <line num="51" count="148" type="stmt"/>
        <line num="52" count="148" type="stmt"/>
        <line num="53" count="148" type="stmt"/>
        <line num="54" count="148" type="stmt"/>
        <line num="57" count="148" type="stmt"/>
        <line num="58" count="148" type="cond" truecount="2" falsecount="0"/>
        <line num="60" count="45" type="stmt"/>
        <line num="62" count="45" type="stmt"/>
        <line num="63" count="148" type="cond" truecount="1" falsecount="0"/>
        <line num="64" count="125" type="cond" truecount="1" falsecount="0"/>
        <line num="65" count="49" type="stmt"/>
        <line num="66" count="49" type="stmt"/>
        <line num="67" count="49" type="cond" truecount="1" falsecount="0"/>
        <line num="68" count="76" type="cond" truecount="1" falsecount="0"/>
        <line num="70" count="45" type="stmt"/>
        <line num="71" count="45" type="stmt"/>
        <line num="73" count="1" type="cond" truecount="1" falsecount="0"/>
        <line num="74" count="175" type="stmt"/>
      </file>
    </package>
    <package name="codec.paths">
      <metrics statements="84" coveredstatements="84" conditionals="24" coveredconditionals="24" methods="6" coveredmethods="6"/>
      <file name="fold.ts" path="/home/eilara/projects/effect-tree/src/codec/paths/fold.ts">
        <metrics statements="18" coveredstatements="18" conditionals="4" coveredconditionals="4" methods="3" coveredmethods="3"/>
        <line num="1" count="1" type="stmt"/>
        <line num="2" count="1" type="stmt"/>
        <line num="3" count="1" type="stmt"/>
        <line num="4" count="1" type="stmt"/>
        <line num="18" count="1" type="cond" truecount="1" falsecount="0"/>
        <line num="19" count="985" type="stmt"/>
        <line num="21" count="985" type="stmt"/>
        <line num="22" count="985" type="stmt"/>
        <line num="23" count="985" type="stmt"/>
        <line num="24" count="985" type="cond" truecount="1" falsecount="0"/>
        <line num="25" count="985" type="cond" truecount="1" falsecount="0"/>
        <line num="26" count="457" type="stmt"/>
        <line num="27" count="457" type="stmt"/>
        <line num="28" count="457" type="stmt"/>
        <line num="29" count="457" type="cond" truecount="1" falsecount="0"/>
        <line num="30" count="457" type="stmt"/>
        <line num="31" count="985" type="stmt"/>
        <line num="32" count="985" type="stmt"/>
      </file>
      <file name="guard.ts" path="/home/eilara/projects/effect-tree/src/codec/paths/guard.ts">
        <metrics statements="25" coveredstatements="25" conditionals="14" coveredconditionals="14" methods="1" coveredmethods="1"/>
        <line num="2" count="1" type="stmt"/>
        <line num="13" count="1" type="stmt"/>
        <line num="14" count="1" type="cond" truecount="1" falsecount="0"/>
        <line num="15" count="51" type="stmt"/>
        <line num="17" count="51" type="cond" truecount="1" falsecount="0"/>
        <line num="18" count="179" type="stmt"/>
        <line num="19" count="179" type="stmt"/>
        <line num="20" count="179" type="stmt"/>
        <line num="22" count="179" type="cond" truecount="1" falsecount="0"/>
        <line num="23" count="354" type="stmt"/>
        <line num="25" count="354" type="cond" truecount="3" falsecount="0"/>
        <line num="26" count="352" type="stmt"/>
        <line num="28" count="352" type="stmt"/>
        <line num="29" count="352" type="stmt"/>
        <line num="30" count="352" type="stmt"/>
        <line num="31" count="352" type="stmt"/>
        <line num="32" count="354" type="cond" truecount="2" falsecount="0"/>
        <line num="34" count="354" type="cond" truecount="1" falsecount="0"/>
        <line num="35" count="662" type="stmt"/>
        <line num="36" count="662" type="cond" truecount="2" falsecount="0"/>
        <line num="37" count="86" type="cond" truecount="1" falsecount="0"/>
        <line num="38" count="662" type="cond" truecount="1" falsecount="0"/>
        <line num="39" count="319" type="cond" truecount="1" falsecount="0"/>
        <line num="41" count="144" type="stmt"/>
        <line num="42" count="144" type="stmt"/>
      </file>
      <file name="ops.ts" path="/home/eilara/projects/effect-tree/src/codec/paths/ops.ts">
        <metrics statements="11" coveredstatements="11" conditionals="2" coveredconditionals="2" methods="1" coveredmethods="1"/>
        <line num="1" count="1" type="stmt"/>
        <line num="2" count="1" type="stmt"/>
        <line num="3" count="1" type="stmt"/>
        <line num="4" count="1" type="stmt"/>
        <line num="5" count="1" type="stmt"/>
        <line num="12" count="1" type="stmt"/>
        <line num="13" count="1" type="stmt"/>
        <line num="20" count="1" type="stmt"/>
        <line num="21" count="1" type="cond" truecount="1" falsecount="0"/>
        <line num="22" count="4" type="cond" truecount="1" falsecount="0"/>
        <line num="23" count="82" type="stmt"/>
      </file>
      <file name="unfold.ts" path="/home/eilara/projects/effect-tree/src/codec/paths/unfold.ts">
        <metrics statements="30" coveredstatements="30" conditionals="4" coveredconditionals="4" methods="1" coveredmethods="1"/>
        <line num="1" count="1" type="stmt"/>
        <line num="2" count="1" type="stmt"/>
        <line num="3" count="1" type="stmt"/>
        <line num="4" count="1" type="stmt"/>
        <line num="5" count="1" type="stmt"/>
        <line num="18" count="1" type="stmt"/>
        <line num="19" count="1" type="cond" truecount="1" falsecount="0"/>
        <line num="20" count="82" type="cond" truecount="1" falsecount="0"/>
        <line num="21" count="176" type="stmt"/>
        <line num="22" count="176" type="stmt"/>
        <line num="23" count="176" type="stmt"/>
        <line num="24" count="176" type="stmt"/>
        <line num="26" count="176" type="stmt"/>
        <line num="27" count="176" type="stmt"/>
        <line num="29" count="176" type="stmt"/>
        <line num="31" count="176" type="stmt"/>
        <line num="32" count="176" type="stmt"/>
        <line num="33" count="176" type="stmt"/>
        <line num="34" count="176" type="stmt"/>
        <line num="35" count="176" type="stmt"/>
        <line num="37" count="176" type="cond" truecount="1" falsecount="0"/>
        <line num="38" count="43" type="stmt"/>
        <line num="39" count="43" type="stmt"/>
        <line num="40" count="43" type="stmt"/>
        <line num="41" count="43" type="stmt"/>
        <line num="42" count="43" type="stmt"/>
        <line num="43" count="43" type="stmt"/>
        <line num="44" count="43" type="cond" truecount="1" falsecount="0"/>
        <line num="45" count="133" type="stmt"/>
        <line num="46" count="176" type="stmt"/>
      </file>
    </package>
    <package name="codec.prufer">
      <metrics statements="196" coveredstatements="196" conditionals="83" coveredconditionals="83" methods="30" coveredmethods="30"/>
      <file name="decoder.ts" path="/home/eilara/projects/effect-tree/src/codec/prufer/decoder.ts">
        <metrics statements="55" coveredstatements="55" conditionals="14" coveredconditionals="14" methods="4" coveredmethods="4"/>
        <line num="1" count="1" type="stmt"/>
        <line num="2" count="1" type="stmt"/>
        <line num="3" count="1" type="stmt"/>
        <line num="5" count="1" type="stmt"/>
        <line num="18" count="1" type="cond" truecount="1" falsecount="0"/>
        <line num="19" count="360" type="stmt"/>
        <line num="20" count="360" type="stmt"/>
        <line num="22" count="360" type="stmt"/>
        <line num="23" count="360" type="stmt"/>
        <line num="24" count="360" type="stmt"/>
        <line num="26" count="360" type="cond" truecount="1" falsecount="0"/>
        <line num="27" count="1655" type="cond" truecount="1" falsecount="0"/>
        <line num="28" count="1655" type="stmt"/>
        <line num="29" count="1655" type="stmt"/>
        <line num="31" count="1655" type="cond" truecount="1" falsecount="0"/>
        <line num="32" count="1655" type="cond" truecount="2" falsecount="0"/>
        <line num="33" count="1021" type="cond" truecount="1" falsecount="0"/>
        <line num="34" count="1655" type="stmt"/>
        <line num="36" count="360" type="stmt"/>
        <line num="37" count="360" type="stmt"/>
        <line num="38" count="360" type="stmt"/>
        <line num="39" count="360" type="stmt"/>
        <line num="40" count="360" type="stmt"/>
        <line num="41" count="360" type="stmt"/>
        <line num="42" count="360" type="stmt"/>
        <line num="43" count="360" type="stmt"/>
        <line num="49" count="1" type="cond" truecount="1" falsecount="0"/>
        <line num="52" count="362" type="cond" truecount="1" falsecount="0"/>
        <line num="53" count="359" type="cond" truecount="1" falsecount="0"/>
        <line num="54" count="3" type="stmt"/>
        <line num="55" count="362" type="stmt"/>
        <line num="58" count="1" type="cond" truecount="1" falsecount="0"/>
        <line num="59" count="360" type="stmt"/>
        <line num="60" count="360" type="stmt"/>
        <line num="61" count="360" type="stmt"/>
        <line num="62" count="360" type="stmt"/>
        <line num="63" count="360" type="stmt"/>
        <line num="64" count="360" type="stmt"/>
        <line num="65" count="360" type="stmt"/>
        <line num="67" count="360" type="stmt"/>
        <line num="68" count="360" type="stmt"/>
        <line num="71" count="1" type="cond" truecount="1" falsecount="0"/>
        <line num="72" count="360" type="stmt"/>
        <line num="73" count="360" type="stmt"/>
        <line num="74" count="360" type="stmt"/>
        <line num="75" count="360" type="cond" truecount="1" falsecount="0"/>
        <line num="76" count="360" type="stmt"/>
        <line num="78" count="360" type="stmt"/>
        <line num="79" count="360" type="stmt"/>
        <line num="80" count="360" type="stmt"/>
        <line num="81" count="360" type="stmt"/>
        <line num="82" count="360" type="stmt"/>
        <line num="83" count="360" type="cond" truecount="1" falsecount="0"/>
        <line num="85" count="360" type="stmt"/>
        <line num="86" count="360" type="stmt"/>
      </file>
      <file name="encoder.ts" path="/home/eilara/projects/effect-tree/src/codec/prufer/encoder.ts">
        <metrics statements="31" coveredstatements="31" conditionals="9" coveredconditionals="9" methods="4" coveredmethods="4"/>
        <line num="1" count="1" type="stmt"/>
        <line num="2" count="1" type="stmt"/>
        <line num="3" count="1" type="stmt"/>
        <line num="4" count="1" type="stmt"/>
        <line num="26" count="1" type="stmt"/>
        <line num="27" count="1" type="cond" truecount="1" falsecount="0"/>
        <line num="28" count="23" type="cond" truecount="1" falsecount="0"/>
        <line num="31" count="147" type="stmt"/>
        <line num="34" count="147" type="cond" truecount="2" falsecount="0"/>
        <line num="35" count="2" type="stmt"/>
        <line num="36" count="2" type="cond" truecount="1" falsecount="0"/>
        <line num="38" count="145" type="stmt"/>
        <line num="40" count="145" type="cond" truecount="1" falsecount="0"/>
        <line num="41" count="984" type="stmt"/>
        <line num="43" count="984" type="stmt"/>
        <line num="44" count="984" type="stmt"/>
        <line num="45" count="984" type="stmt"/>
        <line num="46" count="984" type="cond" truecount="1" falsecount="0"/>
        <line num="47" count="984" type="cond" truecount="1" falsecount="0"/>
        <line num="48" count="839" type="stmt"/>
        <line num="49" count="839" type="cond" truecount="1" falsecount="0"/>
        <line num="50" count="839" type="stmt"/>
        <line num="51" count="839" type="stmt"/>
        <line num="52" count="984" type="stmt"/>
        <line num="53" count="984" type="stmt"/>
        <line num="54" count="984" type="stmt"/>
        <line num="56" count="145" type="stmt"/>
        <line num="57" count="145" type="stmt"/>
        <line num="58" count="145" type="stmt"/>
        <line num="59" count="145" type="stmt"/>
        <line num="60" count="145" type="stmt"/>
      </file>
      <file name="enumerate.ts" path="/home/eilara/projects/effect-tree/src/codec/prufer/enumerate.ts">
        <metrics statements="48" coveredstatements="48" conditionals="20" coveredconditionals="20" methods="9" coveredmethods="9"/>
        <line num="1" count="1" type="stmt"/>
        <line num="2" count="1" type="stmt"/>
        <line num="3" count="1" type="stmt"/>
        <line num="4" count="1" type="stmt"/>
        <line num="6" count="1" type="stmt"/>
        <line num="7" count="1" type="stmt"/>
        <line num="15" count="1" type="cond" truecount="1" falsecount="0"/>
        <line num="21" count="1" type="cond" truecount="1" falsecount="0"/>
        <line num="23" count="1" type="cond" truecount="1" falsecount="0"/>
        <line num="30" count="1" type="cond" truecount="1" falsecount="0"/>
        <line num="31" count="297" type="cond" truecount="1" falsecount="0"/>
        <line num="32" count="3" type="stmt"/>
        <line num="33" count="3" type="cond" truecount="1" falsecount="0"/>
        <line num="35" count="294" type="stmt"/>
        <line num="36" count="294" type="stmt"/>
        <line num="38" count="294" type="stmt"/>
        <line num="39" count="294" type="stmt"/>
        <line num="40" count="297" type="cond" truecount="2" falsecount="0"/>
        <line num="41" count="297" type="stmt"/>
        <line num="42" count="297" type="stmt"/>
        <line num="51" count="1" type="stmt"/>
        <line num="53" count="1" type="cond" truecount="1" falsecount="0"/>
        <line num="54" count="31" type="cond" truecount="1" falsecount="0"/>
        <line num="55" count="2" type="stmt"/>
        <line num="56" count="2" type="cond" truecount="1" falsecount="0"/>
        <line num="58" count="29" type="stmt"/>
        <line num="59" count="29" type="stmt"/>
        <line num="60" count="29" type="stmt"/>
        <line num="61" count="29" type="stmt"/>
        <line num="62" count="29" type="stmt"/>
        <line num="64" count="29" type="stmt"/>
        <line num="65" count="29" type="stmt"/>
        <line num="71" count="1" type="cond" truecount="1" falsecount="0"/>
        <line num="72" count="4" type="stmt"/>
        <line num="80" count="1" type="stmt"/>
        <line num="82" count="1" type="cond" truecount="1" falsecount="0"/>
        <line num="83" count="6" type="stmt"/>
        <line num="89" count="1" type="cond" truecount="1" falsecount="0"/>
        <line num="90" count="5" type="stmt"/>
        <line num="91" count="5" type="stmt"/>
        <line num="92" count="5" type="cond" truecount="1" falsecount="0"/>
        <line num="93" count="5" type="stmt"/>
        <line num="99" count="1" type="cond" truecount="1" falsecount="0"/>
        <line num="100" count="5" type="cond" truecount="1" falsecount="0"/>
        <line num="101" count="1" type="cond" truecount="1" falsecount="0"/>
        <line num="102" count="4" type="cond" truecount="1" falsecount="0"/>
        <line num="103" count="1" type="cond" truecount="1" falsecount="0"/>
        <line num="104" count="3" type="stmt"/>
      </file>
      <file name="step.ts" path="/home/eilara/projects/effect-tree/src/codec/prufer/step.ts">
        <metrics statements="62" coveredstatements="62" conditionals="40" coveredconditionals="40" methods="13" coveredmethods="13"/>
        <line num="1" count="1" type="stmt"/>
        <line num="2" count="1" type="stmt"/>
        <line num="3" count="1" type="stmt"/>
        <line num="4" count="1" type="stmt"/>
        <line num="5" count="1" type="stmt"/>
        <line num="6" count="1" type="stmt"/>
        <line num="7" count="1" type="stmt"/>
        <line num="15" count="1" type="cond" truecount="1" falsecount="0"/>
        <line num="16" count="9" type="cond" truecount="1" falsecount="0"/>
        <line num="17" count="2" type="cond" truecount="1" falsecount="0"/>
        <line num="18" count="7" type="cond" truecount="1" falsecount="0"/>
        <line num="21" count="1" type="cond" truecount="1" falsecount="0"/>
        <line num="22" count="7" type="cond" truecount="1" falsecount="0"/>
        <line num="23" count="1" type="cond" truecount="1" falsecount="0"/>
        <line num="24" count="6" type="cond" truecount="1" falsecount="0"/>
        <line num="27" count="1" type="cond" truecount="1" falsecount="0"/>
        <line num="28" count="21" type="cond" truecount="3" falsecount="0"/>
        <line num="31" count="1" type="cond" truecount="1" falsecount="0"/>
        <line num="32" count="23" type="cond" truecount="1" falsecount="0"/>
        <line num="33" count="21" type="stmt"/>
        <line num="34" count="21" type="stmt"/>
        <line num="35" count="21" type="stmt"/>
        <line num="36" count="21" type="cond" truecount="1" falsecount="0"/>
        <line num="37" count="21" type="stmt"/>
        <line num="38" count="23" type="cond" truecount="1" falsecount="0"/>
        <line num="39" count="23" type="stmt"/>
        <line num="47" count="1" type="cond" truecount="1" falsecount="0"/>
        <line num="48" count="13" type="cond" truecount="1" falsecount="0"/>
        <line num="49" count="12" type="cond" truecount="1" falsecount="0"/>
        <line num="50" count="4" type="cond" truecount="1" falsecount="0"/>
        <line num="51" count="2" type="cond" truecount="1" falsecount="0"/>
        <line num="52" count="2" type="cond" truecount="1" falsecount="0"/>
        <line num="53" count="8" type="cond" truecount="1" falsecount="0"/>
        <line num="54" count="1" type="stmt"/>
        <line num="60" count="1" type="cond" truecount="1" falsecount="0"/>
        <line num="61" count="14" type="cond" truecount="1" falsecount="0"/>
        <line num="62" count="3" type="cond" truecount="1" falsecount="0"/>
        <line num="63" count="11" type="stmt"/>
        <line num="71" count="1" type="cond" truecount="1" falsecount="0"/>
        <line num="72" count="9" type="cond" truecount="1" falsecount="0"/>
        <line num="73" count="8" type="cond" truecount="1" falsecount="0"/>
        <line num="74" count="3" type="cond" truecount="1" falsecount="0"/>
        <line num="75" count="5" type="cond" truecount="1" falsecount="0"/>
        <line num="76" count="1" type="stmt"/>
        <line num="84" count="1" type="cond" truecount="1" falsecount="0"/>
        <line num="85" count="9" type="cond" truecount="1" falsecount="0"/>
        <line num="86" count="3" type="cond" truecount="1" falsecount="0"/>
        <line num="87" count="6" type="stmt"/>
        <line num="96" count="1" type="cond" truecount="1" falsecount="0"/>
        <line num="97" count="1" type="stmt"/>
        <line num="105" count="1" type="cond" truecount="1" falsecount="0"/>
        <line num="106" count="1" type="stmt"/>
        <line num="112" count="1" type="cond" truecount="1" falsecount="0"/>
        <line num="113" count="1" type="stmt"/>
        <line num="119" count="1" type="cond" truecount="1" falsecount="0"/>
        <line num="120" count="1" type="stmt"/>
        <line num="126" count="1" type="stmt"/>
        <line num="127" count="1" type="cond" truecount="1" falsecount="0"/>
        <line num="128" count="19" type="cond" truecount="1" falsecount="0"/>
        <line num="129" count="19" type="stmt"/>
        <line num="130" count="19" type="stmt"/>
        <line num="131" count="19" type="stmt"/>
      </file>
    </package>
    <package name="draw">
      <metrics statements="116" coveredstatements="116" conditionals="16" coveredconditionals="16" methods="8" coveredmethods="8"/>
      <file name="atoms.ts" path="/home/eilara/projects/effect-tree/src/draw/atoms.ts">
        <metrics statements="70" coveredstatements="70" conditionals="9" coveredconditionals="9" methods="4" coveredmethods="4"/>
        <line num="1" count="1" type="stmt"/>
        <line num="2" count="1" type="stmt"/>
        <line num="3" count="1" type="stmt"/>
        <line num="5" count="1" type="stmt"/>
        <line num="8" count="1" type="stmt"/>
        <line num="24" count="1" type="stmt"/>
        <line num="25" count="1" type="stmt"/>
        <line num="26" count="1" type="stmt"/>
        <line num="27" count="1" type="stmt"/>
        <line num="28" count="1" type="stmt"/>
        <line num="29" count="1" type="stmt"/>
        <line num="31" count="1" type="stmt"/>
        <line num="32" count="1" type="stmt"/>
        <line num="33" count="1" type="stmt"/>
        <line num="34" count="1" type="stmt"/>
        <line num="35" count="1" type="stmt"/>
        <line num="36" count="1" type="stmt"/>
        <line num="38" count="70" type="cond" truecount="1" falsecount="0"/>
        <line num="39" count="70" type="stmt"/>
        <line num="40" count="70" type="stmt"/>
        <line num="42" count="70" type="cond" truecount="1" falsecount="0"/>
        <line num="43" count="70" type="stmt"/>
        <line num="44" count="70" type="stmt"/>
        <line num="45" count="70" type="stmt"/>
        <line num="46" count="70" type="stmt"/>
        <line num="47" count="70" type="cond" truecount="1" falsecount="0"/>
        <line num="48" count="968" type="cond" truecount="1" falsecount="0"/>
        <line num="49" count="968" type="stmt"/>
        <line num="50" count="968" type="stmt"/>
        <line num="51" count="968" type="stmt"/>
        <line num="52" count="968" type="stmt"/>
        <line num="53" count="968" type="stmt"/>
        <line num="54" count="968" type="stmt"/>
        <line num="55" count="968" type="stmt"/>
        <line num="56" count="968" type="stmt"/>
        <line num="57" count="968" type="stmt"/>
        <line num="59" count="968" type="stmt"/>
        <line num="60" count="968" type="stmt"/>
        <line num="61" count="968" type="stmt"/>
        <line num="62" count="968" type="stmt"/>
        <line num="63" count="968" type="stmt"/>
        <line num="64" count="968" type="stmt"/>
        <line num="65" count="968" type="stmt"/>
        <line num="66" count="968" type="stmt"/>
        <line num="67" count="968" type="stmt"/>
        <line num="68" count="968" type="stmt"/>
        <line num="69" count="70" type="stmt"/>
        <line num="71" count="70" type="cond" truecount="1" falsecount="0"/>
        <line num="72" count="70" type="stmt"/>
        <line num="73" count="70" type="stmt"/>
        <line num="74" count="70" type="stmt"/>
        <line num="75" count="70" type="stmt"/>
        <line num="76" count="70" type="cond" truecount="2" falsecount="0"/>
        <line num="77" count="802" type="stmt"/>
        <line num="78" count="802" type="stmt"/>
        <line num="79" count="802" type="stmt"/>
        <line num="80" count="802" type="stmt"/>
        <line num="81" count="802" type="stmt"/>
        <line num="82" count="802" type="stmt"/>
        <line num="83" count="802" type="stmt"/>
        <line num="84" count="70" type="stmt"/>
        <line num="85" count="70" type="stmt"/>
        <line num="87" count="968" type="cond" truecount="1" falsecount="0"/>
        <line num="88" count="968" type="stmt"/>
        <line num="89" count="968" type="cond" truecount="1" falsecount="0"/>
        <line num="90" count="968" type="stmt"/>
        <line num="91" count="968" type="stmt"/>
        <line num="92" count="968" type="stmt"/>
        <line num="93" count="968" type="stmt"/>
        <line num="94" count="968" type="stmt"/>
      </file>
      <file name="index.ts" path="/home/eilara/projects/effect-tree/src/draw/index.ts">
        <metrics statements="3" coveredstatements="3" conditionals="0" coveredconditionals="0" methods="0" coveredmethods="0"/>
        <line num="1" count="1" type="stmt"/>
        <line num="2" count="1" type="stmt"/>
        <line num="4" count="1" type="stmt"/>
      </file>
      <file name="layout.ts" path="/home/eilara/projects/effect-tree/src/draw/layout.ts">
        <metrics statements="43" coveredstatements="43" conditionals="7" coveredconditionals="7" methods="4" coveredmethods="4"/>
        <line num="1" count="1" type="stmt"/>
        <line num="2" count="1" type="stmt"/>
        <line num="3" count="1" type="stmt"/>
        <line num="5" count="1" type="stmt"/>
        <line num="6" count="1" type="stmt"/>
        <line num="7" count="1" type="stmt"/>
        <line num="9" count="1" type="stmt"/>
        <line num="20" count="1" type="stmt"/>
        <line num="21" count="1" type="stmt"/>
        <line num="22" count="1" type="stmt"/>
        <line num="24" count="964" type="cond" truecount="1" falsecount="0"/>
        <line num="25" count="964" type="cond" truecount="1" falsecount="0"/>
        <line num="26" count="964" type="stmt"/>
        <line num="27" count="964" type="stmt"/>
        <line num="28" count="964" type="stmt"/>
        <line num="29" count="964" type="cond" truecount="1" falsecount="0"/>
        <line num="30" count="964" type="stmt"/>
        <line num="31" count="964" type="stmt"/>
        <line num="32" count="964" type="stmt"/>
        <line num="33" count="964" type="stmt"/>
        <line num="34" count="964" type="stmt"/>
        <line num="36" count="1" type="stmt"/>
        <line num="37" count="1" type="cond" truecount="1" falsecount="0"/>
        <line num="38" count="964" type="cond" truecount="1" falsecount="0"/>
        <line num="39" count="500" type="stmt"/>
        <line num="40" count="500" type="stmt"/>
        <line num="41" count="500" type="stmt"/>
        <line num="42" count="500" type="stmt"/>
        <line num="44" count="500" type="stmt"/>
        <line num="45" count="500" type="stmt"/>
        <line num="47" count="1" type="cond" truecount="1" falsecount="0"/>
        <line num="48" count="500" type="stmt"/>
        <line num="50" count="500" type="cond" truecount="1" falsecount="0"/>
        <line num="51" count="500" type="stmt"/>
        <line num="53" count="500" type="stmt"/>
        <line num="54" count="500" type="stmt"/>
        <line num="55" count="500" type="stmt"/>
        <line num="56" count="500" type="stmt"/>
        <line num="57" count="500" type="stmt"/>
        <line num="58" count="500" type="stmt"/>
        <line num="59" count="500" type="stmt"/>
        <line num="60" count="500" type="stmt"/>
        <line num="61" count="500" type="stmt"/>
      </file>
    </package>
    <package name="draw.part">
      <metrics statements="239" coveredstatements="239" conditionals="49" coveredconditionals="49" methods="20" coveredmethods="20"/>
      <file name="data.ts" path="/home/eilara/projects/effect-tree/src/draw/part/data.ts">
        <metrics statements="148" coveredstatements="148" conditionals="38" coveredconditionals="38" methods="15" coveredmethods="15"/>
        <line num="2" count="1" type="stmt"/>
        <line num="3" count="1" type="stmt"/>
        <line num="6" count="1" type="stmt"/>
        <line num="7" count="1" type="stmt"/>
        <line num="20" count="1" type="stmt"/>
        <line num="22" count="1" type="stmt"/>
        <line num="24" count="1" type="cond" truecount="1" falsecount="0"/>
        <line num="25" count="3177" type="stmt"/>
        <line num="26" count="1" type="cond" truecount="1" falsecount="0"/>
        <line num="27" count="670" type="stmt"/>
        <line num="28" count="1" type="cond" truecount="1" falsecount="0"/>
        <line num="29" count="1" type="cond" truecount="1" falsecount="0"/>
        <line num="32" count="1" type="stmt"/>
        <line num="34" count="1" type="stmt"/>
        <line num="35" count="1" type="stmt"/>
        <line num="36" count="1" type="stmt"/>
        <line num="39" count="1" type="stmt"/>
        <line num="40" count="1" type="cond" truecount="1" falsecount="0"/>
        <line num="41" count="941" type="cond" truecount="1" falsecount="0"/>
        <line num="42" count="1181" type="cond" truecount="1" falsecount="0"/>
        <line num="43" count="828" type="stmt"/>
        <line num="44" count="828" type="stmt"/>
        <line num="47" count="828" type="stmt"/>
        <line num="49" count="828" type="stmt"/>
        <line num="50" count="828" type="cond" truecount="1" falsecount="0"/>
        <line num="51" count="828" type="stmt"/>
        <line num="54" count="1" type="stmt"/>
        <line num="55" count="1" type="cond" truecount="1" falsecount="0"/>
        <line num="56" count="147" type="cond" truecount="1" falsecount="0"/>
        <line num="57" count="2003" type="cond" truecount="1" falsecount="0"/>
        <line num="59" count="1" type="stmt"/>
        <line num="60" count="1" type="cond" truecount="1" falsecount="0"/>
        <line num="61" count="1" type="cond" truecount="1" falsecount="0"/>
        <line num="62" count="1" type="cond" truecount="1" falsecount="0"/>
        <line num="63" count="1" type="cond" truecount="1" falsecount="0"/>
        <line num="64" count="1" type="stmt"/>
        <line num="67" count="1" type="cond" truecount="1" falsecount="0"/>
        <line num="73" count="1" type="stmt"/>
        <line num="74" count="1" type="cond" truecount="1" falsecount="0"/>
        <line num="75" count="1" type="cond" truecount="1" falsecount="0"/>
        <line num="76" count="1" type="stmt"/>
        <line num="82" count="1" type="stmt"/>
        <line num="83" count="1" type="cond" truecount="1" falsecount="0"/>
        <line num="84" count="1" type="cond" truecount="1" falsecount="0"/>
        <line num="85" count="1" type="stmt"/>
        <line num="88" count="1" type="stmt"/>
        <line num="89" count="1" type="cond" truecount="1" falsecount="0"/>
        <line num="90" count="123" type="cond" truecount="1" falsecount="0"/>
        <line num="91" count="363" type="cond" truecount="1" falsecount="0"/>
        <line num="92" count="805" type="stmt"/>
        <line num="93" count="805" type="stmt"/>
        <line num="96" count="805" type="stmt"/>
        <line num="98" count="805" type="cond" truecount="1" falsecount="0"/>
        <line num="99" count="805" type="cond" truecount="1" falsecount="0"/>
        <line num="102" count="1" type="stmt"/>
        <line num="103" count="1" type="cond" truecount="1" falsecount="0"/>
        <line num="104" count="122" type="cond" truecount="1" falsecount="0"/>
        <line num="105" count="362" type="cond" truecount="1" falsecount="0"/>
        <line num="106" count="2" type="stmt"/>
        <line num="107" count="2" type="stmt"/>
        <line num="110" count="2" type="stmt"/>
        <line num="112" count="2" type="cond" truecount="1" falsecount="0"/>
        <line num="113" count="2" type="cond" truecount="1" falsecount="0"/>
        <line num="116" count="1" type="stmt"/>
        <line num="117" count="1" type="cond" truecount="1" falsecount="0"/>
        <line num="118" count="121" type="cond" truecount="1" falsecount="0"/>
        <line num="119" count="1" type="cond" truecount="1" falsecount="0"/>
        <line num="120" count="1" type="stmt"/>
        <line num="123" count="1" type="stmt"/>
        <line num="124" count="1" type="cond" truecount="1" falsecount="0"/>
        <line num="125" count="121" type="cond" truecount="1" falsecount="0"/>
        <line num="126" count="1" type="cond" truecount="1" falsecount="0"/>
        <line num="127" count="1" type="stmt"/>
        <line num="130" count="1" type="stmt"/>
        <line num="131" count="1" type="cond" truecount="1" falsecount="0"/>
        <line num="132" count="217" type="stmt"/>
        <line num="133" count="217" type="stmt"/>
        <line num="134" count="217" type="stmt"/>
        <line num="135" count="217" type="stmt"/>
        <line num="137" count="217" type="cond" truecount="1" falsecount="0"/>
        <line num="138" count="217" type="stmt"/>
        <line num="139" count="217" type="stmt"/>
        <line num="140" count="217" type="stmt"/>
        <line num="141" count="217" type="stmt"/>
        <line num="142" count="217" type="stmt"/>
        <line num="143" count="217" type="stmt"/>
        <line num="144" count="217" type="stmt"/>
        <line num="145" count="217" type="stmt"/>
        <line num="146" count="217" type="stmt"/>
        <line num="147" count="217" type="stmt"/>
        <line num="149" count="1" type="stmt"/>
        <line num="151" count="1" type="stmt"/>
        <line num="152" count="1" type="stmt"/>
        <line num="153" count="1" type="stmt"/>
        <line num="155" count="1" type="stmt"/>
        <line num="156" count="1" type="stmt"/>
        <line num="157" count="1" type="stmt"/>
        <line num="159" count="1" type="stmt"/>
        <line num="160" count="1" type="stmt"/>
        <line num="161" count="1" type="stmt"/>
        <line num="163" count="1" type="stmt"/>
        <line num="164" count="1" type="stmt"/>
        <line num="165" count="1" type="stmt"/>
        <line num="167" count="1" type="stmt"/>
        <line num="168" count="1" type="stmt"/>
        <line num="169" count="1" type="stmt"/>
        <line num="170" count="1" type="stmt"/>
        <line num="171" count="1" type="stmt"/>
        <line num="172" count="1" type="stmt"/>
        <line num="173" count="1" type="stmt"/>
        <line num="174" count="1" type="stmt"/>
        <line num="175" count="1" type="stmt"/>
        <line num="176" count="1" type="stmt"/>
        <line num="177" count="1" type="stmt"/>
        <line num="178" count="1" type="stmt"/>
        <line num="179" count="1" type="stmt"/>
        <line num="180" count="1" type="stmt"/>
        <line num="181" count="1" type="stmt"/>
        <line num="183" count="1" type="stmt"/>
        <line num="184" count="1" type="stmt"/>
        <line num="185" count="1" type="stmt"/>
        <line num="186" count="1" type="stmt"/>
        <line num="187" count="1" type="stmt"/>
        <line num="188" count="1" type="stmt"/>
        <line num="189" count="1" type="stmt"/>
        <line num="190" count="1" type="stmt"/>
        <line num="191" count="1" type="stmt"/>
        <line num="192" count="1" type="stmt"/>
        <line num="193" count="1" type="stmt"/>
        <line num="194" count="1" type="stmt"/>
        <line num="195" count="1" type="stmt"/>
        <line num="196" count="1" type="stmt"/>
        <line num="197" count="1" type="stmt"/>
        <line num="199" count="1" type="stmt"/>
        <line num="200" count="1" type="stmt"/>
        <line num="201" count="1" type="stmt"/>
        <line num="202" count="1" type="stmt"/>
        <line num="203" count="1" type="stmt"/>
        <line num="204" count="1" type="stmt"/>
        <line num="205" count="1" type="stmt"/>
        <line num="206" count="1" type="stmt"/>
        <line num="207" count="1" type="stmt"/>
        <line num="208" count="1" type="stmt"/>
        <line num="209" count="1" type="stmt"/>
        <line num="210" count="1" type="stmt"/>
        <line num="211" count="1" type="stmt"/>
        <line num="212" count="1" type="stmt"/>
        <line num="213" count="1" type="stmt"/>
      </file>
      <file name="draw.ts" path="/home/eilara/projects/effect-tree/src/draw/part/draw.ts">
        <metrics statements="40" coveredstatements="40" conditionals="4" coveredconditionals="4" methods="2" coveredmethods="2"/>
        <line num="1" count="1" type="stmt"/>
        <line num="2" count="1" type="stmt"/>
        <line num="3" count="1" type="stmt"/>
        <line num="4" count="1" type="stmt"/>
        <line num="5" count="1" type="stmt"/>
        <line num="6" count="1" type="stmt"/>
        <line num="7" count="1" type="stmt"/>
        <line num="8" count="1" type="stmt"/>
        <line num="14" count="1" type="stmt"/>
        <line num="20" count="1" type="stmt"/>
        <line num="21" count="1" type="stmt"/>
        <line num="22" count="1" type="stmt"/>
        <line num="23" count="1" type="stmt"/>
        <line num="24" count="1" type="stmt"/>
        <line num="25" count="1" type="stmt"/>
        <line num="27" count="1" type="stmt"/>
        <line num="29" count="854" type="cond" truecount="1" falsecount="0"/>
        <line num="30" count="854" type="stmt"/>
        <line num="31" count="854" type="stmt"/>
        <line num="32" count="854" type="stmt"/>
        <line num="33" count="854" type="stmt"/>
        <line num="34" count="854" type="stmt"/>
        <line num="35" count="854" type="stmt"/>
        <line num="36" count="854" type="cond" truecount="1" falsecount="0"/>
        <line num="37" count="1" type="stmt"/>
        <line num="38" count="1" type="cond" truecount="1" falsecount="0"/>
        <line num="39" count="853" type="stmt"/>
        <line num="40" count="853" type="stmt"/>
        <line num="41" count="853" type="stmt"/>
        <line num="42" count="853" type="stmt"/>
        <line num="43" count="853" type="stmt"/>
        <line num="45" count="853" type="stmt"/>
        <line num="46" count="853" type="stmt"/>
        <line num="47" count="853" type="stmt"/>
        <line num="48" count="853" type="stmt"/>
        <line num="49" count="853" type="stmt"/>
        <line num="50" count="853" type="stmt"/>
        <line num="52" count="2008" type="cond" truecount="1" falsecount="0"/>
        <line num="53" count="2008" type="stmt"/>
        <line num="54" count="2008" type="stmt"/>
      </file>
      <file name="ops.ts" path="/home/eilara/projects/effect-tree/src/draw/part/ops.ts">
        <metrics statements="51" coveredstatements="51" conditionals="7" coveredconditionals="7" methods="3" coveredmethods="3"/>
        <line num="1" count="1" type="stmt"/>
        <line num="2" count="1" type="stmt"/>
        <line num="3" count="1" type="stmt"/>
        <line num="4" count="1" type="stmt"/>
        <line num="11" count="1" type="stmt"/>
        <line num="12" count="1" type="stmt"/>
        <line num="14" count="1" type="stmt"/>
        <line num="16" count="1" type="stmt"/>
        <line num="17" count="1" type="stmt"/>
        <line num="18" count="1" type="stmt"/>
        <line num="19" count="1" type="stmt"/>
        <line num="20" count="1" type="stmt"/>
        <line num="21" count="1" type="stmt"/>
        <line num="23" count="1" type="cond" truecount="1" falsecount="0"/>
        <line num="24" count="14" type="stmt"/>
        <line num="26" count="8" type="cond" truecount="1" falsecount="0"/>
        <line num="27" count="8" type="stmt"/>
        <line num="28" count="8" type="stmt"/>
        <line num="29" count="8" type="stmt"/>
        <line num="30" count="8" type="stmt"/>
        <line num="31" count="8" type="stmt"/>
        <line num="32" count="8" type="stmt"/>
        <line num="33" count="8" type="stmt"/>
        <line num="34" count="8" type="stmt"/>
        <line num="35" count="8" type="stmt"/>
        <line num="36" count="8" type="stmt"/>
        <line num="37" count="8" type="cond" truecount="1" falsecount="0"/>
        <line num="38" count="3" type="cond" truecount="1" falsecount="0"/>
        <line num="39" count="5" type="stmt"/>
        <line num="40" count="8" type="stmt"/>
        <line num="41" count="8" type="stmt"/>
        <line num="42" count="8" type="stmt"/>
        <line num="43" count="8" type="stmt"/>
        <line num="44" count="8" type="stmt"/>
        <line num="46" count="4" type="cond" truecount="1" falsecount="0"/>
        <line num="47" count="4" type="stmt"/>
        <line num="48" count="4" type="stmt"/>
        <line num="49" count="4" type="stmt"/>
        <line num="50" count="4" type="stmt"/>
        <line num="51" count="4" type="stmt"/>
        <line num="52" count="4" type="stmt"/>
        <line num="53" count="4" type="stmt"/>
        <line num="54" count="4" type="stmt"/>
        <line num="55" count="4" type="cond" truecount="1" falsecount="0"/>
        <line num="56" count="3" type="cond" truecount="1" falsecount="0"/>
        <line num="57" count="1" type="stmt"/>
        <line num="58" count="4" type="stmt"/>
        <line num="59" count="4" type="stmt"/>
        <line num="60" count="4" type="stmt"/>
        <line num="61" count="4" type="stmt"/>
        <line num="62" count="4" type="stmt"/>
      </file>
    </package>
    <package name="draw.part.align">
      <metrics statements="160" coveredstatements="160" conditionals="56" coveredconditionals="56" methods="13" coveredmethods="13"/>
      <file name="data.ts" path="/home/eilara/projects/effect-tree/src/draw/part/align/data.ts">
        <metrics statements="76" coveredstatements="76" conditionals="25" coveredconditionals="25" methods="7" coveredmethods="7"/>
        <line num="1" count="1" type="stmt"/>
        <line num="2" count="1" type="stmt"/>
        <line num="4" count="1" type="stmt"/>
        <line num="6" count="1" type="stmt"/>
        <line num="7" count="1" type="stmt"/>
        <line num="23" count="1" type="stmt"/>
        <line num="24" count="1" type="cond" truecount="1" falsecount="0"/>
        <line num="25" count="1041" type="cond" truecount="1" falsecount="0"/>
        <line num="26" count="1041" type="cond" truecount="4" falsecount="0"/>
        <line num="27" count="1" type="stmt"/>
        <line num="28" count="1" type="cond" truecount="1" falsecount="0"/>
        <line num="29" count="397" type="cond" truecount="1" falsecount="0"/>
        <line num="30" count="397" type="cond" truecount="4" falsecount="0"/>
        <line num="32" count="1" type="cond" truecount="1" falsecount="0"/>
        <line num="33" count="7" type="stmt"/>
        <line num="34" count="7" type="stmt"/>
        <line num="35" count="7" type="stmt"/>
        <line num="36" count="7" type="cond" truecount="1" falsecount="0"/>
        <line num="37" count="7" type="stmt"/>
        <line num="38" count="1" type="cond" truecount="1" falsecount="0"/>
        <line num="39" count="13" type="stmt"/>
        <line num="40" count="13" type="stmt"/>
        <line num="41" count="13" type="stmt"/>
        <line num="42" count="13" type="cond" truecount="1" falsecount="0"/>
        <line num="43" count="13" type="stmt"/>
        <line num="45" count="1" type="cond" truecount="1" falsecount="0"/>
        <line num="46" count="163" type="stmt"/>
        <line num="47" count="163" type="stmt"/>
        <line num="48" count="1" type="cond" truecount="1" falsecount="0"/>
        <line num="49" count="43" type="stmt"/>
        <line num="50" count="43" type="stmt"/>
        <line num="52" count="1" type="stmt"/>
        <line num="53" count="1" type="stmt"/>
        <line num="54" count="1" type="stmt"/>
        <line num="55" count="1" type="stmt"/>
        <line num="56" count="1" type="stmt"/>
        <line num="57" count="1" type="stmt"/>
        <line num="58" count="1" type="stmt"/>
        <line num="59" count="1" type="stmt"/>
        <line num="61" count="1" type="cond" truecount="1" falsecount="0"/>
        <line num="63" count="1" type="stmt"/>
        <line num="64" count="1" type="stmt"/>
        <line num="65" count="1" type="stmt"/>
        <line num="66" count="1" type="stmt"/>
        <line num="68" count="1" type="stmt"/>
        <line num="71" count="1" type="stmt"/>
        <line num="72" count="1" type="stmt"/>
        <line num="73" count="1" type="stmt"/>
        <line num="74" count="1" type="stmt"/>
        <line num="75" count="1" type="cond" truecount="1" falsecount="0"/>
        <line num="76" count="1" type="stmt"/>
        <line num="77" count="1" type="stmt"/>
        <line num="78" count="1" type="stmt"/>
        <line num="79" count="1" type="stmt"/>
        <line num="80" count="1" type="cond" truecount="1" falsecount="0"/>
        <line num="81" count="1" type="stmt"/>
        <line num="82" count="1" type="stmt"/>
        <line num="83" count="1" type="stmt"/>
        <line num="84" count="1" type="stmt"/>
        <line num="85" count="1" type="stmt"/>
        <line num="86" count="1" type="stmt"/>
        <line num="88" count="1" type="stmt"/>
        <line num="89" count="1" type="stmt"/>
        <line num="90" count="1" type="stmt"/>
        <line num="91" count="1" type="stmt"/>
        <line num="92" count="1" type="stmt"/>
        <line num="93" count="1" type="stmt"/>
        <line num="95" count="1" type="stmt"/>
        <line num="98" count="1" type="stmt"/>
        <line num="99" count="1" type="cond" truecount="1" falsecount="0"/>
        <line num="100" count="1" type="cond" truecount="1" falsecount="0"/>
        <line num="101" count="1" type="stmt"/>
        <line num="103" count="1" type="stmt"/>
        <line num="104" count="1" type="cond" truecount="1" falsecount="0"/>
        <line num="105" count="2800" type="cond" truecount="1" falsecount="0"/>
        <line num="106" count="1" type="stmt"/>
      </file>
      <file name="horizontally.ts" path="/home/eilara/projects/effect-tree/src/draw/part/align/horizontally.ts">
        <metrics statements="40" coveredstatements="40" conditionals="20" coveredconditionals="20" methods="4" coveredmethods="4"/>
        <line num="2" count="1" type="stmt"/>
        <line num="3" count="1" type="stmt"/>
        <line num="4" count="1" type="stmt"/>
        <line num="5" count="1" type="stmt"/>
        <line num="12" count="1" type="stmt"/>
        <line num="13" count="1" type="cond" truecount="1" falsecount="0"/>
        <line num="14" count="2907" type="cond" truecount="1" falsecount="0"/>
        <line num="15" count="3822" type="cond" truecount="2" falsecount="0"/>
        <line num="17" count="1744" type="stmt"/>
        <line num="18" count="1744" type="cond" truecount="1" falsecount="0"/>
        <line num="20" count="1744" type="stmt"/>
        <line num="21" count="1744" type="stmt"/>
        <line num="22" count="1744" type="cond" truecount="1" falsecount="0"/>
        <line num="23" count="6146" type="stmt"/>
        <line num="24" count="6146" type="cond" truecount="2" falsecount="0"/>
        <line num="25" count="1744" type="stmt"/>
        <line num="26" count="1744" type="stmt"/>
        <line num="27" count="1744" type="stmt"/>
        <line num="30" count="1041" type="cond" truecount="1" falsecount="0"/>
        <line num="31" count="1041" type="cond" truecount="1" falsecount="0"/>
        <line num="32" count="1041" type="stmt"/>
        <line num="33" count="1041" type="stmt"/>
        <line num="34" count="1041" type="stmt"/>
        <line num="35" count="1041" type="cond" truecount="1" falsecount="0"/>
        <line num="36" count="1041" type="cond" truecount="1" falsecount="0"/>
        <line num="37" count="106" type="stmt"/>
        <line num="38" count="106" type="stmt"/>
        <line num="39" count="106" type="stmt"/>
        <line num="40" count="1041" type="cond" truecount="1" falsecount="0"/>
        <line num="41" count="1041" type="stmt"/>
        <line num="42" count="1041" type="stmt"/>
        <line num="43" count="1041" type="stmt"/>
        <line num="47" count="1147" type="cond" truecount="1" falsecount="0"/>
        <line num="48" count="1147" type="stmt"/>
        <line num="49" count="1147" type="cond" truecount="4" falsecount="0"/>
        <line num="51" count="576" type="stmt"/>
        <line num="52" count="576" type="stmt"/>
        <line num="53" count="576" type="stmt"/>
        <line num="54" count="1147" type="cond" truecount="2" falsecount="0"/>
        <line num="56" count="1147" type="stmt"/>
      </file>
      <file name="vertically.ts" path="/home/eilara/projects/effect-tree/src/draw/part/align/vertically.ts">
        <metrics statements="44" coveredstatements="44" conditionals="11" coveredconditionals="11" methods="2" coveredmethods="2"/>
        <line num="1" count="1" type="stmt"/>
        <line num="2" count="1" type="stmt"/>
        <line num="4" count="1" type="stmt"/>
        <line num="17" count="1" type="stmt"/>
        <line num="18" count="1" type="cond" truecount="1" falsecount="0"/>
        <line num="19" count="874" type="stmt"/>
        <line num="20" count="874" type="stmt"/>
        <line num="21" count="874" type="stmt"/>
        <line num="23" count="874" type="cond" truecount="1" falsecount="0"/>
        <line num="24" count="874" type="stmt"/>
        <line num="26" count="874" type="cond" truecount="1" falsecount="0"/>
        <line num="27" count="3" type="cond" truecount="1" falsecount="0"/>
        <line num="28" count="871" type="stmt"/>
        <line num="29" count="871" type="stmt"/>
        <line num="30" count="871" type="cond" truecount="1" falsecount="0"/>
        <line num="31" count="1775" type="stmt"/>
        <line num="32" count="1775" type="stmt"/>
        <line num="33" count="1775" type="stmt"/>
        <line num="34" count="1775" type="cond" truecount="2" falsecount="0"/>
        <line num="35" count="1775" type="stmt"/>
        <line num="36" count="1775" type="stmt"/>
        <line num="37" count="871" type="stmt"/>
        <line num="38" count="871" type="stmt"/>
        <line num="39" count="874" type="stmt"/>
        <line num="44" count="397" type="cond" truecount="1" falsecount="0"/>
        <line num="45" count="397" type="stmt"/>
        <line num="46" count="397" type="stmt"/>
        <line num="47" count="397" type="stmt"/>
        <line num="48" count="397" type="stmt"/>
        <line num="49" count="397" type="stmt"/>
        <line num="50" count="397" type="stmt"/>
        <line num="51" count="397" type="stmt"/>
        <line num="52" count="397" type="cond" truecount="1" falsecount="0"/>
        <line num="53" count="397" type="cond" truecount="1" falsecount="0"/>
        <line num="54" count="5" type="stmt"/>
        <line num="55" count="5" type="stmt"/>
        <line num="56" count="5" type="stmt"/>
        <line num="57" count="397" type="cond" truecount="1" falsecount="0"/>
        <line num="58" count="397" type="stmt"/>
        <line num="59" count="397" type="stmt"/>
        <line num="60" count="397" type="stmt"/>
        <line num="61" count="397" type="stmt"/>
        <line num="62" count="397" type="stmt"/>
        <line num="63" count="397" type="stmt"/>
      </file>
    </package>
    <package name="draw.part.instances">
      <metrics statements="49" coveredstatements="49" conditionals="25" coveredconditionals="25" methods="7" coveredmethods="7"/>
      <file name="Equivalence.ts" path="/home/eilara/projects/effect-tree/src/draw/part/instances/Equivalence.ts">
        <metrics statements="49" coveredstatements="49" conditionals="25" coveredconditionals="25" methods="7" coveredmethods="7"/>
        <line num="1" count="1" type="stmt"/>
        <line num="2" count="1" type="stmt"/>
        <line num="3" count="1" type="stmt"/>
        <line num="13" count="1" type="stmt"/>
        <line num="17" count="1" type="cond" truecount="1" falsecount="0"/>
        <line num="18" count="156" type="stmt"/>
        <line num="19" count="156" type="stmt"/>
        <line num="20" count="156" type="stmt"/>
        <line num="21" count="156" type="stmt"/>
        <line num="22" count="156" type="stmt"/>
        <line num="24" count="1" type="cond" truecount="1" falsecount="0"/>
        <line num="25" count="217" type="stmt"/>
        <line num="26" count="217" type="stmt"/>
        <line num="27" count="217" type="stmt"/>
        <line num="28" count="217" type="stmt"/>
        <line num="29" count="217" type="cond" truecount="1" falsecount="0"/>
        <line num="30" count="46" type="stmt"/>
        <line num="31" count="46" type="stmt"/>
        <line num="32" count="46" type="cond" truecount="2" falsecount="0"/>
        <line num="33" count="46" type="stmt"/>
        <line num="34" count="217" type="cond" truecount="3" falsecount="0"/>
        <line num="35" count="217" type="cond" truecount="3" falsecount="0"/>
        <line num="36" count="217" type="stmt"/>
        <line num="37" count="217" type="stmt"/>
        <line num="39" count="1" type="cond" truecount="1" falsecount="0"/>
        <line num="40" count="25" type="stmt"/>
        <line num="41" count="25" type="stmt"/>
        <line num="43" count="25" type="cond" truecount="1" falsecount="0"/>
        <line num="44" count="15" type="cond" truecount="1" falsecount="0"/>
        <line num="45" count="10" type="stmt"/>
        <line num="47" count="1" type="cond" truecount="1" falsecount="0"/>
        <line num="48" count="25" type="stmt"/>
        <line num="49" count="25" type="stmt"/>
        <line num="51" count="25" type="cond" truecount="1" falsecount="0"/>
        <line num="52" count="16" type="cond" truecount="1" falsecount="0"/>
        <line num="53" count="9" type="stmt"/>
        <line num="55" count="1" type="cond" truecount="1" falsecount="0"/>
        <line num="56" count="31" type="stmt"/>
        <line num="57" count="31" type="stmt"/>
        <line num="59" count="31" type="cond" truecount="1" falsecount="0"/>
        <line num="60" count="30" type="cond" truecount="1" falsecount="0"/>
        <line num="61" count="30" type="stmt"/>
        <line num="62" count="30" type="cond" truecount="1" falsecount="0"/>
        <line num="63" count="1" type="stmt"/>
        <line num="65" count="1" type="cond" truecount="2" falsecount="0"/>
        <line num="67" count="1" type="stmt"/>
        <line num="68" count="1" type="cond" truecount="1" falsecount="0"/>
        <line num="69" count="263" type="cond" truecount="1" falsecount="0"/>
        <line num="70" count="263" type="stmt"/>
      </file>
    </package>
    <package name="draw.part.partF">
      <metrics statements="147" coveredstatements="147" conditionals="51" coveredconditionals="51" methods="16" coveredmethods="16"/>
      <file name="data.ts" path="/home/eilara/projects/effect-tree/src/draw/part/partF/data.ts">
        <metrics statements="41" coveredstatements="41" conditionals="19" coveredconditionals="19" methods="5" coveredmethods="5"/>
        <line num="1" count="1" type="stmt"/>
        <line num="3" count="1" type="stmt"/>
        <line num="43" count="1" type="stmt"/>
        <line num="44" count="1" type="stmt"/>
        <line num="45" count="1" type="stmt"/>
        <line num="46" count="1" type="stmt"/>
        <line num="47" count="1" type="stmt"/>
        <line num="48" count="1" type="stmt"/>
        <line num="49" count="1" type="stmt"/>
        <line num="51" count="1" type="stmt"/>
        <line num="52" count="1" type="cond" truecount="1" falsecount="0"/>
        <line num="53" count="1" type="cond" truecount="1" falsecount="0"/>
        <line num="54" count="1" type="cond" truecount="1" falsecount="0"/>
        <line num="55" count="1" type="cond" truecount="1" falsecount="0"/>
        <line num="56" count="1" type="stmt"/>
        <line num="58" count="1" type="stmt"/>
        <line num="59" count="1" type="cond" truecount="1" falsecount="0"/>
        <line num="62" count="1" type="cond" truecount="1" falsecount="0"/>
        <line num="64" count="1" type="stmt"/>
        <line num="65" count="1" type="cond" truecount="1" falsecount="0"/>
        <line num="66" count="828" type="cond" truecount="1" falsecount="0"/>
        <line num="67" count="828" type="cond" truecount="1" falsecount="0"/>
        <line num="68" count="828" type="stmt"/>
        <line num="70" count="1" type="stmt"/>
        <line num="71" count="1" type="cond" truecount="1" falsecount="0"/>
        <line num="72" count="2207" type="cond" truecount="1" falsecount="0"/>
        <line num="73" count="2213" type="stmt"/>
        <line num="75" count="1" type="stmt"/>
        <line num="76" count="1" type="cond" truecount="1" falsecount="0"/>
        <line num="77" count="10854" type="stmt"/>
        <line num="78" count="10854" type="stmt"/>
        <line num="79" count="10854" type="stmt"/>
        <line num="80" count="10854" type="stmt"/>
        <line num="82" count="10854" type="cond" truecount="1" falsecount="0"/>
        <line num="83" count="15653" type="cond" truecount="1" falsecount="0"/>
        <line num="84" count="325" type="cond" truecount="1" falsecount="0"/>
        <line num="85" count="15328" type="cond" truecount="1" falsecount="0"/>
        <line num="86" count="6232" type="cond" truecount="1" falsecount="0"/>
        <line num="87" count="9096" type="cond" truecount="1" falsecount="0"/>
        <line num="88" count="2774" type="cond" truecount="1" falsecount="0"/>
        <line num="89" count="6322" type="stmt"/>
      </file>
      <file name="instances.ts" path="/home/eilara/projects/effect-tree/src/draw/part/partF/instances.ts">
        <metrics statements="106" coveredstatements="106" conditionals="32" coveredconditionals="32" methods="11" coveredmethods="11"/>
        <line num="1" count="1" type="stmt"/>
        <line num="6" count="1" type="stmt"/>
        <line num="7" count="1" type="stmt"/>
        <line num="8" count="1" type="stmt"/>
        <line num="9" count="1" type="stmt"/>
        <line num="10" count="1" type="stmt"/>
        <line num="25" count="1" type="stmt"/>
        <line num="26" count="1" type="stmt"/>
        <line num="27" count="1" type="cond" truecount="1" falsecount="0"/>
        <line num="28" count="5265" type="stmt"/>
        <line num="29" count="5265" type="stmt"/>
        <line num="30" count="5265" type="stmt"/>
        <line num="31" count="5265" type="stmt"/>
        <line num="32" count="5265" type="cond" truecount="1" falsecount="0"/>
        <line num="33" count="5265" type="cond" truecount="1" falsecount="0"/>
        <line num="34" count="929" type="stmt"/>
        <line num="35" count="929" type="stmt"/>
        <line num="36" count="929" type="stmt"/>
        <line num="37" count="929" type="stmt"/>
        <line num="38" count="5265" type="cond" truecount="1" falsecount="0"/>
        <line num="39" count="2129" type="stmt"/>
        <line num="40" count="2129" type="stmt"/>
        <line num="41" count="2129" type="stmt"/>
        <line num="42" count="2129" type="stmt"/>
        <line num="43" count="5265" type="stmt"/>
        <line num="44" count="5265" type="stmt"/>
        <line num="45" count="1" type="stmt"/>
        <line num="47" count="1" type="stmt"/>
        <line num="49" count="1" type="cond" truecount="1" falsecount="0"/>
        <line num="52" count="136" type="stmt"/>
        <line num="54" count="136" type="stmt"/>
        <line num="55" count="136" type="stmt"/>
        <line num="56" count="136" type="cond" truecount="1" falsecount="0"/>
        <line num="57" count="5003" type="stmt"/>
        <line num="58" count="5003" type="stmt"/>
        <line num="59" count="5003" type="stmt"/>
        <line num="60" count="136" type="stmt"/>
        <line num="63" count="1" type="stmt"/>
        <line num="66" count="1" type="stmt"/>
        <line num="73" count="1" type="cond" truecount="1" falsecount="0"/>
        <line num="74" count="20" type="stmt"/>
        <line num="75" count="20" type="stmt"/>
        <line num="76" count="20" type="stmt"/>
        <line num="77" count="20" type="stmt"/>
        <line num="78" count="20" type="stmt"/>
        <line num="79" count="20" type="stmt"/>
        <line num="81" count="20" type="cond" truecount="1" falsecount="0"/>
        <line num="82" count="292" type="stmt"/>
        <line num="83" count="292" type="stmt"/>
        <line num="84" count="292" type="stmt"/>
        <line num="85" count="292" type="stmt"/>
        <line num="86" count="292" type="cond" truecount="2" falsecount="0"/>
        <line num="87" count="292" type="cond" truecount="2" falsecount="0"/>
        <line num="88" count="292" type="cond" truecount="2" falsecount="0"/>
        <line num="89" count="292" type="stmt"/>
        <line num="90" count="292" type="stmt"/>
        <line num="91" count="20" type="stmt"/>
        <line num="93" count="1" type="stmt"/>
        <line num="94" count="1" type="cond" truecount="1" falsecount="0"/>
        <line num="95" count="20" type="cond" truecount="1" falsecount="0"/>
        <line num="96" count="43" type="cond" truecount="1" falsecount="0"/>
        <line num="97" count="38" type="stmt"/>
        <line num="98" count="1" type="stmt"/>
        <line num="99" count="1" type="cond" truecount="1" falsecount="0"/>
        <line num="100" count="20" type="cond" truecount="1" falsecount="0"/>
        <line num="101" count="70" type="cond" truecount="1" falsecount="0"/>
        <line num="102" count="60" type="stmt"/>
        <line num="104" count="1" type="cond" truecount="1" falsecount="0"/>
        <line num="105" count="141" type="stmt"/>
        <line num="107" count="1" type="cond" truecount="1" falsecount="0"/>
        <line num="108" count="163" type="stmt"/>
        <line num="109" count="163" type="stmt"/>
        <line num="111" count="163" type="cond" truecount="1" falsecount="0"/>
        <line num="113" count="1" type="cond" truecount="1" falsecount="0"/>
        <line num="114" count="68" type="stmt"/>
        <line num="115" count="68" type="stmt"/>
        <line num="117" count="68" type="cond" truecount="1" falsecount="0"/>
        <line num="118" count="53" type="cond" truecount="1" falsecount="0"/>
        <line num="119" count="53" type="stmt"/>
        <line num="121" count="1" type="stmt"/>
        <line num="122" count="1" type="cond" truecount="1" falsecount="0"/>
        <line num="123" count="5003" type="cond" truecount="1" falsecount="0"/>
        <line num="124" count="5003" type="stmt"/>
        <line num="125" count="5003" type="stmt"/>
        <line num="129" count="5003" type="stmt"/>
        <line num="130" count="5003" type="stmt"/>
        <line num="132" count="5003" type="stmt"/>
        <line num="133" count="5003" type="stmt"/>
        <line num="134" count="5003" type="stmt"/>
        <line num="135" count="5003" type="stmt"/>
        <line num="136" count="5003" type="stmt"/>
        <line num="137" count="5003" type="cond" truecount="1" falsecount="0"/>
        <line num="138" count="880" type="stmt"/>
        <line num="139" count="880" type="stmt"/>
        <line num="140" count="880" type="stmt"/>
        <line num="141" count="880" type="cond" truecount="1" falsecount="0"/>
        <line num="142" count="880" type="stmt"/>
        <line num="143" count="5003" type="cond" truecount="1" falsecount="0"/>
        <line num="144" count="2054" type="stmt"/>
        <line num="145" count="2054" type="stmt"/>
        <line num="146" count="2054" type="stmt"/>
        <line num="147" count="2054" type="cond" truecount="1" falsecount="0"/>
        <line num="148" count="2054" type="stmt"/>
        <line num="149" count="5003" type="stmt"/>
        <line num="150" count="5003" type="stmt"/>
        <line num="151" count="5003" type="stmt"/>
      </file>
    </package>
    <package name="draw.theme">
      <metrics statements="258" coveredstatements="258" conditionals="43" coveredconditionals="43" methods="16" coveredmethods="16"/>
      <file name="get.ts" path="/home/eilara/projects/effect-tree/src/draw/theme/get.ts">
        <metrics statements="34" coveredstatements="34" conditionals="11" coveredconditionals="11" methods="2" coveredmethods="2"/>
        <line num="1" count="1" type="stmt"/>
        <line num="2" count="1" type="stmt"/>
        <line num="3" count="1" type="stmt"/>
        <line num="4" count="1" type="stmt"/>
        <line num="5" count="1" type="stmt"/>
        <line num="15" count="1" type="cond" truecount="1" falsecount="0"/>
        <line num="16" count="1" type="stmt"/>
        <line num="17" count="1" type="stmt"/>
        <line num="18" count="1" type="stmt"/>
        <line num="19" count="1" type="stmt"/>
        <line num="20" count="1" type="cond" truecount="1" falsecount="0"/>
[...]
        <line num="110" count="1" type="cond" truecount="1" falsecount="0"/>
        <line num="111" count="1" type="stmt"/>
        <line num="112" count="1" type="stmt"/>
        <line num="113" count="1" type="cond" truecount="1" falsecount="0"/>
        <line num="114" count="82" type="cond" truecount="1" falsecount="0"/>
        <line num="115" count="2" type="stmt"/>
        <line num="116" count="1" type="stmt"/>
        <line num="117" count="1" type="stmt"/>
        <line num="123" count="1" type="stmt"/>
        <line num="129" count="1" type="stmt"/>
      </file>
      <file name="index.ts" path="/home/eilara/projects/effect-tree/src/tree/index.ts">
        <metrics statements="150" coveredstatements="150" conditionals="56" coveredconditionals="56" methods="27" coveredmethods="27"/>
        <line num="1" count="1" type="stmt"/>
        <line num="12" count="1" type="stmt"/>
        <line num="13" count="1" type="stmt"/>
        <line num="14" count="1" type="stmt"/>
        <line num="15" count="1" type="stmt"/>
        <line num="18" count="1" type="stmt"/>
        <line num="21" count="1" type="stmt"/>
        <line num="27" count="1" type="stmt"/>
        <line num="35" count="1" type="stmt"/>
        <line num="46" count="1" type="stmt"/>
        <line num="58" count="1" type="stmt"/>
        <line num="62" count="1" type="stmt"/>
        <line num="63" count="1" type="cond" truecount="1" falsecount="0"/>
        <line num="64" count="40553" type="stmt"/>
        <line num="65" count="1" type="stmt"/>
        <line num="66" count="1" type="stmt"/>
        <line num="67" count="1" type="stmt"/>
        <line num="68" count="1" type="cond" truecount="1" falsecount="0"/>
        <line num="69" count="3844" type="cond" truecount="1" falsecount="0"/>
        <line num="70" count="3844" type="stmt"/>
        <line num="71" count="1" type="stmt"/>
        <line num="72" count="1" type="stmt"/>
        <line num="84" count="1" type="stmt"/>
        <line num="87" count="1" type="stmt"/>
        <line num="88" count="1" type="stmt"/>
        <line num="89" count="1" type="cond" truecount="1" falsecount="0"/>
        <line num="90" count="39047" type="cond" truecount="2" falsecount="0"/>
        <line num="91" count="1" type="stmt"/>
        <line num="97" count="1" type="stmt"/>
        <line num="98" count="1" type="cond" truecount="1" falsecount="0"/>
        <line num="99" count="69" type="cond" truecount="1" falsecount="0"/>
        <line num="100" count="68" type="stmt"/>
        <line num="106" count="1" type="stmt"/>
        <line num="109" count="1" type="stmt"/>
        <line num="110" count="1" type="stmt"/>
        <line num="111" count="1" type="cond" truecount="1" falsecount="0"/>
        <line num="112" count="1" type="stmt"/>
        <line num="115" count="1" type="cond" truecount="1" falsecount="0"/>
        <line num="124" count="1" type="cond" truecount="1" falsecount="0"/>
        <line num="125" count="71484" type="stmt"/>
        <line num="134" count="1" type="cond" truecount="1" falsecount="0"/>
        <line num="140" count="1" type="stmt"/>
        <line num="141" count="1" type="cond" truecount="1" falsecount="0"/>
        <line num="142" count="65336" type="cond" truecount="1" falsecount="0"/>
        <line num="143" count="71220" type="cond" truecount="1" falsecount="0"/>
        <line num="144" count="34197" type="cond" truecount="1" falsecount="0"/>
        <line num="145" count="37023" type="stmt"/>
        <line num="154" count="1" type="stmt"/>
        <line num="155" count="1" type="cond" truecount="1" falsecount="0"/>
        <line num="156" count="1" type="cond" truecount="1" falsecount="0"/>
        <line num="157" count="1" type="stmt"/>
        <line num="166" count="1" type="stmt"/>
        <line num="175" count="1" type="stmt"/>
        <line num="176" count="1" type="stmt"/>
        <line num="177" count="1" type="stmt"/>
        <line num="178" count="1" type="stmt"/>
        <line num="189" count="1" type="cond" truecount="1" falsecount="0"/>
        <line num="190" count="23" type="stmt"/>
        <line num="191" count="23" type="stmt"/>
        <line num="192" count="23" type="stmt"/>
        <line num="193" count="23" type="cond" truecount="1" falsecount="0"/>
        <line num="194" count="23" type="cond" truecount="1" falsecount="0"/>
        <line num="195" count="23" type="stmt"/>
        <line num="196" count="23" type="stmt"/>
        <line num="205" count="1" type="cond" truecount="1" falsecount="0"/>
        <line num="206" count="15200" type="stmt"/>
        <line num="207" count="15200" type="stmt"/>
        <line num="208" count="15200" type="stmt"/>
        <line num="209" count="15200" type="stmt"/>
        <line num="210" count="15200" type="stmt"/>
        <line num="211" count="15200" type="stmt"/>
        <line num="212" count="15200" type="stmt"/>
        <line num="222" count="1" type="stmt"/>
        <line num="225" count="1" type="stmt"/>
        <line num="226" count="1" type="stmt"/>
        <line num="227" count="1" type="cond" truecount="1" falsecount="0"/>
        <line num="228" count="3" type="stmt"/>
        <line num="229" count="3" type="stmt"/>
        <line num="230" count="3" type="stmt"/>
        <line num="231" count="3" type="cond" truecount="1" falsecount="0"/>
        <line num="232" count="3" type="cond" truecount="1" falsecount="0"/>
        <line num="233" count="3" type="stmt"/>
        <line num="234" count="3" type="stmt"/>
        <line num="235" count="3" type="stmt"/>
        <line num="236" count="1" type="stmt"/>
        <line num="238" count="1" type="cond" truecount="1" falsecount="0"/>
        <line num="239" count="26" type="stmt"/>
        <line num="249" count="1" type="stmt"/>
        <line num="253" count="1" type="stmt"/>
        <line num="254" count="1" type="stmt"/>
        <line num="255" count="1" type="cond" truecount="1" falsecount="0"/>
        <line num="256" count="1" type="cond" truecount="1" falsecount="0"/>
        <line num="257" count="1" type="stmt"/>
        <line num="258" count="1" type="stmt"/>
        <line num="266" count="1" type="stmt"/>
        <line num="267" count="1" type="cond" truecount="1" falsecount="0"/>
        <line num="268" count="2" type="cond" truecount="1" falsecount="0"/>
        <line num="269" count="2" type="cond" truecount="2" falsecount="0"/>
        <line num="276" count="1" type="stmt"/>
        <line num="277" count="1" type="cond" truecount="1" falsecount="0"/>
        <line num="278" count="1" type="cond" truecount="1" falsecount="0"/>
        <line num="279" count="1" type="stmt"/>
        <line num="287" count="1" type="stmt"/>
        <line num="288" count="1" type="cond" truecount="1" falsecount="0"/>
        <line num="289" count="11" type="cond" truecount="1" falsecount="0"/>
        <line num="290" count="11" type="stmt"/>
        <line num="297" count="1" type="stmt"/>
        <line num="298" count="1" type="cond" truecount="1" falsecount="0"/>
        <line num="299" count="21" type="cond" truecount="1" falsecount="0"/>
        <line num="300" count="21" type="stmt"/>
        <line num="308" count="1" type="cond" truecount="1" falsecount="0"/>
        <line num="309" count="19" type="stmt"/>
        <line num="317" count="1" type="cond" truecount="1" falsecount="0"/>
        <line num="318" count="1" type="stmt"/>
        <line num="320" count="1" type="cond" truecount="1" falsecount="0"/>
        <line num="321" count="21" type="stmt"/>
        <line num="322" count="21" type="stmt"/>
        <line num="323" count="21" type="stmt"/>
        <line num="324" count="21" type="stmt"/>
        <line num="325" count="21" type="cond" truecount="3" falsecount="0"/>
        <line num="326" count="21" type="stmt"/>
        <line num="327" count="21" type="stmt"/>
        <line num="342" count="1" type="stmt"/>
        <line num="346" count="1" type="stmt"/>
        <line num="347" count="1" type="cond" truecount="1" falsecount="0"/>
        <line num="348" count="1" type="stmt"/>
        <line num="349" count="1" type="stmt"/>
        <line num="350" count="1" type="cond" truecount="1" falsecount="0"/>
        <line num="351" count="1" type="cond" truecount="1" falsecount="0"/>
        <line num="352" count="1" type="stmt"/>
        <line num="353" count="1" type="stmt"/>
        <line num="354" count="1" type="stmt"/>
        <line num="356" count="1" type="cond" truecount="1" falsecount="0"/>
        <line num="357" count="12" type="stmt"/>
        <line num="358" count="12" type="cond" truecount="2" falsecount="0"/>
        <line num="360" count="11" type="stmt"/>
        <line num="361" count="12" type="cond" truecount="2" falsecount="0"/>
        <line num="363" count="7" type="stmt"/>
        <line num="364" count="7" type="stmt"/>
        <line num="365" count="7" type="cond" truecount="1" falsecount="0"/>
        <line num="366" count="7" type="cond" truecount="1" falsecount="0"/>
        <line num="368" count="5" type="stmt"/>
        <line num="369" count="5" type="stmt"/>
        <line num="386" count="1" type="stmt"/>
        <line num="390" count="1" type="stmt"/>
        <line num="391" count="1" type="stmt"/>
        <line num="392" count="1" type="cond" truecount="1" falsecount="0"/>
        <line num="393" count="1" type="cond" truecount="1" falsecount="0"/>
        <line num="394" count="1" type="stmt"/>
        <line num="395" count="1" type="stmt"/>
      </file>
    </package>
    <package name="treeF">
      <metrics statements="174" coveredstatements="174" conditionals="45" coveredconditionals="45" methods="25" coveredmethods="25"/>
      <file name="index.ts" path="/home/eilara/projects/effect-tree/src/treeF/index.ts">
        <metrics statements="95" coveredstatements="95" conditionals="29" coveredconditionals="29" methods="16" coveredmethods="16"/>
        <line num="1" count="1" type="stmt"/>
        <line num="2" count="1" type="stmt"/>
        <line num="13" count="1" type="cond" truecount="1" falsecount="0"/>
        <line num="22" count="1" type="stmt"/>
        <line num="26" count="1" type="stmt"/>
        <line num="27" count="1" type="stmt"/>
        <line num="28" count="1" type="stmt"/>
        <line num="29" count="1" type="cond" truecount="1" falsecount="0"/>
        <line num="30" count="90627" type="stmt"/>
        <line num="31" count="90627" type="stmt"/>
        <line num="32" count="90627" type="stmt"/>
        <line num="33" count="1" type="stmt"/>
        <line num="34" count="1" type="stmt"/>
        <line num="36" count="1" type="cond" truecount="1" falsecount="0"/>
        <line num="39" count="1" type="stmt"/>
        <line num="40" count="1" type="stmt"/>
        <line num="41" count="1" type="stmt"/>
        <line num="51" count="1" type="stmt"/>
        <line num="58" count="1" type="stmt"/>
        <line num="59" count="1" type="stmt"/>
        <line num="60" count="1" type="stmt"/>
        <line num="61" count="1" type="cond" truecount="1" falsecount="0"/>
        <line num="62" count="29538" type="cond" truecount="1" falsecount="0"/>
        <line num="63" count="29488" type="cond" truecount="1" falsecount="0"/>
        <line num="64" count="50" type="stmt"/>
        <line num="65" count="1" type="stmt"/>
        <line num="66" count="1" type="stmt"/>
        <line num="67" count="1" type="stmt"/>
        <line num="68" count="1" type="stmt"/>
        <line num="69" count="1" type="cond" truecount="1" falsecount="0"/>
        <line num="70" count="1102" type="stmt"/>
        <line num="71" count="1" type="stmt"/>
        <line num="72" count="1" type="stmt"/>
        <line num="73" count="1" type="stmt"/>
        <line num="82" count="1" type="stmt"/>
        <line num="85" count="1" type="stmt"/>
        <line num="86" count="1" type="stmt"/>
        <line num="87" count="1" type="stmt"/>
        <line num="88" count="1" type="stmt"/>
        <line num="97" count="1" type="cond" truecount="1" falsecount="0"/>
        <line num="98" count="162397" type="stmt"/>
        <line num="107" count="1" type="cond" truecount="1" falsecount="0"/>
        <line num="108" count="90913" type="stmt"/>
        <line num="118" count="1" type="stmt"/>
        <line num="119" count="1" type="cond" truecount="1" falsecount="0"/>
        <line num="120" count="69301" type="cond" truecount="1" falsecount="0"/>
        <line num="121" count="90859" type="cond" truecount="2" falsecount="0"/>
        <line num="132" count="1" type="cond" truecount="1" falsecount="0"/>
        <line num="133" count="64" type="stmt"/>
        <line num="134" count="64" type="stmt"/>
        <line num="135" count="64" type="stmt"/>
        <line num="136" count="64" type="stmt"/>
        <line num="137" count="64" type="cond" truecount="1" falsecount="0"/>
        <line num="138" count="64" type="stmt"/>
        <line num="139" count="64" type="stmt"/>
        <line num="149" count="1" type="stmt"/>
        <line num="150" count="1" type="cond" truecount="1" falsecount="0"/>
        <line num="151" count="1" type="cond" truecount="1" falsecount="0"/>
        <line num="152" count="1" type="stmt"/>
        <line num="162" count="1" type="cond" truecount="1" falsecount="0"/>
        <line num="172" count="1" type="cond" truecount="1" falsecount="0"/>
        <line num="173" count="31" type="cond" truecount="2" falsecount="0"/>
        <line num="183" count="1" type="cond" truecount="1" falsecount="0"/>
        <line num="184" count="34387" type="stmt"/>
        <line num="185" count="34387" type="stmt"/>
        <line num="196" count="1" type="stmt"/>
        <line num="199" count="1" type="stmt"/>
        <line num="200" count="1" type="stmt"/>
        <line num="201" count="1" type="cond" truecount="1" falsecount="0"/>
        <line num="202" count="1797" type="stmt"/>
        <line num="203" count="1797" type="stmt"/>
        <line num="205" count="1797" type="stmt"/>
        <line num="206" count="1797" type="cond" truecount="1" falsecount="0"/>
        <line num="207" count="1797" type="cond" truecount="1" falsecount="0"/>
        <line num="208" count="1797" type="stmt"/>
        <line num="209" count="1797" type="stmt"/>
        <line num="210" count="1" type="stmt"/>
        <line num="221" count="1" type="stmt"/>
        <line num="224" count="1" type="stmt"/>
        <line num="225" count="1" type="stmt"/>
        <line num="226" count="1" type="cond" truecount="1" falsecount="0"/>
        <line num="227" count="2" type="stmt"/>
        <line num="228" count="2" type="stmt"/>
        <line num="229" count="2" type="stmt"/>
        <line num="230" count="2" type="cond" truecount="1" falsecount="0"/>
        <line num="231" count="2" type="cond" truecount="1" falsecount="0"/>
        <line num="232" count="2" type="stmt"/>
        <line num="233" count="2" type="stmt"/>
        <line num="234" count="1" type="stmt"/>
        <line num="247" count="1" type="stmt"/>
        <line num="250" count="1" type="stmt"/>
        <line num="251" count="1" type="stmt"/>
        <line num="252" count="1" type="cond" truecount="1" falsecount="0"/>
        <line num="253" count="1797" type="stmt"/>
        <line num="254" count="1" type="stmt"/>
      </file>
      <file name="instances.ts" path="/home/eilara/projects/effect-tree/src/treeF/instances.ts">
        <metrics statements="79" coveredstatements="79" conditionals="16" coveredconditionals="16" methods="9" coveredmethods="9"/>
        <line num="1" count="1" type="stmt"/>
        <line num="8" count="1" type="stmt"/>
        <line num="9" count="1" type="stmt"/>
        <line num="11" count="1" type="stmt"/>
        <line num="14" count="1" type="stmt"/>
        <line num="15" count="1" type="stmt"/>
        <line num="16" count="1" type="cond" truecount="1" falsecount="0"/>
        <line num="17" count="943" type="stmt"/>
        <line num="18" count="943" type="stmt"/>
        <line num="19" count="943" type="stmt"/>
        <line num="20" count="943" type="stmt"/>
        <line num="21" count="943" type="cond" truecount="1" falsecount="0"/>
        <line num="22" count="943" type="stmt"/>
        <line num="23" count="943" type="stmt"/>
        <line num="24" count="1" type="stmt"/>
        <line num="26" count="1" type="stmt"/>
        <line num="28" count="1" type="stmt"/>
        <line num="29" count="1" type="stmt"/>
        <line num="30" count="1" type="cond" truecount="1" falsecount="0"/>
        <line num="31" count="99" type="stmt"/>
        <line num="32" count="99" type="stmt"/>
        <line num="34" count="99" type="stmt"/>
        <line num="35" count="1" type="stmt"/>
        <line num="37" count="1" type="cond" truecount="1" falsecount="0"/>
        <line num="40" count="5346" type="stmt"/>
        <line num="42" count="5346" type="stmt"/>
        <line num="43" count="5346" type="stmt"/>
        <line num="44" count="5346" type="cond" truecount="1" falsecount="0"/>
        <line num="45" count="37601" type="stmt"/>
        <line num="46" count="37601" type="stmt"/>
        <line num="48" count="37601" type="stmt"/>
        <line num="49" count="37601" type="stmt"/>
        <line num="50" count="37601" type="stmt"/>
        <line num="51" count="37601" type="stmt"/>
        <line num="52" count="37601" type="cond" truecount="1" falsecount="0"/>
        <line num="53" count="37601" type="stmt"/>
        <line num="54" count="37601" type="stmt"/>
        <line num="55" count="5346" type="stmt"/>
        <line num="61" count="1" type="stmt"/>
        <line num="67" count="1" type="stmt"/>
        <line num="73" count="1" type="stmt"/>
        <line num="81" count="1" type="stmt"/>
        <line num="82" count="1" type="cond" truecount="1" falsecount="0"/>
        <line num="83" count="1" type="cond" truecount="1" falsecount="0"/>
        <line num="84" count="23" type="stmt"/>
        <line num="86" count="23" type="cond" truecount="1" falsecount="0"/>
        <line num="87" count="5961" type="stmt"/>
        <line num="88" count="5961" type="stmt"/>
        <line num="89" count="5961" type="stmt"/>
        <line num="90" count="5961" type="cond" truecount="1" falsecount="0"/>
        <line num="91" count="145" type="stmt"/>
        <line num="92" count="145" type="stmt"/>
        <line num="93" count="145" type="stmt"/>
        <line num="94" count="145" type="cond" truecount="1" falsecount="0"/>
        <line num="95" count="145" type="stmt"/>
        <line num="96" count="145" type="stmt"/>
        <line num="97" count="145" type="stmt"/>
        <line num="98" count="5961" type="cond" truecount="1" falsecount="0"/>
        <line num="99" count="5816" type="stmt"/>
        <line num="100" count="5816" type="stmt"/>
        <line num="101" count="5816" type="stmt"/>
        <line num="102" count="5816" type="stmt"/>
        <line num="103" count="5816" type="cond" truecount="1" falsecount="0"/>
        <line num="104" count="5792" type="cond" truecount="1" falsecount="0"/>
        <line num="105" count="5775" type="stmt"/>
        <line num="106" count="5816" type="stmt"/>
        <line num="107" count="5816" type="stmt"/>
        <line num="108" count="5961" type="stmt"/>
        <line num="109" count="5961" type="stmt"/>
        <line num="111" count="1" type="stmt"/>
        <line num="112" count="1" type="cond" truecount="1" falsecount="0"/>
        <line num="113" count="16863" type="cond" truecount="1" falsecount="0"/>
        <line num="114" count="16863" type="stmt"/>
        <line num="115" count="16863" type="stmt"/>
        <line num="117" count="16863" type="stmt"/>
        <line num="118" count="16863" type="stmt"/>
        <line num="119" count="16863" type="stmt"/>
        <line num="120" count="16863" type="stmt"/>
        <line num="121" count="16863" type="stmt"/>
      </file>
    </package>
  </project>
</coverage>
