{"/home/eilara/projects/effect-tree/src/codec/Isomorphism.ts": {"path":"/home/eilara/projects/effect-tree/src/codec/Isomorphism.ts","all":false,"statementMap":{"0":{"start":{"line":1,"column":0},"end":{"line":1,"column":44}},"1":{"start":{"line":2,"column":0},"end":{"line":2,"column":27}},"2":{"start":{"line":3,"column":0},"end":{"line":3,"column":51}},"5":{"start":{"line":6,"column":0},"end":{"line":6,"column":8}},"10":{"start":{"line":11,"column":0},"end":{"line":11,"column":8}},"14":{"start":{"line":15,"column":0},"end":{"line":15,"column":71}},"15":{"start":{"line":16,"column":0},"end":{"line":16,"column":74}},"21":{"start":{"line":22,"column":0},"end":{"line":22,"column":79}},"22":{"start":{"line":23,"column":0},"end":{"line":23,"column":18}},"23":{"start":{"line":24,"column":0},"end":{"line":24,"column":20}},"24":{"start":{"line":25,"column":0},"end":{"line":25,"column":2}},"27":{"start":{"line":28,"column":0},"end":{"line":28,"column":37}},"28":{"start":{"line":29,"column":0},"end":{"line":29,"column":24}},"29":{"start":{"line":30,"column":0},"end":{"line":30,"column":52}},"30":{"start":{"line":31,"column":0},"end":{"line":31,"column":18}},"31":{"start":{"line":32,"column":0},"end":{"line":32,"column":27}},"32":{"start":{"line":33,"column":0},"end":{"line":33,"column":2}},"35":{"start":{"line":36,"column":0},"end":{"line":36,"column":71}},"36":{"start":{"line":37,"column":0},"end":{"line":37,"column":33}},"37":{"start":{"line":38,"column":0},"end":{"line":38,"column":21}},"38":{"start":{"line":39,"column":0},"end":{"line":39,"column":1}},"41":{"start":{"line":42,"column":0},"end":{"line":42,"column":36}},"42":{"start":{"line":43,"column":0},"end":{"line":43,"column":17}},"43":{"start":{"line":44,"column":0},"end":{"line":44,"column":55}},"44":{"start":{"line":45,"column":0},"end":{"line":45,"column":39}},"45":{"start":{"line":46,"column":0},"end":{"line":46,"column":23}},"46":{"start":{"line":47,"column":0},"end":{"line":47,"column":2}}},"s":{"0":1,"1":1,"2":1,"5":1,"10":1,"14":1,"15":1,"21":1,"22":2,"23":2,"24":2,"27":1,"28":2,"29":2,"30":2,"31":2,"32":2,"35":1,"36":1,"37":1,"38":1,"41":1,"42":2,"43":2,"44":2,"45":2,"46":2},"branchMap":{"0":{"type":"branch","line":22,"loc":{"start":{"line":22,"column":35},"end":{"line":25,"column":2}},"locations":[{"start":{"line":22,"column":35},"end":{"line":25,"column":2}}]},"1":{"type":"branch","line":28,"loc":{"start":{"line":28,"column":33},"end":{"line":33,"column":2}},"locations":[{"start":{"line":28,"column":33},"end":{"line":33,"column":2}}]},"2":{"type":"branch","line":42,"loc":{"start":{"line":42,"column":35},"end":{"line":47,"column":2}},"locations":[{"start":{"line":42,"column":35},"end":{"line":47,"column":2}}]}},"b":{"0":[2],"1":[2],"2":[2]},"fnMap":{"0":{"name":"EdgeListIsomorphism","decl":{"start":{"line":22,"column":35},"end":{"line":25,"column":2}},"loc":{"start":{"line":22,"column":35},"end":{"line":25,"column":2}},"line":22},"1":{"name":"ArraysIsomorphism","decl":{"start":{"line":28,"column":33},"end":{"line":33,"column":2}},"loc":{"start":{"line":28,"column":33},"end":{"line":33,"column":2}},"line":28},"2":{"name":"IndentedIsomorphism","decl":{"start":{"line":42,"column":35},"end":{"line":47,"column":2}},"loc":{"start":{"line":42,"column":35},"end":{"line":47,"column":2}},"line":42}},"f":{"0":2,"1":2,"2":2}}
,"/home/eilara/projects/effect-tree/src/codec/arrays/decode.ts": {"path":"/home/eilara/projects/effect-tree/src/codec/arrays/decode.ts","all":false,"statementMap":{"1":{"start":{"line":2,"column":0},"end":{"line":2,"column":29}},"2":{"start":{"line":3,"column":0},"end":{"line":3,"column":31}},"3":{"start":{"line":4,"column":0},"end":{"line":4,"column":28}},"6":{"start":{"line":7,"column":0},"end":{"line":7,"column":67}},"7":{"start":{"line":8,"column":0},"end":{"line":8,"column":55}},"10":{"start":{"line":11,"column":0},"end":{"line":11,"column":77}}},"s":{"1":1,"2":1,"3":1,"6":1,"7":12,"10":1},"branchMap":{"0":{"type":"branch","line":7,"loc":{"start":{"line":7,"column":28},"end":{"line":8,"column":55}},"locations":[{"start":{"line":7,"column":28},"end":{"line":8,"column":55}}]},"1":{"type":"branch","line":8,"loc":{"start":{"line":8,"column":17},"end":{"line":8,"column":41}},"locations":[{"start":{"line":8,"column":17},"end":{"line":8,"column":41}}]},"2":{"type":"branch","line":8,"loc":{"start":{"line":8,"column":37},"end":{"line":8,"column":55}},"locations":[{"start":{"line":8,"column":37},"end":{"line":8,"column":55}}]}},"b":{"0":[12],"1":[4],"2":[8]},"fnMap":{"0":{"name":"decodeUnfold","decl":{"start":{"line":7,"column":28},"end":{"line":8,"column":55}},"loc":{"start":{"line":7,"column":28},"end":{"line":8,"column":55}},"line":7}},"f":{"0":12}}
,"/home/eilara/projects/effect-tree/src/codec/arrays/encode.ts": {"path":"/home/eilara/projects/effect-tree/src/codec/arrays/encode.ts","all":false,"statementMap":{"1":{"start":{"line":2,"column":0},"end":{"line":2,"column":30}},"2":{"start":{"line":3,"column":0},"end":{"line":3,"column":31}},"3":{"start":{"line":4,"column":0},"end":{"line":4,"column":27}},"4":{"start":{"line":5,"column":0},"end":{"line":5,"column":37}},"16":{"start":{"line":17,"column":0},"end":{"line":17,"column":66}},"17":{"start":{"line":18,"column":0},"end":{"line":18,"column":38}},"18":{"start":{"line":19,"column":0},"end":{"line":19,"column":20}},"19":{"start":{"line":20,"column":0},"end":{"line":20,"column":42}},"20":{"start":{"line":21,"column":0},"end":{"line":21,"column":71}},"27":{"start":{"line":28,"column":0},"end":{"line":28,"column":14}},"28":{"start":{"line":29,"column":0},"end":{"line":29,"column":10}},"29":{"start":{"line":30,"column":0},"end":{"line":30,"column":48}},"30":{"start":{"line":31,"column":0},"end":{"line":31,"column":23}},"31":{"start":{"line":32,"column":0},"end":{"line":32,"column":35}},"32":{"start":{"line":33,"column":0},"end":{"line":33,"column":13}},"33":{"start":{"line":34,"column":0},"end":{"line":34,"column":52}},"34":{"start":{"line":35,"column":0},"end":{"line":35,"column":8}},"35":{"start":{"line":36,"column":0},"end":{"line":36,"column":7}},"36":{"start":{"line":37,"column":0},"end":{"line":37,"column":3}},"37":{"start":{"line":38,"column":0},"end":{"line":38,"column":1}},"40":{"start":{"line":41,"column":0},"end":{"line":41,"column":75}},"41":{"start":{"line":42,"column":0},"end":{"line":42,"column":40}}},"s":{"1":1,"2":1,"3":1,"4":1,"16":1,"17":13,"18":13,"19":13,"20":13,"27":12,"28":12,"29":12,"30":12,"31":12,"32":4,"33":4,"34":4,"35":12,"36":12,"37":12,"40":1,"41":2},"branchMap":{"0":{"type":"branch","line":17,"loc":{"start":{"line":17,"column":62},"end":{"line":38,"column":1}},"locations":[{"start":{"line":17,"column":62},"end":{"line":38,"column":1}}]},"1":{"type":"branch","line":21,"loc":{"start":{"line":21,"column":4},"end":{"line":21,"column":71}},"locations":[{"start":{"line":21,"column":4},"end":{"line":21,"column":71}}]},"2":{"type":"branch","line":21,"loc":{"start":{"line":21,"column":70},"end":{"line":38,"column":1}},"locations":[{"start":{"line":21,"column":70},"end":{"line":38,"column":1}}]},"3":{"type":"branch","line":32,"loc":{"start":{"line":32,"column":16},"end":{"line":35,"column":8}},"locations":[{"start":{"line":32,"column":16},"end":{"line":35,"column":8}}]},"4":{"type":"branch","line":41,"loc":{"start":{"line":41,"column":68},"end":{"line":42,"column":40}},"locations":[{"start":{"line":41,"column":68},"end":{"line":42,"column":40}}]}},"b":{"0":[13],"1":[1],"2":[12],"3":[4],"4":[2]},"fnMap":{"0":{"name":"unsafeEncodeFold","decl":{"start":{"line":17,"column":62},"end":{"line":38,"column":1}},"loc":{"start":{"line":17,"column":62},"end":{"line":38,"column":1}},"line":17},"1":{"name":"onBranch","decl":{"start":{"line":32,"column":16},"end":{"line":35,"column":8}},"loc":{"start":{"line":32,"column":16},"end":{"line":35,"column":8}},"line":32},"2":{"name":"encode","decl":{"start":{"line":41,"column":68},"end":{"line":42,"column":40}},"loc":{"start":{"line":41,"column":68},"end":{"line":42,"column":40}},"line":41}},"f":{"0":13,"1":4,"2":2}}
,"/home/eilara/projects/effect-tree/src/codec/edges/decode.ts": {"path":"/home/eilara/projects/effect-tree/src/codec/edges/decode.ts","all":false,"statementMap":{"0":{"start":{"line":1,"column":0},"end":{"line":1,"column":62}},"1":{"start":{"line":2,"column":0},"end":{"line":2,"column":31}},"2":{"start":{"line":3,"column":0},"end":{"line":3,"column":40}},"3":{"start":{"line":4,"column":0},"end":{"line":4,"column":37}},"4":{"start":{"line":5,"column":0},"end":{"line":5,"column":51}},"7":{"start":{"line":8,"column":0},"end":{"line":8,"column":70}},"8":{"start":{"line":9,"column":0},"end":{"line":9,"column":46}},"9":{"start":{"line":10,"column":0},"end":{"line":10,"column":14}},"10":{"start":{"line":11,"column":0},"end":{"line":11,"column":13}},"11":{"start":{"line":12,"column":0},"end":{"line":12,"column":17}},"12":{"start":{"line":13,"column":0},"end":{"line":13,"column":39}},"13":{"start":{"line":14,"column":0},"end":{"line":14,"column":74}},"14":{"start":{"line":15,"column":0},"end":{"line":15,"column":7}},"15":{"start":{"line":16,"column":0},"end":{"line":16,"column":3}},"16":{"start":{"line":17,"column":0},"end":{"line":17,"column":1}},"19":{"start":{"line":20,"column":0},"end":{"line":20,"column":48}},"20":{"start":{"line":21,"column":0},"end":{"line":21,"column":47}},"23":{"start":{"line":24,"column":0},"end":{"line":24,"column":65}},"24":{"start":{"line":25,"column":0},"end":{"line":25,"column":15}},"25":{"start":{"line":26,"column":0},"end":{"line":26,"column":12}},"26":{"start":{"line":27,"column":0},"end":{"line":27,"column":1}}},"s":{"0":1,"1":1,"2":1,"3":1,"4":1,"7":1,"8":2102,"9":2102,"10":2102,"11":2102,"12":2102,"13":2102,"14":2102,"15":2102,"16":2102,"19":1,"20":440,"23":1,"24":1,"25":1,"26":1},"branchMap":{"0":{"type":"branch","line":8,"loc":{"start":{"line":8,"column":62},"end":{"line":17,"column":1}},"locations":[{"start":{"line":8,"column":62},"end":{"line":17,"column":1}}]},"1":{"type":"branch","line":13,"loc":{"start":{"line":13,"column":15},"end":{"line":13,"column":39}},"locations":[{"start":{"line":13,"column":15},"end":{"line":13,"column":39}}]},"2":{"type":"branch","line":14,"loc":{"start":{"line":14,"column":18},"end":{"line":14,"column":74}},"locations":[{"start":{"line":14,"column":18},"end":{"line":14,"column":74}}]},"3":{"type":"branch","line":20,"loc":{"start":{"line":20,"column":25},"end":{"line":21,"column":47}},"locations":[{"start":{"line":20,"column":25},"end":{"line":21,"column":47}}]}},"b":{"0":[2102],"1":[1088],"2":[1014],"3":[440]},"fnMap":{"0":{"name":"decodeUnfold","decl":{"start":{"line":8,"column":62},"end":{"line":17,"column":1}},"loc":{"start":{"line":8,"column":62},"end":{"line":17,"column":1}},"line":8},"1":{"name":"onEmpty","decl":{"start":{"line":13,"column":15},"end":{"line":13,"column":39}},"loc":{"start":{"line":13,"column":15},"end":{"line":13,"column":39}},"line":13},"2":{"name":"onNonEmpty","decl":{"start":{"line":14,"column":18},"end":{"line":14,"column":74}},"loc":{"start":{"line":14,"column":18},"end":{"line":14,"column":74}},"line":14},"3":{"name":"decodeMap","decl":{"start":{"line":20,"column":25},"end":{"line":21,"column":47}},"loc":{"start":{"line":20,"column":25},"end":{"line":21,"column":47}},"line":20}},"f":{"0":2102,"1":1088,"2":1014,"3":440}}
,"/home/eilara/projects/effect-tree/src/codec/edges/encode.ts": {"path":"/home/eilara/projects/effect-tree/src/codec/edges/encode.ts","all":false,"statementMap":{"0":{"start":{"line":1,"column":0},"end":{"line":1,"column":59}},"1":{"start":{"line":2,"column":0},"end":{"line":2,"column":31}},"2":{"start":{"line":3,"column":0},"end":{"line":3,"column":40}},"3":{"start":{"line":4,"column":0},"end":{"line":4,"column":37}},"4":{"start":{"line":5,"column":0},"end":{"line":5,"column":48}},"8":{"start":{"line":9,"column":0},"end":{"line":9,"column":72}},"9":{"start":{"line":10,"column":0},"end":{"line":10,"column":39}},"10":{"start":{"line":11,"column":0},"end":{"line":11,"column":29}},"11":{"start":{"line":12,"column":0},"end":{"line":12,"column":9}},"12":{"start":{"line":13,"column":0},"end":{"line":13,"column":13}},"13":{"start":{"line":14,"column":0},"end":{"line":14,"column":63}},"14":{"start":{"line":15,"column":0},"end":{"line":15,"column":40}},"15":{"start":{"line":16,"column":0},"end":{"line":16,"column":6}},"16":{"start":{"line":17,"column":0},"end":{"line":17,"column":2}},"19":{"start":{"line":20,"column":0},"end":{"line":20,"column":77}},"22":{"start":{"line":23,"column":0},"end":{"line":23,"column":60}},"23":{"start":{"line":24,"column":0},"end":{"line":24,"column":9}},"24":{"start":{"line":25,"column":0},"end":{"line":25,"column":15}},"25":{"start":{"line":26,"column":0},"end":{"line":26,"column":1}}},"s":{"0":1,"1":1,"2":1,"3":1,"4":1,"8":1,"9":1,"10":1,"11":43,"12":43,"13":43,"14":43,"15":43,"16":1,"19":1,"22":1,"23":1,"24":1,"25":1},"branchMap":{"0":{"type":"branch","line":10,"loc":{"start":{"line":10,"column":10},"end":{"line":10,"column":39}},"locations":[{"start":{"line":10,"column":10},"end":{"line":10,"column":39}}]},"1":{"type":"branch","line":11,"loc":{"start":{"line":11,"column":12},"end":{"line":16,"column":6}},"locations":[{"start":{"line":11,"column":12},"end":{"line":16,"column":6}}]}},"b":{"0":[121],"1":[43]},"fnMap":{"0":{"name":"onLeaf","decl":{"start":{"line":10,"column":10},"end":{"line":10,"column":39}},"loc":{"start":{"line":10,"column":10},"end":{"line":10,"column":39}},"line":10},"1":{"name":"onBranch","decl":{"start":{"line":11,"column":12},"end":{"line":16,"column":6}},"loc":{"start":{"line":11,"column":12},"end":{"line":16,"column":6}},"line":11}},"f":{"0":121,"1":43}}
,"/home/eilara/projects/effect-tree/src/codec/edges/map.ts": {"path":"/home/eilara/projects/effect-tree/src/codec/edges/map.ts","all":false,"statementMap":{"0":{"start":{"line":1,"column":0},"end":{"line":1,"column":8}},"19":{"start":{"line":20,"column":0},"end":{"line":20,"column":66}},"20":{"start":{"line":21,"column":0},"end":{"line":21,"column":58}},"24":{"start":{"line":25,"column":0},"end":{"line":25,"column":75}},"25":{"start":{"line":26,"column":0},"end":{"line":26,"column":7}},"26":{"start":{"line":27,"column":0},"end":{"line":27,"column":35}},"27":{"start":{"line":28,"column":0},"end":{"line":28,"column":16}},"28":{"start":{"line":29,"column":0},"end":{"line":29,"column":24}},"29":{"start":{"line":30,"column":0},"end":{"line":30,"column":27}},"30":{"start":{"line":31,"column":0},"end":{"line":31,"column":20}},"31":{"start":{"line":32,"column":0},"end":{"line":32,"column":3}},"37":{"start":{"line":38,"column":0},"end":{"line":38,"column":78}},"38":{"start":{"line":39,"column":0},"end":{"line":39,"column":18}},"39":{"start":{"line":40,"column":0},"end":{"line":40,"column":3}},"40":{"start":{"line":41,"column":0},"end":{"line":41,"column":12}},"41":{"start":{"line":42,"column":0},"end":{"line":42,"column":16}},"42":{"start":{"line":43,"column":0},"end":{"line":43,"column":12}},"43":{"start":{"line":44,"column":0},"end":{"line":44,"column":11}},"44":{"start":{"line":45,"column":0},"end":{"line":45,"column":15}},"45":{"start":{"line":46,"column":0},"end":{"line":46,"column":22}},"46":{"start":{"line":47,"column":0},"end":{"line":47,"column":36}},"47":{"start":{"line":48,"column":0},"end":{"line":48,"column":39}},"48":{"start":{"line":49,"column":0},"end":{"line":49,"column":11}},"49":{"start":{"line":50,"column":0},"end":{"line":50,"column":15}},"50":{"start":{"line":51,"column":0},"end":{"line":51,"column":6}},"51":{"start":{"line":52,"column":0},"end":{"line":52,"column":4}},"52":{"start":{"line":53,"column":0},"end":{"line":53,"column":1}},"55":{"start":{"line":56,"column":0},"end":{"line":56,"column":46}},"56":{"start":{"line":57,"column":0},"end":{"line":57,"column":18}},"57":{"start":{"line":58,"column":0},"end":{"line":58,"column":22}},"58":{"start":{"line":59,"column":0},"end":{"line":59,"column":7}},"59":{"start":{"line":60,"column":0},"end":{"line":60,"column":18}},"60":{"start":{"line":61,"column":0},"end":{"line":61,"column":3}},"61":{"start":{"line":62,"column":0},"end":{"line":62,"column":12}},"62":{"start":{"line":63,"column":0},"end":{"line":63,"column":19}},"63":{"start":{"line":64,"column":0},"end":{"line":64,"column":15}},"64":{"start":{"line":65,"column":0},"end":{"line":65,"column":11}},"65":{"start":{"line":66,"column":0},"end":{"line":66,"column":15}},"66":{"start":{"line":67,"column":0},"end":{"line":67,"column":22}},"67":{"start":{"line":68,"column":0},"end":{"line":68,"column":62}},"68":{"start":{"line":69,"column":0},"end":{"line":69,"column":55}},"69":{"start":{"line":70,"column":0},"end":{"line":70,"column":11}},"70":{"start":{"line":71,"column":0},"end":{"line":71,"column":8}},"71":{"start":{"line":72,"column":0},"end":{"line":72,"column":6}},"72":{"start":{"line":73,"column":0},"end":{"line":73,"column":4}},"73":{"start":{"line":74,"column":0},"end":{"line":74,"column":1}},"76":{"start":{"line":77,"column":0},"end":{"line":77,"column":49}},"77":{"start":{"line":78,"column":0},"end":{"line":78,"column":18}},"78":{"start":{"line":79,"column":0},"end":{"line":79,"column":24}},"79":{"start":{"line":80,"column":0},"end":{"line":80,"column":7}},"80":{"start":{"line":81,"column":0},"end":{"line":81,"column":18}},"81":{"start":{"line":82,"column":0},"end":{"line":82,"column":3}},"82":{"start":{"line":83,"column":0},"end":{"line":83,"column":12}},"83":{"start":{"line":84,"column":0},"end":{"line":84,"column":21}},"84":{"start":{"line":85,"column":0},"end":{"line":85,"column":13}},"85":{"start":{"line":86,"column":0},"end":{"line":86,"column":20}},"86":{"start":{"line":87,"column":0},"end":{"line":87,"column":33}},"87":{"start":{"line":88,"column":0},"end":{"line":88,"column":45}},"88":{"start":{"line":89,"column":0},"end":{"line":89,"column":9}},"89":{"start":{"line":90,"column":0},"end":{"line":90,"column":6}},"90":{"start":{"line":91,"column":0},"end":{"line":91,"column":4}},"91":{"start":{"line":92,"column":0},"end":{"line":92,"column":1}},"93":{"start":{"line":94,"column":0},"end":{"line":94,"column":17}},"94":{"start":{"line":95,"column":0},"end":{"line":95,"column":6}},"95":{"start":{"line":96,"column":0},"end":{"line":96,"column":36}},"96":{"start":{"line":97,"column":0},"end":{"line":97,"column":13}},"98":{"start":{"line":99,"column":0},"end":{"line":99,"column":11}},"99":{"start":{"line":100,"column":0},"end":{"line":100,"column":9}},"100":{"start":{"line":101,"column":0},"end":{"line":101,"column":17}},"101":{"start":{"line":102,"column":0},"end":{"line":102,"column":23}},"102":{"start":{"line":103,"column":0},"end":{"line":103,"column":15}},"103":{"start":{"line":104,"column":0},"end":{"line":104,"column":13}},"104":{"start":{"line":105,"column":0},"end":{"line":105,"column":77}},"105":{"start":{"line":106,"column":0},"end":{"line":106,"column":22}},"106":{"start":{"line":107,"column":0},"end":{"line":107,"column":10}},"107":{"start":{"line":108,"column":0},"end":{"line":108,"column":8}},"108":{"start":{"line":109,"column":0},"end":{"line":109,"column":5}},"111":{"start":{"line":112,"column":0},"end":{"line":112,"column":29}},"112":{"start":{"line":113,"column":0},"end":{"line":113,"column":25}},"113":{"start":{"line":114,"column":0},"end":{"line":114,"column":28}},"114":{"start":{"line":115,"column":0},"end":{"line":115,"column":30}},"115":{"start":{"line":116,"column":0},"end":{"line":116,"column":2}}},"s":{"0":1,"19":1,"20":443,"24":1,"25":2109,"26":2109,"27":2109,"28":2109,"29":2109,"30":2109,"31":2109,"37":1,"38":2109,"39":2109,"40":2109,"41":2109,"42":2109,"43":2109,"44":2109,"45":2109,"46":2109,"47":2109,"48":2109,"49":2109,"50":2109,"51":2109,"52":2109,"55":1,"56":2109,"57":2109,"58":2109,"59":2109,"60":2109,"61":2109,"62":2109,"63":2109,"64":2109,"65":2109,"66":2109,"67":2109,"68":2109,"69":2109,"70":2109,"71":2109,"72":2109,"73":2109,"76":1,"77":2109,"78":2109,"79":2109,"80":2109,"81":2109,"82":2109,"83":2109,"84":2109,"85":2109,"86":2109,"87":2109,"88":2109,"89":2109,"90":2109,"91":2109,"93":1,"94":1,"95":2109,"96":2109,"98":2109,"99":1666,"100":1666,"101":1666,"102":1666,"103":1666,"104":1666,"105":1666,"106":1666,"107":1666,"108":1666,"111":1,"112":443,"113":443,"114":443,"115":443},"branchMap":{"0":{"type":"branch","line":20,"loc":{"start":{"line":20,"column":28},"end":{"line":21,"column":58}},"locations":[{"start":{"line":20,"column":28},"end":{"line":21,"column":58}}]},"1":{"type":"branch","line":25,"loc":{"start":{"line":25,"column":19},"end":{"line":32,"column":3}},"locations":[{"start":{"line":25,"column":19},"end":{"line":32,"column":3}}]},"2":{"type":"branch","line":38,"loc":{"start":{"line":38,"column":36},"end":{"line":53,"column":1}},"locations":[{"start":{"line":38,"column":36},"end":{"line":53,"column":1}}]},"3":{"type":"branch","line":47,"loc":{"start":{"line":47,"column":18},"end":{"line":47,"column":36}},"locations":[{"start":{"line":47,"column":18},"end":{"line":47,"column":36}}]},"4":{"type":"branch","line":48,"loc":{"start":{"line":48,"column":18},"end":{"line":48,"column":39}},"locations":[{"start":{"line":48,"column":18},"end":{"line":48,"column":39}}]},"5":{"type":"branch","line":56,"loc":{"start":{"line":56,"column":44},"end":{"line":74,"column":1}},"locations":[{"start":{"line":56,"column":44},"end":{"line":74,"column":1}}]},"6":{"type":"branch","line":68,"loc":{"start":{"line":68,"column":18},"end":{"line":68,"column":62}},"locations":[{"start":{"line":68,"column":18},"end":{"line":68,"column":62}}]},"7":{"type":"branch","line":69,"loc":{"start":{"line":69,"column":18},"end":{"line":69,"column":55}},"locations":[{"start":{"line":69,"column":18},"end":{"line":69,"column":55}}]},"8":{"type":"branch","line":77,"loc":{"start":{"line":77,"column":47},"end":{"line":92,"column":1}},"locations":[{"start":{"line":77,"column":47},"end":{"line":92,"column":1}}]},"9":{"type":"branch","line":87,"loc":{"start":{"line":87,"column":16},"end":{"line":87,"column":33}},"locations":[{"start":{"line":87,"column":16},"end":{"line":87,"column":33}}]},"10":{"type":"branch","line":95,"loc":{"start":{"line":95,"column":2},"end":{"line":109,"column":5}},"locations":[{"start":{"line":95,"column":2},"end":{"line":109,"column":5}}]},"11":{"type":"branch","line":99,"loc":{"start":{"line":99,"column":2},"end":{"line":109,"column":5}},"locations":[{"start":{"line":99,"column":2},"end":{"line":109,"column":5}}]},"12":{"type":"branch","line":105,"loc":{"start":{"line":105,"column":32},"end":{"line":105,"column":47}},"locations":[{"start":{"line":105,"column":32},"end":{"line":105,"column":47}}]},"13":{"type":"branch","line":112,"loc":{"start":{"line":112,"column":21},"end":{"line":116,"column":2}},"locations":[{"start":{"line":112,"column":21},"end":{"line":116,"column":2}}]}},"b":{"0":[443],"1":[2109],"2":[2109],"3":[443],"4":[1666],"5":[2109],"6":[443],"7":[1666],"8":[2109],"9":[443],"10":[2109],"11":[1666],"12":[1017],"13":[443]},"fnMap":{"0":{"name":"indexParents","decl":{"start":{"line":20,"column":28},"end":{"line":21,"column":58}},"loc":{"start":{"line":20,"column":28},"end":{"line":21,"column":58}},"line":20},"1":{"name":"addEdgeMap","decl":{"start":{"line":25,"column":19},"end":{"line":32,"column":3}},"loc":{"start":{"line":25,"column":19},"end":{"line":32,"column":3}},"line":25},"2":{"name":"updateRoots","decl":{"start":{"line":38,"column":36},"end":{"line":53,"column":1}},"loc":{"start":{"line":38,"column":36},"end":{"line":53,"column":1}},"line":38},"3":{"name":"onNone","decl":{"start":{"line":47,"column":18},"end":{"line":47,"column":36}},"loc":{"start":{"line":47,"column":18},"end":{"line":47,"column":36}},"line":47},"4":{"name":"onSome","decl":{"start":{"line":48,"column":18},"end":{"line":48,"column":39}},"loc":{"start":{"line":48,"column":18},"end":{"line":48,"column":39}},"line":48},"5":{"name":"updateChildToParent","decl":{"start":{"line":56,"column":44},"end":{"line":74,"column":1}},"loc":{"start":{"line":56,"column":44},"end":{"line":74,"column":1}},"line":56},"6":{"name":"onNone","decl":{"start":{"line":68,"column":18},"end":{"line":68,"column":62}},"loc":{"start":{"line":68,"column":18},"end":{"line":68,"column":62}},"line":68},"7":{"name":"onSome","decl":{"start":{"line":69,"column":18},"end":{"line":69,"column":55}},"loc":{"start":{"line":69,"column":18},"end":{"line":69,"column":55}},"line":69},"8":{"name":"updateParentToChildren","decl":{"start":{"line":77,"column":47},"end":{"line":92,"column":1}},"loc":{"start":{"line":77,"column":47},"end":{"line":92,"column":1}},"line":77},"9":{"name":"onNone","decl":{"start":{"line":87,"column":16},"end":{"line":87,"column":33}},"loc":{"start":{"line":87,"column":16},"end":{"line":87,"column":33}},"line":87},"10":{"name":"addParent","decl":{"start":{"line":95,"column":2},"end":{"line":109,"column":5}},"loc":{"start":{"line":95,"column":2},"end":{"line":109,"column":5}},"line":95},"11":{"name":"onNone","decl":{"start":{"line":105,"column":32},"end":{"line":105,"column":47}},"loc":{"start":{"line":105,"column":32},"end":{"line":105,"column":47}},"line":105},"12":{"name":"emptyEdgeMap","decl":{"start":{"line":112,"column":21},"end":{"line":116,"column":2}},"loc":{"start":{"line":112,"column":21},"end":{"line":116,"column":2}},"line":112}},"f":{"0":443,"1":2109,"2":2109,"3":443,"4":1666,"5":2109,"6":443,"7":1666,"8":2109,"9":443,"10":2109,"11":1017,"12":443}}
,"/home/eilara/projects/effect-tree/src/codec/edges/ops.ts": {"path":"/home/eilara/projects/effect-tree/src/codec/edges/ops.ts","all":false,"statementMap":{"0":{"start":{"line":1,"column":0},"end":{"line":1,"column":8}},"14":{"start":{"line":15,"column":0},"end":{"line":15,"column":69}},"15":{"start":{"line":16,"column":0},"end":{"line":16,"column":8}},"16":{"start":{"line":17,"column":0},"end":{"line":17,"column":16}},"17":{"start":{"line":18,"column":0},"end":{"line":18,"column":1}},"20":{"start":{"line":21,"column":0},"end":{"line":21,"column":73}},"21":{"start":{"line":22,"column":0},"end":{"line":22,"column":6}},"22":{"start":{"line":23,"column":0},"end":{"line":23,"column":36}},"28":{"start":{"line":29,"column":0},"end":{"line":29,"column":35}},"29":{"start":{"line":30,"column":0},"end":{"line":30,"column":8}},"30":{"start":{"line":31,"column":0},"end":{"line":31,"column":13}},"31":{"start":{"line":32,"column":0},"end":{"line":32,"column":29}},"32":{"start":{"line":33,"column":0},"end":{"line":33,"column":38}},"37":{"start":{"line":38,"column":0},"end":{"line":38,"column":10}},"38":{"start":{"line":39,"column":0},"end":{"line":39,"column":9}},"39":{"start":{"line":40,"column":0},"end":{"line":40,"column":9}},"40":{"start":{"line":41,"column":0},"end":{"line":41,"column":17}},"41":{"start":{"line":42,"column":0},"end":{"line":42,"column":24}},"42":{"start":{"line":43,"column":0},"end":{"line":43,"column":33}},"43":{"start":{"line":44,"column":0},"end":{"line":44,"column":6}},"44":{"start":{"line":45,"column":0},"end":{"line":45,"column":3}},"45":{"start":{"line":46,"column":0},"end":{"line":46,"column":1}},"48":{"start":{"line":49,"column":0},"end":{"line":49,"column":25}},"49":{"start":{"line":50,"column":0},"end":{"line":50,"column":25}},"50":{"start":{"line":51,"column":0},"end":{"line":51,"column":74}},"53":{"start":{"line":54,"column":0},"end":{"line":54,"column":37}},"55":{"start":{"line":56,"column":0},"end":{"line":56,"column":54}},"56":{"start":{"line":57,"column":0},"end":{"line":57,"column":63}},"59":{"start":{"line":60,"column":0},"end":{"line":60,"column":41}},"61":{"start":{"line":62,"column":0},"end":{"line":62,"column":54}},"62":{"start":{"line":63,"column":0},"end":{"line":63,"column":57}},"65":{"start":{"line":66,"column":0},"end":{"line":66,"column":27}},"66":{"start":{"line":67,"column":0},"end":{"line":67,"column":27}},"67":{"start":{"line":68,"column":0},"end":{"line":68,"column":39}},"68":{"start":{"line":69,"column":0},"end":{"line":69,"column":66}},"74":{"start":{"line":75,"column":0},"end":{"line":75,"column":23}},"76":{"start":{"line":77,"column":0},"end":{"line":77,"column":49}},"77":{"start":{"line":78,"column":0},"end":{"line":78,"column":45}},"78":{"start":{"line":79,"column":0},"end":{"line":79,"column":1}}},"s":{"0":1,"14":1,"15":524,"16":524,"17":524,"20":1,"21":1,"22":43,"28":1,"29":2102,"30":2102,"31":2102,"32":2102,"37":2102,"38":2102,"39":2102,"40":2102,"41":2102,"42":2102,"43":2102,"44":2102,"45":2102,"48":1,"49":1,"50":1014,"53":1,"55":1,"56":1,"59":1,"61":1,"62":1,"65":1,"66":1,"67":360,"68":360,"74":1,"76":1,"77":1,"78":1},"branchMap":{"0":{"type":"branch","line":15,"loc":{"start":{"line":15,"column":28},"end":{"line":18,"column":1}},"locations":[{"start":{"line":15,"column":28},"end":{"line":18,"column":1}}]},"1":{"type":"branch","line":22,"loc":{"start":{"line":22,"column":2},"end":{"line":23,"column":36}},"locations":[{"start":{"line":22,"column":2},"end":{"line":23,"column":36}}]},"2":{"type":"branch","line":23,"loc":{"start":{"line":23,"column":2},"end":{"line":23,"column":36}},"locations":[{"start":{"line":23,"column":2},"end":{"line":23,"column":36}}]},"3":{"type":"branch","line":29,"loc":{"start":{"line":29,"column":30},"end":{"line":46,"column":1}},"locations":[{"start":{"line":29,"column":30},"end":{"line":46,"column":1}}]},"4":{"type":"branch","line":35,"loc":{"start":{"line":35,"column":26},"end":{"line":35,"column":63}},"locations":[{"start":{"line":35,"column":26},"end":{"line":35,"column":63}}]},"5":{"type":"branch","line":36,"loc":{"start":{"line":36,"column":33},"end":{"line":36,"column":70}},"locations":[{"start":{"line":36,"column":33},"end":{"line":36,"column":70}}]},"6":{"type":"branch","line":43,"loc":{"start":{"line":43,"column":23},"end":{"line":43,"column":31}},"locations":[{"start":{"line":43,"column":23},"end":{"line":43,"column":31}}]},"7":{"type":"branch","line":50,"loc":{"start":{"line":50,"column":2},"end":{"line":51,"column":74}},"locations":[{"start":{"line":50,"column":2},"end":{"line":51,"column":74}}]},"8":{"type":"branch","line":51,"loc":{"start":{"line":51,"column":2},"end":{"line":51,"column":74}},"locations":[{"start":{"line":51,"column":2},"end":{"line":51,"column":74}}]},"9":{"type":"branch","line":56,"loc":{"start":{"line":56,"column":44},"end":{"line":57,"column":63}},"locations":[{"start":{"line":56,"column":44},"end":{"line":57,"column":63}}]},"10":{"type":"branch","line":62,"loc":{"start":{"line":62,"column":44},"end":{"line":63,"column":57}},"locations":[{"start":{"line":62,"column":44},"end":{"line":63,"column":57}}]},"11":{"type":"branch","line":67,"loc":{"start":{"line":67,"column":2},"end":{"line":69,"column":66}},"locations":[{"start":{"line":67,"column":2},"end":{"line":69,"column":66}}]},"12":{"type":"branch","line":68,"loc":{"start":{"line":68,"column":2},"end":{"line":69,"column":66}},"locations":[{"start":{"line":68,"column":2},"end":{"line":69,"column":66}}]}},"b":{"0":[524],"1":[43],"2":[58],"3":[2102],"4":[1],"5":[1],"6":[1088],"7":[1014],"8":[1662],"9":[1],"10":[1],"11":[360],"12":[360]},"fnMap":{"0":{"name":"rootTreeEdge","decl":{"start":{"line":15,"column":28},"end":{"line":18,"column":1}},"loc":{"start":{"line":15,"column":28},"end":{"line":18,"column":1}},"line":15},"1":{"name":"setParent","decl":{"start":{"line":22,"column":2},"end":{"line":23,"column":36}},"loc":{"start":{"line":22,"column":2},"end":{"line":23,"column":36}},"line":22},"2":{"name":"getMapChildren","decl":{"start":{"line":29,"column":30},"end":{"line":46,"column":1}},"loc":{"start":{"line":29,"column":30},"end":{"line":46,"column":1}},"line":29},"3":{"name":"setMapRoot","decl":{"start":{"line":50,"column":2},"end":{"line":51,"column":74}},"loc":{"start":{"line":50,"column":2},"end":{"line":51,"column":74}},"line":50},"4":{"name":"getEdgeEquivalence","decl":{"start":{"line":56,"column":44},"end":{"line":57,"column":63}},"loc":{"start":{"line":56,"column":44},"end":{"line":57,"column":63}},"line":56},"5":{"name":"getEdgeListEquivalence","decl":{"start":{"line":62,"column":44},"end":{"line":63,"column":57}},"loc":{"start":{"line":62,"column":44},"end":{"line":63,"column":57}},"line":62},"6":{"name":"sortEdgeList","decl":{"start":{"line":67,"column":2},"end":{"line":69,"column":66}},"loc":{"start":{"line":67,"column":2},"end":{"line":69,"column":66}},"line":67}},"f":{"0":524,"1":43,"2":2102,"3":1014,"4":1,"5":1,"6":360}}
,"/home/eilara/projects/effect-tree/src/codec/indented/index.ts": {"path":"/home/eilara/projects/effect-tree/src/codec/indented/index.ts","all":false,"statementMap":{"0":{"start":{"line":1,"column":0},"end":{"line":1,"column":54}},"1":{"start":{"line":2,"column":0},"end":{"line":2,"column":59}},"2":{"start":{"line":3,"column":0},"end":{"line":3,"column":31}},"3":{"start":{"line":4,"column":0},"end":{"line":4,"column":41}},"10":{"start":{"line":11,"column":0},"end":{"line":11,"column":21}},"11":{"start":{"line":12,"column":0},"end":{"line":12,"column":21}},"12":{"start":{"line":13,"column":0},"end":{"line":13,"column":52}},"13":{"start":{"line":14,"column":0},"end":{"line":14,"column":51}},"15":{"start":{"line":16,"column":0},"end":{"line":16,"column":16}},"16":{"start":{"line":17,"column":0},"end":{"line":17,"column":16}},"17":{"start":{"line":18,"column":0},"end":{"line":18,"column":59}},"18":{"start":{"line":19,"column":0},"end":{"line":19,"column":16}},"19":{"start":{"line":20,"column":0},"end":{"line":20,"column":23}},"20":{"start":{"line":21,"column":0},"end":{"line":21,"column":73}},"21":{"start":{"line":22,"column":0},"end":{"line":22,"column":8}},"22":{"start":{"line":23,"column":0},"end":{"line":23,"column":5}},"23":{"start":{"line":24,"column":0},"end":{"line":24,"column":3}},"26":{"start":{"line":27,"column":0},"end":{"line":27,"column":77}},"27":{"start":{"line":28,"column":0},"end":{"line":28,"column":31}},"28":{"start":{"line":29,"column":0},"end":{"line":29,"column":62}},"30":{"start":{"line":31,"column":0},"end":{"line":31,"column":49}},"31":{"start":{"line":32,"column":0},"end":{"line":32,"column":76}},"32":{"start":{"line":33,"column":0},"end":{"line":33,"column":57}},"33":{"start":{"line":34,"column":0},"end":{"line":34,"column":12}},"34":{"start":{"line":35,"column":0},"end":{"line":35,"column":73}},"35":{"start":{"line":36,"column":0},"end":{"line":36,"column":5}},"37":{"start":{"line":38,"column":0},"end":{"line":38,"column":52}},"38":{"start":{"line":39,"column":0},"end":{"line":39,"column":1}},"44":{"start":{"line":45,"column":0},"end":{"line":45,"column":38}},"45":{"start":{"line":46,"column":0},"end":{"line":46,"column":17}},"46":{"start":{"line":47,"column":0},"end":{"line":47,"column":9}},"47":{"start":{"line":48,"column":0},"end":{"line":48,"column":9}},"48":{"start":{"line":49,"column":0},"end":{"line":49,"column":55}},"51":{"start":{"line":52,"column":0},"end":{"line":52,"column":6}},"52":{"start":{"line":53,"column":0},"end":{"line":53,"column":53}},"54":{"start":{"line":55,"column":0},"end":{"line":55,"column":66}},"56":{"start":{"line":57,"column":0},"end":{"line":57,"column":44}},"57":{"start":{"line":58,"column":0},"end":{"line":58,"column":30}},"58":{"start":{"line":59,"column":0},"end":{"line":59,"column":68}},"59":{"start":{"line":60,"column":0},"end":{"line":60,"column":18}},"60":{"start":{"line":61,"column":0},"end":{"line":61,"column":18}},"61":{"start":{"line":62,"column":0},"end":{"line":62,"column":8}},"62":{"start":{"line":63,"column":0},"end":{"line":63,"column":45}},"64":{"start":{"line":65,"column":0},"end":{"line":65,"column":36}},"65":{"start":{"line":66,"column":0},"end":{"line":66,"column":1}},"67":{"start":{"line":68,"column":0},"end":{"line":68,"column":50}},"68":{"start":{"line":69,"column":0},"end":{"line":69,"column":63}}},"s":{"0":1,"1":1,"2":1,"3":1,"10":1,"11":1,"12":3,"13":3,"15":102,"16":102,"17":102,"18":102,"19":102,"20":255,"21":102,"22":102,"23":102,"26":1,"27":83,"28":83,"30":29,"31":29,"32":29,"33":29,"34":29,"35":29,"37":29,"38":29,"44":1,"45":155,"46":155,"47":155,"48":155,"51":155,"52":155,"54":48,"56":48,"57":155,"58":131,"59":53,"60":53,"61":53,"62":78,"64":48,"65":48,"67":1,"68":184},"branchMap":{"0":{"type":"branch","line":12,"loc":{"start":{"line":12,"column":2},"end":{"line":24,"column":3}},"locations":[{"start":{"line":12,"column":2},"end":{"line":24,"column":3}}]},"1":{"type":"branch","line":13,"loc":{"start":{"line":13,"column":2},"end":{"line":24,"column":3}},"locations":[{"start":{"line":13,"column":2},"end":{"line":24,"column":3}}]},"2":{"type":"branch","line":14,"loc":{"start":{"line":14,"column":2},"end":{"line":24,"column":3}},"locations":[{"start":{"line":14,"column":2},"end":{"line":24,"column":3}}]},"3":{"type":"branch","line":20,"loc":{"start":{"line":20,"column":8},"end":{"line":21,"column":73}},"locations":[{"start":{"line":20,"column":8},"end":{"line":21,"column":73}}]},"4":{"type":"branch","line":27,"loc":{"start":{"line":27,"column":22},"end":{"line":39,"column":1}},"locations":[{"start":{"line":27,"column":22},"end":{"line":39,"column":1}}]},"5":{"type":"branch","line":29,"loc":{"start":{"line":29,"column":28},"end":{"line":29,"column":62}},"locations":[{"start":{"line":29,"column":28},"end":{"line":29,"column":62}}]},"6":{"type":"branch","line":29,"loc":{"start":{"line":29,"column":61},"end":{"line":39,"column":1}},"locations":[{"start":{"line":29,"column":61},"end":{"line":39,"column":1}}]},"7":{"type":"branch","line":32,"loc":{"start":{"line":32,"column":19},"end":{"line":32,"column":76}},"locations":[{"start":{"line":32,"column":19},"end":{"line":32,"column":76}}]},"8":{"type":"branch","line":35,"loc":{"start":{"line":35,"column":16},"end":{"line":35,"column":71}},"locations":[{"start":{"line":35,"column":16},"end":{"line":35,"column":71}}]},"9":{"type":"branch","line":45,"loc":{"start":{"line":45,"column":36},"end":{"line":66,"column":1}},"locations":[{"start":{"line":45,"column":36},"end":{"line":66,"column":1}}]},"10":{"type":"branch","line":53,"loc":{"start":{"line":53,"column":28},"end":{"line":53,"column":53}},"locations":[{"start":{"line":53,"column":28},"end":{"line":53,"column":53}}]},"11":{"type":"branch","line":53,"loc":{"start":{"line":53,"column":52},"end":{"line":58,"column":8}},"locations":[{"start":{"line":53,"column":52},"end":{"line":58,"column":8}}]},"12":{"type":"branch","line":58,"loc":{"start":{"line":58,"column":4},"end":{"line":63,"column":45}},"locations":[{"start":{"line":58,"column":4},"end":{"line":63,"column":45}}]},"13":{"type":"branch","line":59,"loc":{"start":{"line":59,"column":7},"end":{"line":62,"column":8}},"locations":[{"start":{"line":59,"column":7},"end":{"line":62,"column":8}}]},"14":{"type":"branch","line":62,"loc":{"start":{"line":62,"column":7},"end":{"line":63,"column":45}},"locations":[{"start":{"line":62,"column":7},"end":{"line":63,"column":45}}]},"15":{"type":"branch","line":63,"loc":{"start":{"line":63,"column":44},"end":{"line":66,"column":1}},"locations":[{"start":{"line":63,"column":44},"end":{"line":66,"column":1}}]},"16":{"type":"branch","line":68,"loc":{"start":{"line":68,"column":28},"end":{"line":69,"column":63}},"locations":[{"start":{"line":68,"column":28},"end":{"line":69,"column":63}}]}},"b":{"0":[3],"1":[3],"2":[102],"3":[255],"4":[83],"5":[54],"6":[29],"7":[155],"8":[155],"9":[155],"10":[107],"11":[48],"12":[131],"13":[53],"14":[78],"15":[48],"16":[184]},"fnMap":{"0":{"name":"encode","decl":{"start":{"line":12,"column":2},"end":{"line":24,"column":3}},"loc":{"start":{"line":12,"column":2},"end":{"line":24,"column":3}},"line":12},"1":{"name":"decode","decl":{"start":{"line":27,"column":22},"end":{"line":39,"column":1}},"loc":{"start":{"line":27,"column":22},"end":{"line":39,"column":1}},"line":27},"2":{"name":"computeDepth","decl":{"start":{"line":32,"column":19},"end":{"line":32,"column":76}},"loc":{"start":{"line":32,"column":19},"end":{"line":32,"column":76}},"line":32},"3":{"name":"decodeIndentedUnfold","decl":{"start":{"line":45,"column":36},"end":{"line":66,"column":1}},"loc":{"start":{"line":45,"column":36},"end":{"line":66,"column":1}},"line":45},"4":{"name":"countStartingSpaces","decl":{"start":{"line":68,"column":28},"end":{"line":69,"column":63}},"loc":{"start":{"line":68,"column":28},"end":{"line":69,"column":63}},"line":68}},"f":{"0":3,"1":83,"2":155,"3":155,"4":184}}
,"/home/eilara/projects/effect-tree/src/codec/paths/fold.ts": {"path":"/home/eilara/projects/effect-tree/src/codec/paths/fold.ts","all":false,"statementMap":{"0":{"start":{"line":1,"column":0},"end":{"line":1,"column":69}},"1":{"start":{"line":2,"column":0},"end":{"line":2,"column":31}},"2":{"start":{"line":3,"column":0},"end":{"line":3,"column":47}},"3":{"start":{"line":4,"column":0},"end":{"line":4,"column":34}},"16":{"start":{"line":17,"column":0},"end":{"line":17,"column":71}},"17":{"start":{"line":18,"column":0},"end":{"line":18,"column":42}},"19":{"start":{"line":20,"column":0},"end":{"line":20,"column":7}},"20":{"start":{"line":21,"column":0},"end":{"line":21,"column":9}},"21":{"start":{"line":22,"column":0},"end":{"line":22,"column":17}},"22":{"start":{"line":23,"column":0},"end":{"line":23,"column":52}},"23":{"start":{"line":24,"column":0},"end":{"line":24,"column":33}},"24":{"start":{"line":25,"column":0},"end":{"line":25,"column":13}},"25":{"start":{"line":26,"column":0},"end":{"line":26,"column":17}},"26":{"start":{"line":27,"column":0},"end":{"line":27,"column":24}},"27":{"start":{"line":28,"column":0},"end":{"line":28,"column":41}},"28":{"start":{"line":29,"column":0},"end":{"line":29,"column":10}},"29":{"start":{"line":30,"column":0},"end":{"line":30,"column":7}},"30":{"start":{"line":31,"column":0},"end":{"line":31,"column":3}}},"s":{"0":1,"1":1,"2":1,"3":1,"16":1,"17":954,"19":954,"20":954,"21":954,"22":954,"23":954,"24":445,"25":445,"26":445,"27":445,"28":445,"29":954,"30":954},"branchMap":{"0":{"type":"branch","line":17,"loc":{"start":{"line":17,"column":67},"end":{"line":31,"column":3}},"locations":[{"start":{"line":17,"column":67},"end":{"line":31,"column":3}}]},"1":{"type":"branch","line":23,"loc":{"start":{"line":23,"column":14},"end":{"line":23,"column":52}},"locations":[{"start":{"line":23,"column":14},"end":{"line":23,"column":52}}]},"2":{"type":"branch","line":24,"loc":{"start":{"line":24,"column":16},"end":{"line":29,"column":10}},"locations":[{"start":{"line":24,"column":16},"end":{"line":29,"column":10}}]},"3":{"type":"branch","line":28,"loc":{"start":{"line":28,"column":20},"end":{"line":28,"column":39}},"locations":[{"start":{"line":28,"column":20},"end":{"line":28,"column":39}}]}},"b":{"0":[954],"1":[509],"2":[445],"3":[798]},"fnMap":{"0":{"name":"pathListFold","decl":{"start":{"line":17,"column":67},"end":{"line":31,"column":3}},"loc":{"start":{"line":17,"column":67},"end":{"line":31,"column":3}},"line":17},"1":{"name":"onLeaf","decl":{"start":{"line":23,"column":14},"end":{"line":23,"column":52}},"loc":{"start":{"line":23,"column":14},"end":{"line":23,"column":52}},"line":23},"2":{"name":"onBranch","decl":{"start":{"line":24,"column":16},"end":{"line":29,"column":10}},"loc":{"start":{"line":24,"column":16},"end":{"line":29,"column":10}},"line":24}},"f":{"0":954,"1":509,"2":445}}
,"/home/eilara/projects/effect-tree/src/codec/paths/guard.ts": {"path":"/home/eilara/projects/effect-tree/src/codec/paths/guard.ts","all":false,"statementMap":{"1":{"start":{"line":2,"column":0},"end":{"line":2,"column":58}},"11":{"start":{"line":12,"column":0},"end":{"line":12,"column":30}},"12":{"start":{"line":13,"column":0},"end":{"line":13,"column":6}},"13":{"start":{"line":14,"column":0},"end":{"line":14,"column":39}},"15":{"start":{"line":16,"column":0},"end":{"line":16,"column":12}},"16":{"start":{"line":17,"column":0},"end":{"line":17,"column":36}},"17":{"start":{"line":18,"column":0},"end":{"line":18,"column":28}},"18":{"start":{"line":19,"column":0},"end":{"line":19,"column":24}},"20":{"start":{"line":21,"column":0},"end":{"line":21,"column":31}},"21":{"start":{"line":22,"column":0},"end":{"line":22,"column":79}},"23":{"start":{"line":24,"column":0},"end":{"line":24,"column":63}},"24":{"start":{"line":25,"column":0},"end":{"line":25,"column":22}},"26":{"start":{"line":27,"column":0},"end":{"line":27,"column":26}},"27":{"start":{"line":28,"column":0},"end":{"line":28,"column":33}},"28":{"start":{"line":29,"column":0},"end":{"line":29,"column":44}},"29":{"start":{"line":30,"column":0},"end":{"line":30,"column":7}},"30":{"start":{"line":31,"column":0},"end":{"line":31,"column":63}},"32":{"start":{"line":33,"column":0},"end":{"line":33,"column":45}},"33":{"start":{"line":34,"column":0},"end":{"line":34,"column":46}},"34":{"start":{"line":35,"column":0},"end":{"line":35,"column":65}},"35":{"start":{"line":36,"column":0},"end":{"line":36,"column":59}},"36":{"start":{"line":37,"column":0},"end":{"line":37,"column":7}},"37":{"start":{"line":38,"column":0},"end":{"line":38,"column":5}},"39":{"start":{"line":40,"column":0},"end":{"line":40,"column":15}},"40":{"start":{"line":41,"column":0},"end":{"line":41,"column":3}}},"s":{"1":1,"11":1,"12":1,"13":51,"15":51,"16":179,"17":179,"18":179,"20":179,"21":368,"23":368,"24":366,"26":366,"27":366,"28":366,"29":366,"30":368,"32":368,"33":701,"34":701,"35":103,"36":701,"37":330,"39":141,"40":141},"branchMap":{"0":{"type":"branch","line":13,"loc":{"start":{"line":13,"column":2},"end":{"line":41,"column":3}},"locations":[{"start":{"line":13,"column":2},"end":{"line":41,"column":3}}]},"1":{"type":"branch","line":16,"loc":{"start":{"line":16,"column":2},"end":{"line":41,"column":3}},"locations":[{"start":{"line":16,"column":2},"end":{"line":41,"column":3}}]},"2":{"type":"branch","line":21,"loc":{"start":{"line":21,"column":30},"end":{"line":38,"column":5}},"locations":[{"start":{"line":21,"column":30},"end":{"line":38,"column":5}}]},"3":{"type":"branch","line":24,"loc":{"start":{"line":24,"column":28},"end":{"line":24,"column":51}},"locations":[{"start":{"line":24,"column":28},"end":{"line":24,"column":51}}]},"4":{"type":"branch","line":24,"loc":{"start":{"line":24,"column":51},"end":{"line":24,"column":63}},"locations":[{"start":{"line":24,"column":51},"end":{"line":24,"column":63}}]},"5":{"type":"branch","line":24,"loc":{"start":{"line":24,"column":58},"end":{"line":31,"column":45}},"locations":[{"start":{"line":24,"column":58},"end":{"line":31,"column":45}}]},"6":{"type":"branch","line":31,"loc":{"start":{"line":31,"column":38},"end":{"line":31,"column":63}},"locations":[{"start":{"line":31,"column":38},"end":{"line":31,"column":63}}]},"7":{"type":"branch","line":31,"loc":{"start":{"line":31,"column":62},"end":{"line":33,"column":44}},"locations":[{"start":{"line":31,"column":62},"end":{"line":33,"column":44}}]},"8":{"type":"branch","line":33,"loc":{"start":{"line":33,"column":44},"end":{"line":37,"column":7}},"locations":[{"start":{"line":33,"column":44},"end":{"line":37,"column":7}}]},"9":{"type":"branch","line":35,"loc":{"start":{"line":35,"column":39},"end":{"line":35,"column":65}},"locations":[{"start":{"line":35,"column":39},"end":{"line":35,"column":65}}]},"10":{"type":"branch","line":35,"loc":{"start":{"line":35,"column":64},"end":{"line":36,"column":59}},"locations":[{"start":{"line":35,"column":64},"end":{"line":36,"column":59}}]},"11":{"type":"branch","line":36,"loc":{"start":{"line":36,"column":47},"end":{"line":36,"column":59}},"locations":[{"start":{"line":36,"column":47},"end":{"line":36,"column":59}}]},"12":{"type":"branch","line":37,"loc":{"start":{"line":37,"column":6},"end":{"line":38,"column":5}},"locations":[{"start":{"line":37,"column":6},"end":{"line":38,"column":5}}]},"13":{"type":"branch","line":38,"loc":{"start":{"line":38,"column":4},"end":{"line":41,"column":3}},"locations":[{"start":{"line":38,"column":4},"end":{"line":41,"column":3}}]}},"b":{"0":[51],"1":[179],"2":[368],"3":[367],"4":[2],"5":[366],"6":[35],"7":[331],"8":[701],"9":[598],"10":[103],"11":[1],"12":[330],"13":[141]},"fnMap":{"0":{"name":"isValidPathList","decl":{"start":{"line":13,"column":2},"end":{"line":41,"column":3}},"loc":{"start":{"line":13,"column":2},"end":{"line":41,"column":3}},"line":13}},"f":{"0":51}}
,"/home/eilara/projects/effect-tree/src/codec/paths/ops.ts": {"path":"/home/eilara/projects/effect-tree/src/codec/paths/ops.ts","all":false,"statementMap":{"0":{"start":{"line":1,"column":0},"end":{"line":1,"column":50}},"1":{"start":{"line":2,"column":0},"end":{"line":2,"column":34}},"2":{"start":{"line":3,"column":0},"end":{"line":3,"column":47}},"3":{"start":{"line":4,"column":0},"end":{"line":4,"column":38}},"4":{"start":{"line":5,"column":0},"end":{"line":5,"column":42}},"6":{"start":{"line":7,"column":0},"end":{"line":7,"column":62}},"7":{"start":{"line":8,"column":0},"end":{"line":8,"column":24}},"9":{"start":{"line":10,"column":0},"end":{"line":10,"column":21}},"10":{"start":{"line":11,"column":0},"end":{"line":11,"column":31}},"11":{"start":{"line":12,"column":0},"end":{"line":12,"column":43}},"12":{"start":{"line":13,"column":0},"end":{"line":13,"column":50}}},"s":{"0":1,"1":1,"2":1,"3":1,"4":1,"6":1,"7":1,"9":1,"10":1,"11":4,"12":82},"branchMap":{"0":{"type":"branch","line":11,"loc":{"start":{"line":11,"column":2},"end":{"line":13,"column":50}},"locations":[{"start":{"line":11,"column":2},"end":{"line":13,"column":50}}]},"1":{"type":"branch","line":12,"loc":{"start":{"line":12,"column":2},"end":{"line":13,"column":50}},"locations":[{"start":{"line":12,"column":2},"end":{"line":13,"column":50}}]}},"b":{"0":[4],"1":[82]},"fnMap":{"0":{"name":"decode","decl":{"start":{"line":11,"column":2},"end":{"line":13,"column":50}},"loc":{"start":{"line":11,"column":2},"end":{"line":13,"column":50}},"line":11}},"f":{"0":4}}
,"/home/eilara/projects/effect-tree/src/codec/paths/unfold.ts": {"path":"/home/eilara/projects/effect-tree/src/codec/paths/unfold.ts","all":false,"statementMap":{"0":{"start":{"line":1,"column":0},"end":{"line":1,"column":39}},"1":{"start":{"line":2,"column":0},"end":{"line":2,"column":31}},"2":{"start":{"line":3,"column":0},"end":{"line":3,"column":47}},"3":{"start":{"line":4,"column":0},"end":{"line":4,"column":40}},"4":{"start":{"line":5,"column":0},"end":{"line":5,"column":54}},"16":{"start":{"line":17,"column":0},"end":{"line":17,"column":29}},"17":{"start":{"line":18,"column":0},"end":{"line":18,"column":67}},"18":{"start":{"line":19,"column":0},"end":{"line":19,"column":12}},"19":{"start":{"line":20,"column":0},"end":{"line":20,"column":27}},"20":{"start":{"line":21,"column":0},"end":{"line":21,"column":12}},"21":{"start":{"line":22,"column":0},"end":{"line":22,"column":60}},"22":{"start":{"line":23,"column":0},"end":{"line":23,"column":25}},"24":{"start":{"line":25,"column":0},"end":{"line":25,"column":66}},"25":{"start":{"line":26,"column":0},"end":{"line":26,"column":29}},"27":{"start":{"line":28,"column":0},"end":{"line":28,"column":31}},"29":{"start":{"line":30,"column":0},"end":{"line":30,"column":26}},"30":{"start":{"line":31,"column":0},"end":{"line":31,"column":12}},"31":{"start":{"line":32,"column":0},"end":{"line":32,"column":36}},"32":{"start":{"line":33,"column":0},"end":{"line":33,"column":50}},"33":{"start":{"line":34,"column":0},"end":{"line":34,"column":5}},"35":{"start":{"line":36,"column":0},"end":{"line":36,"column":50}},"36":{"start":{"line":37,"column":0},"end":{"line":37,"column":22}},"37":{"start":{"line":38,"column":0},"end":{"line":38,"column":15}},"38":{"start":{"line":39,"column":0},"end":{"line":39,"column":26}},"39":{"start":{"line":40,"column":0},"end":{"line":40,"column":73}},"40":{"start":{"line":41,"column":0},"end":{"line":41,"column":24}},"41":{"start":{"line":42,"column":0},"end":{"line":42,"column":12}},"42":{"start":{"line":43,"column":0},"end":{"line":43,"column":9}},"43":{"start":{"line":44,"column":0},"end":{"line":44,"column":25}},"44":{"start":{"line":45,"column":0},"end":{"line":45,"column":3}}},"s":{"0":1,"1":1,"2":1,"3":1,"4":1,"16":1,"17":1,"18":82,"19":144,"20":144,"21":144,"22":144,"24":144,"25":144,"27":144,"29":144,"30":144,"31":144,"32":144,"33":144,"35":144,"36":30,"37":30,"38":30,"39":30,"40":30,"41":30,"42":30,"43":114,"44":144},"branchMap":{"0":{"type":"branch","line":18,"loc":{"start":{"line":18,"column":2},"end":{"line":45,"column":3}},"locations":[{"start":{"line":18,"column":2},"end":{"line":45,"column":3}}]},"1":{"type":"branch","line":19,"loc":{"start":{"line":19,"column":2},"end":{"line":45,"column":3}},"locations":[{"start":{"line":19,"column":2},"end":{"line":45,"column":3}}]},"2":{"type":"branch","line":36,"loc":{"start":{"line":36,"column":49},"end":{"line":43,"column":9}},"locations":[{"start":{"line":36,"column":49},"end":{"line":43,"column":9}}]},"3":{"type":"branch","line":43,"loc":{"start":{"line":43,"column":8},"end":{"line":44,"column":25}},"locations":[{"start":{"line":43,"column":8},"end":{"line":44,"column":25}}]}},"b":{"0":[82],"1":[144],"2":[30],"3":[114]},"fnMap":{"0":{"name":"pathListUnfold","decl":{"start":{"line":18,"column":2},"end":{"line":45,"column":3}},"loc":{"start":{"line":18,"column":2},"end":{"line":45,"column":3}},"line":18}},"f":{"0":82}}
,"/home/eilara/projects/effect-tree/src/codec/prufer/decoder.ts": {"path":"/home/eilara/projects/effect-tree/src/codec/prufer/decoder.ts","all":false,"statementMap":{"0":{"start":{"line":1,"column":0},"end":{"line":1,"column":47}},"1":{"start":{"line":2,"column":0},"end":{"line":2,"column":33}},"2":{"start":{"line":3,"column":0},"end":{"line":3,"column":43}},"4":{"start":{"line":5,"column":0},"end":{"line":5,"column":8}},"16":{"start":{"line":17,"column":0},"end":{"line":17,"column":75}},"17":{"start":{"line":18,"column":0},"end":{"line":18,"column":51}},"18":{"start":{"line":19,"column":0},"end":{"line":19,"column":34}},"20":{"start":{"line":21,"column":0},"end":{"line":21,"column":12}},"21":{"start":{"line":22,"column":0},"end":{"line":22,"column":23}},"22":{"start":{"line":23,"column":0},"end":{"line":23,"column":41}},"24":{"start":{"line":25,"column":0},"end":{"line":25,"column":50}},"25":{"start":{"line":26,"column":0},"end":{"line":26,"column":33}},"26":{"start":{"line":27,"column":0},"end":{"line":27,"column":44}},"27":{"start":{"line":28,"column":0},"end":{"line":28,"column":34}},"29":{"start":{"line":30,"column":0},"end":{"line":30,"column":37}},"30":{"start":{"line":31,"column":0},"end":{"line":31,"column":49}},"31":{"start":{"line":32,"column":0},"end":{"line":32,"column":63}},"32":{"start":{"line":33,"column":0},"end":{"line":33,"column":3}},"34":{"start":{"line":35,"column":0},"end":{"line":35,"column":10}},"35":{"start":{"line":36,"column":0},"end":{"line":36,"column":20}},"36":{"start":{"line":37,"column":0},"end":{"line":37,"column":12}},"37":{"start":{"line":38,"column":0},"end":{"line":38,"column":47}},"38":{"start":{"line":39,"column":0},"end":{"line":39,"column":33}},"39":{"start":{"line":40,"column":0},"end":{"line":40,"column":6}},"40":{"start":{"line":41,"column":0},"end":{"line":41,"column":3}},"41":{"start":{"line":42,"column":0},"end":{"line":42,"column":1}},"44":{"start":{"line":45,"column":0},"end":{"line":45,"column":67}},"47":{"start":{"line":48,"column":0},"end":{"line":48,"column":36}},"48":{"start":{"line":49,"column":0},"end":{"line":49,"column":38}},"49":{"start":{"line":50,"column":0},"end":{"line":50,"column":26}},"50":{"start":{"line":51,"column":0},"end":{"line":51,"column":1}},"53":{"start":{"line":54,"column":0},"end":{"line":54,"column":23}},"54":{"start":{"line":55,"column":0},"end":{"line":55,"column":30}},"55":{"start":{"line":56,"column":0},"end":{"line":56,"column":47}},"56":{"start":{"line":57,"column":0},"end":{"line":57,"column":53}},"57":{"start":{"line":58,"column":0},"end":{"line":58,"column":34}},"58":{"start":{"line":59,"column":0},"end":{"line":59,"column":36}},"59":{"start":{"line":60,"column":0},"end":{"line":60,"column":49}},"60":{"start":{"line":61,"column":0},"end":{"line":61,"column":3}},"62":{"start":{"line":63,"column":0},"end":{"line":63,"column":36}},"63":{"start":{"line":64,"column":0},"end":{"line":64,"column":1}},"66":{"start":{"line":67,"column":0},"end":{"line":67,"column":68}},"67":{"start":{"line":68,"column":0},"end":{"line":68,"column":21}},"68":{"start":{"line":69,"column":0},"end":{"line":69,"column":15}},"69":{"start":{"line":70,"column":0},"end":{"line":70,"column":40}},"70":{"start":{"line":71,"column":0},"end":{"line":71,"column":77}},"71":{"start":{"line":72,"column":0},"end":{"line":72,"column":3}},"73":{"start":{"line":74,"column":0},"end":{"line":74,"column":23}},"74":{"start":{"line":75,"column":0},"end":{"line":75,"column":22}},"75":{"start":{"line":76,"column":0},"end":{"line":76,"column":19}},"76":{"start":{"line":77,"column":0},"end":{"line":77,"column":23}},"77":{"start":{"line":78,"column":0},"end":{"line":78,"column":3}},"78":{"start":{"line":79,"column":0},"end":{"line":79,"column":60}},"80":{"start":{"line":81,"column":0},"end":{"line":81,"column":16}},"81":{"start":{"line":82,"column":0},"end":{"line":82,"column":1}}},"s":{"0":1,"1":1,"2":1,"4":1,"16":1,"17":360,"18":360,"20":360,"21":360,"22":360,"24":360,"25":1622,"26":1622,"27":1622,"29":1622,"30":1622,"31":999,"32":1622,"34":360,"35":360,"36":360,"37":360,"38":360,"39":360,"40":360,"41":360,"44":1,"47":362,"48":359,"49":3,"50":362,"53":1,"54":360,"55":360,"56":360,"57":360,"58":360,"59":360,"60":360,"62":360,"63":360,"66":1,"67":360,"68":360,"69":360,"70":360,"71":360,"73":360,"74":360,"75":360,"76":360,"77":360,"78":360,"80":360,"81":360},"branchMap":{"0":{"type":"branch","line":17,"loc":{"start":{"line":17,"column":23},"end":{"line":42,"column":1}},"locations":[{"start":{"line":17,"column":23},"end":{"line":42,"column":1}}]},"1":{"type":"branch","line":25,"loc":{"start":{"line":25,"column":49},"end":{"line":33,"column":3}},"locations":[{"start":{"line":25,"column":49},"end":{"line":33,"column":3}}]},"2":{"type":"branch","line":26,"loc":{"start":{"line":26,"column":27},"end":{"line":26,"column":33}},"locations":[{"start":{"line":26,"column":27},"end":{"line":26,"column":33}}]},"3":{"type":"branch","line":30,"loc":{"start":{"line":30,"column":19},"end":{"line":30,"column":37}},"locations":[{"start":{"line":30,"column":19},"end":{"line":30,"column":37}}]},"4":{"type":"branch","line":31,"loc":{"start":{"line":31,"column":6},"end":{"line":31,"column":49}},"locations":[{"start":{"line":31,"column":6},"end":{"line":31,"column":49}}]},"5":{"type":"branch","line":31,"loc":{"start":{"line":31,"column":48},"end":{"line":32,"column":63}},"locations":[{"start":{"line":31,"column":48},"end":{"line":32,"column":63}}]},"6":{"type":"branch","line":32,"loc":{"start":{"line":32,"column":35},"end":{"line":32,"column":63}},"locations":[{"start":{"line":32,"column":35},"end":{"line":32,"column":63}}]},"7":{"type":"branch","line":45,"loc":{"start":{"line":45,"column":58},"end":{"line":51,"column":1}},"locations":[{"start":{"line":45,"column":58},"end":{"line":51,"column":1}}]},"8":{"type":"branch","line":48,"loc":{"start":{"line":48,"column":35},"end":{"line":49,"column":38}},"locations":[{"start":{"line":48,"column":35},"end":{"line":49,"column":38}}]},"9":{"type":"branch","line":49,"loc":{"start":{"line":49,"column":37},"end":{"line":50,"column":26}},"locations":[{"start":{"line":49,"column":37},"end":{"line":50,"column":26}}]},"10":{"type":"branch","line":54,"loc":{"start":{"line":54,"column":22},"end":{"line":64,"column":1}},"locations":[{"start":{"line":54,"column":22},"end":{"line":64,"column":1}}]},"11":{"type":"branch","line":67,"loc":{"start":{"line":67,"column":18},"end":{"line":82,"column":1}},"locations":[{"start":{"line":67,"column":18},"end":{"line":82,"column":1}}]},"12":{"type":"branch","line":79,"loc":{"start":{"line":79,"column":38},"end":{"line":79,"column":60}},"locations":[{"start":{"line":79,"column":38},"end":{"line":79,"column":60}}]},"13":{"type":"branch","line":71,"loc":{"start":{"line":71,"column":14},"end":{"line":71,"column":75}},"locations":[{"start":{"line":71,"column":14},"end":{"line":71,"column":75}}]}},"b":{"0":[360],"1":[1622],"2":[360],"3":[828],"4":[623],"5":[999],"6":[844],"7":[362],"8":[359],"9":[3],"10":[360],"11":[360],"12":[828],"13":[828]},"fnMap":{"0":{"name":"toEdges","decl":{"start":{"line":17,"column":23},"end":{"line":42,"column":1}},"loc":{"start":{"line":17,"column":23},"end":{"line":42,"column":1}},"line":17},"1":{"name":"decode","decl":{"start":{"line":45,"column":58},"end":{"line":51,"column":1}},"loc":{"start":{"line":45,"column":58},"end":{"line":51,"column":1}},"line":45},"2":{"name":"makeDegreeMap","decl":{"start":{"line":54,"column":22},"end":{"line":64,"column":1}},"loc":{"start":{"line":54,"column":22},"end":{"line":64,"column":1}},"line":54},"3":{"name":"degreeMap","decl":{"start":{"line":67,"column":18},"end":{"line":82,"column":1}},"loc":{"start":{"line":67,"column":18},"end":{"line":82,"column":1}},"line":67}},"f":{"0":360,"1":362,"2":360,"3":360}}
,"/home/eilara/projects/effect-tree/src/codec/prufer/encoder.ts": {"path":"/home/eilara/projects/effect-tree/src/codec/prufer/encoder.ts","all":false,"statementMap":{"0":{"start":{"line":1,"column":0},"end":{"line":1,"column":38}},"1":{"start":{"line":2,"column":0},"end":{"line":2,"column":69}},"2":{"start":{"line":3,"column":0},"end":{"line":3,"column":40}},"3":{"start":{"line":4,"column":0},"end":{"line":4,"column":37}},"24":{"start":{"line":25,"column":0},"end":{"line":25,"column":21}},"25":{"start":{"line":26,"column":0},"end":{"line":26,"column":59}},"26":{"start":{"line":27,"column":0},"end":{"line":27,"column":11}},"29":{"start":{"line":30,"column":0},"end":{"line":30,"column":49}},"32":{"start":{"line":33,"column":0},"end":{"line":33,"column":44}},"33":{"start":{"line":34,"column":0},"end":{"line":34,"column":15}},"34":{"start":{"line":35,"column":0},"end":{"line":35,"column":5}},"36":{"start":{"line":37,"column":0},"end":{"line":37,"column":43}},"38":{"start":{"line":39,"column":0},"end":{"line":39,"column":56}},"39":{"start":{"line":40,"column":0},"end":{"line":40,"column":52}},"41":{"start":{"line":42,"column":0},"end":{"line":42,"column":18}},"42":{"start":{"line":43,"column":0},"end":{"line":43,"column":20}},"43":{"start":{"line":44,"column":0},"end":{"line":44,"column":22}},"44":{"start":{"line":45,"column":0},"end":{"line":45,"column":43}},"45":{"start":{"line":46,"column":0},"end":{"line":46,"column":27}},"46":{"start":{"line":47,"column":0},"end":{"line":47,"column":17}},"47":{"start":{"line":48,"column":0},"end":{"line":48,"column":50}},"48":{"start":{"line":49,"column":0},"end":{"line":49,"column":48}},"49":{"start":{"line":50,"column":0},"end":{"line":50,"column":14}},"50":{"start":{"line":51,"column":0},"end":{"line":51,"column":11}},"51":{"start":{"line":52,"column":0},"end":{"line":52,"column":7}},"52":{"start":{"line":53,"column":0},"end":{"line":53,"column":5}},"54":{"start":{"line":55,"column":0},"end":{"line":55,"column":16}},"55":{"start":{"line":56,"column":0},"end":{"line":56,"column":64}},"56":{"start":{"line":57,"column":0},"end":{"line":57,"column":45}},"57":{"start":{"line":58,"column":0},"end":{"line":58,"column":5}},"58":{"start":{"line":59,"column":0},"end":{"line":59,"column":3}}},"s":{"0":1,"1":1,"2":1,"3":1,"24":1,"25":1,"26":23,"29":147,"32":147,"33":2,"34":2,"36":145,"38":145,"39":935,"41":935,"42":935,"43":935,"44":935,"45":935,"46":790,"47":790,"48":790,"49":790,"50":935,"51":935,"52":935,"54":145,"55":145,"56":145,"57":145,"58":145},"branchMap":{"0":{"type":"branch","line":26,"loc":{"start":{"line":26,"column":2},"end":{"line":59,"column":3}},"locations":[{"start":{"line":26,"column":2},"end":{"line":59,"column":3}}]},"1":{"type":"branch","line":27,"loc":{"start":{"line":27,"column":2},"end":{"line":59,"column":3}},"locations":[{"start":{"line":27,"column":2},"end":{"line":59,"column":3}}]},"2":{"type":"branch","line":33,"loc":{"start":{"line":33,"column":24},"end":{"line":33,"column":43}},"locations":[{"start":{"line":33,"column":24},"end":{"line":33,"column":43}}]},"3":{"type":"branch","line":33,"loc":{"start":{"line":33,"column":43},"end":{"line":35,"column":5}},"locations":[{"start":{"line":33,"column":43},"end":{"line":35,"column":5}}]},"4":{"type":"branch","line":35,"loc":{"start":{"line":35,"column":4},"end":{"line":59,"column":3}},"locations":[{"start":{"line":35,"column":4},"end":{"line":59,"column":3}}]},"5":{"type":"branch","line":39,"loc":{"start":{"line":39,"column":16},"end":{"line":53,"column":5}},"locations":[{"start":{"line":39,"column":16},"end":{"line":53,"column":5}}]},"6":{"type":"branch","line":45,"loc":{"start":{"line":45,"column":18},"end":{"line":45,"column":43}},"locations":[{"start":{"line":45,"column":18},"end":{"line":45,"column":43}}]},"7":{"type":"branch","line":46,"loc":{"start":{"line":46,"column":18},"end":{"line":50,"column":14}},"locations":[{"start":{"line":46,"column":18},"end":{"line":50,"column":14}}]},"8":{"type":"branch","line":48,"loc":{"start":{"line":48,"column":29},"end":{"line":48,"column":48}},"locations":[{"start":{"line":48,"column":29},"end":{"line":48,"column":48}}]}},"b":{"0":[23],"1":[147],"2":[29],"3":[2],"4":[145],"5":[935],"6":[145],"7":[790],"8":[790]},"fnMap":{"0":{"name":"encode","decl":{"start":{"line":26,"column":2},"end":{"line":59,"column":3}},"loc":{"start":{"line":26,"column":2},"end":{"line":59,"column":3}},"line":26},"1":{"name":"run","decl":{"start":{"line":39,"column":16},"end":{"line":53,"column":5}},"loc":{"start":{"line":39,"column":16},"end":{"line":53,"column":5}},"line":39},"2":{"name":"onNone","decl":{"start":{"line":45,"column":18},"end":{"line":45,"column":43}},"loc":{"start":{"line":45,"column":18},"end":{"line":45,"column":43}},"line":45},"3":{"name":"onSome","decl":{"start":{"line":46,"column":18},"end":{"line":50,"column":14}},"loc":{"start":{"line":46,"column":18},"end":{"line":50,"column":14}},"line":46}},"f":{"0":23,"1":935,"2":145,"3":790}}
,"/home/eilara/projects/effect-tree/src/codec/prufer/enumerate.ts": {"path":"/home/eilara/projects/effect-tree/src/codec/prufer/enumerate.ts","all":false,"statementMap":{"0":{"start":{"line":1,"column":0},"end":{"line":1,"column":56}},"1":{"start":{"line":2,"column":0},"end":{"line":2,"column":28}},"2":{"start":{"line":3,"column":0},"end":{"line":3,"column":33}},"3":{"start":{"line":4,"column":0},"end":{"line":4,"column":34}},"5":{"start":{"line":6,"column":0},"end":{"line":6,"column":35}},"6":{"start":{"line":7,"column":0},"end":{"line":7,"column":35}},"13":{"start":{"line":14,"column":0},"end":{"line":14,"column":67}},"16":{"start":{"line":17,"column":0},"end":{"line":17,"column":68}},"18":{"start":{"line":19,"column":0},"end":{"line":19,"column":50}},"24":{"start":{"line":25,"column":0},"end":{"line":25,"column":72}},"25":{"start":{"line":26,"column":0},"end":{"line":26,"column":22}},"26":{"start":{"line":27,"column":0},"end":{"line":27,"column":13}},"27":{"start":{"line":28,"column":0},"end":{"line":28,"column":3}},"29":{"start":{"line":30,"column":0},"end":{"line":30,"column":79}},"30":{"start":{"line":31,"column":0},"end":{"line":31,"column":40}},"32":{"start":{"line":33,"column":0},"end":{"line":33,"column":14}},"33":{"start":{"line":34,"column":0},"end":{"line":34,"column":11}},"34":{"start":{"line":35,"column":0},"end":{"line":35,"column":65}},"35":{"start":{"line":36,"column":0},"end":{"line":36,"column":3}},"36":{"start":{"line":37,"column":0},"end":{"line":37,"column":1}},"44":{"start":{"line":45,"column":0},"end":{"line":45,"column":25}},"46":{"start":{"line":47,"column":0},"end":{"line":47,"column":53}},"47":{"start":{"line":48,"column":0},"end":{"line":48,"column":37}},"48":{"start":{"line":49,"column":0},"end":{"line":49,"column":17}},"49":{"start":{"line":50,"column":0},"end":{"line":50,"column":3}},"51":{"start":{"line":52,"column":0},"end":{"line":52,"column":36}},"52":{"start":{"line":53,"column":0},"end":{"line":53,"column":9}},"53":{"start":{"line":54,"column":0},"end":{"line":54,"column":32}},"54":{"start":{"line":55,"column":0},"end":{"line":55,"column":39}},"55":{"start":{"line":56,"column":0},"end":{"line":56,"column":3}},"57":{"start":{"line":58,"column":0},"end":{"line":58,"column":62}},"58":{"start":{"line":59,"column":0},"end":{"line":59,"column":1}},"61":{"start":{"line":62,"column":0},"end":{"line":62,"column":79}},"62":{"start":{"line":63,"column":0},"end":{"line":63,"column":47}},"69":{"start":{"line":70,"column":0},"end":{"line":70,"column":29}},"71":{"start":{"line":72,"column":0},"end":{"line":72,"column":53}},"72":{"start":{"line":73,"column":0},"end":{"line":73,"column":47}},"75":{"start":{"line":76,"column":0},"end":{"line":76,"column":73}},"76":{"start":{"line":77,"column":0},"end":{"line":77,"column":7}},"77":{"start":{"line":78,"column":0},"end":{"line":78,"column":48}},"78":{"start":{"line":79,"column":0},"end":{"line":79,"column":46}},"79":{"start":{"line":80,"column":0},"end":{"line":80,"column":3}},"82":{"start":{"line":83,"column":0},"end":{"line":83,"column":64}},"83":{"start":{"line":84,"column":0},"end":{"line":84,"column":15}},"84":{"start":{"line":85,"column":0},"end":{"line":85,"column":8}},"85":{"start":{"line":86,"column":0},"end":{"line":86,"column":21}},"86":{"start":{"line":87,"column":0},"end":{"line":87,"column":28}},"87":{"start":{"line":88,"column":0},"end":{"line":88,"column":54}}},"s":{"0":1,"1":1,"2":1,"3":1,"5":1,"6":1,"13":1,"16":1,"18":1,"24":1,"25":297,"26":3,"27":3,"29":294,"30":294,"32":294,"33":294,"34":297,"35":297,"36":297,"44":1,"46":1,"47":31,"48":2,"49":2,"51":29,"52":29,"53":29,"54":29,"55":29,"57":29,"58":29,"61":1,"62":4,"69":1,"71":1,"72":6,"75":1,"76":5,"77":5,"78":5,"79":5,"82":1,"83":5,"84":1,"85":4,"86":1,"87":3},"branchMap":{"0":{"type":"branch","line":14,"loc":{"start":{"line":14,"column":32},"end":{"line":14,"column":67}},"locations":[{"start":{"line":14,"column":32},"end":{"line":14,"column":67}}]},"1":{"type":"branch","line":17,"loc":{"start":{"line":17,"column":32},"end":{"line":17,"column":68}},"locations":[{"start":{"line":17,"column":32},"end":{"line":17,"column":68}}]},"2":{"type":"branch","line":19,"loc":{"start":{"line":19,"column":14},"end":{"line":19,"column":50}},"locations":[{"start":{"line":19,"column":14},"end":{"line":19,"column":50}}]},"3":{"type":"branch","line":25,"loc":{"start":{"line":25,"column":27},"end":{"line":37,"column":1}},"locations":[{"start":{"line":25,"column":27},"end":{"line":37,"column":1}}]},"4":{"type":"branch","line":26,"loc":{"start":{"line":26,"column":21},"end":{"line":28,"column":3}},"locations":[{"start":{"line":26,"column":21},"end":{"line":28,"column":3}}]},"5":{"type":"branch","line":28,"loc":{"start":{"line":28,"column":2},"end":{"line":35,"column":34}},"locations":[{"start":{"line":28,"column":2},"end":{"line":35,"column":34}}]},"6":{"type":"branch","line":35,"loc":{"start":{"line":35,"column":30},"end":{"line":35,"column":39}},"locations":[{"start":{"line":35,"column":30},"end":{"line":35,"column":39}}]},"7":{"type":"branch","line":35,"loc":{"start":{"line":35,"column":35},"end":{"line":35,"column":63}},"locations":[{"start":{"line":35,"column":35},"end":{"line":35,"column":63}}]},"8":{"type":"branch","line":47,"loc":{"start":{"line":47,"column":44},"end":{"line":59,"column":1}},"locations":[{"start":{"line":47,"column":44},"end":{"line":59,"column":1}}]},"9":{"type":"branch","line":48,"loc":{"start":{"line":48,"column":36},"end":{"line":50,"column":3}},"locations":[{"start":{"line":48,"column":36},"end":{"line":50,"column":3}}]},"10":{"type":"branch","line":50,"loc":{"start":{"line":50,"column":2},"end":{"line":59,"column":1}},"locations":[{"start":{"line":50,"column":2},"end":{"line":59,"column":1}}]},"11":{"type":"branch","line":62,"loc":{"start":{"line":62,"column":26},"end":{"line":63,"column":47}},"locations":[{"start":{"line":62,"column":26},"end":{"line":63,"column":47}}]},"12":{"type":"branch","line":72,"loc":{"start":{"line":72,"column":44},"end":{"line":73,"column":47}},"locations":[{"start":{"line":72,"column":44},"end":{"line":73,"column":47}}]},"13":{"type":"branch","line":76,"loc":{"start":{"line":76,"column":26},"end":{"line":80,"column":3}},"locations":[{"start":{"line":76,"column":26},"end":{"line":80,"column":3}}]},"14":{"type":"branch","line":79,"loc":{"start":{"line":79,"column":14},"end":{"line":79,"column":44}},"locations":[{"start":{"line":79,"column":14},"end":{"line":79,"column":44}}]},"15":{"type":"branch","line":83,"loc":{"start":{"line":83,"column":26},"end":{"line":88,"column":54}},"locations":[{"start":{"line":83,"column":26},"end":{"line":88,"column":54}}]},"16":{"type":"branch","line":84,"loc":{"start":{"line":84,"column":14},"end":{"line":85,"column":8}},"locations":[{"start":{"line":84,"column":14},"end":{"line":85,"column":8}}]},"17":{"type":"branch","line":85,"loc":{"start":{"line":85,"column":7},"end":{"line":88,"column":54}},"locations":[{"start":{"line":85,"column":7},"end":{"line":88,"column":54}}]},"18":{"type":"branch","line":86,"loc":{"start":{"line":86,"column":20},"end":{"line":87,"column":28}},"locations":[{"start":{"line":86,"column":20},"end":{"line":87,"column":28}}]},"19":{"type":"branch","line":87,"loc":{"start":{"line":87,"column":27},"end":{"line":88,"column":54}},"locations":[{"start":{"line":87,"column":27},"end":{"line":88,"column":54}}]}},"b":{"0":[8],"1":[61],"2":[14],"3":[297],"4":[3],"5":[294],"6":[236],"7":[58],"8":[31],"9":[2],"10":[29],"11":[4],"12":[6],"13":[5],"14":[270],"15":[5],"16":[1],"17":[4],"18":[1],"19":[3]},"fnMap":{"0":{"name":"labeledTreeCount","decl":{"start":{"line":14,"column":32},"end":{"line":14,"column":67}},"loc":{"start":{"line":14,"column":32},"end":{"line":14,"column":67}},"line":14},"1":{"name":"computeNodeCount","decl":{"start":{"line":17,"column":32},"end":{"line":17,"column":68}},"loc":{"start":{"line":17,"column":32},"end":{"line":17,"column":68}},"line":17},"2":{"name":"codeCount","decl":{"start":{"line":19,"column":14},"end":{"line":19,"column":50}},"loc":{"start":{"line":19,"column":14},"end":{"line":19,"column":50}},"line":19},"3":{"name":"fromOrdinal","decl":{"start":{"line":25,"column":27},"end":{"line":37,"column":1}},"loc":{"start":{"line":25,"column":27},"end":{"line":37,"column":1}},"line":25},"4":{"name":"toOrdinal","decl":{"start":{"line":47,"column":44},"end":{"line":59,"column":1}},"loc":{"start":{"line":47,"column":44},"end":{"line":59,"column":1}},"line":47},"5":{"name":"getNthTree","decl":{"start":{"line":62,"column":26},"end":{"line":63,"column":47}},"loc":{"start":{"line":62,"column":26},"end":{"line":63,"column":47}},"line":62},"6":{"name":"treeToOrdinal","decl":{"start":{"line":72,"column":44},"end":{"line":73,"column":47}},"loc":{"start":{"line":72,"column":44},"end":{"line":73,"column":47}},"line":72},"7":{"name":"allCodesAt","decl":{"start":{"line":76,"column":26},"end":{"line":80,"column":3}},"loc":{"start":{"line":76,"column":26},"end":{"line":80,"column":3}},"line":76},"8":{"name":"allTreesAt","decl":{"start":{"line":83,"column":26},"end":{"line":88,"column":54}},"loc":{"start":{"line":83,"column":26},"end":{"line":88,"column":54}},"line":83}},"f":{"0":8,"1":61,"2":14,"3":297,"4":31,"5":4,"6":6,"7":5,"8":5}}
,"/home/eilara/projects/effect-tree/src/codec/prufer/step.ts": {"path":"/home/eilara/projects/effect-tree/src/codec/prufer/step.ts","all":false,"statementMap":{"0":{"start":{"line":1,"column":0},"end":{"line":1,"column":33}},"1":{"start":{"line":2,"column":0},"end":{"line":2,"column":33}},"2":{"start":{"line":3,"column":0},"end":{"line":3,"column":42}},"3":{"start":{"line":4,"column":0},"end":{"line":4,"column":53}},"4":{"start":{"line":5,"column":0},"end":{"line":5,"column":35}},"5":{"start":{"line":6,"column":0},"end":{"line":6,"column":35}},"6":{"start":{"line":7,"column":0},"end":{"line":7,"column":8}},"14":{"start":{"line":15,"column":0},"end":{"line":15,"column":76}},"15":{"start":{"line":16,"column":0},"end":{"line":16,"column":15}},"16":{"start":{"line":17,"column":0},"end":{"line":17,"column":8}},"17":{"start":{"line":18,"column":0},"end":{"line":18,"column":68}},"20":{"start":{"line":21,"column":0},"end":{"line":21,"column":67}},"21":{"start":{"line":22,"column":0},"end":{"line":22,"column":15}},"22":{"start":{"line":23,"column":0},"end":{"line":23,"column":8}},"23":{"start":{"line":24,"column":0},"end":{"line":24,"column":76}},"26":{"start":{"line":27,"column":0},"end":{"line":27,"column":65}},"27":{"start":{"line":28,"column":0},"end":{"line":28,"column":70}},"30":{"start":{"line":31,"column":0},"end":{"line":31,"column":66}},"31":{"start":{"line":32,"column":0},"end":{"line":32,"column":36}},"32":{"start":{"line":33,"column":0},"end":{"line":33,"column":44}},"33":{"start":{"line":34,"column":0},"end":{"line":34,"column":16}},"34":{"start":{"line":35,"column":0},"end":{"line":35,"column":11}},"35":{"start":{"line":36,"column":0},"end":{"line":36,"column":40}},"36":{"start":{"line":37,"column":0},"end":{"line":37,"column":5}},"37":{"start":{"line":38,"column":0},"end":{"line":38,"column":20}},"38":{"start":{"line":39,"column":0},"end":{"line":39,"column":1}},"46":{"start":{"line":47,"column":0},"end":{"line":47,"column":53}},"47":{"start":{"line":48,"column":0},"end":{"line":48,"column":29}},"48":{"start":{"line":49,"column":0},"end":{"line":49,"column":23}},"49":{"start":{"line":50,"column":0},"end":{"line":50,"column":25}},"50":{"start":{"line":51,"column":0},"end":{"line":51,"column":12}},"51":{"start":{"line":52,"column":0},"end":{"line":52,"column":52}},"52":{"start":{"line":53,"column":0},"end":{"line":53,"column":65}},"53":{"start":{"line":54,"column":0},"end":{"line":54,"column":8}},"59":{"start":{"line":60,"column":0},"end":{"line":60,"column":49}},"60":{"start":{"line":61,"column":0},"end":{"line":61,"column":18}},"61":{"start":{"line":62,"column":0},"end":{"line":62,"column":49}},"62":{"start":{"line":63,"column":0},"end":{"line":63,"column":63}},"70":{"start":{"line":71,"column":0},"end":{"line":71,"column":57}},"71":{"start":{"line":72,"column":0},"end":{"line":72,"column":29}},"72":{"start":{"line":73,"column":0},"end":{"line":73,"column":23}},"73":{"start":{"line":74,"column":0},"end":{"line":74,"column":52}},"74":{"start":{"line":75,"column":0},"end":{"line":75,"column":26}},"75":{"start":{"line":76,"column":0},"end":{"line":76,"column":8}},"83":{"start":{"line":84,"column":0},"end":{"line":84,"column":53}},"84":{"start":{"line":85,"column":0},"end":{"line":85,"column":18}},"85":{"start":{"line":86,"column":0},"end":{"line":86,"column":51}},"86":{"start":{"line":87,"column":0},"end":{"line":87,"column":20}},"95":{"start":{"line":96,"column":0},"end":{"line":96,"column":59}},"96":{"start":{"line":97,"column":0},"end":{"line":97,"column":56}},"104":{"start":{"line":105,"column":0},"end":{"line":105,"column":55}},"105":{"start":{"line":106,"column":0},"end":{"line":106,"column":52}},"111":{"start":{"line":112,"column":0},"end":{"line":112,"column":63}},"112":{"start":{"line":113,"column":0},"end":{"line":113,"column":60}},"118":{"start":{"line":119,"column":0},"end":{"line":119,"column":59}},"119":{"start":{"line":120,"column":0},"end":{"line":120,"column":56}},"125":{"start":{"line":126,"column":0},"end":{"line":126,"column":19}},"126":{"start":{"line":127,"column":0},"end":{"line":127,"column":35}},"127":{"start":{"line":128,"column":0},"end":{"line":128,"column":33}},"128":{"start":{"line":129,"column":0},"end":{"line":129,"column":51}},"129":{"start":{"line":130,"column":0},"end":{"line":130,"column":36}},"130":{"start":{"line":131,"column":0},"end":{"line":131,"column":3}}},"s":{"0":1,"1":1,"2":1,"3":1,"4":1,"5":1,"6":1,"14":1,"15":9,"16":2,"17":7,"20":1,"21":7,"22":1,"23":6,"26":1,"27":21,"30":1,"31":23,"32":21,"33":21,"34":21,"35":21,"36":21,"37":23,"38":23,"46":1,"47":13,"48":12,"49":4,"50":2,"51":2,"52":8,"53":1,"59":1,"60":14,"61":3,"62":11,"70":1,"71":9,"72":8,"73":3,"74":5,"75":1,"83":1,"84":9,"85":3,"86":6,"95":1,"96":1,"104":1,"105":1,"111":1,"112":1,"118":1,"119":1,"125":1,"126":1,"127":19,"128":19,"129":19,"130":19},"branchMap":{"0":{"type":"branch","line":15,"loc":{"start":{"line":15,"column":64},"end":{"line":18,"column":68}},"locations":[{"start":{"line":15,"column":64},"end":{"line":18,"column":68}}]},"1":{"type":"branch","line":16,"loc":{"start":{"line":16,"column":14},"end
[...]
nd":{"line":127,"column":1}}},"s":{"0":1,"1":1,"6":1,"9":1,"13":1,"14":1,"15":1,"16":1,"17":26042,"18":26042,"19":26042,"20":1,"21":1,"23":1,"26":1,"27":1,"28":1,"34":1,"37":1,"38":1,"39":1,"40":19564,"41":1,"44":1,"47":1,"48":1,"49":1,"50":1,"53":1,"54":156192,"56":1,"57":78620,"60":1,"61":1,"62":60125,"63":78566,"65":1,"66":75,"67":75,"68":75,"69":75,"70":75,"71":75,"72":75,"75":1,"76":1,"77":1,"78":1,"80":1,"81":1,"82":1,"83":31,"84":1,"85":1,"87":1,"90":1,"91":1,"92":1,"93":1808,"94":1808,"96":1808,"97":1808,"98":1808,"99":1808,"100":1808,"101":1,"102":1,"107":1,"108":1,"109":1,"110":2,"111":2,"112":2,"113":2,"114":2,"115":2,"116":2,"117":1,"119":1,"122":1,"123":1,"124":1,"125":1808,"126":1},"branchMap":{"0":{"type":"branch","line":7,"loc":{"start":{"line":7,"column":21},"end":{"line":7,"column":55}},"locations":[{"start":{"line":7,"column":21},"end":{"line":7,"column":55}}]},"1":{"type":"branch","line":17,"loc":{"start":{"line":17,"column":4},"end":{"line":20,"column":7}},"locations":[{"start":{"line":17,"column":4},"end":{"line":20,"column":7}}]},"2":{"type":"branch","line":24,"loc":{"start":{"line":24,"column":12},"end":{"line":27,"column":26}},"locations":[{"start":{"line":24,"column":12},"end":{"line":27,"column":26}}]},"3":{"type":"branch","line":40,"loc":{"start":{"line":40,"column":2},"end":{"line":41,"column":68}},"locations":[{"start":{"line":40,"column":2},"end":{"line":41,"column":68}}]},"4":{"type":"branch","line":41,"loc":{"start":{"line":41,"column":40},"end":{"line":41,"column":61}},"locations":[{"start":{"line":41,"column":40},"end":{"line":41,"column":61}}]},"5":{"type":"branch","line":41,"loc":{"start":{"line":41,"column":57},"end":{"line":41,"column":68}},"locations":[{"start":{"line":41,"column":57},"end":{"line":41,"column":68}}]},"6":{"type":"branch","line":50,"loc":{"start":{"line":50,"column":2},"end":{"line":50,"column":77}},"locations":[{"start":{"line":50,"column":2},"end":{"line":50,"column":77}}]},"7":{"type":"branch","line":54,"loc":{"start":{"line":54,"column":22},"end":{"line":55,"column":24}},"locations":[{"start":{"line":54,"column":22},"end":{"line":55,"column":24}}]},"8":{"type":"branch","line":57,"loc":{"start":{"line":57,"column":13},"end":{"line":58,"column":18}},"locations":[{"start":{"line":57,"column":13},"end":{"line":58,"column":18}}]},"9":{"type":"branch","line":62,"loc":{"start":{"line":62,"column":2},"end":{"line":64,"column":77}},"locations":[{"start":{"line":62,"column":2},"end":{"line":64,"column":77}}]},"10":{"type":"branch","line":63,"loc":{"start":{"line":63,"column":2},"end":{"line":64,"column":77}},"locations":[{"start":{"line":63,"column":2},"end":{"line":64,"column":77}}]},"11":{"type":"branch","line":64,"loc":{"start":{"line":64,"column":18},"end":{"line":64,"column":59}},"locations":[{"start":{"line":64,"column":18},"end":{"line":64,"column":59}}]},"12":{"type":"branch","line":64,"loc":{"start":{"line":64,"column":55},"end":{"line":64,"column":77}},"locations":[{"start":{"line":64,"column":55},"end":{"line":64,"column":77}}]},"13":{"type":"branch","line":66,"loc":{"start":{"line":66,"column":24},"end":{"line":73,"column":3}},"locations":[{"start":{"line":66,"column":24},"end":{"line":73,"column":3}}]},"14":{"type":"branch","line":71,"loc":{"start":{"line":71,"column":16},"end":{"line":71,"column":63}},"locations":[{"start":{"line":71,"column":16},"end":{"line":71,"column":63}}]},"15":{"type":"branch","line":77,"loc":{"start":{"line":77,"column":10},"end":{"line":77,"column":18}},"locations":[{"start":{"line":77,"column":10},"end":{"line":77,"column":18}}]},"16":{"type":"branch","line":78,"loc":{"start":{"line":78,"column":12},"end":{"line":78,"column":41}},"locations":[{"start":{"line":78,"column":12},"end":{"line":78,"column":41}}]},"17":{"type":"branch","line":82,"loc":{"start":{"line":82,"column":2},"end":{"line":82,"column":41}},"locations":[{"start":{"line":82,"column":2},"end":{"line":82,"column":41}}]},"18":{"type":"branch","line":83,"loc":{"start":{"line":83,"column":2},"end":{"line":84,"column":38}},"locations":[{"start":{"line":83,"column":2},"end":{"line":84,"column":38}}]},"19":{"type":"branch","line":84,"loc":{"start":{"line":84,"column":17},"end":{"line":84,"column":35}},"locations":[{"start":{"line":84,"column":17},"end":{"line":84,"column":35}}]},"20":{"type":"branch","line":84,"loc":{"start":{"line":84,"column":26},"end":{"line":84,"column":38}},"locations":[{"start":{"line":84,"column":26},"end":{"line":84,"column":38}}]},"21":{"type":"branch","line":85,"loc":{"start":{"line":85,"column":2},"end":{"line":85,"column":76}},"locations":[{"start":{"line":85,"column":2},"end":{"line":85,"column":76}}]},"22":{"type":"branch","line":93,"loc":{"start":{"line":93,"column":4},"end":{"line":101,"column":8}},"locations":[{"start":{"line":93,"column":4},"end":{"line":101,"column":8}}]},"23":{"type":"branch","line":98,"loc":{"start":{"line":98,"column":18},"end":{"line":98,"column":33}},"locations":[{"start":{"line":98,"column":18},"end":{"line":98,"column":33}}]},"24":{"type":"branch","line":99,"loc":{"start":{"line":99,"column":20},"end":{"line":99,"column":52}},"locations":[{"start":{"line":99,"column":20},"end":{"line":99,"column":52}}]},"25":{"type":"branch","line":110,"loc":{"start":{"line":110,"column":4},"end":{"line":117,"column":8}},"locations":[{"start":{"line":110,"column":4},"end":{"line":117,"column":8}}]},"26":{"type":"branch","line":114,"loc":{"start":{"line":114,"column":18},"end":{"line":114,"column":43}},"locations":[{"start":{"line":114,"column":18},"end":{"line":114,"column":43}}]},"27":{"type":"branch","line":115,"loc":{"start":{"line":115,"column":20},"end":{"line":115,"column":45}},"locations":[{"start":{"line":115,"column":20},"end":{"line":115,"column":45}}]},"28":{"type":"branch","line":125,"loc":{"start":{"line":125,"column":2},"end":{"line":126,"column":42}},"locations":[{"start":{"line":125,"column":2},"end":{"line":126,"column":42}}]}},"b":{"0":[63496],"1":[26042],"2":[1],"3":[19564],"4":[19522],"5":[42],"6":[57],"7":[156192],"8":[78620],"9":[60125],"10":[78566],"11":[36671],"12":[41895],"13":[75],"14":[19],"15":[3490],"16":[881],"17":[5361],"18":[31],"19":[16],"20":[15],"21":[1],"22":[1808],"23":[1360],"24":[448],"25":[2],"26":[1],"27":[1],"28":[1808]},"fnMap":{"0":{"name":"leafF","decl":{"start":{"line":7,"column":21},"end":{"line":7,"column":55}},"loc":{"start":{"line":7,"column":21},"end":{"line":7,"column":55}},"line":7},"1":{"name":"tupled","decl":{"start":{"line":24,"column":12},"end":{"line":27,"column":26}},"loc":{"start":{"line":24,"column":12},"end":{"line":27,"column":26}},"line":24},"2":{"name":"isLeaf","decl":{"start":{"line":54,"column":22},"end":{"line":55,"column":24}},"loc":{"start":{"line":54,"column":22},"end":{"line":55,"column":24}},"line":54},"3":{"name":"isBranch","decl":{"start":{"line":57,"column":13},"end":{"line":58,"column":18}},"loc":{"start":{"line":57,"column":13},"end":{"line":58,"column":18}},"line":57},"4":{"name":"match","decl":{"start":{"line":62,"column":2},"end":{"line":64,"column":77}},"loc":{"start":{"line":62,"column":2},"end":{"line":64,"column":77}},"line":62},"5":{"name":"destruct","decl":{"start":{"line":66,"column":24},"end":{"line":73,"column":3}},"loc":{"start":{"line":66,"column":24},"end":{"line":73,"column":3}},"line":66},"6":{"name":"onBranch","decl":{"start":{"line":71,"column":16},"end":{"line":71,"column":63}},"loc":{"start":{"line":71,"column":16},"end":{"line":71,"column":63}},"line":71},"7":{"name":"onLeaf","decl":{"start":{"line":77,"column":10},"end":{"line":77,"column":18}},"loc":{"start":{"line":77,"column":10},"end":{"line":77,"column":18}},"line":77},"8":{"name":"onBranch","decl":{"start":{"line":78,"column":12},"end":{"line":78,"column":41}},"loc":{"start":{"line":78,"column":12},"end":{"line":78,"column":41}},"line":78},"9":{"name":"forest.forest","decl":{"start":{"line":83,"column":2},"end":{"line":84,"column":38}},"loc":{"start":{"line":83,"column":2},"end":{"line":84,"column":38}},"line":83},"10":{"name":"__vite_ssr_import_1__.Function.dual.match.onLeaf.node.node","decl":{"start":{"line":85,"column":2},"end":{"line":85,"column":76}},"loc":{"start":{"line":85,"column":2},"end":{"line":85,"column":76}},"line":85},"11":{"name":"onLeaf","decl":{"start":{"line":98,"column":18},"end":{"line":98,"column":33}},"loc":{"start":{"line":98,"column":18},"end":{"line":98,"column":33}},"line":98},"12":{"name":"onBranch","decl":{"start":{"line":99,"column":20},"end":{"line":99,"column":52}},"loc":{"start":{"line":99,"column":20},"end":{"line":99,"column":52}},"line":99},"13":{"name":"onLeaf","decl":{"start":{"line":114,"column":18},"end":{"line":114,"column":43}},"loc":{"start":{"line":114,"column":18},"end":{"line":114,"column":43}},"line":114},"14":{"name":"onBranch","decl":{"start":{"line":115,"column":20},"end":{"line":115,"column":45}},"loc":{"start":{"line":115,"column":20},"end":{"line":115,"column":45}},"line":115}},"f":{"0":63496,"1":1,"2":156192,"3":78620,"4":60125,"5":75,"6":19,"7":3490,"8":881,"9":31,"10":1,"11":1360,"12":448,"13":1,"14":1}}
,"/home/eilara/projects/effect-tree/src/treeF/instances.ts": {"path":"/home/eilara/projects/effect-tree/src/treeF/instances.ts","all":false,"statementMap":{"0":{"start":{"line":1,"column":0},"end":{"line":1,"column":8}},"7":{"start":{"line":8,"column":0},"end":{"line":8,"column":76}},"8":{"start":{"line":9,"column":0},"end":{"line":9,"column":68}},"10":{"start":{"line":11,"column":0},"end":{"line":11,"column":55}},"13":{"start":{"line":14,"column":0},"end":{"line":14,"column":71}},"14":{"start":{"line":15,"column":0},"end":{"line":15,"column":4}},"15":{"start":{"line":16,"column":0},"end":{"line":16,"column":62}},"16":{"start":{"line":17,"column":0},"end":{"line":17,"column":9}},"17":{"start":{"line":18,"column":0},"end":{"line":18,"column":11}},"18":{"start":{"line":19,"column":0},"end":{"line":19,"column":13}},"19":{"start":{"line":20,"column":0},"end":{"line":20,"column":22}},"20":{"start":{"line":21,"column":0},"end":{"line":21,"column":75}},"21":{"start":{"line":22,"column":0},"end":{"line":22,"column":9}},"22":{"start":{"line":23,"column":0},"end":{"line":23,"column":6}},"23":{"start":{"line":24,"column":0},"end":{"line":24,"column":1}},"25":{"start":{"line":26,"column":0},"end":{"line":26,"column":49}},"27":{"start":{"line":28,"column":0},"end":{"line":28,"column":77}},"28":{"start":{"line":29,"column":0},"end":{"line":29,"column":4}},"29":{"start":{"line":30,"column":0},"end":{"line":30,"column":37}},"30":{"start":{"line":31,"column":0},"end":{"line":31,"column":22}},"31":{"start":{"line":32,"column":0},"end":{"line":32,"column":29}},"33":{"start":{"line":34,"column":0},"end":{"line":34,"column":69}},"34":{"start":{"line":35,"column":0},"end":{"line":35,"column":1}},"36":{"start":{"line":37,"column":0},"end":{"line":37,"column":70}},"39":{"start":{"line":40,"column":0},"end":{"line":40,"column":23}},"41":{"start":{"line":42,"column":0},"end":{"line":42,"column":16}},"42":{"start":{"line":43,"column":0},"end":{"line":43,"column":6}},"43":{"start":{"line":44,"column":0},"end":{"line":44,"column":31}},"44":{"start":{"line":45,"column":0},"end":{"line":45,"column":24}},"45":{"start":{"line":46,"column":0},"end":{"line":46,"column":43}},"47":{"start":{"line":48,"column":0},"end":{"line":48,"column":11}},"48":{"start":{"line":49,"column":0},"end":{"line":49,"column":13}},"49":{"start":{"line":50,"column":0},"end":{"line":50,"column":15}},"50":{"start":{"line":51,"column":0},"end":{"line":51,"column":36}},"51":{"start":{"line":52,"column":0},"end":{"line":52,"column":76}},"52":{"start":{"line":53,"column":0},"end":{"line":53,"column":11}},"53":{"start":{"line":54,"column":0},"end":{"line":54,"column":8}},"54":{"start":{"line":55,"column":0},"end":{"line":55,"column":3}},"56":{"start":{"line":57,"column":0},"end":{"line":57,"column":68}},"57":{"start":{"line":58,"column":0},"end":{"line":58,"column":51}},"58":{"start":{"line":59,"column":0},"end":{"line":59,"column":59}},"60":{"start":{"line":61,"column":0},"end":{"line":61,"column":29}},"61":{"start":{"line":62,"column":0},"end":{"line":62,"column":45}},"62":{"start":{"line":63,"column":0},"end":{"line":63,"column":6}},"63":{"start":{"line":64,"column":0},"end":{"line":64,"column":40}},"65":{"start":{"line":66,"column":0},"end":{"line":66,"column":17}},"66":{"start":{"line":67,"column":0},"end":{"line":67,"column":9}},"67":{"start":{"line":68,"column":0},"end":{"line":68,"column":11}},"68":{"start":{"line":69,"column":0},"end":{"line":69,"column":13}},"69":{"start":{"line":70,"column":0},"end":{"line":70,"column":27}},"70":{"start":{"line":71,"column":0},"end":{"line":71,"column":15}},"71":{"start":{"line":72,"column":0},"end":{"line":72,"column":17}},"72":{"start":{"line":73,"column":0},"end":{"line":73,"column":19}},"73":{"start":{"line":74,"column":0},"end":{"line":74,"column":62}},"74":{"start":{"line":75,"column":0},"end":{"line":75,"column":44}},"75":{"start":{"line":76,"column":0},"end":{"line":76,"column":15}},"76":{"start":{"line":77,"column":0},"end":{"line":77,"column":12}},"77":{"start":{"line":78,"column":0},"end":{"line":78,"column":43}},"78":{"start":{"line":79,"column":0},"end":{"line":79,"column":15}},"79":{"start":{"line":80,"column":0},"end":{"line":80,"column":17}},"80":{"start":{"line":81,"column":0},"end":{"line":81,"column":19}},"81":{"start":{"line":82,"column":0},"end":{"line":82,"column":42}},"82":{"start":{"line":83,"column":0},"end":{"line":83,"column":49}},"83":{"start":{"line":84,"column":0},"end":{"line":84,"column":40}},"84":{"start":{"line":85,"column":0},"end":{"line":85,"column":70}},"85":{"start":{"line":86,"column":0},"end":{"line":86,"column":15}},"86":{"start":{"line":87,"column":0},"end":{"line":87,"column":12}},"87":{"start":{"line":88,"column":0},"end":{"line":88,"column":9}},"88":{"start":{"line":89,"column":0},"end":{"line":89,"column":5}},"90":{"start":{"line":91,"column":0},"end":{"line":91,"column":14}},"91":{"start":{"line":92,"column":0},"end":{"line":92,"column":53}},"92":{"start":{"line":93,"column":0},"end":{"line":93,"column":46}},"93":{"start":{"line":94,"column":0},"end":{"line":94,"column":12}},"94":{"start":{"line":95,"column":0},"end":{"line":95,"column":51}},"96":{"start":{"line":97,"column":0},"end":{"line":97,"column":9}},"97":{"start":{"line":98,"column":0},"end":{"line":98,"column":11}},"98":{"start":{"line":99,"column":0},"end":{"line":99,"column":11}},"99":{"start":{"line":100,"column":0},"end":{"line":100,"column":73}},"100":{"start":{"line":101,"column":0},"end":{"line":101,"column":5}}},"s":{"0":1,"7":1,"8":1,"10":1,"13":1,"14":1,"15":1,"16":971,"17":971,"18":971,"19":971,"20":971,"21":971,"22":971,"23":1,"25":1,"27":1,"28":1,"29":1,"30":82,"31":82,"33":82,"34":1,"36":1,"39":5319,"41":5319,"42":5319,"43":5319,"44":37580,"45":37580,"47":37580,"48":37580,"49":37580,"50":37580,"51":37580,"52":37580,"53":37580,"54":5319,"56":1,"57":1,"58":1,"60":1,"61":1,"62":1,"63":23,"65":23,"66":397,"67":397,"68":397,"69":397,"70":184,"71":184,"72":184,"73":184,"74":184,"75":184,"76":184,"77":397,"78":213,"79":213,"80":213,"81":213,"82":213,"83":199,"84":188,"85":213,"86":213,"87":397,"88":397,"90":1,"91":1,"92":18138,"93":18138,"94":18138,"96":18138,"97":18138,"98":18138,"99":18138,"100":18138},"branchMap":{"0":{"type":"branch","line":16,"loc":{"start":{"line":16,"column":2},"end":{"line":23,"column":6}},"locations":[{"start":{"line":16,"column":2},"end":{"line":23,"column":6}}]},"1":{"type":"branch","line":21,"loc":{"start":{"line":21,"column":18},"end":{"line":21,"column":75}},"locations":[{"start":{"line":21,"column":18},"end":{"line":21,"column":75}}]},"2":{"type":"branch","line":30,"loc":{"start":{"line":30,"column":2},"end":{"line":34,"column":69}},"locations":[{"start":{"line":30,"column":2},"end":{"line":34,"column":69}}]},"3":{"type":"branch","line":37,"loc":{"start":{"line":37,"column":69},"end":{"line":55,"column":3}},"locations":[{"start":{"line":37,"column":69},"end":{"line":55,"column":3}}]},"4":{"type":"branch","line":44,"loc":{"start":{"line":44,"column":4},"end":{"line":54,"column":8}},"locations":[{"start":{"line":44,"column":4},"end":{"line":54,"column":8}}]},"5":{"type":"branch","line":52,"loc":{"start":{"line":52,"column":20},"end":{"line":52,"column":76}},"locations":[{"start":{"line":52,"column":20},"end":{"line":52,"column":76}}]},"6":{"type":"branch","line":62,"loc":{"start":{"line":62,"column":2},"end":{"line":89,"column":5}},"locations":[{"start":{"line":62,"column":2},"end":{"line":89,"column":5}}]},"7":{"type":"branch","line":63,"loc":{"start":{"line":63,"column":2},"end":{"line":89,"column":5}},"locations":[{"start":{"line":63,"column":2},"end":{"line":89,"column":5}}]},"8":{"type":"branch","line":66,"loc":{"start":{"line":66,"column":2},"end":{"line":89,"column":5}},"locations":[{"start":{"line":66,"column":2},"end":{"line":89,"column":5}}]},"9":{"type":"branch","line":70,"loc":{"start":{"line":70,"column":16},"end":{"line":77,"column":12}},"locations":[{"start":{"line":70,"column":16},"end":{"line":77,"column":12}}]},"10":{"type":"branch","line":74,"loc":{"start":{"line":74,"column":22},"end":{"line":74,"column":62}},"locations":[{"start":{"line":74,"column":22},"end":{"line":74,"column":62}}]},"11":{"type":"branch","line":78,"loc":{"start":{"line":78,"column":18},"end":{"line":87,"column":12}},"locations":[{"start":{"line":78,"column":18},"end":{"line":87,"column":12}}]},"12":{"type":"branch","line":83,"loc":{"start":{"line":83,"column":24},"end":{"line":85,"column":70}},"locations":[{"start":{"line":83,"column":24},"end":{"line":85,"column":70}}]},"13":{"type":"branch","line":84,"loc":{"start":{"line":84,"column":29},"end":{"line":85,"column":70}},"locations":[{"start":{"line":84,"column":29},"end":{"line":85,"column":70}}]},"14":{"type":"branch","line":92,"loc":{"start":{"line":92,"column":2},"end":{"line":101,"column":5}},"locations":[{"start":{"line":92,"column":2},"end":{"line":101,"column":5}}]},"15":{"type":"branch","line":93,"loc":{"start":{"line":93,"column":2},"end":{"line":101,"column":5}},"locations":[{"start":{"line":93,"column":2},"end":{"line":101,"column":5}}]}},"b":{"0":[971],"1":[302],"2":[82],"3":[5319],"4":[37580],"5":[18138],"6":[1],"7":[23],"8":[397],"9":[184],"10":[165],"11":[213],"12":[199],"13":[188],"14":[18138],"15":[18138]},"fnMap":{"0":{"name":"onBranch","decl":{"start":{"line":21,"column":18},"end":{"line":21,"column":75}},"loc":{"start":{"line":21,"column":18},"end":{"line":21,"column":75}},"line":21},"1":{"name":"traverse","decl":{"start":{"line":37,"column":69},"end":{"line":55,"column":3}},"loc":{"start":{"line":37,"column":69},"end":{"line":55,"column":3}},"line":37},"2":{"name":"onBranch","decl":{"start":{"line":52,"column":20},"end":{"line":52,"column":76}},"loc":{"start":{"line":52,"column":20},"end":{"line":52,"column":76}},"line":52},"3":{"name":"getEquivalence","decl":{"start":{"line":62,"column":2},"end":{"line":89,"column":5}},"loc":{"start":{"line":62,"column":2},"end":{"line":89,"column":5}},"line":62},"4":{"name":"onLeaf","decl":{"start":{"line":70,"column":16},"end":{"line":77,"column":12}},"loc":{"start":{"line":70,"column":16},"end":{"line":77,"column":12}},"line":70},"5":{"name":"onLeaf","decl":{"start":{"line":74,"column":22},"end":{"line":74,"column":62}},"loc":{"start":{"line":74,"column":22},"end":{"line":74,"column":62}},"line":74},"6":{"name":"onBranch","decl":{"start":{"line":78,"column":18},"end":{"line":87,"column":12}},"loc":{"start":{"line":78,"column":18},"end":{"line":87,"column":12}},"line":78},"7":{"name":"onBranch","decl":{"start":{"line":83,"column":24},"end":{"line":85,"column":70}},"loc":{"start":{"line":83,"column":24},"end":{"line":85,"column":70}},"line":83},"8":{"name":"treeFK","decl":{"start":{"line":92,"column":2},"end":{"line":101,"column":5}},"loc":{"start":{"line":92,"column":2},"end":{"line":101,"column":5}},"line":92}},"f":{"0":302,"1":5319,"2":18138,"3":1,"4":184,"5":165,"6":213,"7":199,"8":18138}}
}
