{"/home/eilara/projects/effect-tree/src/codec/Isomorphism.ts": {"path":"/home/eilara/projects/effect-tree/src/codec/Isomorphism.ts","all":false,"statementMap":{"0":{"start":{"line":1,"column":0},"end":{"line":1,"column":44}},"1":{"start":{"line":2,"column":0},"end":{"line":2,"column":27}},"2":{"start":{"line":3,"column":0},"end":{"line":3,"column":51}},"5":{"start":{"line":6,"column":0},"end":{"line":6,"column":8}},"10":{"start":{"line":11,"column":0},"end":{"line":11,"column":8}},"14":{"start":{"line":15,"column":0},"end":{"line":15,"column":71}},"15":{"start":{"line":16,"column":0},"end":{"line":16,"column":74}},"24":{"start":{"line":25,"column":0},"end":{"line":25,"column":79}},"25":{"start":{"line":26,"column":0},"end":{"line":26,"column":18}},"26":{"start":{"line":27,"column":0},"end":{"line":27,"column":20}},"27":{"start":{"line":28,"column":0},"end":{"line":28,"column":2}},"33":{"start":{"line":34,"column":0},"end":{"line":34,"column":37}},"34":{"start":{"line":35,"column":0},"end":{"line":35,"column":24}},"35":{"start":{"line":36,"column":0},"end":{"line":36,"column":52}},"36":{"start":{"line":37,"column":0},"end":{"line":37,"column":18}},"37":{"start":{"line":38,"column":0},"end":{"line":38,"column":27}},"38":{"start":{"line":39,"column":0},"end":{"line":39,"column":2}},"44":{"start":{"line":45,"column":0},"end":{"line":45,"column":71}},"45":{"start":{"line":46,"column":0},"end":{"line":46,"column":33}},"46":{"start":{"line":47,"column":0},"end":{"line":47,"column":21}},"47":{"start":{"line":48,"column":0},"end":{"line":48,"column":1}},"53":{"start":{"line":54,"column":0},"end":{"line":54,"column":36}},"54":{"start":{"line":55,"column":0},"end":{"line":55,"column":17}},"55":{"start":{"line":56,"column":0},"end":{"line":56,"column":55}},"56":{"start":{"line":57,"column":0},"end":{"line":57,"column":39}},"57":{"start":{"line":58,"column":0},"end":{"line":58,"column":23}},"58":{"start":{"line":59,"column":0},"end":{"line":59,"column":2}}},"s":{"0":1,"1":1,"2":1,"5":1,"10":1,"14":1,"15":1,"24":1,"25":2,"26":2,"27":2,"33":1,"34":2,"35":2,"36":2,"37":2,"38":2,"44":1,"45":1,"46":1,"47":1,"53":1,"54":2,"55":2,"56":2,"57":2,"58":2},"branchMap":{"0":{"type":"branch","line":25,"loc":{"start":{"line":25,"column":35},"end":{"line":28,"column":2}},"locations":[{"start":{"line":25,"column":35},"end":{"line":28,"column":2}}]},"1":{"type":"branch","line":34,"loc":{"start":{"line":34,"column":33},"end":{"line":39,"column":2}},"locations":[{"start":{"line":34,"column":33},"end":{"line":39,"column":2}}]},"2":{"type":"branch","line":54,"loc":{"start":{"line":54,"column":35},"end":{"line":59,"column":2}},"locations":[{"start":{"line":54,"column":35},"end":{"line":59,"column":2}}]}},"b":{"0":[2],"1":[2],"2":[2]},"fnMap":{"0":{"name":"EdgeListIsomorphism","decl":{"start":{"line":25,"column":35},"end":{"line":28,"column":2}},"loc":{"start":{"line":25,"column":35},"end":{"line":28,"column":2}},"line":25},"1":{"name":"ArraysIsomorphism","decl":{"start":{"line":34,"column":33},"end":{"line":39,"column":2}},"loc":{"start":{"line":34,"column":33},"end":{"line":39,"column":2}},"line":34},"2":{"name":"IndentedIsomorphism","decl":{"start":{"line":54,"column":35},"end":{"line":59,"column":2}},"loc":{"start":{"line":54,"column":35},"end":{"line":59,"column":2}},"line":54}},"f":{"0":2,"1":2,"2":2}}
,"/home/eilara/projects/effect-tree/src/codec/arrays/decode.ts": {"path":"/home/eilara/projects/effect-tree/src/codec/arrays/decode.ts","all":false,"statementMap":{"1":{"start":{"line":2,"column":0},"end":{"line":2,"column":29}},"2":{"start":{"line":3,"column":0},"end":{"line":3,"column":31}},"3":{"start":{"line":4,"column":0},"end":{"line":4,"column":28}},"10":{"start":{"line":11,"column":0},"end":{"line":11,"column":67}},"11":{"start":{"line":12,"column":0},"end":{"line":12,"column":55}},"47":{"start":{"line":48,"column":0},"end":{"line":48,"column":77}}},"s":{"1":1,"2":1,"3":1,"10":1,"11":12,"47":1},"branchMap":{"0":{"type":"branch","line":11,"loc":{"start":{"line":11,"column":28},"end":{"line":12,"column":55}},"locations":[{"start":{"line":11,"column":28},"end":{"line":12,"column":55}}]},"1":{"type":"branch","line":12,"loc":{"start":{"line":12,"column":17},"end":{"line":12,"column":41}},"locations":[{"start":{"line":12,"column":17},"end":{"line":12,"column":41}}]},"2":{"type":"branch","line":12,"loc":{"start":{"line":12,"column":37},"end":{"line":12,"column":55}},"locations":[{"start":{"line":12,"column":37},"end":{"line":12,"column":55}}]}},"b":{"0":[12],"1":[4],"2":[8]},"fnMap":{"0":{"name":"decodeUnfold","decl":{"start":{"line":11,"column":28},"end":{"line":12,"column":55}},"loc":{"start":{"line":11,"column":28},"end":{"line":12,"column":55}},"line":11}},"f":{"0":12}}
,"/home/eilara/projects/effect-tree/src/codec/arrays/encode.ts": {"path":"/home/eilara/projects/effect-tree/src/codec/arrays/encode.ts","all":false,"statementMap":{"1":{"start":{"line":2,"column":0},"end":{"line":2,"column":30}},"2":{"start":{"line":3,"column":0},"end":{"line":3,"column":31}},"3":{"start":{"line":4,"column":0},"end":{"line":4,"column":27}},"4":{"start":{"line":5,"column":0},"end":{"line":5,"column":37}},"17":{"start":{"line":18,"column":0},"end":{"line":18,"column":66}},"18":{"start":{"line":19,"column":0},"end":{"line":19,"column":38}},"19":{"start":{"line":20,"column":0},"end":{"line":20,"column":20}},"20":{"start":{"line":21,"column":0},"end":{"line":21,"column":43}},"21":{"start":{"line":22,"column":0},"end":{"line":22,"column":71}},"28":{"start":{"line":29,"column":0},"end":{"line":29,"column":14}},"29":{"start":{"line":30,"column":0},"end":{"line":30,"column":10}},"30":{"start":{"line":31,"column":0},"end":{"line":31,"column":48}},"31":{"start":{"line":32,"column":0},"end":{"line":32,"column":23}},"32":{"start":{"line":33,"column":0},"end":{"line":33,"column":35}},"33":{"start":{"line":34,"column":0},"end":{"line":34,"column":13}},"34":{"start":{"line":35,"column":0},"end":{"line":35,"column":52}},"35":{"start":{"line":36,"column":0},"end":{"line":36,"column":8}},"36":{"start":{"line":37,"column":0},"end":{"line":37,"column":7}},"37":{"start":{"line":38,"column":0},"end":{"line":38,"column":3}},"38":{"start":{"line":39,"column":0},"end":{"line":39,"column":1}},"44":{"start":{"line":45,"column":0},"end":{"line":45,"column":75}},"45":{"start":{"line":46,"column":0},"end":{"line":46,"column":40}}},"s":{"1":1,"2":1,"3":1,"4":1,"17":1,"18":13,"19":13,"20":13,"21":13,"28":12,"29":12,"30":12,"31":12,"32":12,"33":4,"34":4,"35":4,"36":12,"37":12,"38":12,"44":1,"45":2},"branchMap":{"0":{"type":"branch","line":18,"loc":{"start":{"line":18,"column":62},"end":{"line":39,"column":1}},"locations":[{"start":{"line":18,"column":62},"end":{"line":39,"column":1}}]},"1":{"type":"branch","line":22,"loc":{"start":{"line":22,"column":4},"end":{"line":22,"column":71}},"locations":[{"start":{"line":22,"column":4},"end":{"line":22,"column":71}}]},"2":{"type":"branch","line":22,"loc":{"start":{"line":22,"column":70},"end":{"line":39,"column":1}},"locations":[{"start":{"line":22,"column":70},"end":{"line":39,"column":1}}]},"3":{"type":"branch","line":33,"loc":{"start":{"line":33,"column":16},"end":{"line":36,"column":8}},"locations":[{"start":{"line":33,"column":16},"end":{"line":36,"column":8}}]},"4":{"type":"branch","line":45,"loc":{"start":{"line":45,"column":68},"end":{"line":46,"column":40}},"locations":[{"start":{"line":45,"column":68},"end":{"line":46,"column":40}}]}},"b":{"0":[13],"1":[1],"2":[12],"3":[4],"4":[2]},"fnMap":{"0":{"name":"unsafeEncodeFold","decl":{"start":{"line":18,"column":62},"end":{"line":39,"column":1}},"loc":{"start":{"line":18,"column":62},"end":{"line":39,"column":1}},"line":18},"1":{"name":"onBranch","decl":{"start":{"line":33,"column":16},"end":{"line":36,"column":8}},"loc":{"start":{"line":33,"column":16},"end":{"line":36,"column":8}},"line":33},"2":{"name":"encode","decl":{"start":{"line":45,"column":68},"end":{"line":46,"column":40}},"loc":{"start":{"line":45,"column":68},"end":{"line":46,"column":40}},"line":45}},"f":{"0":13,"1":4,"2":2}}
,"/home/eilara/projects/effect-tree/src/codec/edges/decode.ts": {"path":"/home/eilara/projects/effect-tree/src/codec/edges/decode.ts","all":false,"statementMap":{"0":{"start":{"line":1,"column":0},"end":{"line":1,"column":62}},"1":{"start":{"line":2,"column":0},"end":{"line":2,"column":31}},"2":{"start":{"line":3,"column":0},"end":{"line":3,"column":40}},"3":{"start":{"line":4,"column":0},"end":{"line":4,"column":37}},"4":{"start":{"line":5,"column":0},"end":{"line":5,"column":51}},"11":{"start":{"line":12,"column":0},"end":{"line":12,"column":70}},"12":{"start":{"line":13,"column":0},"end":{"line":13,"column":46}},"13":{"start":{"line":14,"column":0},"end":{"line":14,"column":14}},"14":{"start":{"line":15,"column":0},"end":{"line":15,"column":13}},"15":{"start":{"line":16,"column":0},"end":{"line":16,"column":17}},"16":{"start":{"line":17,"column":0},"end":{"line":17,"column":39}},"17":{"start":{"line":18,"column":0},"end":{"line":18,"column":75}},"18":{"start":{"line":19,"column":0},"end":{"line":19,"column":7}},"19":{"start":{"line":20,"column":0},"end":{"line":20,"column":3}},"20":{"start":{"line":21,"column":0},"end":{"line":21,"column":1}},"23":{"start":{"line":24,"column":0},"end":{"line":24,"column":48}},"24":{"start":{"line":25,"column":0},"end":{"line":25,"column":47}},"27":{"start":{"line":28,"column":0},"end":{"line":28,"column":65}},"28":{"start":{"line":29,"column":0},"end":{"line":29,"column":15}},"29":{"start":{"line":30,"column":0},"end":{"line":30,"column":12}},"30":{"start":{"line":31,"column":0},"end":{"line":31,"column":1}}},"s":{"0":1,"1":1,"2":1,"3":1,"4":1,"11":1,"12":2112,"13":2112,"14":2112,"15":2112,"16":2112,"17":2112,"18":2112,"19":2112,"20":2112,"23":1,"24":440,"27":1,"28":1,"29":1,"30":1},"branchMap":{"0":{"type":"branch","line":12,"loc":{"start":{"line":12,"column":62},"end":{"line":21,"column":1}},"locations":[{"start":{"line":12,"column":62},"end":{"line":21,"column":1}}]},"1":{"type":"branch","line":17,"loc":{"start":{"line":17,"column":15},"end":{"line":17,"column":39}},"locations":[{"start":{"line":17,"column":15},"end":{"line":17,"column":39}}]},"2":{"type":"branch","line":24,"loc":{"start":{"line":24,"column":25},"end":{"line":25,"column":47}},"locations":[{"start":{"line":24,"column":25},"end":{"line":25,"column":47}}]}},"b":{"0":[2112],"1":[1087],"2":[440]},"fnMap":{"0":{"name":"decodeUnfold","decl":{"start":{"line":12,"column":62},"end":{"line":21,"column":1}},"loc":{"start":{"line":12,"column":62},"end":{"line":21,"column":1}},"line":12},"1":{"name":"onEmpty","decl":{"start":{"line":17,"column":15},"end":{"line":17,"column":39}},"loc":{"start":{"line":17,"column":15},"end":{"line":17,"column":39}},"line":17},"2":{"name":"decodeMap","decl":{"start":{"line":24,"column":25},"end":{"line":25,"column":47}},"loc":{"start":{"line":24,"column":25},"end":{"line":25,"column":47}},"line":24}},"f":{"0":2112,"1":1087,"2":440}}
,"/home/eilara/projects/effect-tree/src/codec/edges/encode.ts": {"path":"/home/eilara/projects/effect-tree/src/codec/edges/encode.ts","all":false,"statementMap":{"0":{"start":{"line":1,"column":0},"end":{"line":1,"column":59}},"1":{"start":{"line":2,"column":0},"end":{"line":2,"column":31}},"2":{"start":{"line":3,"column":0},"end":{"line":3,"column":40}},"3":{"start":{"line":4,"column":0},"end":{"line":4,"column":37}},"4":{"start":{"line":5,"column":0},"end":{"line":5,"column":48}},"11":{"start":{"line":12,"column":0},"end":{"line":12,"column":72}},"12":{"start":{"line":13,"column":0},"end":{"line":13,"column":39}},"13":{"start":{"line":14,"column":0},"end":{"line":14,"column":29}},"14":{"start":{"line":15,"column":0},"end":{"line":15,"column":9}},"15":{"start":{"line":16,"column":0},"end":{"line":16,"column":13}},"16":{"start":{"line":17,"column":0},"end":{"line":17,"column":63}},"17":{"start":{"line":18,"column":0},"end":{"line":18,"column":40}},"18":{"start":{"line":19,"column":0},"end":{"line":19,"column":6}},"19":{"start":{"line":20,"column":0},"end":{"line":20,"column":2}},"60":{"start":{"line":61,"column":0},"end":{"line":61,"column":77}},"63":{"start":{"line":64,"column":0},"end":{"line":64,"column":60}},"64":{"start":{"line":65,"column":0},"end":{"line":65,"column":9}},"65":{"start":{"line":66,"column":0},"end":{"line":66,"column":15}},"66":{"start":{"line":67,"column":0},"end":{"line":67,"column":1}}},"s":{"0":1,"1":1,"2":1,"3":1,"4":1,"11":1,"12":1,"13":1,"14":49,"15":49,"16":49,"17":49,"18":49,"19":1,"60":1,"63":1,"64":1,"65":1,"66":1},"branchMap":{"0":{"type":"branch","line":13,"loc":{"start":{"line":13,"column":10},"end":{"line":13,"column":39}},"locations":[{"start":{"line":13,"column":10},"end":{"line":13,"column":39}}]},"1":{"type":"branch","line":14,"loc":{"start":{"line":14,"column":12},"end":{"line":19,"column":6}},"locations":[{"start":{"line":14,"column":12},"end":{"line":19,"column":6}}]}},"b":{"0":[131],"1":[49]},"fnMap":{"0":{"name":"onLeaf","decl":{"start":{"line":13,"column":10},"end":{"line":13,"column":39}},"loc":{"start":{"line":13,"column":10},"end":{"line":13,"column":39}},"line":13},"1":{"name":"onBranch","decl":{"start":{"line":14,"column":12},"end":{"line":19,"column":6}},"loc":{"start":{"line":14,"column":12},"end":{"line":19,"column":6}},"line":14}},"f":{"0":131,"1":49}}
,"/home/eilara/projects/effect-tree/src/codec/edges/map.ts": {"path":"/home/eilara/projects/effect-tree/src/codec/edges/map.ts","all":false,"statementMap":{"0":{"start":{"line":1,"column":0},"end":{"line":1,"column":8}},"22":{"start":{"line":23,"column":0},"end":{"line":23,"column":66}},"23":{"start":{"line":24,"column":0},"end":{"line":24,"column":58}},"27":{"start":{"line":28,"column":0},"end":{"line":28,"column":75}},"28":{"start":{"line":29,"column":0},"end":{"line":29,"column":7}},"29":{"start":{"line":30,"column":0},"end":{"line":30,"column":35}},"30":{"start":{"line":31,"column":0},"end":{"line":31,"column":16}},"31":{"start":{"line":32,"column":0},"end":{"line":32,"column":24}},"32":{"start":{"line":33,"column":0},"end":{"line":33,"column":27}},"33":{"start":{"line":34,"column":0},"end":{"line":34,"column":20}},"34":{"start":{"line":35,"column":0},"end":{"line":35,"column":3}},"40":{"start":{"line":41,"column":0},"end":{"line":41,"column":78}},"41":{"start":{"line":42,"column":0},"end":{"line":42,"column":18}},"42":{"start":{"line":43,"column":0},"end":{"line":43,"column":3}},"43":{"start":{"line":44,"column":0},"end":{"line":44,"column":12}},"44":{"start":{"line":45,"column":0},"end":{"line":45,"column":16}},"45":{"start":{"line":46,"column":0},"end":{"line":46,"column":12}},"46":{"start":{"line":47,"column":0},"end":{"line":47,"column":11}},"47":{"start":{"line":48,"column":0},"end":{"line":48,"column":15}},"48":{"start":{"line":49,"column":0},"end":{"line":49,"column":22}},"49":{"start":{"line":50,"column":0},"end":{"line":50,"column":36}},"50":{"start":{"line":51,"column":0},"end":{"line":51,"column":39}},"51":{"start":{"line":52,"column":0},"end":{"line":52,"column":11}},"52":{"start":{"line":53,"column":0},"end":{"line":53,"column":15}},"53":{"start":{"line":54,"column":0},"end":{"line":54,"column":6}},"54":{"start":{"line":55,"column":0},"end":{"line":55,"column":4}},"55":{"start":{"line":56,"column":0},"end":{"line":56,"column":1}},"58":{"start":{"line":59,"column":0},"end":{"line":59,"column":46}},"59":{"start":{"line":60,"column":0},"end":{"line":60,"column":18}},"60":{"start":{"line":61,"column":0},"end":{"line":61,"column":22}},"61":{"start":{"line":62,"column":0},"end":{"line":62,"column":7}},"62":{"start":{"line":63,"column":0},"end":{"line":63,"column":18}},"63":{"start":{"line":64,"column":0},"end":{"line":64,"column":3}},"64":{"start":{"line":65,"column":0},"end":{"line":65,"column":12}},"65":{"start":{"line":66,"column":0},"end":{"line":66,"column":19}},"66":{"start":{"line":67,"column":0},"end":{"line":67,"column":15}},"67":{"start":{"line":68,"column":0},"end":{"line":68,"column":11}},"68":{"start":{"line":69,"column":0},"end":{"line":69,"column":15}},"69":{"start":{"line":70,"column":0},"end":{"line":70,"column":22}},"70":{"start":{"line":71,"column":0},"end":{"line":71,"column":62}},"71":{"start":{"line":72,"column":0},"end":{"line":72,"column":55}},"72":{"start":{"line":73,"column":0},"end":{"line":73,"column":11}},"73":{"start":{"line":74,"column":0},"end":{"line":74,"column":8}},"74":{"start":{"line":75,"column":0},"end":{"line":75,"column":6}},"75":{"start":{"line":76,"column":0},"end":{"line":76,"column":4}},"76":{"start":{"line":77,"column":0},"end":{"line":77,"column":1}},"79":{"start":{"line":80,"column":0},"end":{"line":80,"column":49}},"80":{"start":{"line":81,"column":0},"end":{"line":81,"column":18}},"81":{"start":{"line":82,"column":0},"end":{"line":82,"column":24}},"82":{"start":{"line":83,"column":0},"end":{"line":83,"column":7}},"83":{"start":{"line":84,"column":0},"end":{"line":84,"column":18}},"84":{"start":{"line":85,"column":0},"end":{"line":85,"column":3}},"85":{"start":{"line":86,"column":0},"end":{"line":86,"column":12}},"86":{"start":{"line":87,"column":0},"end":{"line":87,"column":21}},"87":{"start":{"line":88,"column":0},"end":{"line":88,"column":13}},"88":{"start":{"line":89,"column":0},"end":{"line":89,"column":20}},"89":{"start":{"line":90,"column":0},"end":{"line":90,"column":33}},"90":{"start":{"line":91,"column":0},"end":{"line":91,"column":45}},"91":{"start":{"line":92,"column":0},"end":{"line":92,"column":9}},"92":{"start":{"line":93,"column":0},"end":{"line":93,"column":6}},"93":{"start":{"line":94,"column":0},"end":{"line":94,"column":4}},"94":{"start":{"line":95,"column":0},"end":{"line":95,"column":1}},"96":{"start":{"line":97,"column":0},"end":{"line":97,"column":17}},"97":{"start":{"line":98,"column":0},"end":{"line":98,"column":6}},"98":{"start":{"line":99,"column":0},"end":{"line":99,"column":36}},"99":{"start":{"line":100,"column":0},"end":{"line":100,"column":13}},"101":{"start":{"line":102,"column":0},"end":{"line":102,"column":11}},"102":{"start":{"line":103,"column":0},"end":{"line":103,"column":9}},"103":{"start":{"line":104,"column":0},"end":{"line":104,"column":17}},"104":{"start":{"line":105,"column":0},"end":{"line":105,"column":23}},"105":{"start":{"line":106,"column":0},"end":{"line":106,"column":15}},"106":{"start":{"line":107,"column":0},"end":{"line":107,"column":13}},"107":{"start":{"line":108,"column":0},"end":{"line":108,"column":77}},"108":{"start":{"line":109,"column":0},"end":{"line":109,"column":22}},"109":{"start":{"line":110,"column":0},"end":{"line":110,"column":10}},"110":{"start":{"line":111,"column":0},"end":{"line":111,"column":8}},"111":{"start":{"line":112,"column":0},"end":{"line":112,"column":5}},"114":{"start":{"line":115,"column":0},"end":{"line":115,"column":29}},"115":{"start":{"line":116,"column":0},"end":{"line":116,"column":25}},"116":{"start":{"line":117,"column":0},"end":{"line":117,"column":28}},"117":{"start":{"line":118,"column":0},"end":{"line":118,"column":30}},"118":{"start":{"line":119,"column":0},"end":{"line":119,"column":2}}},"s":{"0":1,"22":1,"23":443,"27":1,"28":2119,"29":2119,"30":2119,"31":2119,"32":2119,"33":2119,"34":2119,"40":1,"41":2119,"42":2119,"43":2119,"44":2119,"45":2119,"46":2119,"47":2119,"48":2119,"49":2119,"50":2119,"51":2119,"52":2119,"53":2119,"54":2119,"55":2119,"58":1,"59":2119,"60":2119,"61":2119,"62":2119,"63":2119,"64":2119,"65":2119,"66":2119,"67":2119,"68":2119,"69":2119,"70":2119,"71":2119,"72":2119,"73":2119,"74":2119,"75":2119,"76":2119,"79":1,"80":2119,"81":2119,"82":2119,"83":2119,"84":2119,"85":2119,"86":2119,"87":2119,"88":2119,"89":2119,"90":2119,"91":2119,"92":2119,"93":2119,"94":2119,"96":1,"97":1,"98":2119,"99":2119,"101":2119,"102":1676,"103":1676,"104":1676,"105":1676,"106":1676,"107":1676,"108":1676,"109":1676,"110":1676,"111":1676,"114":1,"115":443,"116":443,"117":443,"118":443},"branchMap":{"0":{"type":"branch","line":23,"loc":{"start":{"line":23,"column":28},"end":{"line":24,"column":58}},"locations":[{"start":{"line":23,"column":28},"end":{"line":24,"column":58}}]},"1":{"type":"branch","line":28,"loc":{"start":{"line":28,"column":19},"end":{"line":35,"column":3}},"locations":[{"start":{"line":28,"column":19},"end":{"line":35,"column":3}}]},"2":{"type":"branch","line":41,"loc":{"start":{"line":41,"column":36},"end":{"line":56,"column":1}},"locations":[{"start":{"line":41,"column":36},"end":{"line":56,"column":1}}]},"3":{"type":"branch","line":50,"loc":{"start":{"line":50,"column":18},"end":{"line":50,"column":36}},"locations":[{"start":{"line":50,"column":18},"end":{"line":50,"column":36}}]},"4":{"type":"branch","line":51,"loc":{"start":{"line":51,"column":18},"end":{"line":51,"column":39}},"locations":[{"start":{"line":51,"column":18},"end":{"line":51,"column":39}}]},"5":{"type":"branch","line":59,"loc":{"start":{"line":59,"column":44},"end":{"line":77,"column":1}},"locations":[{"start":{"line":59,"column":44},"end":{"line":77,"column":1}}]},"6":{"type":"branch","line":71,"loc":{"start":{"line":71,"column":18},"end":{"line":71,"column":62}},"locations":[{"start":{"line":71,"column":18},"end":{"line":71,"column":62}}]},"7":{"type":"branch","line":72,"loc":{"start":{"line":72,"column":18},"end":{"line":72,"column":55}},"locations":[{"start":{"line":72,"column":18},"end":{"line":72,"column":55}}]},"8":{"type":"branch","line":80,"loc":{"start":{"line":80,"column":47},"end":{"line":95,"column":1}},"locations":[{"start":{"line":80,"column":47},"end":{"line":95,"column":1}}]},"9":{"type":"branch","line":90,"loc":{"start":{"line":90,"column":16},"end":{"line":90,"column":33}},"locations":[{"start":{"line":90,"column":16},"end":{"line":90,"column":33}}]},"10":{"type":"branch","line":98,"loc":{"start":{"line":98,"column":2},"end":{"line":112,"column":5}},"locations":[{"start":{"line":98,"column":2},"end":{"line":112,"column":5}}]},"11":{"type":"branch","line":102,"loc":{"start":{"line":102,"column":2},"end":{"line":112,"column":5}},"locations":[{"start":{"line":102,"column":2},"end":{"line":112,"column":5}}]},"12":{"type":"branch","line":108,"loc":{"start":{"line":108,"column":32},"end":{"line":108,"column":47}},"locations":[{"start":{"line":108,"column":32},"end":{"line":108,"column":47}}]},"13":{"type":"branch","line":115,"loc":{"start":{"line":115,"column":21},"end":{"line":119,"column":2}},"locations":[{"start":{"line":115,"column":21},"end":{"line":119,"column":2}}]}},"b":{"0":[443],"1":[2119],"2":[2119],"3":[443],"4":[1676],"5":[2119],"6":[443],"7":[1676],"8":[2119],"9":[443],"10":[2119],"11":[1676],"12":[1028],"13":[443]},"fnMap":{"0":{"name":"indexParents","decl":{"start":{"line":23,"column":28},"end":{"line":24,"column":58}},"loc":{"start":{"line":23,"column":28},"end":{"line":24,"column":58}},"line":23},"1":{"name":"addEdgeMap","decl":{"start":{"line":28,"column":19},"end":{"line":35,"column":3}},"loc":{"start":{"line":28,"column":19},"end":{"line":35,"column":3}},"line":28},"2":{"name":"updateRoots","decl":{"start":{"line":41,"column":36},"end":{"line":56,"column":1}},"loc":{"start":{"line":41,"column":36},"end":{"line":56,"column":1}},"line":41},"3":{"name":"onNone","decl":{"start":{"line":50,"column":18},"end":{"line":50,"column":36}},"loc":{"start":{"line":50,"column":18},"end":{"line":50,"column":36}},"line":50},"4":{"name":"onSome","decl":{"start":{"line":51,"column":18},"end":{"line":51,"column":39}},"loc":{"start":{"line":51,"column":18},"end":{"line":51,"column":39}},"line":51},"5":{"name":"updateChildToParent","decl":{"start":{"line":59,"column":44},"end":{"line":77,"column":1}},"loc":{"start":{"line":59,"column":44},"end":{"line":77,"column":1}},"line":59},"6":{"name":"onNone","decl":{"start":{"line":71,"column":18},"end":{"line":71,"column":62}},"loc":{"start":{"line":71,"column":18},"end":{"line":71,"column":62}},"line":71},"7":{"name":"onSome","decl":{"start":{"line":72,"column":18},"end":{"line":72,"column":55}},"loc":{"start":{"line":72,"column":18},"end":{"line":72,"column":55}},"line":72},"8":{"name":"updateParentToChildren","decl":{"start":{"line":80,"column":47},"end":{"line":95,"column":1}},"loc":{"start":{"line":80,"column":47},"end":{"line":95,"column":1}},"line":80},"9":{"name":"onNone","decl":{"start":{"line":90,"column":16},"end":{"line":90,"column":33}},"loc":{"start":{"line":90,"column":16},"end":{"line":90,"column":33}},"line":90},"10":{"name":"addParent","decl":{"start":{"line":98,"column":2},"end":{"line":112,"column":5}},"loc":{"start":{"line":98,"column":2},"end":{"line":112,"column":5}},"line":98},"11":{"name":"onNone","decl":{"start":{"line":108,"column":32},"end":{"line":108,"column":47}},"loc":{"start":{"line":108,"column":32},"end":{"line":108,"column":47}},"line":108},"12":{"name":"emptyEdgeMap","decl":{"start":{"line":115,"column":21},"end":{"line":119,"column":2}},"loc":{"start":{"line":115,"column":21},"end":{"line":119,"column":2}},"line":115}},"f":{"0":443,"1":2119,"2":2119,"3":443,"4":1676,"5":2119,"6":443,"7":1676,"8":2119,"9":443,"10":2119,"11":1028,"12":443}}
,"/home/eilara/projects/effect-tree/src/codec/edges/ops.ts": {"path":"/home/eilara/projects/effect-tree/src/codec/edges/ops.ts","all":false,"statementMap":{"0":{"start":{"line":1,"column":0},"end":{"line":1,"column":8}},"17":{"start":{"line":18,"column":0},"end":{"line":18,"column":69}},"18":{"start":{"line":19,"column":0},"end":{"line":19,"column":8}},"19":{"start":{"line":20,"column":0},"end":{"line":20,"column":16}},"20":{"start":{"line":21,"column":0},"end":{"line":21,"column":1}},"26":{"start":{"line":27,"column":0},"end":{"line":27,"column":73}},"27":{"start":{"line":28,"column":0},"end":{"line":28,"column":6}},"28":{"start":{"line":29,"column":0},"end":{"line":29,"column":36}},"35":{"start":{"line":36,"column":0},"end":{"line":36,"column":35}},"36":{"start":{"line":37,"column":0},"end":{"line":37,"column":8}},"37":{"start":{"line":38,"column":0},"end":{"line":38,"column":13}},"38":{"start":{"line":39,"column":0},"end":{"line":39,"column":29}},"39":{"start":{"line":40,"column":0},"end":{"line":40,"column":38}},"44":{"start":{"line":45,"column":0},"end":{"line":45,"column":10}},"45":{"start":{"line":46,"column":0},"end":{"line":46,"column":9}},"46":{"start":{"line":47,"column":0},"end":{"line":47,"column":9}},"47":{"start":{"line":48,"column":0},"end":{"line":48,"column":17}},"48":{"start":{"line":49,"column":0},"end":{"line":49,"column":24}},"49":{"start":{"line":50,"column":0},"end":{"line":50,"column":33}},"50":{"start":{"line":51,"column":0},"end":{"line":51,"column":6}},"51":{"start":{"line":52,"column":0},"end":{"line":52,"column":3}},"52":{"start":{"line":53,"column":0},"end":{"line":53,"column":1}},"58":{"start":{"line":59,"column":0},"end":{"line":59,"column":25}},"59":{"start":{"line":60,"column":0},"end":{"line":60,"column":25}},"60":{"start":{"line":61,"column":0},"end":{"line":61,"column":74}},"66":{"start":{"line":67,"column":0},"end":{"line":67,"column":37}},"68":{"start":{"line":69,"column":0},"end":{"line":69,"column":54}},"69":{"start":{"line":70,"column":0},"end":{"line":70,"column":63}},"75":{"start":{"line":76,"column":0},"end":{"line":76,"column":41}},"77":{"start":{"line":78,"column":0},"end":{"line":78,"column":54}},"78":{"start":{"line":79,"column":0},"end":{"line":79,"column":57}},"84":{"start":{"line":85,"column":0},"end":{"line":85,"column":27}},"85":{"start":{"line":86,"column":0},"end":{"line":86,"column":27}},"86":{"start":{"line":87,"column":0},"end":{"line":87,"column":39}},"87":{"start":{"line":88,"column":0},"end":{"line":88,"column":66}},"94":{"start":{"line":95,"column":0},"end":{"line":95,"column":23}},"96":{"start":{"line":97,"column":0},"end":{"line":97,"column":49}},"97":{"start":{"line":98,"column":0},"end":{"line":98,"column":45}},"98":{"start":{"line":99,"column":0},"end":{"line":99,"column":1}}},"s":{"0":1,"17":1,"18":540,"19":540,"20":540,"26":1,"27":1,"28":49,"35":1,"36":2112,"37":2112,"38":2112,"39":2112,"44":2112,"45":2112,"46":2112,"47":2112,"48":2112,"49":2112,"50":2112,"51":2112,"52":2112,"58":1,"59":1,"60":2112,"66":1,"68":1,"69":1,"75":1,"77":1,"78":1,"84":1,"85":1,"86":360,"87":360,"94":1,"96":1,"97":1,"98":1},"branchMap":{"0":{"type":"branch","line":18,"loc":{"start":{"line":18,"column":28},"end":{"line":21,"column":1}},"locations":[{"start":{"line":18,"column":28},"end":{"line":21,"column":1}}]},"1":{"type":"branch","line":28,"loc":{"start":{"line":28,"column":2},"end":{"line":29,"column":36}},"locations":[{"start":{"line":28,"column":2},"end":{"line":29,"column":36}}]},"2":{"type":"branch","line":29,"loc":{"start":{"line":29,"column":2},"end":{"line":29,"column":36}},"locations":[{"start":{"line":29,"column":2},"end":{"line":29,"column":36}}]},"3":{"type":"branch","line":36,"loc":{"start":{"line":36,"column":30},"end":{"line":53,"column":1}},"locations":[{"start":{"line":36,"column":30},"end":{"line":53,"column":1}}]},"4":{"type":"branch","line":42,"loc":{"start":{"line":42,"column":26},"end":{"line":42,"column":63}},"locations":[{"start":{"line":42,"column":26},"end":{"line":42,"column":63}}]},"5":{"type":"branch","line":43,"loc":{"start":{"line":43,"column":33},"end":{"line":43,"column":70}},"locations":[{"start":{"line":43,"column":33},"end":{"line":43,"column":70}}]},"6":{"type":"branch","line":50,"loc":{"start":{"line":50,"column":23},"end":{"line":50,"column":31}},"locations":[{"start":{"line":50,"column":23},"end":{"line":50,"column":31}}]},"7":{"type":"branch","line":60,"loc":{"start":{"line":60,"column":2},"end":{"line":61,"column":74}},"locations":[{"start":{"line":60,"column":2},"end":{"line":61,"column":74}}]},"8":{"type":"branch","line":61,"loc":{"start":{"line":61,"column":2},"end":{"line":61,"column":74}},"locations":[{"start":{"line":61,"column":2},"end":{"line":61,"column":74}}]},"9":{"type":"branch","line":69,"loc":{"start":{"line":69,"column":44},"end":{"line":70,"column":63}},"locations":[{"start":{"line":69,"column":44},"end":{"line":70,"column":63}}]},"10":{"type":"branch","line":78,"loc":{"start":{"line":78,"column":44},"end":{"line":79,"column":57}},"locations":[{"start":{"line":78,"column":44},"end":{"line":79,"column":57}}]},"11":{"type":"branch","line":86,"loc":{"start":{"line":86,"column":2},"end":{"line":88,"column":66}},"locations":[{"start":{"line":86,"column":2},"end":{"line":88,"column":66}}]},"12":{"type":"branch","line":87,"loc":{"start":{"line":87,"column":2},"end":{"line":88,"column":66}},"locations":[{"start":{"line":87,"column":2},"end":{"line":88,"column":66}}]}},"b":{"0":[540],"1":[49],"2":[74],"3":[2112],"4":[1],"5":[1],"6":[1087],"7":[2112],"8":[1672],"9":[1],"10":[1],"11":[360],"12":[360]},"fnMap":{"0":{"name":"rootTreeEdge","decl":{"start":{"line":18,"column":28},"end":{"line":21,"column":1}},"loc":{"start":{"line":18,"column":28},"end":{"line":21,"column":1}},"line":18},"1":{"name":"setParent","decl":{"start":{"line":28,"column":2},"end":{"line":29,"column":36}},"loc":{"start":{"line":28,"column":2},"end":{"line":29,"column":36}},"line":28},"2":{"name":"getMapChildren","decl":{"start":{"line":36,"column":30},"end":{"line":53,"column":1}},"loc":{"start":{"line":36,"column":30},"end":{"line":53,"column":1}},"line":36},"3":{"name":"setMapRoot","decl":{"start":{"line":60,"column":2},"end":{"line":61,"column":74}},"loc":{"start":{"line":60,"column":2},"end":{"line":61,"column":74}},"line":60},"4":{"name":"getEdgeEquivalence","decl":{"start":{"line":69,"column":44},"end":{"line":70,"column":63}},"loc":{"start":{"line":69,"column":44},"end":{"line":70,"column":63}},"line":69},"5":{"name":"getEdgeListEquivalence","decl":{"start":{"line":78,"column":44},"end":{"line":79,"column":57}},"loc":{"start":{"line":78,"column":44},"end":{"line":79,"column":57}},"line":78},"6":{"name":"sortEdgeList","decl":{"start":{"line":86,"column":2},"end":{"line":88,"column":66}},"loc":{"start":{"line":86,"column":2},"end":{"line":88,"column":66}},"line":86}},"f":{"0":540,"1":49,"2":2112,"3":2112,"4":1,"5":1,"6":360}}
,"/home/eilara/projects/effect-tree/src/codec/indented/index.ts": {"path":"/home/eilara/projects/effect-tree/src/codec/indented/index.ts","all":false,"statementMap":{"0":{"start":{"line":1,"column":0},"end":{"line":1,"column":54}},"1":{"start":{"line":2,"column":0},"end":{"line":2,"column":59}},"2":{"start":{"line":3,"column":0},"end":{"line":3,"column":31}},"3":{"start":{"line":4,"column":0},"end":{"line":4,"column":41}},"11":{"start":{"line":12,"column":0},"end":{"line":12,"column":21}},"12":{"start":{"line":13,"column":0},"end":{"line":13,"column":21}},"13":{"start":{"line":14,"column":0},"end":{"line":14,"column":52}},"14":{"start":{"line":15,"column":0},"end":{"line":15,"column":51}},"16":{"start":{"line":17,"column":0},"end":{"line":17,"column":16}},"17":{"start":{"line":18,"column":0},"end":{"line":18,"column":16}},"18":{"start":{"line":19,"column":0},"end":{"line":19,"column":59}},"19":{"start":{"line":20,"column":0},"end":{"line":20,"column":16}},"20":{"start":{"line":21,"column":0},"end":{"line":21,"column":23}},"21":{"start":{"line":22,"column":0},"end":{"line":22,"column":73}},"22":{"start":{"line":23,"column":0},"end":{"line":23,"column":8}},"23":{"start":{"line":24,"column":0},"end":{"line":24,"column":5}},"24":{"start":{"line":25,"column":0},"end":{"line":25,"column":3}},"30":{"start":{"line":31,"column":0},"end":{"line":31,"column":77}},"31":{"start":{"line":32,"column":0},"end":{"line":32,"column":31}},"32":{"start":{"line":33,"column":0},"end":{"line":33,"column":62}},"34":{"start":{"line":35,"column":0},"end":{"line":35,"column":49}},"35":{"start":{"line":36,"column":0},"end":{"line":36,"column":76}},"36":{"start":{"line":37,"column":0},"end":{"line":37,"column":57}},"37":{"start":{"line":38,"column":0},"end":{"line":38,"column":12}},"38":{"start":{"line":39,"column":0},"end":{"line":39,"column":73}},"39":{"start":{"line":40,"column":0},"end":{"line":40,"column":5}},"41":{"start":{"line":42,"column":0},"end":{"line":42,"column":52}},"42":{"start":{"line":43,"column":0},"end":{"line":43,"column":1}},"49":{"start":{"line":50,"column":0},"end":{"line":50,"column":38}},"50":{"start":{"line":51,"column":0},"end":{"line":51,"column":17}},"51":{"start":{"line":52,"column":0},"end":{"line":52,"column":9}},"52":{"start":{"line":53,"column":0},"end":{"line":53,"column":9}},"53":{"start":{"line":54,"column":0},"end":{"line":54,"column":55}},"56":{"start":{"line":57,"column":0},"end":{"line":57,"column":6}},"57":{"start":{"line":58,"column":0},"end":{"line":58,"column":53}},"59":{"start":{"line":60,"column":0},"end":{"line":60,"column":66}},"61":{"start":{"line":62,"column":0},"end":{"line":62,"column":44}},"62":{"start":{"line":63,"column":0},"end":{"line":63,"column":30}},"63":{"start":{"line":64,"column":0},"end":{"line":64,"column":68}},"64":{"start":{"line":65,"column":0},"end":{"line":65,"column":18}},"65":{"start":{"line":66,"column":0},"end":{"line":66,"column":18}},"66":{"start":{"line":67,"column":0},"end":{"line":67,"column":8}},"67":{"start":{"line":68,"column":0},"end":{"line":68,"column":45}},"69":{"start":{"line":70,"column":0},"end":{"line":70,"column":36}},"70":{"start":{"line":71,"column":0},"end":{"line":71,"column":1}},"72":{"start":{"line":73,"column":0},"end":{"line":73,"column":50}},"73":{"start":{"line":74,"column":0},"end":{"line":74,"column":63}}},"s":{"0":1,"1":1,"2":1,"3":1,"11":1,"12":1,"13":3,"14":3,"16":102,"17":102,"18":102,"19":102,"20":102,"21":255,"22":102,"23":102,"24":102,"30":1,"31":83,"32":83,"34":27,"35":27,"36":27,"37":27,"38":27,"39":27,"41":27,"42":27,"49":1,"50":156,"51":156,"52":156,"53":156,"56":156,"57":156,"59":46,"61":46,"62":156,"63":137,"64":54,"65":54,"66":54,"67":83,"69":46,"70":46,"72":1,"73":183},"branchMap":{"0":{"type":"branch","line":13,"loc":{"start":{"line":13,"column":2},"end":{"line":25,"column":3}},"locations":[{"start":{"line":13,"column":2},"end":{"line":25,"column":3}}]},"1":{"type":"branch","line":14,"loc":{"start":{"line":14,"column":2},"end":{"line":25,"column":3}},"locations":[{"start":{"line":14,"column":2},"end":{"line":25,"column":3}}]},"2":{"type":"branch","line":15,"loc":{"start":{"line":15,"column":2},"end":{"line":25,"column":3}},"locations":[{"start":{"line":15,"column":2},"end":{"line":25,"column":3}}]},"3":{"type":"branch","line":21,"loc":{"start":{"line":21,"column":8},"end":{"line":22,"column":73}},"locations":[{"start":{"line":21,"column":8},"end":{"line":22,"column":73}}]},"4":{"type":"branch","line":31,"loc":{"start":{"line":31,"column":22},"end":{"line":43,"column":1}},"locations":[{"start":{"line":31,"column":22},"end":{"line":43,"column":1}}]},"5":{"type":"branch","line":33,"loc":{"start":{"line":33,"column":28},"end":{"line":33,"column":62}},"locations":[{"start":{"line":33,"column":28},"end":{"line":33,"column":62}}]},"6":{"type":"branch","line":33,"loc":{"start":{"line":33,"column":61},"end":{"line":43,"column":1}},"locations":[{"start":{"line":33,"column":61},"end":{"line":43,"column":1}}]},"7":{"type":"branch","line":36,"loc":{"start":{"line":36,"column":19},"end":{"line":36,"column":76}},"locations":[{"start":{"line":36,"column":19},"end":{"line":36,"column":76}}]},"8":{"type":"branch","line":39,"loc":{"start":{"line":39,"column":16},"end":{"line":39,"column":71}},"locations":[{"start":{"line":39,"column":16},"end":{"line":39,"column":71}}]},"9":{"type":"branch","line":50,"loc":{"start":{"line":50,"column":36},"end":{"line":71,"column":1}},"locations":[{"start":{"line":50,"column":36},"end":{"line":71,"column":1}}]},"10":{"type":"branch","line":58,"loc":{"start":{"line":58,"column":28},"end":{"line":58,"column":53}},"locations":[{"start":{"line":58,"column":28},"end":{"line":58,"column":53}}]},"11":{"type":"branch","line":58,"loc":{"start":{"line":58,"column":52},"end":{"line":63,"column":8}},"locations":[{"start":{"line":58,"column":52},"end":{"line":63,"column":8}}]},"12":{"type":"branch","line":63,"loc":{"start":{"line":63,"column":4},"end":{"line":68,"column":45}},"locations":[{"start":{"line":63,"column":4},"end":{"line":68,"column":45}}]},"13":{"type":"branch","line":64,"loc":{"start":{"line":64,"column":7},"end":{"line":67,"column":8}},"locations":[{"start":{"line":64,"column":7},"end":{"line":67,"column":8}}]},"14":{"type":"branch","line":67,"loc":{"start":{"line":67,"column":7},"end":{"line":68,"column":45}},"locations":[{"start":{"line":67,"column":7},"end":{"line":68,"column":45}}]},"15":{"type":"branch","line":68,"loc":{"start":{"line":68,"column":44},"end":{"line":71,"column":1}},"locations":[{"start":{"line":68,"column":44},"end":{"line":71,"column":1}}]},"16":{"type":"branch","line":73,"loc":{"start":{"line":73,"column":28},"end":{"line":74,"column":63}},"locations":[{"start":{"line":73,"column":28},"end":{"line":74,"column":63}}]}},"b":{"0":[3],"1":[3],"2":[102],"3":[255],"4":[83],"5":[56],"6":[27],"7":[156],"8":[156],"9":[156],"10":[110],"11":[46],"12":[137],"13":[54],"14":[83],"15":[46],"16":[183]},"fnMap":{"0":{"name":"encode","decl":{"start":{"line":13,"column":2},"end":{"line":25,"column":3}},"loc":{"start":{"line":13,"column":2},"end":{"line":25,"column":3}},"line":13},"1":{"name":"decode","decl":{"start":{"line":31,"column":22},"end":{"line":43,"column":1}},"loc":{"start":{"line":31,"column":22},"end":{"line":43,"column":1}},"line":31},"2":{"name":"computeDepth","decl":{"start":{"line":36,"column":19},"end":{"line":36,"column":76}},"loc":{"start":{"line":36,"column":19},"end":{"line":36,"column":76}},"line":36},"3":{"name":"decodeIndentedUnfold","decl":{"start":{"line":50,"column":36},"end":{"line":71,"column":1}},"loc":{"start":{"line":50,"column":36},"end":{"line":71,"column":1}},"line":50},"4":{"name":"countStartingSpaces","decl":{"start":{"line":73,"column":28},"end":{"line":74,"column":63}},"loc":{"start":{"line":73,"column":28},"end":{"line":74,"column":63}},"line":73}},"f":{"0":3,"1":83,"2":156,"3":156,"4":183}}
,"/home/eilara/projects/effect-tree/src/codec/paths/fold.ts": {"path":"/home/eilara/projects/effect-tree/src/codec/paths/fold.ts","all":false,"statementMap":{"0":{"start":{"line":1,"column":0},"end":{"line":1,"column":69}},"1":{"start":{"line":2,"column":0},"end":{"line":2,"column":31}},"2":{"start":{"line":3,"column":0},"end":{"line":3,"column":47}},"3":{"start":{"line":4,"column":0},"end":{"line":4,"column":34}},"17":{"start":{"line":18,"column":0},"end":{"line":18,"column":71}},"18":{"start":{"line":19,"column":0},"end":{"line":19,"column":42}},"20":{"start":{"line":21,"column":0},"end":{"line":21,"column":7}},"21":{"start":{"line":22,"column":0},"end":{"line":22,"column":9}},"22":{"start":{"line":23,"column":0},"end":{"line":23,"column":17}},"23":{"start":{"line":24,"column":0},"end":{"line":24,"column":52}},"24":{"start":{"line":25,"column":0},"end":{"line":25,"column":33}},"25":{"start":{"line":26,"column":0},"end":{"line":26,"column":13}},"26":{"start":{"line":27,"column":0},"end":{"line":27,"column":17}},"27":{"start":{"line":28,"column":0},"end":{"line":28,"column":24}},"28":{"start":{"line":29,"column":0},"end":{"line":29,"column":41}},"29":{"start":{"line":30,"column":0},"end":{"line":30,"column":10}},"30":{"start":{"line":31,"column":0},"end":{"line":31,"column":7}},"31":{"start":{"line":32,"column":0},"end":{"line":32,"column":3}}},"s":{"0":1,"1":1,"2":1,"3":1,"17":1,"18":942,"20":942,"21":942,"22":942,"23":942,"24":942,"25":441,"26":441,"27":441,"28":441,"29":441,"30":942,"31":942},"branchMap":{"0":{"type":"branch","line":18,"loc":{"start":{"line":18,"column":67},"end":{"line":32,"column":3}},"locations":[{"start":{"line":18,"column":67},"end":{"line":32,"column":3}}]},"1":{"type":"branch","line":24,"loc":{"start":{"line":24,"column":14},"end":{"line":24,"column":52}},"locations":[{"start":{"line":24,"column":14},"end":{"line":24,"column":52}}]},"2":{"type":"branch","line":25,"loc":{"start":{"line":25,"column":16},"end":{"line":30,"column":10}},"locations":[{"start":{"line":25,"column":16},"end":{"line":30,"column":10}}]},"3":{"type":"branch","line":29,"loc":{"start":{"line":29,"column":20},"end":{"line":29,"column":39}},"locations":[{"start":{"line":29,"column":20},"end":{"line":29,"column":39}}]}},"b":{"0":[942],"1":[501],"2":[441],"3":[778]},"fnMap":{"0":{"name":"pathListFold","decl":{"start":{"line":18,"column":67},"end":{"line":32,"column":3}},"loc":{"start":{"line":18,"column":67},"end":{"line":32,"column":3}},"line":18},"1":{"name":"onLeaf","decl":{"start":{"line":24,"column":14},"end":{"line":24,"column":52}},"loc":{"start":{"line":24,"column":14},"end":{"line":24,"column":52}},"line":24},"2":{"name":"onBranch","decl":{"start":{"line":25,"column":16},"end":{"line":30,"column":10}},"loc":{"start":{"line":25,"column":16},"end":{"line":30,"column":10}},"line":25}},"f":{"0":942,"1":501,"2":441}}
,"/home/eilara/projects/effect-tree/src/codec/paths/guard.ts": {"path":"/home/eilara/projects/effect-tree/src/codec/paths/guard.ts","all":false,"statementMap":{"1":{"start":{"line":2,"column":0},"end":{"line":2,"column":58}},"12":{"start":{"line":13,"column":0},"end":{"line":13,"column":30}},"13":{"start":{"line":14,"column":0},"end":{"line":14,"column":6}},"14":{"start":{"line":15,"column":0},"end":{"line":15,"column":39}},"16":{"start":{"line":17,"column":0},"end":{"line":17,"column":12}},"17":{"start":{"line":18,"column":0},"end":{"line":18,"column":36}},"18":{"start":{"line":19,"column":0},"end":{"line":19,"column":28}},"19":{"start":{"line":20,"column":0},"end":{"line":20,"column":24}},"21":{"start":{"line":22,"column":0},"end":{"line":22,"column":31}},"22":{"start":{"line":23,"column":0},"end":{"line":23,"column":79}},"24":{"start":{"line":25,"column":0},"end":{"line":25,"column":63}},"25":{"start":{"line":26,"column":0},"end":{"line":26,"column":22}},"27":{"start":{"line":28,"column":0},"end":{"line":28,"column":26}},"28":{"start":{"line":29,"column":0},"end":{"line":29,"column":33}},"29":{"start":{"line":30,"column":0},"end":{"line":30,"column":44}},"30":{"start":{"line":31,"column":0},"end":{"line":31,"column":7}},"31":{"start":{"line":32,"column":0},"end":{"line":32,"column":63}},"33":{"start":{"line":34,"column":0},"end":{"line":34,"column":45}},"34":{"start":{"line":35,"column":0},"end":{"line":35,"column":46}},"35":{"start":{"line":36,"column":0},"end":{"line":36,"column":65}},"36":{"start":{"line":37,"column":0},"end":{"line":37,"column":59}},"37":{"start":{"line":38,"column":0},"end":{"line":38,"column":7}},"38":{"start":{"line":39,"column":0},"end":{"line":39,"column":5}},"40":{"start":{"line":41,"column":0},"end":{"line":41,"column":15}},"41":{"start":{"line":42,"column":0},"end":{"line":42,"column":3}}},"s":{"1":1,"12":1,"13":1,"14":51,"16":51,"17":179,"18":179,"19":179,"21":179,"22":371,"24":371,"25":369,"27":369,"28":369,"29":369,"30":369,"31":371,"33":371,"34":699,"35":699,"36":99,"37":699,"38":337,"40":145,"41":145},"branchMap":{"0":{"type":"branch","line":14,"loc":{"start":{"line":14,"column":2},"end":{"line":42,"column":3}},"locations":[{"start":{"line":14,"column":2},"end":{"line":42,"column":3}}]},"1":{"type":"branch","line":17,"loc":{"start":{"line":17,"column":2},"end":{"line":42,"column":3}},"locations":[{"start":{"line":17,"column":2},"end":{"line":42,"column":3}}]},"2":{"type":"branch","line":22,"loc":{"start":{"line":22,"column":30},"end":{"line":39,"column":5}},"locations":[{"start":{"line":22,"column":30},"end":{"line":39,"column":5}}]},"3":{"type":"branch","line":25,"loc":{"start":{"line":25,"column":28},"end":{"line":25,"column":51}},"locations":[{"start":{"line":25,"column":28},"end":{"line":25,"column":51}}]},"4":{"type":"branch","line":25,"loc":{"start":{"line":25,"column":51},"end":{"line":25,"column":63}},"locations":[{"start":{"line":25,"column":51},"end":{"line":25,"column":63}}]},"5":{"type":"branch","line":25,"loc":{"start":{"line":25,"column":58},"end":{"line":32,"column":45}},"locations":[{"start":{"line":25,"column":58},"end":{"line":32,"column":45}}]},"6":{"type":"branch","line":32,"loc":{"start":{"line":32,"column":38},"end":{"line":32,"column":63}},"locations":[{"start":{"line":32,"column":38},"end":{"line":32,"column":63}}]},"7":{"type":"branch","line":32,"loc":{"start":{"line":32,"column":62},"end":{"line":34,"column":44}},"locations":[{"start":{"line":32,"column":62},"end":{"line":34,"column":44}}]},"8":{"type":"branch","line":34,"loc":{"start":{"line":34,"column":44},"end":{"line":38,"column":7}},"locations":[{"start":{"line":34,"column":44},"end":{"line":38,"column":7}}]},"9":{"type":"branch","line":36,"loc":{"start":{"line":36,"column":39},"end":{"line":36,"column":65}},"locations":[{"start":{"line":36,"column":39},"end":{"line":36,"column":65}}]},"10":{"type":"branch","line":36,"loc":{"start":{"line":36,"column":64},"end":{"line":37,"column":59}},"locations":[{"start":{"line":36,"column":64},"end":{"line":37,"column":59}}]},"11":{"type":"branch","line":37,"loc":{"start":{"line":37,"column":47},"end":{"line":37,"column":59}},"locations":[{"start":{"line":37,"column":47},"end":{"line":37,"column":59}}]},"12":{"type":"branch","line":38,"loc":{"start":{"line":38,"column":6},"end":{"line":39,"column":5}},"locations":[{"start":{"line":38,"column":6},"end":{"line":39,"column":5}}]},"13":{"type":"branch","line":39,"loc":{"start":{"line":39,"column":4},"end":{"line":42,"column":3}},"locations":[{"start":{"line":39,"column":4},"end":{"line":42,"column":3}}]}},"b":{"0":[51],"1":[179],"2":[371],"3":[370],"4":[2],"5":[369],"6":[31],"7":[338],"8":[699],"9":[600],"10":[99],"11":[1],"12":[337],"13":[145]},"fnMap":{"0":{"name":"isValidPathList","decl":{"start":{"line":14,"column":2},"end":{"line":42,"column":3}},"loc":{"start":{"line":14,"column":2},"end":{"line":42,"column":3}},"line":14}},"f":{"0":51}}
,"/home/eilara/projects/effect-tree/src/codec/paths/ops.ts": {"path":"/home/eilara/projects/effect-tree/src/codec/paths/ops.ts","all":false,"statementMap":{"0":{"start":{"line":1,"column":0},"end":{"line":1,"column":50}},"1":{"start":{"line":2,"column":0},"end":{"line":2,"column":34}},"2":{"start":{"line":3,"column":0},"end":{"line":3,"column":47}},"3":{"start":{"line":4,"column":0},"end":{"line":4,"column":38}},"4":{"start":{"line":5,"column":0},"end":{"line":5,"column":42}},"11":{"start":{"line":12,"column":0},"end":{"line":12,"column":62}},"12":{"start":{"line":13,"column":0},"end":{"line":13,"column":24}},"19":{"start":{"line":20,"column":0},"end":{"line":20,"column":21}},"20":{"start":{"line":21,"column":0},"end":{"line":21,"column":31}},"21":{"start":{"line":22,"column":0},"end":{"line":22,"column":43}},"22":{"start":{"line":23,"column":0},"end":{"line":23,"column":50}}},"s":{"0":1,"1":1,"2":1,"3":1,"4":1,"11":1,"12":1,"19":1,"20":1,"21":4,"22":82},"branchMap":{"0":{"type":"branch","line":21,"loc":{"start":{"line":21,"column":2},"end":{"line":23,"column":50}},"locations":[{"start":{"line":21,"column":2},"end":{"line":23,"column":50}}]},"1":{"type":"branch","line":22,"loc":{"start":{"line":22,"column":2},"end":{"line":23,"column":50}},"locations":[{"start":{"line":22,"column":2},"end":{"line":23,"column":50}}]}},"b":{"0":[4],"1":[82]},"fnMap":{"0":{"name":"decode","decl":{"start":{"line":21,"column":2},"end":{"line":23,"column":50}},"loc":{"start":{"line":21,"column":2},"end":{"line":23,"column":50}},"line":21}},"f":{"0":4}}
,"/home/eilara/projects/effect-tree/src/codec/paths/unfold.ts": {"path":"/home/eilara/projects/effect-tree/src/codec/paths/unfold.ts","all":false,"statementMap":{"0":{"start":{"line":1,"column":0},"end":{"line":1,"column":39}},"1":{"start":{"line":2,"column":0},"end":{"line":2,"column":31}},"2":{"start":{"line":3,"column":0},"end":{"line":3,"column":47}},"3":{"start":{"line":4,"column":0},"end":{"line":4,"column":40}},"4":{"start":{"line":5,"column":0},"end":{"line":5,"column":54}},"17":{"start":{"line":18,"column":0},"end":{"line":18,"column":29}},"18":{"start":{"line":19,"column":0},"end":{"line":19,"column":67}},"19":{"start":{"line":20,"column":0},"end":{"line":20,"column":12}},"20":{"start":{"line":21,"column":0},"end":{"line":21,"column":27}},"21":{"start":{"line":22,"column":0},"end":{"line":22,"column":12}},"22":{"start":{"line":23,"column":0},"end":{"line":23,"column":60}},"23":{"start":{"line":24,"column":0},"end":{"line":24,"column":25}},"25":{"start":{"line":26,"column":0},"end":{"line":26,"column":66}},"26":{"start":{"line":27,"column":0},"end":{"line":27,"column":29}},"28":{"start":{"line":29,"column":0},"end":{"line":29,"column":31}},"30":{"start":{"line":31,"column":0},"end":{"line":31,"column":26}},"31":{"start":{"line":32,"column":0},"end":{"line":32,"column":12}},"32":{"start":{"line":33,"column":0},"end":{"line":33,"column":36}},"33":{"start":{"line":34,"column":0},"end":{"line":34,"column":50}},"34":{"start":{"line":35,"column":0},"end":{"line":35,"column":5}},"36":{"start":{"line":37,"column":0},"end":{"line":37,"column":50}},"37":{"start":{"line":38,"column":0},"end":{"line":38,"column":22}},"38":{"start":{"line":39,"column":0},"end":{"line":39,"column":15}},"39":{"start":{"line":40,"column":0},"end":{"line":40,"column":26}},"40":{"start":{"line":41,"column":0},"end":{"line":41,"column":73}},"41":{"start":{"line":42,"column":0},"end":{"line":42,"column":24}},"42":{"start":{"line":43,"column":0},"end":{"line":43,"column":12}},"43":{"start":{"line":44,"column":0},"end":{"line":44,"column":9}},"44":{"start":{"line":45,"column":0},"end":{"line":45,"column":25}},"45":{"start":{"line":46,"column":0},"end":{"line":46,"column":3}}},"s":{"0":1,"1":1,"2":1,"3":1,"4":1,"17":1,"18":1,"19":82,"20":144,"21":144,"22":144,"23":144,"25":144,"26":144,"28":144,"30":144,"31":144,"32":144,"33":144,"34":144,"36":144,"37":33,"38":33,"39":33,"40":33,"41":33,"42":33,"43":33,"44":111,"45":144},"branchMap":{"0":{"type":"branch","line":19,"loc":{"start":{"line":19,"column":2},"end":{"line":46,"column":3}},"locations":[{"start":{"line":19,"column":2},"end":{"line":46,"column":3}}]},"1":{"type":"branch","line":20,"loc":{"start":{"line":20,"column":2},"end":{"line":46,"column":3}},"locations":[{"start":{"line":20,"column":2},"end":{"line":46,"column":3}}]},"2":{"type":"branch","line":37,"loc":{"start":{"line":37,"column":49},"end":{"line":44,"column":9}},"locations":[{"start":{"line":37,"column":49},"end":{"line":44,"column":9}}]},"3":{"type":"branch","line":44,"loc":{"start":{"line":44,"column":8},"end":{"line":45,"column":25}},"locations":[{"start":{"line":44,"column":8},"end":{"line":45,"column":25}}]}},"b":{"0":[82],"1":[144],"2":[33],"3":[111]},"fnMap":{"0":{"name":"pathListUnfold","decl":{"start":{"line":19,"column":2},"end":{"line":46,"column":3}},"loc":{"start":{"line":19,"column":2},"end":{"line":46,"column":3}},"line":19}},"f":{"0":82}}
,"/home/eilara/projects/effect-tree/src/codec/prufer/decoder.ts": {"path":"/home/eilara/projects/effect-tree/src/codec/prufer/decoder.ts","all":false,"statementMap":{"0":{"start":{"line":1,"column":0},"end":{"line":1,"column":47}},"1":{"start":{"line":2,"column":0},"end":{"line":2,"column":33}},"2":{"start":{"line":3,"column":0},"end":{"line":3,"column":43}},"4":{"start":{"line":5,"column":0},"end":{"line":5,"column":8}},"17":{"start":{"line":18,"column":0},"end":{"line":18,"column":75}},"18":{"start":{"line":19,"column":0},"end":{"line":19,"column":51}},"19":{"start":{"line":20,"column":0},"end":{"line":20,"column":34}},"21":{"start":{"line":22,"column":0},"end":{"line":22,"column":12}},"22":{"start":{"line":23,"column":0},"end":{"line":23,"column":23}},"23":{"start":{"line":24,"column":0},"end":{"line":24,"column":41}},"25":{"start":{"line":26,"column":0},"end":{"line":26,"column":50}},"26":{"start":{"line":27,"column":0},"end":{"line":27,"column":33}},"27":{"start":{"line":28,"column":0},"end":{"line":28,"column":44}},"28":{"start":{"line":29,"column":0},"end":{"line":29,"column":34}},"30":{"start":{"line":31,"column":0},"end":{"line":31,"column":37}},"31":{"start":{"line":32,"column":0},"end":{"line":32,"column":49}},"32":{"start":{"line":33,"column":0},"end":{"line":33,"column":63}},"33":{"start":{"line":34,"column":0},"end":{"line":34,"column":3}},"35":{"start":{"line":36,"column":0},"end":{"line":36,"column":10}},"36":{"start":{"line":37,"column":0},"end":{"line":37,"column":20}},"37":{"start":{"line":38,"column":0},"end":{"line":38,"column":12}},"38":{"start":{"line":39,"column":0},"end":{"line":39,"column":47}},"39":{"start":{"line":40,"column":0},"end":{"line":40,"column":33}},"40":{"start":{"line":41,"column":0},"end":{"line":41,"column":6}},"41":{"start":{"line":42,"column":0},"end":{"line":42,"column":3}},"42":{"start":{"line":43,"column":0},"end":{"line":43,"column":1}},"48":{"start":{"line":49,"column":0},"end":{"line":49,"column":67}},"51":{"start":{"line":52,"column":0},"end":{"line":52,"column":36}},"52":{"start":{"line":53,"column":0},"end":{"line":53,"column":38}},"53":{"start":{"line":54,"column":0},"end":{"line":54,"column":26}},"54":{"start":{"line":55,"column":0},"end":{"line":55,"column":1}},"57":{"start":{"line":58,"column":0},"end":{"line":58,"column":23}},"58":{"start":{"line":59,"column":0},"end":{"line":59,"column":30}},"59":{"start":{"line":60,"column":0},"end":{"line":60,"column":47}},"60":{"start":{"line":61,"column":0},"end":{"line":61,"column":53}},"61":{"start":{"line":62,"column":0},"end":{"line":62,"column":34}},"62":{"start":{"line":63,"column":0},"end":{"line":63,"column":36}},"63":{"start":{"line":64,"column":0},"end":{"line":64,"column":49}},"64":{"start":{"line":65,"column":0},"end":{"line":65,"column":3}},"66":{"start":{"line":67,"column":0},"end":{"line":67,"column":36}},"67":{"start":{"line":68,"column":0},"end":{"line":68,"column":1}},"70":{"start":{"line":71,"column":0},"end":{"line":71,"column":68}},"71":{"start":{"line":72,"column":0},"end":{"line":72,"column":21}},"72":{"start":{"line":73,"column":0},"end":{"line":73,"column":15}},"73":{"start":{"line":74,"column":0},"end":{"line":74,"column":40}},"74":{"start":{"line":75,"column":0},"end":{"line":75,"column":77}},"75":{"start":{"line":76,"column":0},"end":{"line":76,"column":3}},"77":{"start":{"line":78,"column":0},"end":{"line":78,"column":23}},"78":{"start":{"line":79,"column":0},"end":{"line":79,"column":22}},"79":{"start":{"line":80,"column":0},"end":{"line":80,"column":19}},"80":{"start":{"line":81,"column":0},"end":{"line":81,"column":23}},"81":{"start":{"line":82,"column":0},"end":{"line":82,"column":3}},"82":{"start":{"line":83,"column":0},"end":{"line":83,"column":60}},"84":{"start":{"line":85,"column":0},"end":{"line":85,"column":16}},"85":{"start":{"line":86,"column":0},"end":{"line":86,"column":1}}},"s":{"0":1,"1":1,"2":1,"4":1,"17":1,"18":360,"19":360,"21":360,"22":360,"23":360,"25":360,"26":1626,"27":1626,"28":1626,"30":1626,"31":1626,"32":993,"33":1626,"35":360,"36":360,"37":360,"38":360,"39":360,"40":360,"41":360,"42":360,"48":1,"51":362,"52":359,"53":3,"54":362,"57":1,"58":360,"59":360,"60":360,"61":360,"62":360,"63":360,"64":360,"66":360,"67":360,"70":1,"71":360,"72":360,"73":360,"74":360,"75":360,"77":360,"78":360,"79":360,"80":360,"81":360,"82":360,"84":360,"85":360},"branchMap":{"0":{"type":"branch","line":18,"loc":{"start":{"line":18,"column":23},"end":{"line":43,"column":1}},"locations":[{"start":{"line":18,"column":23},"end":{"line":43,"column":1}}]},"1":{"type":"branch","line":26,"loc":{"start":{"line":26,"column":49},"end":{"line":34,"column":3}},"locations":[{"start":{"line":26,"column":49},"end":{"line":34,"column":3}}]},"2":{"type":"branch","line":27,"loc":{"start":{"line":27,"column":27},"end":{"line":27,"column":33}},"locations":[{"start":{"line":27,"column":27},"end":{"line":27,"column":33}}]},"3":{"type":"branch","line":31,"loc":{"start":{"line":31,"column":19},"end":{"line":31,"column":37}},"locations":[{"start":{"line":31,"column":19},"end":{"line":31,"column":37}}]},"4":{"type":"branch","line":32,"loc":{"start":{"line":32,"column":6},"end":{"line":32,"column":49}},"locations":[{"start":{"line":32,"column":6},"end":{"line":32,"column":49}}]},"5":{"type":"branch","line":32,"loc":{"start":{"line":32,"column":48},"end":{"line":33,"column":63}},"locations":[{"start":{"line":32,"column":48},"end":{"line":33,"column":63}}]},"6":{"type":"branch","line":33,"loc":{"start":{"line":33,"column":35},"end":{"line":33,"column":63}},"locations":[{"start":{"line":33,"column":35},"end":{"line":33,"column":63}}]},"7":{"type":"branch","line":49,"loc":{"start":{"line":49,"column":58},"end":{"line":55,"column":1}},"locations":[{"start":{"line":49,"column":58},"end":{"line":55,"column":1}}]},"8":{"type":"branch","line":52,"loc":{"start":{"line":52,"column":35},"end":{"line":53,"column":38}},"locations":[{"start":{"line":52,"column":35},"end":{"line":53,"column":38}}]},"9":{"type":"branch","line":53,"loc":{"start":{"line":53,"column":37},"end":{"line":54,"column":26}},"locations":[{"start":{"line":53,"column":37},"end":{"line":54,"column":26}}]},"10":{"type":"branch","line":58,"loc":{"start":{"line":58,"column":22},"end":{"line":68,"column":1}},"locations":[{"start":{"line":58,"column":22},"end":{"line":68,"column":1}}]},"11":{"type":"branch","line":71,"loc":{"start":{"line":71,"column":18},"end":{"line":86,"column":1}},"locations":[{"start":{"line":71,"column":18},"end":{"line":86,"column":1}}]},"12":{"type":"branch","line":83,"loc":{"start":{"line":83,"column":38},"end":{"line":83,"column":60}},"locations":[{"start":{"line":83,"column":38},"end":{"line":83,"column":60}}]},"13":{"type":"branch","line":75,"loc":{"start":{"line":75,"column":14},"end":{"line":75,"column":75}},"locations":[{"start":{"line":75,"column":14},"end":{"line":75,"column":75}}]}},"b":{"0":[360],"1":[1626],"2":[360],"3":[834],"4":[633],"5":[993],"6":[834],"7":[362],"8":[359],"9":[3],"10":[360],"11":[360],"12":[834],"13":[834]},"fnMap":{"0":{"name":"toEdges","decl":{"start":{"line":18,"column":23},"end":{"line":43,"column":1}},"loc":{"start":{"line":18,"column":23},"end":{"line":43,"column":1}},"line":18},"1":{"name":"decode","decl":{"start":{"line":49,"column":58},"end":{"line":55,"column":1}},"loc":{"start":{"line":49,"column":58},"end":{"line":55,"column":1}},"line":49},"2":{"name":"makeDegreeMap","decl":{"start":{"line":58,"column":22},"end":{"line":68,"column":1}},"loc":{"start":{"line":58,"column":22},"end":{"line":68,"column":1}},"line":58},"3":{"name":"degreeMap","decl":{"start":{"line":71,"column":18},"end":{"line":86,"column":1}},"loc":{"start":{"line":71,"column":18},"end":{"line":86,"column":1}},"line":71}},"f":{"0":360,"1":362,"2":360,"3":360}}
,"/home/eilara/projects/effect-tree/src/codec/prufer/encoder.ts": {"path":"/home/eilara/projects/effect-tree/src/codec/prufer/encoder.ts","all":false,"statementMap":{"0":{"start":{"line":1,"column":0},"end":{"line":1,"column":38}},"1":{"start":{"line":2,"column":0},"end":{"line":2,"column":69}},"2":{"start":{"line":3,"column":0},"end":{"line":3,"column":40}},"3":{"start":{"line":4,"column":0},"end":{"line":4,"column":37}},"25":{"start":{"line":26,"column":0},"end":{"line":26,"column":21}},"26":{"start":{"line":27,"column":0},"end":{"line":27,"column":59}},"27":{"start":{"line":28,"column":0},"end":{"line":28,"column":11}},"30":{"start":{"line":31,"column":0},"end":{"line":31,"column":49}},"33":{"start":{"line":34,"column":0},"end":{"line":34,"column":44}},"34":{"start":{"line":35,"column":0},"end":{"line":35,"column":15}},"35":{"start":{"line":36,"column":0},"end":{"line":36,"column":5}},"37":{"start":{"line":38,"column":0},"end":{"line":38,"column":43}},"39":{"start":{"line":40,"column":0},"end":{"line":40,"column":56}},"40":{"start":{"line":41,"column":0},"end":{"line":41,"column":52}},"42":{"start":{"line":43,"column":0},"end":{"line":43,"column":18}},"43":{"start":{"line":44,"column":0},"end":{"line":44,"column":20}},"44":{"start":{"line":45,"column":0},"end":{"line":45,"column":22}},"45":{"start":{"line":46,"column":0},"end":{"line":46,"column":43}},"46":{"start":{"line":47,"column":0},"end":{"line":47,"column":27}},"47":{"start":{"line":48,"column":0},"end":{"line":48,"column":17}},"48":{"start":{"line":49,"column":0},"end":{"line":49,"column":50}},"49":{"start":{"line":50,"column":0},"end":{"line":50,"column":48}},"50":{"start":{"line":51,"column":0},"end":{"line":51,"column":14}},"51":{"start":{"line":52,"column":0},"end":{"line":52,"column":11}},"52":{"start":{"line":53,"column":0},"end":{"line":53,"column":7}},"53":{"start":{"line":54,"column":0},"end":{"line":54,"column":5}},"55":{"start":{"line":56,"column":0},"end":{"line":56,"column":16}},"56":{"start":{"line":57,"column":0},"end":{"line":57,"column":64}},"57":{"start":{"line":58,"column":0},"end":{"line":58,"column":45}},"58":{"start":{"line":59,"column":0},"end":{"line":59,"column":5}},"59":{"start":{"line":60,"column":0},"end":{"line":60,"column":3}}},"s":{"0":1,"1":1,"2":1,"3":1,"25":1,"26":1,"27":23,"30":147,"33":147,"34":2,"35":2,"37":145,"39":145,"40":932,"42":932,"43":932,"44":932,"45":932,"46":932,"47":787,"48":787,"49":787,"50":787,"51":932,"52":932,"53":932,"55":145,"56":145,"57":145,"58":145,"59":145},"branchMap":{"0":{"type":"branch","line":27,"loc":{"start":{"line":27,"column":2},"end":{"line":60,"column":3}},"locations":[{"start":{"line":27,"column":2},"end":{"line":60,"column":3}}]},"1":{"type":"branch","line":28,"loc":{"start":{"line":28,"column":2},"end":{"line":60,"column":3}},"locations":[{"start":{"line":28,"column":2},"end":{"line":60,"column":3}}]},"2":{"type":"branch","line":34,"loc":{"start":{"line":34,"column":24},"end":{"line":34,"column":43}},"locations":[{"start":{"line":34,"column":24},"end":{"line":34,"column":43}}]},"3":{"type":"branch","line":34,"loc":{"start":{"line":34,"column":43},"end":{"line":36,"column":5}},"locations":[{"start":{"line":34,"column":43},"end":{"line":36,"column":5}}]},"4":{"type":"branch","line":36,"loc":{"start":{"line":36,"column":4},"end":{"line":60,"column":3}},"locations":[{"start":{"line":36,"column":4},"end":{"line":60,"column":3}}]},"5":{"type":"branch","line":40,"loc":{"start":{"line":40,"column":16},"end":{"line":54,"column":5}},"locations":[{"start":{"line":40,"column":16},"end":{"line":54,"column":5}}]},"6":{"type":"branch","line":46,"loc":{"start":{"line":46,"column":18},"end":{"line":46,"column":43}},"locations":[{"start":{"line":46,"column":18},"end":{"line":46,"column":43}}]},"7":{"type":"branch","line":47,"loc":{"start":{"line":47,"column":18},"end":{"line":51,"column":14}},"locations":[{"start":{"line":47,"column":18},"end":{"line":51,"column":14}}]},"8":{"type":"branch","line":49,"loc":{"start":{"line":49,"column":29},"end":{"line":49,"column":48}},"locations":[{"start":{"line":49,"column":29},"end":{"line":49,"column":48}}]}},"b":{"0":[23],"1":[147],"2":[33],"3":[2],"4":[145],"5":[932],"6":[145],"7":[787],"8":[787]},"fnMap":{"0":{"name":"encode","decl":{"start":{"line":27,"column":2},"end":{"line":60,"column":3}},"loc":{"start":{"line":27,"column":2},"end":{"line":60,"column":3}},"line":27},"1":{"name":"run","decl":{"start":{"line":40,"column":16},"end":{"line":54,"column":5}},"loc":{"start":{"line":40,"column":16},"end":{"line":54,"column":5}},"line":40},"2":{"name":"onNone","decl":{"start":{"line":46,"column":18},"end":{"line":46,"column":43}},"loc":{"start":{"line":46,"column":18},"end":{"line":46,"column":43}},"line":46},"3":{"name":"onSome","decl":{"start":{"line":47,"column":18},"end":{"line":51,"column":14}},"loc":{"start":{"line":47,"column":18},"end":{"line":51,"column":14}},"line":47}},"f":{"0":23,"1":932,"2":145,"3":787}}
,"/home/eilara/projects/effect-tree/src/codec/prufer/enumerate.ts": {"path":"/home/eilara/projects/effect-tree/src/codec/prufer/enumerate.ts","all":false,"statementMap":{"0":{"start":{"line":1,"column":0},"end":{"line":1,"column":56}},"1":{"start":{"line":2,"column":0},"end":{"line":2,"column":28}},"2":{"start":{"line":3,"column":0},"end":{"line":3,"column":33}},"3":{"start":{"line":4,"column":0},"end":{"line":4,"column":34}},"5":{"start":{"line":6,"column":0},"end":{"line":6,"column":35}},"6":{"start":{"line":7,"column":0},"end":{"line":7,"column":35}},"14":{"start":{"line":15,"column":0},"end":{"line":15,"column":67}},"20":{"start":{"line":21,"column":0},"end":{"line":21,"column":68}},"22":{"start":{"line":23,"column":0},"end":{"line":23,"column":50}},"29":{"start":{"line":30,"column":0},"end":{"line":30,"column":72}},"30":{"start":{"line":31,"column":0},"end":{"line":31,"column":22}},"31":{"start":{"line":32,"column":0},"end":{"line":32,"column":13}},"32":{"start":{"line":33,"column":0},"end":{"line":33,"column":3}},"34":{"start":{"line":35,"column":0},"end":{"line":35,"column":79}},"35":{"start":{"line":36,"column":0},"end":{"line":36,"column":40}},"37":{"start":{"line":38,"column":0},"end":{"line":38,"column":14}},"38":{"start":{"line":39,"column":0},"end":{"line":39,"column":11}},"39":{"start":{"line":40,"column":0},"end":{"line":40,"column":65}},"40":{"start":{"line":41,"column":0},"end":{"line":41,"column":3}},"41":{"start":{"line":42,"column":0},"end":{"line":42,"column":1}},"50":{"start":{"line":51,"column":0},"end":{"line":51,"column":25}},"52":{"start":{"line":53,"column":0},"end":{"line":53,"column":53}},"53":{"start":{"line":54,"column":0},"end":{"line":54,"column":37}},"54":{"start":{"line":55,"column":0},"end":{"line":55,"column":17}},"55":{"start":{"line":56,"column":0},"end":{"line":56,"column":3}},"57":{"start":{"line":58,"column":0},"end":{"line":58,"column":36}},"58":{"start":{"line":59,"column":0},"end":{"line":59,"column":9}},"59":{"start":{"line":60,"column":0},"end":{"line":60,"column":32}},"60":{"start":{"line":61,"column":0},"end":{"line":61,"column":39}},"61":{"start":{"line":62,"column":0},"end":{"line":62,"column":3}},"63":{"start":{"line":64,"column":0},"end":{"line":64,"column":62}},"64":{"start":{"line":65,"column":0},"end":{"line":65,"column":1}},"70":{"start":{"line":71,"column":0},"end":{"line":71,"column":79}},"71":{"start":{"line":72,"column":0},"end":{"line":72,"column":47}},"79":{"start":{"line":80,"column":0},"end":{"line":80,"column":29}},"81":{"start":{"line":82,"column":0},"end":{"line":82,"column":53}},"82":{"start":{"line":83,"column":0},"end":{"line":83,"column":47}},"88":{"start":{"line":89,"column":0},"end":{"line":89,"column":73}},"89":{"start":{"line":90,"column":0},"end":{"line":90,"column":7}},"90":{"start":{"line":91,"column":0},"end":{"line":91,"column":48}},"91":{"start":{"line":92,"column":0},"end":{"line":92,"column":46}},"92":{"start":{"line":93,"column":0},"end":{"line":93,"column":3}},"98":{"start":{"line":99,"column":0},"end":{"line":99,"column":64}},"99":{"start":{"line":100,"column":0},"end":{"line":100,"column":15}},"100":{"start":{"line":101,"column":0},"end":{"line":101,"column":8}},"101":{"start":{"line":102,"column":0},"end":{"line":102,"column":21}},"102":{"start":{"line":103,"column":0},"end":{"line":103,"column":28}},"103":{"start":{"line":104,"column":0},"end":{"line":104,"column":54}}},"s":{"0":1,"1":1,"2":1,"3":1,"5":1,"6":1,"14":1,"20":1,"22":1,"29":1,"30":297,"31":3,"32":3,"34":294,"35":294,"37":294,"38":294,"39":297,"40":297,"41":297,"50":1,"52":1,"53":31,"54":2,"55":2,"57":29,"58":29,"59":29,"60":29,"61":29,"63":29,"64":29,"70":1,"71":4,"79":1,"81":1,"82":6,"88":1,"89":5,"90":5,"91":5,"92":5,"98":1,"99":5,"100":1,"101":4,"102":1,"103":3},"branchMap":{"0":{"type":"branch","line":15,"loc":{"start":{"line":15,"column":32},"end":{"line":15,"column":67}},"locations":[{"start":{"line":15,"column":32},"end":{"line":15,"column":67}}]},"1":{"type":"branch","line":21,"loc":{"start":{"line":21,"column":32},"end":{"line":21,"column":68}},"locations":[{"start":{"line":21,"column":32},"end":{"line":21,"column":68}}]},"2":{"type":"branch","line":23,"loc":{"start":{"line":23,"column":14},"end":{"line":23,"column":50}},"locations":[{"start":{"line":23,"column":14},"end":{"line":23,"column":50}}]},"3":{"type":"branch","line":30,"loc":{"start":{"line":30,"column":27},"end":{"line":42,"column":1}},"locations":[{"start":{"line":30,"column":27},"end":{"line":42,"column":1}}]},"4":{"type":"branch","line":31,"loc":{"start":{"line":31,"column":21},"end":{"line":33,"column":3}},"locations":[{"start":{"line":31,"column":21},"end":{"line":33,"column":3}}]},"5":{"type":"branch","line":33,"loc":{"start":{"line":33,"column":2},"end":{"line":40,"column":34}},"locations":[{"start":{"line":33,"column":2},"end":{"line":40,"column":34}}]},"6":{"type":"branch","line":40,"loc":{"start":{"line":40,"column":30},"end":{"line":40,"column":39}},"locations":[{"start":{"line":40,"column":30},"end":{"line":40,"column":39}}]},"7":{"type":"branch","line":40,"loc":{"start":{"line":40,"column":35},"end":{"line":40,"column":63}},"locations":[{"start":{"line":40,"column":35},"end":{"line":40,"column":63}}]},"8":{"type":"branch","line":53,"loc":{"start":{"line":53,"column":44},"end":{"line":65,"column":1}},"locations":[{"start":{"line":53,"column":44},"end":{"line":65,"column":1}}]},"9":{"type":"branch","line":54,"loc":{"start":{"line":54,"column":36},"end":{"line":56,"column":3}},"locations":[{"start":{"line":54,"column":36},"end":{"line":56,"column":3}}]},"10":{"type":"branch","line":56,"loc":{"start":{"line":56,"column":2},"end":{"line":65,"column":1}},"locations":[{"start":{"line":56,"column":2},"end":{"line":65,"column":1}}]},"11":{"type":"branch","line":71,"loc":{"start":{"line":71,"column":26},"end":{"line":72,"column":47}},"locations":[{"start":{"line":71,"column":26},"end":{"line":72,"column":47}}]},"12":{"type":"branch","line":82,"loc":{"start":{"line":82,"column":44},"end":{"line":83,"column":47}},"locations":[{"start":{"line":82,"column":44},"end":{"line":83,"column":47}}]},"13":{"type":"branch","line":89,"loc":{"start":{"line":89,"column":26},"end":{"line":93,"column":3}},"locations":[{"start":{"line":89,"column":26},"end":{"line":93,"column":3}}]},"14":{"type":"branch","line":92,"loc":{"start":{"line":92,"column":14},"end":{"line":92,"column":44}},"locations":[{"start":{"line":92,"column":14},"end":{"line":92,"column":44}}]},"15":{"type":"branch","line":99,"loc":{"start":{"line":99,"column":26},"end":{"line":104,"column":54}},"locations":[{"start":{"line":99,"column":26},"end":{"line":104,"column":54}}]},"16":{"type":"branch","line":100,"loc":{"start":{"line":100,"column":14},"end":{"line":101,"column":8}},"locations":[{"start":{"line":100,"column":14},"end":{"line":101,"column":8}}]},"17":{"type":"branch","line":101,"loc":{"start":{"line":101,"column":7},"end":{"line":104,"column":54}},"locations":[{"start":{"line":101,"column":7},"end":{"line":104,"column":54}}]},"18":{"type":"branch","line":102,"loc":{"start":{"line":102,"column":20},"end":{"line":103,"column":28}},"locations":[{"start":{"line":102,"column":20},"end":{"line":103,"column":28}}]},"19":{"type":"branch","line":103,"loc":{"start":{"line":103,"column":27},"end":{"line":104,"column":54}},"locations":[{"start":{"line":103,"column":27},"end":{"line":104,"column":54}}]}},"b":{"0":[8],"1":[61],"2":[14],"3":[297],"4":[3],"5":[294],"6":[236],"7":[58],"8":[31],"9":[2],"10":[29],"11":[4],"12":[6],"13":[5],"14":[270],"15":[5],"16":[1],"17":[4],"18":[1],"19":[3]},"fnMap":{"0":{"name":"labeledTreeCount","decl":{"start":{"line":15,"column":32},"end":{"line":15,"column":67}},"loc":{"start":{"line":15,"column":32},"end":{"line":15,"column":67}},"line":15},"1":{"name":"computeNodeCount","decl":{"start":{"line":21,"column":32},"end":{"line":21,"column":68}},"loc":{"start":{"line":21,"column":32},"end":{"line":21,"column":68}},"line":21},"2":{"name":"codeCount","decl":{"start":{"line":23,"column":14},"end":{"line":23,"column":50}},"loc":{"start":{"line":23,"column":14},"end":{"line":23,"column":50}},"line":23},"3":{"name":"fromOrdinal","decl":{"start":{"line":30,"column":27},"end":{"line":42,"column":1}},"loc":{"start":{"line":30,"column":27},"end":{"line":42,"column":1}},"line":30},"4":{"name":"toOrdinal","decl":{"start":{"line":53,"column":44},"end":{"line":65,"column":1}},"loc":{"start":{"line":53,"column":44},"end":{"line":65,"column":1}},"line":53},"5":{"name":"getNthTree","decl":{"start":{"line":71,"column":26},"end":{"line":72,"column":47}},"loc":{"start":{"line":71,"column":26},"end":{"line":72,"column":47}},"line":71},"6":{"name":"treeToOrdinal","decl":{"start":{"line":82,"column":44},"end":{"line":83,"column":47}},"loc":{"start":{"line":82,"column":44},"end":{"line":83,"column":47}},"line":82},"7":{"name":"allCodesAt","decl":{"start":{"line":89,"column":26},"end":{"line":93,"column":3}},"loc":{"start":{"line":89,"column":26},"end":{"line":93,"column":3}},"line":89},"8":{"name":"allTreesAt","decl":{"start":{"line":99,"column":26},"end":{"line":104,"column":54}},"loc":{"start":{"line":99,"column":26},"end":{"line":104,"column":54}},"line":99}},"f":{"0":8,"1":61,"2":14,"3":297,"4":31,"5":4,"6":6,"7":5,"8":5}}
,"/home/eilara/projects/effect-tree/src/codec/prufer/step.ts": {"path":"/home/eilara/projects/effect-tree/src/codec/prufer/step.ts","all":false,"statementMap":{"0":{"start":{"line":1,"column":0},"end":{"line":1,"column":33}},"1":{"start":{"line":2,"column":0},"end":{"line":2,"column":33}},"2":{"start":{"line":3,"column":0},"end":{"line":3,"column":42}},"3":{"start":{"line":4,"column":0},"end":{"line":4,"column":53}},"4":{"start":{"line":5,"column":0},"end":{"line":5,"column":35}},"5":{"start":{"line":6,"column":0},"end":{"line":6,"column":35}},"6":{"start":{"line":7,"column":0},"end":{"line":7,"column":8}},"14":{"start":{"line":15,"column":0},"end":{"line":15,"column":76}},"15":{"start":{"line":16,"column":0},"end":{"line":16,"column":15}},"16":{"start":{"line":17,"column":0},"end":{"line":17,"column":8}},"17":{"start":{"line":18,"column":0},"end":{"line":18,"column":68}},"20":{"start":{"line":21,"column":0},"end":{"line":21,"column":67}},"21":{"start":{"line":22,"column":0},"end":{"line":22,"column":15}},"22":{"start":{"line":23,"column":0},"end":{"line":23,"column":8}},"23":{"start":{"line":24,"column":0},"end":{"line":24,"column":76}},"26":{"start":{"line":27,"column":0},"end":{"line":27,"column":65}},"27":{"start":{"line":28,"column":0},"end":{"line":28,"column":70}},"30":{"start":{"line":31,"column":0},"end":{"line":31,"column":66}},"31":{"start":{"line":32,"column":0},"end":{"line":32,"column":36}},"32":{"start":{"line":33,"column":0},"end":{"line":33,"column":44}},"33":{"start":{"line":34,"column":0},"end":{"line":34,"column":16}},"34":{"start":{"line":35,"column":0},"end":{"line":35,"column":11}},"35":{"start":{"line":36,"column":0},"end":{"line":36,"column":40}},"36":{"start":{"line":37,"column":0},"end":{"line":37,"column":5}},"37":{"start":{"line":38,"column":0},"end":{"line":38,"column":20}},"38":{"start":{"line":39,"column":0},"end":{"line":39,"column":1}},"46":{"start":{"line":47,"column":0},"end":{"line":47,"column":53}},"47":{"start":{"line":48,"column":0},"end":{"line":48,"column":29}},"48":{"start":{"line":49,"column":0},"end":{"line":49,"column":23}},"49":{"start":{"line":50,"column":0},"end":{"line":50,"column":25}},"50":{"start":{"line":51,"column":0},"end":{"line":51,"column":12}},"51":{"start":{"line":52,"column":0},"end":{"line":52,"column":52}},"52":{"start":{"line":53,"column":0},"end":{"line":53,"column":65}},"53":{"start":{"line":54,"column":0},"end":{"line":54,"column":8}},"59":{"start":{"line":60,"column":0},"end":{"line":60,"column":49}},"60":{"start":{"line":61,"column":0},"end":{"line":61,"column":18}},"61":{"start":{"line":62,"column":0},"end":{"line":62,"column":49}},"62":{"start":{"line":63,"column":0},"end":{"line":63,"column":63}},"70":{"start":{"line":71,"column":0},"end":{"line":71,"column":57}},"71":{"start":{"line":72,"column":0},"end":{"line":72,"column":29}},"72":{"start":{"line":73,"column":0},"end":{"line":73,"column":23}},"73":{"start":{"line":74,"column":0},"end":{"line":74,"column":52}},"74":{"start":{"line":75,"column":0},"end":{"line":75,"column":26}},"75":{"start":{"line":76,"column":0},"end":{"line":76,"column":8}},"83":{"start":{"line":84,"column":0},"end":{"line":84,"column":53}},"84":{"start":{"line":85,"column":0},"end":{"line":85,"column":18}},"85":{"start":{"line":86,"column":0},"end":{"line":86,"column":51}},"86":{"start":{"line":87,"column":0},"end":{"line":87,"column":20}},"95":{"start":{"line":96,"column":0},"end":{"line":96,"column":59}},"96":{"start":{"line":97,"column":0},"end":{"line":97,"column":56}},"104":{"start":{"line":105,"column":0},"end":{"line":105,"column":55}},"105":{"start":{"line":106,"column":0},"end":{"line":106,"column":52}},"111":{"start":{"line":112,"column":0},"end":{"line":112,"column":63}},"112":{"start":{"line":113,"column":0},"end":{"line":113,"column":60}},"118":{"start":{"line":119,"column":0},"end":{"line":119,"column":59}},"119":{"start":{"line":120,"column":0},"end":{"line":120,"column":56}},"125":{"start":{"line":126,"column":0},"end":{"line":126,"column":19}},"126":{"start":{"line":127,"column":0},"end":{"line":127,"column":35}},"127":{"start":{"line":128,"column":0},"end":{"line":128,"column":33}},"128":{"start":{"line":129,"column":0},"end":{"line":129,"column":51}},"129":{"start":{"line":130,"column":0},"end":{"line":130,"column":36}},"130":{"start":{"line":131,"column":0},"end":{"line":131,"column":3}}},"s":{"0":1,"1":1,"2":1,"3":1,"4":1,"5":1,"6":1,"14":1,"15":9,"16":2,"17":7,"20":1,"21":7,"22":1,"23":6,"26":1,"27":21,"30":1,"31":23,"32":21,"33":21,"34":21,"35":21,"36":21,"37":23,"38":23,"46":1,"47":13,"48":12,"49":4,"50":2,"51":2,"52":8,"53":1,"59":1,"60":14,"61":3,"62":11,"70":1,"71":9,"72":8,"73":3,"74":5,"75":1,"83":1,"84":9,"85":3,"86":6,"95":1,"96":1,"104":1,"105":1,"111":1,"112":1,"118":1,"119":1,"125":1,"126":1,"127":19,"128":19,"129":19,"130":19},"branchMap":{"0":{"type":"branch","line":15,"loc":{"start":{"line":15,"column":64},"end":{"line":18,"column":68}},"locations":[{"start":{"line":15,"column":64},"end":{"line":18,"column":68}}]},"1":{"type":"branch","line":16,"loc":{"start":{"line":16,"column":14},"end":{"line":17,"column":8}},"locations":[{"start":{"line":16,"column":14},"end":{"line":17,"column":8}}]},"2":{"type":"branch","line":17,"loc":{"start":{"line":17,"column":7},"end":{"line":18,"column":68}},"locations":[{"start":{"line":17,"column":7},"end":{"line":18,
[...]
1,"201":1709,"202":1709,"204":1709,"205":1709,"206":1709,"207":1709,"208":1709,"209":1,"220":1,"223":1,"224":1,"225":1,"226":2,"227":2,"228":2,"229":2,"230":2,"231":2,"232":2,"233":1,"246":1,"249":1,"250":1,"251":1,"252":1709,"253":1},"branchMap":{"0":{"type":"branch","line":13,"loc":{"start":{"line":13,"column":21},"end":{"line":13,"column":63}},"locations":[{"start":{"line":13,"column":21},"end":{"line":13,"column":63}}]},"1":{"type":"branch","line":29,"loc":{"start":{"line":29,"column":4},"end":{"line":32,"column":7}},"locations":[{"start":{"line":29,"column":4},"end":{"line":32,"column":7}}]},"2":{"type":"branch","line":36,"loc":{"start":{"line":36,"column":12},"end":{"line":39,"column":33}},"locations":[{"start":{"line":36,"column":12},"end":{"line":39,"column":33}}]},"3":{"type":"branch","line":61,"loc":{"start":{"line":61,"column":4},"end":{"line":64,"column":23}},"locations":[{"start":{"line":61,"column":4},"end":{"line":64,"column":23}}]},"4":{"type":"branch","line":62,"loc":{"start":{"line":62,"column":42},"end":{"line":63,"column":32}},"locations":[{"start":{"line":62,"column":42},"end":{"line":63,"column":32}}]},"5":{"type":"branch","line":63,"loc":{"start":{"line":63,"column":31},"end":{"line":64,"column":23}},"locations":[{"start":{"line":63,"column":31},"end":{"line":64,"column":23}}]},"6":{"type":"branch","line":69,"loc":{"start":{"line":69,"column":6},"end":{"line":70,"column":29}},"locations":[{"start":{"line":69,"column":6},"end":{"line":70,"column":29}}]},"7":{"type":"branch","line":97,"loc":{"start":{"line":97,"column":22},"end":{"line":98,"column":21}},"locations":[{"start":{"line":97,"column":22},"end":{"line":98,"column":21}}]},"8":{"type":"branch","line":107,"loc":{"start":{"line":107,"column":24},"end":{"line":108,"column":16}},"locations":[{"start":{"line":107,"column":24},"end":{"line":108,"column":16}}]},"9":{"type":"branch","line":119,"loc":{"start":{"line":119,"column":2},"end":{"line":121,"column":77}},"locations":[{"start":{"line":119,"column":2},"end":{"line":121,"column":77}}]},"10":{"type":"branch","line":120,"loc":{"start":{"line":120,"column":2},"end":{"line":121,"column":77}},"locations":[{"start":{"line":120,"column":2},"end":{"line":121,"column":77}}]},"11":{"type":"branch","line":121,"loc":{"start":{"line":121,"column":18},"end":{"line":121,"column":59}},"locations":[{"start":{"line":121,"column":18},"end":{"line":121,"column":59}}]},"12":{"type":"branch","line":121,"loc":{"start":{"line":121,"column":55},"end":{"line":121,"column":77}},"locations":[{"start":{"line":121,"column":55},"end":{"line":121,"column":77}}]},"13":{"type":"branch","line":132,"loc":{"start":{"line":132,"column":24},"end":{"line":139,"column":3}},"locations":[{"start":{"line":132,"column":24},"end":{"line":139,"column":3}}]},"14":{"type":"branch","line":137,"loc":{"start":{"line":137,"column":16},"end":{"line":137,"column":65}},"locations":[{"start":{"line":137,"column":16},"end":{"line":137,"column":65}}]},"15":{"type":"branch","line":150,"loc":{"start":{"line":150,"column":10},"end":{"line":150,"column":18}},"locations":[{"start":{"line":150,"column":10},"end":{"line":150,"column":18}}]},"16":{"type":"branch","line":151,"loc":{"start":{"line":151,"column":12},"end":{"line":151,"column":41}},"locations":[{"start":{"line":151,"column":12},"end":{"line":151,"column":41}}]},"17":{"type":"branch","line":162,"loc":{"start":{"line":162,"column":24},"end":{"line":162,"column":62}},"locations":[{"start":{"line":162,"column":24},"end":{"line":162,"column":62}}]},"18":{"type":"branch","line":172,"loc":{"start":{"line":172,"column":25},"end":{"line":173,"column":35}},"locations":[{"start":{"line":172,"column":25},"end":{"line":173,"column":35}}]},"19":{"type":"branch","line":173,"loc":{"start":{"line":173,"column":15},"end":{"line":173,"column":33}},"locations":[{"start":{"line":173,"column":15},"end":{"line":173,"column":33}}]},"20":{"type":"branch","line":173,"loc":{"start":{"line":173,"column":24},"end":{"line":173,"column":35}},"locations":[{"start":{"line":173,"column":24},"end":{"line":173,"column":35}}]},"21":{"type":"branch","line":183,"loc":{"start":{"line":183,"column":31},"end":{"line":185,"column":59}},"locations":[{"start":{"line":183,"column":31},"end":{"line":185,"column":59}}]},"22":{"type":"branch","line":201,"loc":{"start":{"line":201,"column":2},"end":{"line":209,"column":6}},"locations":[{"start":{"line":201,"column":2},"end":{"line":209,"column":6}}]},"23":{"type":"branch","line":206,"loc":{"start":{"line":206,"column":16},"end":{"line":206,"column":35}},"locations":[{"start":{"line":206,"column":16},"end":{"line":206,"column":35}}]},"24":{"type":"branch","line":207,"loc":{"start":{"line":207,"column":18},"end":{"line":207,"column":56}},"locations":[{"start":{"line":207,"column":18},"end":{"line":207,"column":56}}]},"25":{"type":"branch","line":226,"loc":{"start":{"line":226,"column":2},"end":{"line":233,"column":6}},"locations":[{"start":{"line":226,"column":2},"end":{"line":233,"column":6}}]},"26":{"type":"branch","line":230,"loc":{"start":{"line":230,"column":16},"end":{"line":230,"column":46}},"locations":[{"start":{"line":230,"column":16},"end":{"line":230,"column":46}}]},"27":{"type":"branch","line":231,"loc":{"start":{"line":231,"column":18},"end":{"line":231,"column":48}},"locations":[{"start":{"line":231,"column":18},"end":{"line":231,"column":48}}]},"28":{"type":"branch","line":252,"loc":{"start":{"line":252,"column":2},"end":{"line":253,"column":44}},"locations":[{"start":{"line":252,"column":2},"end":{"line":253,"column":44}}]}},"b":{"0":[64378],"1":[229243],"2":[1],"3":[168964],"4":[168914],"5":[50],"6":[1107],"7":[296121],"8":[226281],"9":[207247],"10":[226227],"11":[184382],"12":[41845],"13":[87],"14":[23],"15":[3510],"16":[973],"17":[92689],"18":[31],"19":[16],"20":[15],"21":[33798],"22":[1709],"23":[1276],"24":[433],"25":[2],"26":[1],"27":[1],"28":[1709]},"fnMap":{"0":{"name":"leafF","decl":{"start":{"line":13,"column":21},"end":{"line":13,"column":63}},"loc":{"start":{"line":13,"column":21},"end":{"line":13,"column":63}},"line":13},"1":{"name":"tupled","decl":{"start":{"line":36,"column":12},"end":{"line":39,"column":33}},"loc":{"start":{"line":36,"column":12},"end":{"line":39,"column":33}},"line":36},"2":{"name":"isLeaf","decl":{"start":{"line":97,"column":22},"end":{"line":98,"column":21}},"loc":{"start":{"line":97,"column":22},"end":{"line":98,"column":21}},"line":97},"3":{"name":"isBranch","decl":{"start":{"line":107,"column":24},"end":{"line":108,"column":16}},"loc":{"start":{"line":107,"column":24},"end":{"line":108,"column":16}},"line":107},"4":{"name":"match","decl":{"start":{"line":119,"column":2},"end":{"line":121,"column":77}},"loc":{"start":{"line":119,"column":2},"end":{"line":121,"column":77}},"line":119},"5":{"name":"destruct","decl":{"start":{"line":132,"column":24},"end":{"line":139,"column":3}},"loc":{"start":{"line":132,"column":24},"end":{"line":139,"column":3}},"line":132},"6":{"name":"onBranch","decl":{"start":{"line":137,"column":16},"end":{"line":137,"column":65}},"loc":{"start":{"line":137,"column":16},"end":{"line":137,"column":65}},"line":137},"7":{"name":"onLeaf","decl":{"start":{"line":150,"column":10},"end":{"line":150,"column":18}},"loc":{"start":{"line":150,"column":10},"end":{"line":150,"column":18}},"line":150},"8":{"name":"onBranch","decl":{"start":{"line":151,"column":12},"end":{"line":151,"column":41}},"loc":{"start":{"line":151,"column":12},"end":{"line":151,"column":41}},"line":151},"9":{"name":"getValue","decl":{"start":{"line":162,"column":24},"end":{"line":162,"column":62}},"loc":{"start":{"line":162,"column":24},"end":{"line":162,"column":62}},"line":162},"10":{"name":"getForest","decl":{"start":{"line":172,"column":25},"end":{"line":173,"column":35}},"loc":{"start":{"line":172,"column":25},"end":{"line":173,"column":35}},"line":172},"11":{"name":"getBranchForest","decl":{"start":{"line":183,"column":31},"end":{"line":185,"column":59}},"loc":{"start":{"line":183,"column":31},"end":{"line":185,"column":59}},"line":183},"12":{"name":"onLeaf","decl":{"start":{"line":206,"column":16},"end":{"line":206,"column":35}},"loc":{"start":{"line":206,"column":16},"end":{"line":206,"column":35}},"line":206},"13":{"name":"onBranch","decl":{"start":{"line":207,"column":18},"end":{"line":207,"column":56}},"loc":{"start":{"line":207,"column":18},"end":{"line":207,"column":56}},"line":207},"14":{"name":"onLeaf","decl":{"start":{"line":230,"column":16},"end":{"line":230,"column":46}},"loc":{"start":{"line":230,"column":16},"end":{"line":230,"column":46}},"line":230},"15":{"name":"onBranch","decl":{"start":{"line":231,"column":18},"end":{"line":231,"column":48}},"loc":{"start":{"line":231,"column":18},"end":{"line":231,"column":48}},"line":231}},"f":{"0":64378,"1":1,"2":296121,"3":226281,"4":207247,"5":87,"6":23,"7":3510,"8":973,"9":92689,"10":31,"11":33798,"12":1276,"13":433,"14":1,"15":1}}
,"/home/eilara/projects/effect-tree/src/treeF/instances.ts": {"path":"/home/eilara/projects/effect-tree/src/treeF/instances.ts","all":false,"statementMap":{"0":{"start":{"line":1,"column":0},"end":{"line":1,"column":8}},"7":{"start":{"line":8,"column":0},"end":{"line":8,"column":76}},"8":{"start":{"line":9,"column":0},"end":{"line":9,"column":68}},"10":{"start":{"line":11,"column":0},"end":{"line":11,"column":55}},"13":{"start":{"line":14,"column":0},"end":{"line":14,"column":71}},"14":{"start":{"line":15,"column":0},"end":{"line":15,"column":4}},"15":{"start":{"line":16,"column":0},"end":{"line":16,"column":62}},"16":{"start":{"line":17,"column":0},"end":{"line":17,"column":9}},"17":{"start":{"line":18,"column":0},"end":{"line":18,"column":11}},"18":{"start":{"line":19,"column":0},"end":{"line":19,"column":13}},"19":{"start":{"line":20,"column":0},"end":{"line":20,"column":22}},"20":{"start":{"line":21,"column":0},"end":{"line":21,"column":75}},"21":{"start":{"line":22,"column":0},"end":{"line":22,"column":9}},"22":{"start":{"line":23,"column":0},"end":{"line":23,"column":6}},"23":{"start":{"line":24,"column":0},"end":{"line":24,"column":1}},"25":{"start":{"line":26,"column":0},"end":{"line":26,"column":49}},"27":{"start":{"line":28,"column":0},"end":{"line":28,"column":77}},"28":{"start":{"line":29,"column":0},"end":{"line":29,"column":4}},"29":{"start":{"line":30,"column":0},"end":{"line":30,"column":37}},"30":{"start":{"line":31,"column":0},"end":{"line":31,"column":22}},"31":{"start":{"line":32,"column":0},"end":{"line":32,"column":29}},"33":{"start":{"line":34,"column":0},"end":{"line":34,"column":69}},"34":{"start":{"line":35,"column":0},"end":{"line":35,"column":1}},"36":{"start":{"line":37,"column":0},"end":{"line":37,"column":70}},"39":{"start":{"line":40,"column":0},"end":{"line":40,"column":23}},"41":{"start":{"line":42,"column":0},"end":{"line":42,"column":16}},"42":{"start":{"line":43,"column":0},"end":{"line":43,"column":6}},"43":{"start":{"line":44,"column":0},"end":{"line":44,"column":31}},"44":{"start":{"line":45,"column":0},"end":{"line":45,"column":24}},"45":{"start":{"line":46,"column":0},"end":{"line":46,"column":43}},"47":{"start":{"line":48,"column":0},"end":{"line":48,"column":11}},"48":{"start":{"line":49,"column":0},"end":{"line":49,"column":13}},"49":{"start":{"line":50,"column":0},"end":{"line":50,"column":15}},"50":{"start":{"line":51,"column":0},"end":{"line":51,"column":36}},"51":{"start":{"line":52,"column":0},"end":{"line":52,"column":76}},"52":{"start":{"line":53,"column":0},"end":{"line":53,"column":11}},"53":{"start":{"line":54,"column":0},"end":{"line":54,"column":8}},"54":{"start":{"line":55,"column":0},"end":{"line":55,"column":3}},"60":{"start":{"line":61,"column":0},"end":{"line":61,"column":67}},"66":{"start":{"line":67,"column":0},"end":{"line":67,"column":61}},"72":{"start":{"line":73,"column":0},"end":{"line":73,"column":70}},"80":{"start":{"line":81,"column":0},"end":{"line":81,"column":29}},"81":{"start":{"line":82,"column":0},"end":{"line":82,"column":45}},"82":{"start":{"line":83,"column":0},"end":{"line":83,"column":6}},"83":{"start":{"line":84,"column":0},"end":{"line":84,"column":40}},"85":{"start":{"line":86,"column":0},"end":{"line":86,"column":17}},"86":{"start":{"line":87,"column":0},"end":{"line":87,"column":9}},"87":{"start":{"line":88,"column":0},"end":{"line":88,"column":11}},"88":{"start":{"line":89,"column":0},"end":{"line":89,"column":13}},"89":{"start":{"line":90,"column":0},"end":{"line":90,"column":27}},"90":{"start":{"line":91,"column":0},"end":{"line":91,"column":15}},"91":{"start":{"line":92,"column":0},"end":{"line":92,"column":17}},"92":{"start":{"line":93,"column":0},"end":{"line":93,"column":19}},"93":{"start":{"line":94,"column":0},"end":{"line":94,"column":62}},"94":{"start":{"line":95,"column":0},"end":{"line":95,"column":44}},"95":{"start":{"line":96,"column":0},"end":{"line":96,"column":15}},"96":{"start":{"line":97,"column":0},"end":{"line":97,"column":12}},"97":{"start":{"line":98,"column":0},"end":{"line":98,"column":43}},"98":{"start":{"line":99,"column":0},"end":{"line":99,"column":15}},"99":{"start":{"line":100,"column":0},"end":{"line":100,"column":17}},"100":{"start":{"line":101,"column":0},"end":{"line":101,"column":19}},"101":{"start":{"line":102,"column":0},"end":{"line":102,"column":42}},"102":{"start":{"line":103,"column":0},"end":{"line":103,"column":49}},"103":{"start":{"line":104,"column":0},"end":{"line":104,"column":40}},"104":{"start":{"line":105,"column":0},"end":{"line":105,"column":70}},"105":{"start":{"line":106,"column":0},"end":{"line":106,"column":15}},"106":{"start":{"line":107,"column":0},"end":{"line":107,"column":12}},"107":{"start":{"line":108,"column":0},"end":{"line":108,"column":9}},"108":{"start":{"line":109,"column":0},"end":{"line":109,"column":5}},"110":{"start":{"line":111,"column":0},"end":{"line":111,"column":14}},"111":{"start":{"line":112,"column":0},"end":{"line":112,"column":53}},"112":{"start":{"line":113,"column":0},"end":{"line":113,"column":46}},"113":{"start":{"line":114,"column":0},"end":{"line":114,"column":12}},"114":{"start":{"line":115,"column":0},"end":{"line":115,"column":51}},"116":{"start":{"line":117,"column":0},"end":{"line":117,"column":9}},"117":{"start":{"line":118,"column":0},"end":{"line":118,"column":11}},"118":{"start":{"line":119,"column":0},"end":{"line":119,"column":11}},"119":{"start":{"line":120,"column":0},"end":{"line":120,"column":73}},"120":{"start":{"line":121,"column":0},"end":{"line":121,"column":5}}},"s":{"0":1,"7":1,"8":1,"10":1,"13":1,"14":1,"15":1,"16":853,"17":853,"18":853,"19":853,"20":853,"21":853,"22":853,"23":1,"25":1,"27":1,"28":1,"29":1,"30":91,"31":91,"33":91,"34":1,"36":1,"39":5435,"41":5435,"42":5435,"43":5435,"44":36020,"45":36020,"47":36020,"48":36020,"49":36020,"50":36020,"51":36020,"52":36020,"53":36020,"54":5435,"60":1,"66":1,"72":1,"80":1,"81":1,"82":1,"83":23,"85":23,"86":75861,"87":75861,"88":75861,"89":75861,"90":170,"91":170,"92":170,"93":170,"94":170,"95":170,"96":170,"97":75861,"98":75691,"99":75691,"100":75691,"101":75691,"102":75691,"103":75676,"104":75661,"105":75691,"106":75691,"107":75861,"108":75861,"110":1,"111":1,"112":16505,"113":16505,"114":16505,"116":16505,"117":16505,"118":16505,"119":16505,"120":16505},"branchMap":{"0":{"type":"branch","line":16,"loc":{"start":{"line":16,"column":2},"end":{"line":23,"column":6}},"locations":[{"start":{"line":16,"column":2},"end":{"line":23,"column":6}}]},"1":{"type":"branch","line":21,"loc":{"start":{"line":21,"column":18},"end":{"line":21,"column":75}},"locations":[{"start":{"line":21,"column":18},"end":{"line":21,"column":75}}]},"2":{"type":"branch","line":30,"loc":{"start":{"line":30,"column":2},"end":{"line":34,"column":69}},"locations":[{"start":{"line":30,"column":2},"end":{"line":34,"column":69}}]},"3":{"type":"branch","line":37,"loc":{"start":{"line":37,"column":69},"end":{"line":55,"column":3}},"locations":[{"start":{"line":37,"column":69},"end":{"line":55,"column":3}}]},"4":{"type":"branch","line":44,"loc":{"start":{"line":44,"column":4},"end":{"line":54,"column":8}},"locations":[{"start":{"line":44,"column":4},"end":{"line":54,"column":8}}]},"5":{"type":"branch","line":52,"loc":{"start":{"line":52,"column":20},"end":{"line":52,"column":76}},"locations":[{"start":{"line":52,"column":20},"end":{"line":52,"column":76}}]},"6":{"type":"branch","line":82,"loc":{"start":{"line":82,"column":2},"end":{"line":109,"column":5}},"locations":[{"start":{"line":82,"column":2},"end":{"line":109,"column":5}}]},"7":{"type":"branch","line":83,"loc":{"start":{"line":83,"column":2},"end":{"line":109,"column":5}},"locations":[{"start":{"line":83,"column":2},"end":{"line":109,"column":5}}]},"8":{"type":"branch","line":86,"loc":{"start":{"line":86,"column":2},"end":{"line":109,"column":5}},"locations":[{"start":{"line":86,"column":2},"end":{"line":109,"column":5}}]},"9":{"type":"branch","line":90,"loc":{"start":{"line":90,"column":16},"end":{"line":97,"column":12}},"locations":[{"start":{"line":90,"column":16},"end":{"line":97,"column":12}}]},"10":{"type":"branch","line":94,"loc":{"start":{"line":94,"column":22},"end":{"line":94,"column":62}},"locations":[{"start":{"line":94,"column":22},"end":{"line":94,"column":62}}]},"11":{"type":"branch","line":98,"loc":{"start":{"line":98,"column":18},"end":{"line":107,"column":12}},"locations":[{"start":{"line":98,"column":18},"end":{"line":107,"column":12}}]},"12":{"type":"branch","line":103,"loc":{"start":{"line":103,"column":24},"end":{"line":105,"column":70}},"locations":[{"start":{"line":103,"column":24},"end":{"line":105,"column":70}}]},"13":{"type":"branch","line":104,"loc":{"start":{"line":104,"column":29},"end":{"line":105,"column":70}},"locations":[{"start":{"line":104,"column":29},"end":{"line":105,"column":70}}]},"14":{"type":"branch","line":112,"loc":{"start":{"line":112,"column":2},"end":{"line":121,"column":5}},"locations":[{"start":{"line":112,"column":2},"end":{"line":121,"column":5}}]},"15":{"type":"branch","line":113,"loc":{"start":{"line":113,"column":2},"end":{"line":121,"column":5}},"locations":[{"start":{"line":113,"column":2},"end":{"line":121,"column":5}}]}},"b":{"0":[853],"1":[273],"2":[91],"3":[5435],"4":[36020],"5":[16505],"6":[1],"7":[23],"8":[75861],"9":[170],"10":[141],"11":[75691],"12":[75676],"13":[75661],"14":[16505],"15":[16505]},"fnMap":{"0":{"name":"onBranch","decl":{"start":{"line":21,"column":18},"end":{"line":21,"column":75}},"loc":{"start":{"line":21,"column":18},"end":{"line":21,"column":75}},"line":21},"1":{"name":"traverse","decl":{"start":{"line":37,"column":69},"end":{"line":55,"column":3}},"loc":{"start":{"line":37,"column":69},"end":{"line":55,"column":3}},"line":37},"2":{"name":"onBranch","decl":{"start":{"line":52,"column":20},"end":{"line":52,"column":76}},"loc":{"start":{"line":52,"column":20},"end":{"line":52,"column":76}},"line":52},"3":{"name":"getEquivalence","decl":{"start":{"line":82,"column":2},"end":{"line":109,"column":5}},"loc":{"start":{"line":82,"column":2},"end":{"line":109,"column":5}},"line":82},"4":{"name":"onLeaf","decl":{"start":{"line":90,"column":16},"end":{"line":97,"column":12}},"loc":{"start":{"line":90,"column":16},"end":{"line":97,"column":12}},"line":90},"5":{"name":"onLeaf","decl":{"start":{"line":94,"column":22},"end":{"line":94,"column":62}},"loc":{"start":{"line":94,"column":22},"end":{"line":94,"column":62}},"line":94},"6":{"name":"onBranch","decl":{"start":{"line":98,"column":18},"end":{"line":107,"column":12}},"loc":{"start":{"line":98,"column":18},"end":{"line":107,"column":12}},"line":98},"7":{"name":"onBranch","decl":{"start":{"line":103,"column":24},"end":{"line":105,"column":70}},"loc":{"start":{"line":103,"column":24},"end":{"line":105,"column":70}},"line":103},"8":{"name":"treeFK","decl":{"start":{"line":112,"column":2},"end":{"line":121,"column":5}},"loc":{"start":{"line":112,"column":2},"end":{"line":121,"column":5}},"line":112}},"f":{"0":273,"1":5435,"2":16505,"3":1,"4":170,"5":141,"6":75691,"7":75676,"8":16505}}
}
