<?xml version="1.0" encoding="UTF-8"?>
<coverage generated="1760910458756" clover="3.2.0">
  <project timestamp="1760910458756" name="All files">
    <metrics statements="4410" coveredstatements="4410" conditionals="1109" coveredconditionals="1109" methods="517" coveredmethods="517" elements="6036" coveredelements="6036" complexity="0" loc="4410" ncloc="4410" packages="27" files="91" classes="91"/>
    <package name="src">
      <metrics statements="3" coveredstatements="3" conditionals="0" coveredconditionals="0" methods="0" coveredmethods="0"/>
      <file name="fileSystem.ts" path="/home/eilara/projects/effect-tree/src/fileSystem.ts">
        <metrics statements="3" coveredstatements="3" conditionals="0" coveredconditionals="0" methods="0" coveredmethods="0"/>
        <line num="1" count="1" type="stmt"/>
        <line num="2" count="1" type="stmt"/>
        <line num="3" count="1" type="stmt"/>
      </file>
    </package>
    <package name="src.codec">
      <metrics statements="46" coveredstatements="46" conditionals="9" coveredconditionals="9" methods="8" coveredmethods="8"/>
      <file name="Isomorphism.ts" path="/home/eilara/projects/effect-tree/src/codec/Isomorphism.ts">
        <metrics statements="27" coveredstatements="27" conditionals="3" coveredconditionals="3" methods="3" coveredmethods="3"/>
        <line num="1" count="1" type="stmt"/>
        <line num="2" count="1" type="stmt"/>
        <line num="3" count="1" type="stmt"/>
        <line num="6" count="1" type="stmt"/>
        <line num="11" count="1" type="stmt"/>
        <line num="15" count="1" type="stmt"/>
        <line num="16" count="1" type="stmt"/>
        <line num="37" count="1" type="cond" truecount="1" falsecount="0"/>
        <line num="38" count="2" type="stmt"/>
        <line num="39" count="2" type="stmt"/>
        <line num="40" count="2" type="stmt"/>
        <line num="47" count="1" type="cond" truecount="1" falsecount="0"/>
        <line num="48" count="2" type="stmt"/>
        <line num="49" count="2" type="stmt"/>
        <line num="50" count="2" type="stmt"/>
        <line num="51" count="2" type="stmt"/>
        <line num="52" count="2" type="stmt"/>
        <line num="59" count="1" type="stmt"/>
        <line num="60" count="1" type="stmt"/>
        <line num="61" count="1" type="stmt"/>
        <line num="62" count="1" type="stmt"/>
        <line num="69" count="1" type="cond" truecount="1" falsecount="0"/>
        <line num="70" count="2" type="stmt"/>
        <line num="71" count="2" type="stmt"/>
        <line num="72" count="2" type="stmt"/>
        <line num="73" count="2" type="stmt"/>
        <line num="74" count="2" type="stmt"/>
      </file>
      <file name="schema.ts" path="/home/eilara/projects/effect-tree/src/codec/schema.ts">
        <metrics statements="19" coveredstatements="19" conditionals="6" coveredconditionals="6" methods="5" coveredmethods="5"/>
        <line num="1" count="1" type="stmt"/>
        <line num="3" count="1" type="stmt"/>
        <line num="10" count="1" type="cond" truecount="1" falsecount="0"/>
        <line num="11" count="6" type="stmt"/>
        <line num="12" count="6" type="cond" truecount="1" falsecount="0"/>
        <line num="13" count="6" type="stmt"/>
        <line num="14" count="6" type="stmt"/>
        <line num="16" count="1" type="cond" truecount="1" falsecount="0"/>
        <line num="17" count="5" type="stmt"/>
        <line num="18" count="5" type="stmt"/>
        <line num="20" count="5" type="stmt"/>
        <line num="22" count="1" type="cond" truecount="1" falsecount="0"/>
        <line num="23" count="5" type="stmt"/>
        <line num="24" count="5" type="stmt"/>
        <line num="26" count="5" type="stmt"/>
        <line num="28" count="1" type="cond" truecount="1" falsecount="0"/>
        <line num="29" count="6" type="stmt"/>
        <line num="31" count="1" type="cond" truecount="1" falsecount="0"/>
        <line num="32" count="6" type="stmt"/>
      </file>
    </package>
    <package name="src.codec.arrays">
      <metrics statements="28" coveredstatements="28" conditionals="8" coveredconditionals="8" methods="4" coveredmethods="4"/>
      <file name="decode.ts" path="/home/eilara/projects/effect-tree/src/codec/arrays/decode.ts">
        <metrics statements="6" coveredstatements="6" conditionals="3" coveredconditionals="3" methods="1" coveredmethods="1"/>
        <line num="2" count="1" type="stmt"/>
        <line num="3" count="1" type="stmt"/>
        <line num="4" count="1" type="stmt"/>
        <line num="13" count="1" type="cond" truecount="1" falsecount="0"/>
        <line num="14" count="20" type="cond" truecount="2" falsecount="0"/>
        <line num="38" count="1" type="stmt"/>
      </file>
      <file name="encode.ts" path="/home/eilara/projects/effect-tree/src/codec/arrays/encode.ts">
        <metrics statements="22" coveredstatements="22" conditionals="5" coveredconditionals="5" methods="3" coveredmethods="3"/>
        <line num="2" count="1" type="stmt"/>
        <line num="3" count="1" type="stmt"/>
        <line num="4" count="1" type="stmt"/>
        <line num="5" count="1" type="stmt"/>
        <line num="20" count="1" type="cond" truecount="1" falsecount="0"/>
        <line num="21" count="16" type="stmt"/>
        <line num="22" count="16" type="stmt"/>
        <line num="23" count="16" type="stmt"/>
        <line num="24" count="16" type="cond" truecount="2" falsecount="0"/>
        <line num="31" count="15" type="stmt"/>
        <line num="32" count="15" type="stmt"/>
        <line num="33" count="15" type="stmt"/>
        <line num="34" count="15" type="stmt"/>
        <line num="35" count="15" type="cond" truecount="1" falsecount="0"/>
        <line num="36" count="5" type="stmt"/>
        <line num="37" count="5" type="stmt"/>
        <line num="38" count="5" type="stmt"/>
        <line num="39" count="15" type="stmt"/>
        <line num="40" count="15" type="stmt"/>
        <line num="41" count="15" type="stmt"/>
        <line num="56" count="1" type="cond" truecount="1" falsecount="0"/>
        <line num="57" count="3" type="stmt"/>
      </file>
    </package>
    <package name="src.codec.edges">
      <metrics statements="157" coveredstatements="157" conditionals="30" coveredconditionals="30" methods="24" coveredmethods="24"/>
      <file name="decode.ts" path="/home/eilara/projects/effect-tree/src/codec/edges/decode.ts">
        <metrics statements="21" coveredstatements="21" conditionals="3" coveredconditionals="3" methods="3" coveredmethods="3"/>
        <line num="1" count="1" type="stmt"/>
        <line num="2" count="1" type="stmt"/>
        <line num="3" count="1" type="stmt"/>
        <line num="4" count="1" type="stmt"/>
        <line num="5" count="1" type="stmt"/>
        <line num="14" count="1" type="cond" truecount="1" falsecount="0"/>
        <line num="15" count="1429" type="stmt"/>
        <line num="16" count="1429" type="stmt"/>
        <line num="17" count="1429" type="stmt"/>
        <line num="18" count="1429" type="stmt"/>
        <line num="19" count="1429" type="cond" truecount="1" falsecount="0"/>
        <line num="20" count="1429" type="stmt"/>
        <line num="21" count="1429" type="stmt"/>
        <line num="22" count="1429" type="stmt"/>
        <line num="23" count="1429" type="stmt"/>
        <line num="26" count="1" type="cond" truecount="1" falsecount="0"/>
        <line num="27" count="375" type="stmt"/>
        <line num="30" count="1" type="stmt"/>
        <line num="31" count="1" type="stmt"/>
        <line num="32" count="1" type="stmt"/>
        <line num="33" count="1" type="stmt"/>
      </file>
      <file name="encode.ts" path="/home/eilara/projects/effect-tree/src/codec/edges/encode.ts">
        <metrics statements="19" coveredstatements="19" conditionals="2" coveredconditionals="2" methods="2" coveredmethods="2"/>
        <line num="1" count="1" type="stmt"/>
        <line num="2" count="1" type="stmt"/>
        <line num="3" count="1" type="stmt"/>
        <line num="4" count="1" type="stmt"/>
        <line num="5" count="1" type="stmt"/>
        <line num="14" count="1" type="stmt"/>
        <line num="15" count="1" type="cond" truecount="1" falsecount="0"/>
        <line num="16" count="1" type="cond" truecount="1" falsecount="0"/>
        <line num="17" count="38" type="stmt"/>
        <line num="18" count="38" type="stmt"/>
        <line num="19" count="38" type="stmt"/>
        <line num="20" count="38" type="stmt"/>
        <line num="21" count="38" type="stmt"/>
        <line num="22" count="1" type="stmt"/>
        <line num="63" count="1" type="stmt"/>
        <line num="66" count="1" type="stmt"/>
        <line num="67" count="1" type="stmt"/>
        <line num="68" count="1" type="stmt"/>
        <line num="69" count="1" type="stmt"/>
      </file>
      <file name="map.ts" path="/home/eilara/projects/effect-tree/src/codec/edges/map.ts">
        <metrics statements="82" coveredstatements="82" conditionals="14" coveredconditionals="14" methods="13" coveredmethods="13"/>
        <line num="1" count="1" type="stmt"/>
        <line num="24" count="1" type="cond" truecount="1" falsecount="0"/>
        <line num="25" count="378" type="stmt"/>
        <line num="29" count="1" type="cond" truecount="1" falsecount="0"/>
        <line num="30" count="1436" type="stmt"/>
        <line num="31" count="1436" type="stmt"/>
        <line num="32" count="1436" type="stmt"/>
        <line num="33" count="1436" type="stmt"/>
        <line num="34" count="1436" type="stmt"/>
        <line num="35" count="1436" type="stmt"/>
        <line num="36" count="1436" type="stmt"/>
        <line num="42" count="1" type="cond" truecount="1" falsecount="0"/>
        <line num="43" count="1436" type="stmt"/>
        <line num="44" count="1436" type="stmt"/>
        <line num="45" count="1436" type="stmt"/>
        <line num="46" count="1436" type="stmt"/>
        <line num="47" count="1436" type="stmt"/>
        <line num="48" count="1436" type="stmt"/>
        <line num="49" count="1436" type="stmt"/>
        <line num="50" count="1436" type="stmt"/>
        <line num="51" count="1436" type="cond" truecount="1" falsecount="0"/>
        <line num="52" count="1436" type="cond" truecount="1" falsecount="0"/>
        <line num="53" count="1436" type="stmt"/>
        <line num="54" count="1436" type="stmt"/>
        <line num="55" count="1436" type="stmt"/>
        <line num="56" count="1436" type="stmt"/>
        <line num="57" count="1436" type="stmt"/>
        <line num="60" count="1" type="cond" truecount="1" falsecount="0"/>
        <line num="61" count="1436" type="stmt"/>
        <line num="62" count="1436" type="stmt"/>
        <line num="63" count="1436" type="stmt"/>
        <line num="64" count="1436" type="stmt"/>
        <line num="65" count="1436" type="stmt"/>
        <line num="66" count="1436" type="stmt"/>
        <line num="67" count="1436" type="stmt"/>
        <line num="68" count="1436" type="stmt"/>
        <line num="69" count="1436" type="stmt"/>
        <line num="70" count="1436" type="stmt"/>
        <line num="71" count="1436" type="stmt"/>
        <line num="72" count="1436" type="cond" truecount="1" falsecount="0"/>
        <line num="73" count="1436" type="cond" truecount="1" falsecount="0"/>
        <line num="74" count="1436" type="stmt"/>
        <line num="75" count="1436" type="stmt"/>
        <line num="76" count="1436" type="stmt"/>
        <line num="77" count="1436" type="stmt"/>
        <line num="78" count="1436" type="stmt"/>
        <line num="81" count="1" type="cond" truecount="1" falsecount="0"/>
        <line num="82" count="1436" type="stmt"/>
        <line num="83" count="1436" type="stmt"/>
        <line num="84" count="1436" type="stmt"/>
        <line num="85" count="1436" type="stmt"/>
        <line num="86" count="1436" type="stmt"/>
        <line num="87" count="1436" type="stmt"/>
        <line num="88" count="1436" type="stmt"/>
        <line num="89" count="1436" type="stmt"/>
        <line num="90" count="1436" type="stmt"/>
        <line num="91" count="1436" type="cond" truecount="1" falsecount="0"/>
        <line num="92" count="1436" type="stmt"/>
        <line num="93" count="1436" type="stmt"/>
        <line num="94" count="1436" type="stmt"/>
        <line num="95" count="1436" type="stmt"/>
        <line num="96" count="1436" type="stmt"/>
        <line num="98" count="1" type="stmt"/>
        <line num="99" count="1" type="cond" truecount="1" falsecount="0"/>
        <line num="100" count="1436" type="stmt"/>
        <line num="101" count="1436" type="stmt"/>
        <line num="103" count="1436" type="cond" truecount="1" falsecount="0"/>
        <line num="104" count="1058" type="stmt"/>
        <line num="105" count="1058" type="stmt"/>
        <line num="106" count="1058" type="stmt"/>
        <line num="107" count="1058" type="stmt"/>
        <line num="108" count="1058" type="stmt"/>
        <line num="109" count="1058" type="cond" truecount="1" falsecount="0"/>
        <line num="110" count="1058" type="stmt"/>
        <line num="111" count="1058" type="stmt"/>
        <line num="112" count="1058" type="stmt"/>
        <line num="113" count="1058" type="stmt"/>
        <line num="116" count="1" type="cond" truecount="1" falsecount="0"/>
        <line num="117" count="378" type="stmt"/>
        <line num="118" count="378" type="stmt"/>
        <line num="119" count="378" type="stmt"/>
        <line num="120" count="378" type="stmt"/>
      </file>
      <file name="ops.ts" path="/home/eilara/projects/effect-tree/src/codec/edges/ops.ts">
        <metrics statements="35" coveredstatements="35" conditionals="11" coveredconditionals="11" methods="6" coveredmethods="6"/>
        <line num="1" count="1" type="stmt"/>
        <line num="10" count="1" type="cond" truecount="1" falsecount="0"/>
        <line num="11" count="157" type="stmt"/>
        <line num="12" count="157" type="stmt"/>
        <line num="13" count="157" type="stmt"/>
        <line num="20" count="1" type="stmt"/>
        <line num="21" count="1" type="cond" truecount="1" falsecount="0"/>
        <line num="22" count="38" type="cond" truecount="1" falsecount="0"/>
        <line num="30" count="1" type="cond" truecount="1" falsecount="0"/>
        <line num="31" count="1429" type="stmt"/>
        <line num="32" count="1429" type="stmt"/>
        <line num="33" count="1429" type="stmt"/>
        <line num="34" count="1429" type="stmt"/>
        <line num="39" count="1429" type="stmt"/>
        <line num="40" count="1429" type="stmt"/>
        <line num="41" count="1429" type="stmt"/>
        <line num="42" count="1429" type="stmt"/>
        <line num="43" count="1429" type="stmt"/>
        <line num="44" count="1429" type="cond" truecount="1" falsecount="0"/>
        <line num="45" count="1429" type="stmt"/>
        <line num="46" count="1429" type="stmt"/>
        <line num="47" count="1429" type="stmt"/>
        <line num="54" count="1" type="stmt"/>
        <line num="55" count="1" type="cond" truecount="1" falsecount="0"/>
        <line num="56" count="1429" type="cond" truecount="1" falsecount="0"/>
        <line num="63" count="1" type="stmt"/>
        <line num="65" count="1" type="cond" truecount="1" falsecount="0"/>
        <line num="66" count="1" type="stmt"/>
        <line num="73" count="1" type="stmt"/>
        <line num="75" count="1" type="cond" truecount="1" falsecount="0"/>
        <line num="76" count="1" type="stmt"/>
        <line num="84" count="1" type="stmt"/>
        <line num="86" count="1" type="stmt"/>
        <line num="87" count="1" type="stmt"/>
        <line num="88" count="1" type="stmt"/>
      </file>
    </package>
    <package name="src.codec.indented">
      <metrics statements="52" coveredstatements="52" conditionals="17" coveredconditionals="17" methods="6" coveredmethods="6"/>
      <file name="index.ts" path="/home/eilara/projects/effect-tree/src/codec/indented/index.ts">
        <metrics statements="52" coveredstatements="52" conditionals="17" coveredconditionals="17" methods="6" coveredmethods="6"/>
        <line num="1" count="1" type="stmt"/>
        <line num="2" count="1" type="stmt"/>
        <line num="3" count="1" type="stmt"/>
        <line num="4" count="1" type="stmt"/>
        <line num="6" count="1" type="cond" truecount="1" falsecount="0"/>
        <line num="7" count="102" type="stmt"/>
        <line num="8" count="102" type="stmt"/>
        <line num="9" count="102" type="stmt"/>
        <line num="10" count="102" type="stmt"/>
        <line num="11" count="102" type="stmt"/>
        <line num="12" count="102" type="stmt"/>
        <line num="13" count="102" type="cond" truecount="1" falsecount="0"/>
        <line num="14" count="188" type="stmt"/>
        <line num="15" count="102" type="stmt"/>
        <line num="16" count="102" type="stmt"/>
        <line num="28" count="1" type="stmt"/>
        <line num="33" count="1" type="stmt"/>
        <line num="34" count="1" type="stmt"/>
        <line num="35" count="1" type="cond" truecount="1" falsecount="0"/>
        <line num="36" count="3" type="cond" truecount="1" falsecount="0"/>
        <line num="37" count="102" type="stmt"/>
        <line num="38" count="1" type="stmt"/>
        <line num="48" count="1" type="cond" truecount="1" falsecount="0"/>
        <line num="49" count="83" type="stmt"/>
        <line num="50" count="83" type="cond" truecount="2" falsecount="0"/>
        <line num="52" count="19" type="stmt"/>
        <line num="53" count="19" type="cond" truecount="1" falsecount="0"/>
        <line num="54" count="19" type="stmt"/>
        <line num="55" count="19" type="stmt"/>
        <line num="56" count="19" type="cond" truecount="1" falsecount="0"/>
        <line num="57" count="19" type="stmt"/>
        <line num="59" count="19" type="stmt"/>
        <line num="60" count="19" type="stmt"/>
        <line num="69" count="1" type="cond" truecount="1" falsecount="0"/>
        <line num="70" count="101" type="stmt"/>
        <line num="71" count="101" type="stmt"/>
        <line num="72" count="101" type="stmt"/>
        <line num="73" count="101" type="stmt"/>
        <line num="76" count="101" type="stmt"/>
        <line num="77" count="101" type="cond" truecount="2" falsecount="0"/>
        <line num="79" count="33" type="stmt"/>
        <line num="81" count="33" type="stmt"/>
        <line num="82" count="101" type="cond" truecount="1" falsecount="0"/>
        <line num="83" count="91" type="cond" truecount="1" falsecount="0"/>
        <line num="84" count="42" type="stmt"/>
        <line num="85" count="42" type="stmt"/>
        <line num="86" count="42" type="cond" truecount="1" falsecount="0"/>
        <line num="87" count="49" type="cond" truecount="1" falsecount="0"/>
        <line num="89" count="33" type="stmt"/>
        <line num="90" count="33" type="stmt"/>
        <line num="92" count="1" type="cond" truecount="1" falsecount="0"/>
        <line num="93" count="120" type="stmt"/>
      </file>
    </package>
    <package name="src.codec.paths">
      <metrics statements="86" coveredstatements="86" conditionals="24" coveredconditionals="24" methods="6" coveredmethods="6"/>
      <file name="fold.ts" path="/home/eilara/projects/effect-tree/src/codec/paths/fold.ts">
        <metrics statements="18" coveredstatements="18" conditionals="4" coveredconditionals="4" methods="3" coveredmethods="3"/>
        <line num="1" count="1" type="stmt"/>
        <line num="2" count="1" type="stmt"/>
        <line num="3" count="1" type="stmt"/>
        <line num="4" count="1" type="stmt"/>
        <line num="20" count="1" type="cond" truecount="1" falsecount="0"/>
        <line num="21" count="1005" type="stmt"/>
        <line num="23" count="1005" type="stmt"/>
        <line num="24" count="1005" type="stmt"/>
        <line num="25" count="1005" type="stmt"/>
        <line num="26" count="1005" type="cond" truecount="1" falsecount="0"/>
        <line num="27" count="1005" type="cond" truecount="1" falsecount="0"/>
        <line num="28" count="461" type="stmt"/>
        <line num="29" count="461" type="stmt"/>
        <line num="30" count="461" type="stmt"/>
        <line num="31" count="461" type="cond" truecount="1" falsecount="0"/>
        <line num="32" count="461" type="stmt"/>
        <line num="33" count="1005" type="stmt"/>
        <line num="34" count="1005" type="stmt"/>
      </file>
      <file name="guard.ts" path="/home/eilara/projects/effect-tree/src/codec/paths/guard.ts">
        <metrics statements="25" coveredstatements="25" conditionals="14" coveredconditionals="14" methods="1" coveredmethods="1"/>
        <line num="2" count="1" type="stmt"/>
        <line num="14" count="1" type="stmt"/>
        <line num="15" count="1" type="cond" truecount="1" falsecount="0"/>
        <line num="16" count="51" type="stmt"/>
        <line num="18" count="51" type="cond" truecount="1" falsecount="0"/>
        <line num="19" count="179" type="stmt"/>
        <line num="20" count="179" type="stmt"/>
        <line num="21" count="179" type="stmt"/>
        <line num="23" count="179" type="cond" truecount="1" falsecount="0"/>
        <line num="24" count="356" type="stmt"/>
        <line num="26" count="356" type="cond" truecount="3" falsecount="0"/>
        <line num="27" count="354" type="stmt"/>
        <line num="29" count="354" type="stmt"/>
        <line num="30" count="354" type="stmt"/>
        <line num="31" count="354" type="stmt"/>
        <line num="32" count="354" type="stmt"/>
        <line num="33" count="356" type="cond" truecount="2" falsecount="0"/>
        <line num="35" count="356" type="cond" truecount="1" falsecount="0"/>
        <line num="36" count="670" type="stmt"/>
        <line num="37" count="670" type="cond" truecount="2" falsecount="0"/>
        <line num="38" count="93" type="cond" truecount="1" falsecount="0"/>
        <line num="39" count="670" type="cond" truecount="1" falsecount="0"/>
        <line num="40" count="320" type="cond" truecount="1" falsecount="0"/>
        <line num="42" count="143" type="stmt"/>
        <line num="43" count="143" type="stmt"/>
      </file>
      <file name="ops.ts" path="/home/eilara/projects/effect-tree/src/codec/paths/ops.ts">
        <metrics statements="13" coveredstatements="13" conditionals="2" coveredconditionals="2" methods="1" coveredmethods="1"/>
        <line num="1" count="1" type="stmt"/>
        <line num="2" count="1" type="stmt"/>
        <line num="3" count="1" type="stmt"/>
        <line num="4" count="1" type="stmt"/>
        <line num="5" count="1" type="stmt"/>
        <line num="13" count="1" type="stmt"/>
        <line num="14" count="1" type="stmt"/>
        <line num="28" count="1" type="stmt"/>
        <line num="33" count="1" type="cond" truecount="1" falsecount="0"/>
        <line num="34" count="244" type="cond" truecount="1" falsecount="0"/>
        <line num="35" count="88" type="stmt"/>
        <line num="37" count="1" type="stmt"/>
        <line num="38" count="1" type="stmt"/>
      </file>
      <file name="unfold.ts" path="/home/eilara/projects/effect-tree/src/codec/paths/unfold.ts">
        <metrics statements="30" coveredstatements="30" conditionals="4" coveredconditionals="4" methods="1" coveredmethods="1"/>
        <line num="1" count="1" type="stmt"/>
        <line num="2" count="1" type="stmt"/>
        <line num="3" count="1" type="stmt"/>
        <line num="4" count="1" type="stmt"/>
        <line num="5" count="1" type="stmt"/>
        <line num="20" count="1" type="stmt"/>
        <line num="21" count="1" type="cond" truecount="1" falsecount="0"/>
        <line num="22" count="88" type="cond" truecount="1" falsecount="0"/>
        <line num="23" count="212" type="stmt"/>
        <line num="24" count="212" type="stmt"/>
        <line num="25" count="212" type="stmt"/>
        <line num="26" count="212" type="stmt"/>
        <line num="28" count="212" type="stmt"/>
        <line num="29" count="212" type="stmt"/>
        <line num="31" count="212" type="stmt"/>
        <line num="33" count="212" type="stmt"/>
        <line num="34" count="212" type="stmt"/>
        <line num="35" count="212" type="stmt"/>
        <line num="36" count="212" type="stmt"/>
        <line num="37" count="212" type="stmt"/>
        <line num="39" count="212" type="cond" truecount="1" falsecount="0"/>
        <line num="40" count="54" type="stmt"/>
        <line num="41" count="54" type="stmt"/>
        <line num="42" count="54" type="stmt"/>
        <line num="43" count="54" type="stmt"/>
        <line num="44" count="54" type="stmt"/>
        <line num="45" count="54" type="stmt"/>
        <line num="46" count="54" type="cond" truecount="1" falsecount="0"/>
        <line num="47" count="158" type="stmt"/>
        <line num="48" count="212" type="stmt"/>
      </file>
    </package>
    <package name="src.codec.prufer">
      <metrics statements="184" coveredstatements="184" conditionals="86" coveredconditionals="86" methods="32" coveredmethods="32"/>
      <file name="decoder.ts" path="/home/eilara/projects/effect-tree/src/codec/prufer/decoder.ts">
        <metrics statements="27" coveredstatements="27" conditionals="9" coveredconditionals="9" methods="2" coveredmethods="2"/>
        <line num="1" count="1" type="stmt"/>
        <line num="2" count="1" type="stmt"/>
        <line num="3" count="1" type="stmt"/>
        <line num="4" count="1" type="stmt"/>
        <line num="11" count="1" type="cond" truecount="1" falsecount="0"/>
        <line num="12" count="297" type="cond" truecount="1" falsecount="0"/>
        <line num="13" count="294" type="cond" truecount="1" falsecount="0"/>
        <line num="14" count="3" type="stmt"/>
        <line num="21" count="1" type="cond" truecount="1" falsecount="0"/>
        <line num="22" count="295" type="stmt"/>
        <line num="23" count="295" type="stmt"/>
        <line num="24" count="295" type="stmt"/>
        <line num="25" count="295" type="stmt"/>
        <line num="27" count="295" type="cond" truecount="1" falsecount="0"/>
        <line num="28" count="727" type="stmt"/>
        <line num="29" count="727" type="stmt"/>
        <line num="31" count="295" type="stmt"/>
        <line num="33" count="295" type="cond" truecount="1" falsecount="0"/>
        <line num="34" count="727" type="stmt"/>
        <line num="35" count="727" type="stmt"/>
        <line num="37" count="727" type="stmt"/>
        <line num="38" count="727" type="cond" truecount="2" falsecount="0"/>
        <line num="39" count="251" type="cond" truecount="1" falsecount="0"/>
        <line num="40" count="476" type="stmt"/>
        <line num="41" count="727" type="stmt"/>
        <line num="43" count="295" type="stmt"/>
        <line num="44" count="295" type="stmt"/>
      </file>
      <file name="encoder.ts" path="/home/eilara/projects/effect-tree/src/codec/prufer/encoder.ts">
        <metrics statements="31" coveredstatements="31" conditionals="9" coveredconditionals="9" methods="4" coveredmethods="4"/>
        <line num="1" count="1" type="stmt"/>
        <line num="2" count="1" type="stmt"/>
        <line num="3" count="1" type="stmt"/>
        <line num="4" count="1" type="stmt"/>
        <line num="27" count="1" type="stmt"/>
        <line num="28" count="1" type="cond" truecount="1" falsecount="0"/>
        <line num="29" count="128" type="cond" truecount="1" falsecount="0"/>
        <line num="30" count="127" type="stmt"/>
        <line num="33" count="127" type="cond" truecount="2" falsecount="0"/>
        <line num="34" count="2" type="stmt"/>
        <line num="35" count="2" type="cond" truecount="1" falsecount="0"/>
        <line num="37" count="125" type="stmt"/>
        <line num="39" count="125" type="cond" truecount="1" falsecount="0"/>
        <line num="40" count="504" type="stmt"/>
        <line num="42" count="504" type="stmt"/>
        <line num="43" count="504" type="stmt"/>
        <line num="44" count="504" type="stmt"/>
        <line num="45" count="504" type="cond" truecount="1" falsecount="0"/>
        <line num="46" count="504" type="cond" truecount="1" falsecount="0"/>
        <line num="47" count="379" type="stmt"/>
        <line num="48" count="379" type="cond" truecount="1" falsecount="0"/>
        <line num="49" count="379" type="stmt"/>
        <line num="50" count="379" type="stmt"/>
        <line num="51" count="504" type="stmt"/>
        <line num="52" count="504" type="stmt"/>
        <line num="53" count="504" type="stmt"/>
        <line num="55" count="125" type="stmt"/>
        <line num="56" count="125" type="stmt"/>
        <line num="57" count="125" type="stmt"/>
        <line num="58" count="125" type="stmt"/>
        <line num="59" count="125" type="stmt"/>
      </file>
      <file name="enumerate.ts" path="/home/eilara/projects/effect-tree/src/codec/prufer/enumerate.ts">
        <metrics statements="56" coveredstatements="56" conditionals="22" coveredconditionals="22" methods="9" coveredmethods="9"/>
        <line num="1" count="1" type="stmt"/>
        <line num="2" count="1" type="stmt"/>
        <line num="3" count="1" type="stmt"/>
        <line num="4" count="1" type="stmt"/>
        <line num="6" count="1" type="stmt"/>
        <line num="7" count="1" type="stmt"/>
        <line num="16" count="1" type="cond" truecount="1" falsecount="0"/>
        <line num="17" count="8" type="stmt"/>
        <line num="24" count="1" type="cond" truecount="1" falsecount="0"/>
        <line num="27" count="1" type="cond" truecount="1" falsecount="0"/>
        <line num="35" count="1" type="cond" truecount="1" falsecount="0"/>
        <line num="36" count="173" type="cond" truecount="1" falsecount="0"/>
        <line num="37" count="3" type="stmt"/>
        <line num="38" count="3" type="cond" truecount="1" falsecount="0"/>
        <line num="40" count="170" type="stmt"/>
        <line num="41" count="170" type="stmt"/>
        <line num="42" count="170" type="stmt"/>
        <line num="43" count="170" type="stmt"/>
        <line num="44" count="170" type="stmt"/>
        <line num="46" count="170" type="stmt"/>
        <line num="47" count="170" type="stmt"/>
        <line num="48" count="173" type="cond" truecount="2" falsecount="0"/>
        <line num="49" count="173" type="stmt"/>
        <line num="50" count="173" type="stmt"/>
        <line num="60" count="1" type="stmt"/>
        <line num="62" count="1" type="cond" truecount="1" falsecount="0"/>
        <line num="63" count="31" type="cond" truecount="1" falsecount="0"/>
        <line num="64" count="2" type="stmt"/>
        <line num="65" count="2" type="cond" truecount="1" falsecount="0"/>
        <line num="67" count="29" type="stmt"/>
        <line num="68" count="29" type="stmt"/>
        <line num="69" count="29" type="stmt"/>
        <line num="70" count="29" type="stmt"/>
        <line num="71" count="29" type="stmt"/>
        <line num="73" count="29" type="stmt"/>
        <line num="74" count="29" type="stmt"/>
        <line num="81" count="1" type="cond" truecount="1" falsecount="0"/>
        <line num="82" count="4" type="stmt"/>
        <line num="91" count="1" type="stmt"/>
        <line num="93" count="1" type="cond" truecount="1" falsecount="0"/>
        <line num="94" count="6" type="stmt"/>
        <line num="103" count="1" type="cond" truecount="1" falsecount="0"/>
        <line num="104" count="5" type="stmt"/>
        <line num="105" count="5" type="cond" truecount="1" falsecount="0"/>
        <line num="106" count="1" type="cond" truecount="1" falsecount="0"/>
        <line num="107" count="4" type="stmt"/>
        <line num="108" count="4" type="stmt"/>
        <line num="109" count="4" type="cond" truecount="1" falsecount="0"/>
        <line num="110" count="4" type="stmt"/>
        <line num="111" count="5" type="stmt"/>
        <line num="118" count="1" type="cond" truecount="1" falsecount="0"/>
        <line num="119" count="4" type="cond" truecount="1" falsecount="0"/>
        <line num="120" count="1" type="cond" truecount="1" falsecount="0"/>
        <line num="121" count="3" type="cond" truecount="1" falsecount="0"/>
        <line num="122" count="1" type="cond" truecount="1" falsecount="0"/>
        <line num="123" count="2" type="stmt"/>
      </file>
      <file name="step.ts" path="/home/eilara/projects/effect-tree/src/codec/prufer/step.ts">
        <metrics statements="70" coveredstatements="70" conditionals="46" coveredconditionals="46" methods="17" coveredmethods="17"/>
        <line num="1" count="1" type="stmt"/>
        <line num="2" count="1" type="stmt"/>
        <line num="3" count="1" type="stmt"/>
        <line num="4" count="1" type="stmt"/>
        <line num="5" count="1" type="stmt"/>
        <line num="6" count="1" type="stmt"/>
        <line num="7" count="1" type="stmt"/>
        <line num="19" count="1" type="cond" truecount="1" falsecount="0"/>
        <line num="20" count="11" type="cond" truecount="1" falsecount="0"/>
        <line num="21" count="2" type="cond" truecount="1" falsecount="0"/>
        <line num="22" count="9" type="cond" truecount="1" falsecount="0"/>
        <line num="29" count="1" type="cond" truecount="1" falsecount="0"/>
        <line num="30" count="1" type="stmt"/>
        <line num="37" count="1" type="cond" truecount="1" falsecount="0"/>
        <line num="38" count="1" type="stmt"/>
        <line num="45" count="1" type="cond" truecount="1" falsecount="0"/>
        <line num="46" count="9" type="cond" truecount="1" falsecount="0"/>
        <line num="47" count="1" type="cond" truecount="1" falsecount="0"/>
        <line num="48" count="8" type="cond" truecount="1" falsecount="0"/>
        <line num="55" count="1" type="cond" truecount="1" falsecount="0"/>
        <line num="56" count="1" type="stmt"/>
        <line num="63" count="1" type="cond" truecount="1" falsecount="0"/>
        <line num="64" count="1" type="stmt"/>
        <line num="71" count="1" type="cond" truecount="1" falsecount="0"/>
        <line num="72" count="21" type="cond" truecount="3" falsecount="0"/>
        <line num="79" count="1" type="cond" truecount="1" falsecount="0"/>
        <line num="80" count="23" type="cond" truecount="1" falsecount="0"/>
        <line num="81" count="21" type="stmt"/>
        <line num="82" count="21" type="stmt"/>
        <line num="83" count="21" type="stmt"/>
        <line num="84" count="21" type="cond" truecount="1" falsecount="0"/>
        <line num="85" count="21" type="stmt"/>
        <line num="86" count="23" type="cond" truecount="1" falsecount="0"/>
        <line num="87" count="23" type="stmt"/>
        <line num="97" count="1" type="cond" truecount="1" falsecount="0"/>
        <line num="98" count="13" type="cond" truecount="1" falsecount="0"/>
        <line num="99" count="12" type="cond" truecount="1" falsecount="0"/>
        <line num="100" count="4" type="cond" truecount="1" falsecount="0"/>
        <line num="101" count="2" type="cond" truecount="1" falsecount="0"/>
        <line num="102" count="2" type="cond" truecount="1" falsecount="0"/>
        <line num="103" count="8" type="cond" truecount="2" falsecount="0"/>
        <line num="104" count="1" type="stmt"/>
        <line num="112" count="1" type="cond" truecount="1" falsecount="0"/>
        <line num="113" count="14" type="cond" truecount="1" falsecount="0"/>
        <line num="114" count="3" type="cond" truecount="1" falsecount="0"/>
        <line num="115" count="11" type="cond" truecount="1" falsecount="0"/>
        <line num="125" count="1" type="cond" truecount="1" falsecount="0"/>
        <line num="126" count="9" type="cond" truecount="1" falsecount="0"/>
        <line num="127" count="8" type="cond" truecount="1" falsecount="0"/>
        <line num="128" count="3" type="cond" truecount="1" falsecount="0"/>
        <line num="129" count="5" type="cond" truecount="1" falsecount="0"/>
        <line num="130" count="1" type="stmt"/>
        <line num="140" count="1" type="cond" truecount="1" falsecount="0"/>
        <line num="141" count="9" type="cond" truecount="1" falsecount="0"/>
        <line num="142" count="3" type="cond" truecount="1" falsecount="0"/>
        <line num="143" count="6" type="stmt"/>
        <line num="154" count="1" type="cond" truecount="1" falsecount="0"/>
        <line num="155" count="1" type="stmt"/>
        <line num="165" count="1" type="cond" truecount="1" falsecount="0"/>
        <line num="166" count="1" type="stmt"/>
        <line num="174" count="1" type="cond" truecount="1" falsecount="0"/>
        <line num="175" count="1" type="stmt"/>
        <line num="183" count="1" type="cond" truecount="1" falsecount="0"/>
        <line num="184" count="1" type="stmt"/>
        <line num="192" count="1" type="stmt"/>
        <line num="193" count="1" type="cond" truecount="1" falsecount="0"/>
        <line num="194" count="19" type="cond" truecount="1" falsecount="0"/>
        <line num="195" count="19" type="stmt"/>
        <line num="196" count="19" type="stmt"/>
        <line num="197" count="19" type="stmt"/>
      </file>
    </package>
    <package name="src.draw">
      <metrics statements="12" coveredstatements="12" conditionals="0" coveredconditionals="0" methods="0" coveredmethods="0"/>
      <file name="direction.ts" path="/home/eilara/projects/effect-tree/src/draw/direction.ts">
        <metrics statements="12" coveredstatements="12" conditionals="0" coveredconditionals="0" methods="0" coveredmethods="0"/>
        <line num="4" count="1" type="stmt"/>
        <line num="5" count="1" type="stmt"/>
        <line num="6" count="1" type="stmt"/>
        <line num="7" count="1" type="stmt"/>
        <line num="13" count="1" type="stmt"/>
        <line num="19" count="1" type="stmt"/>
        <line num="26" count="1" type="stmt"/>
        <line num="27" count="1" type="stmt"/>
        <line num="28" count="1" type="stmt"/>
        <line num="29" count="1" type="stmt"/>
        <line num="34" count="1" type="stmt"/>
        <line num="39" count="1" type="stmt"/>
      </file>
    </package>
    <package name="src.draw.align">
      <metrics statements="151" coveredstatements="151" conditionals="49" coveredconditionals="49" methods="14" coveredmethods="14"/>
      <file name="data.ts" path="/home/eilara/projects/effect-tree/src/draw/align/data.ts">
        <metrics statements="62" coveredstatements="62" conditionals="20" coveredconditionals="20" methods="8" coveredmethods="8"/>
        <line num="1" count="1" type="stmt"/>
        <line num="2" count="1" type="stmt"/>
        <line num="4" count="1" type="stmt"/>
        <line num="14" count="1" type="stmt"/>
        <line num="19" count="1" type="stmt"/>
        <line num="68" count="1" type="stmt"/>
        <line num="69" count="1" type="cond" truecount="1" falsecount="0"/>
        <line num="70" count="1343" type="cond" truecount="1" falsecount="0"/>
        <line num="71" count="1343" type="cond" truecount="4" falsecount="0"/>
        <line num="77" count="1" type="stmt"/>
        <line num="78" count="1" type="cond" truecount="1" falsecount="0"/>
        <line num="79" count="286" type="cond" truecount="1" falsecount="0"/>
        <line num="80" count="286" type="cond" truecount="4" falsecount="0"/>
        <line num="86" count="1" type="cond" truecount="1" falsecount="0"/>
        <line num="87" count="3050" type="stmt"/>
        <line num="88" count="3050" type="stmt"/>
        <line num="94" count="1" type="cond" truecount="1" falsecount="0"/>
        <line num="95" count="1704" type="stmt"/>
        <line num="96" count="1704" type="stmt"/>
        <line num="102" count="1" type="cond" truecount="1" falsecount="0"/>
        <line num="103" count="1684" type="stmt"/>
        <line num="105" count="1684" type="stmt"/>
        <line num="106" count="1684" type="cond" truecount="1" falsecount="0"/>
        <line num="107" count="1684" type="stmt"/>
        <line num="113" count="1" type="cond" truecount="1" falsecount="0"/>
        <line num="114" count="427" type="stmt"/>
        <line num="116" count="427" type="stmt"/>
        <line num="117" count="427" type="cond" truecount="1" falsecount="0"/>
        <line num="118" count="427" type="stmt"/>
        <line num="120" count="1" type="stmt"/>
        <line num="121" count="1" type="stmt"/>
        <line num="122" count="1" type="stmt"/>
        <line num="123" count="1" type="stmt"/>
        <line num="124" count="1" type="stmt"/>
        <line num="125" count="1" type="stmt"/>
        <line num="126" count="1" type="stmt"/>
        <line num="127" count="1" type="stmt"/>
        <line num="133" count="1" type="cond" truecount="1" falsecount="0"/>
        <line num="134" count="135" type="stmt"/>
        <line num="135" count="135" type="stmt"/>
        <line num="141" count="1" type="cond" truecount="1" falsecount="0"/>
        <line num="142" count="3" type="stmt"/>
        <line num="143" count="3" type="stmt"/>
        <line num="144" count="3" type="stmt"/>
        <line num="147" count="3" type="stmt"/>
        <line num="154" count="1" type="stmt"/>
        <line num="155" count="1" type="stmt"/>
        <line num="156" count="1" type="stmt"/>
        <line num="157" count="1" type="stmt"/>
        <line num="158" count="1" type="stmt"/>
        <line num="159" count="1" type="stmt"/>
        <line num="166" count="1" type="stmt"/>
        <line num="167" count="1" type="stmt"/>
        <line num="168" count="1" type="stmt"/>
        <line num="169" count="1" type="stmt"/>
        <line num="170" count="1" type="stmt"/>
        <line num="171" count="1" type="stmt"/>
        <line num="172" count="1" type="stmt"/>
        <line num="179" count="1" type="stmt"/>
        <line num="180" count="1" type="stmt"/>
        <line num="181" count="1" type="stmt"/>
        <line num="182" count="1" type="stmt"/>
      </file>
      <file name="horizontally.ts" path="/home/eilara/projects/effect-tree/src/draw/align/horizontally.ts">
        <metrics statements="42" coveredstatements="42" conditionals="15" coveredconditionals="15" methods="3" coveredmethods="3"/>
        <line num="2" count="1" type="stmt"/>
        <line num="3" count="1" type="stmt"/>
        <line num="4" count="1" type="stmt"/>
        <line num="5" count="1" type="stmt"/>
        <line num="6" count="1" type="stmt"/>
        <line num="20" count="1" type="stmt"/>
        <line num="21" count="1" type="cond" truecount="1" falsecount="0"/>
        <line num="22" count="1747" type="stmt"/>
        <line num="23" count="1747" type="stmt"/>
        <line num="24" count="1747" type="stmt"/>
        <line num="26" count="1747" type="cond" truecount="1" falsecount="0"/>
        <line num="27" count="2447" type="cond" truecount="2" falsecount="0"/>
        <line num="29" count="1064" type="stmt"/>
        <line num="30" count="1064" type="cond" truecount="1" falsecount="0"/>
        <line num="32" count="1064" type="stmt"/>
        <line num="33" count="1064" type="stmt"/>
        <line num="34" count="1064" type="cond" truecount="1" falsecount="0"/>
        <line num="35" count="4426" type="stmt"/>
        <line num="36" count="4426" type="cond" truecount="2" falsecount="0"/>
        <line num="37" count="1064" type="stmt"/>
        <line num="38" count="1064" type="stmt"/>
        <line num="39" count="1064" type="stmt"/>
        <line num="42" count="1343" type="cond" truecount="1" falsecount="0"/>
        <line num="43" count="1343" type="stmt"/>
        <line num="44" count="1343" type="stmt"/>
        <line num="45" count="1343" type="stmt"/>
        <line num="46" count="1343" type="stmt"/>
        <line num="47" count="1343" type="stmt"/>
        <line num="48" count="1343" type="stmt"/>
        <line num="49" count="1343" type="cond" truecount="1" falsecount="0"/>
        <line num="50" count="1343" type="stmt"/>
        <line num="51" count="1343" type="stmt"/>
        <line num="52" count="1343" type="stmt"/>
        <line num="53" count="1343" type="cond" truecount="1" falsecount="0"/>
        <line num="54" count="1343" type="cond" truecount="1" falsecount="0"/>
        <line num="55" count="254" type="stmt"/>
        <line num="56" count="254" type="cond" truecount="2" falsecount="0"/>
        <line num="57" count="254" type="stmt"/>
        <line num="58" count="1343" type="cond" truecount="1" falsecount="0"/>
        <line num="59" count="1343" type="stmt"/>
        <line num="60" count="1343" type="stmt"/>
        <line num="61" count="1343" type="stmt"/>
      </file>
      <file name="vertically.ts" path="/home/eilara/projects/effect-tree/src/draw/align/vertically.ts">
        <metrics statements="47" coveredstatements="47" conditionals="14" coveredconditionals="14" methods="3" coveredmethods="3"/>
        <line num="1" count="1" type="stmt"/>
        <line num="3" count="1" type="stmt"/>
        <line num="4" count="1" type="stmt"/>
        <line num="68" count="1" type="stmt"/>
        <line num="69" count="1" type="cond" truecount="1" falsecount="0"/>
        <line num="70" count="625" type="stmt"/>
        <line num="71" count="625" type="stmt"/>
        <line num="72" count="625" type="stmt"/>
        <line num="73" count="625" type="stmt"/>
        <line num="75" count="625" type="cond" truecount="1" falsecount="0"/>
        <line num="76" count="625" type="stmt"/>
        <line num="78" count="625" type="cond" truecount="1" falsecount="0"/>
        <line num="79" count="4" type="cond" truecount="1" falsecount="0"/>
        <line num="80" count="621" type="stmt"/>
        <line num="81" count="621" type="stmt"/>
        <line num="82" count="621" type="cond" truecount="1" falsecount="0"/>
        <line num="83" count="1305" type="stmt"/>
        <line num="84" count="1305" type="stmt"/>
        <line num="85" count="1305" type="stmt"/>
        <line num="86" count="1305" type="cond" truecount="2" falsecount="0"/>
        <line num="87" count="1305" type="stmt"/>
        <line num="88" count="1305" type="stmt"/>
        <line num="89" count="621" type="stmt"/>
        <line num="90" count="621" type="stmt"/>
        <line num="91" count="625" type="stmt"/>
        <line num="93" count="1" type="cond" truecount="1" falsecount="0"/>
        <line num="94" count="3" type="stmt"/>
        <line num="95" count="3" type="stmt"/>
        <line num="96" count="3" type="stmt"/>
        <line num="97" count="3" type="stmt"/>
        <line num="101" count="286" type="cond" truecount="1" falsecount="0"/>
        <line num="102" count="286" type="stmt"/>
        <line num="103" count="286" type="stmt"/>
        <line num="104" count="286" type="stmt"/>
        <line num="105" count="286" type="stmt"/>
        <line num="106" count="286" type="stmt"/>
        <line num="107" count="286" type="stmt"/>
        <line num="108" count="286" type="stmt"/>
        <line num="109" count="286" type="stmt"/>
        <line num="110" count="286" type="cond" truecount="1" falsecount="0"/>
        <line num="111" count="286" type="cond" truecount="3" falsecount="0"/>
        <line num="112" count="286" type="cond" truecount="1" falsecount="0"/>
        <line num="113" count="286" type="stmt"/>
        <line num="114" count="286" type="stmt"/>
        <line num="115" count="286" type="stmt"/>
        <line num="116" count="286" type="stmt"/>
        <line num="117" count="286" type="stmt"/>
      </file>
    </package>
    <package name="src.draw.glyph">
      <metrics statements="344" coveredstatements="344" conditionals="34" coveredconditionals="34" methods="23" coveredmethods="23"/>
      <file name="borders.ts" path="/home/eilara/projects/effect-tree/src/draw/glyph/borders.ts">
        <metrics statements="94" coveredstatements="94" conditionals="8" coveredconditionals="8" methods="4" coveredmethods="4"/>
        <line num="1" count="1" type="stmt"/>
        <line num="3" count="1" type="stmt"/>
        <line num="4" count="1" type="stmt"/>
        <line num="16" count="1" type="stmt"/>
        <line num="20" count="1" type="stmt"/>
        <line num="21" count="1" type="stmt"/>
        <line num="22" count="1" type="stmt"/>
        <line num="23" count="1" type="cond" truecount="1" falsecount="0"/>
        <line num="24" count="1" type="stmt"/>
        <line num="25" count="1" type="stmt"/>
        <line num="26" count="1" type="stmt"/>
        <line num="27" count="1" type="stmt"/>
        <line num="28" count="1" type="stmt"/>
        <line num="29" count="1" type="stmt"/>
        <line num="30" count="1" type="stmt"/>
        <line num="31" count="1" type="cond" truecount="1" falsecount="0"/>
        <line num="32" count="1" type="cond" truecount="1" falsecount="0"/>
        <line num="33" count="1" type="stmt"/>
        <line num="34" count="1" type="stmt"/>
        <line num="35" count="1" type="stmt"/>
        <line num="36" count="1" type="stmt"/>
        <line num="37" count="1" type="stmt"/>
        <line num="48" count="1" type="stmt"/>
        <line num="52" count="1" type="stmt"/>
        <line num="53" count="1" type="stmt"/>
        <line num="54" count="1" type="stmt"/>
        <line num="55" count="1" type="cond" truecount="1" falsecount="0"/>
        <line num="56" count="1" type="stmt"/>
        <line num="57" count="1" type="stmt"/>
        <line num="58" count="1" type="stmt"/>
        <line num="59" count="1" type="stmt"/>
        <line num="60" count="1" type="stmt"/>
        <line num="61" count="1" type="stmt"/>
        <line num="62" count="1" type="stmt"/>
        <line num="63" count="1" type="cond" truecount="1" falsecount="0"/>
        <line num="64" count="1" type="cond" truecount="1" falsecount="0"/>
        <line num="65" count="1" type="stmt"/>
        <line num="66" count="1" type="stmt"/>
        <line num="67" count="1" type="stmt"/>
        <line num="68" count="1" type="stmt"/>
        <line num="69" count="1" type="stmt"/>
        <line num="74" count="1" type="stmt"/>
        <line num="75" count="1" type="stmt"/>
        <line num="76" count="1" type="stmt"/>
        <line num="77" count="1" type="stmt"/>
        <line num="78" count="1" type="stmt"/>
        <line num="79" count="1" type="stmt"/>
        <line num="80" count="1" type="stmt"/>
        <line num="81" count="1" type="stmt"/>
        <line num="82" count="1" type="stmt"/>
        <line num="83" count="1" type="stmt"/>
        <line num="84" count="1" type="stmt"/>
        <line num="85" count="1" type="stmt"/>
        <line num="86" count="1" type="stmt"/>
        <line num="87" count="1" type="stmt"/>
        <line num="88" count="1" type="stmt"/>
        <line num="89" count="1" type="stmt"/>
        <line num="90" count="1" type="stmt"/>
        <line num="91" count="1" type="stmt"/>
        <line num="92" count="1" type="stmt"/>
        <line num="93" count="1" type="stmt"/>
        <line num="94" count="1" type="stmt"/>
        <line num="95" count="1" type="stmt"/>
        <line num="96" count="1" type="stmt"/>
        <line num="110" count="1" type="stmt"/>
        <line num="111" count="1" type="stmt"/>
        <line num="112" count="1" type="stmt"/>
        <line num="113" count="1" type="stmt"/>
        <line num="114" count="1" type="stmt"/>
        <line num="115" count="1" type="stmt"/>
        <line num="116" count="1" type="stmt"/>
        <line num="117" count="1" type="stmt"/>
        <line num="118" count="1" type="stmt"/>
        <line num="119" count="1" type="stmt"/>
        <line num="120" count="1" type="stmt"/>
        <line num="121" count="1" type="stmt"/>
        <line num="122" count="1" type="stmt"/>
        <line num="123" count="1" type="stmt"/>
        <line num="124" count="1" type="stmt"/>
        <line num="125" count="1" type="stmt"/>
        <line num="126" count="1" type="stmt"/>
        <line num="127" count="1" type="stmt"/>
        <line num="128" count="1" type="stmt"/>
        <line num="129" count="1" type="stmt"/>
        <line num="130" count="1" type="stmt"/>
        <line num="131" count="1" type="stmt"/>
        <line num="132" count="1" type="stmt"/>
        <line num="139" count="1" type="cond" truecount="1" falsecount="0"/>
        <line num="141" count="2877" type="cond" truecount="1" falsecount="0"/>
        <line num="142" count="2877" type="stmt"/>
        <line num="143" count="2877" type="stmt"/>
        <line num="144" count="2877" type="stmt"/>
        <line num="145" count="2877" type="stmt"/>
        <line num="146" count="2877" type="stmt"/>
      </file>
      <file name="crosses.ts" path="/home/eilara/projects/effect-tree/src/draw/glyph/crosses.ts">
        <metrics statements="41" coveredstatements="41" conditionals="1" coveredconditionals="1" methods="1" coveredmethods="1"/>
        <line num="5" count="1" type="stmt"/>
        <line num="6" count="1" type="stmt"/>
        <line num="7" count="1" type="stmt"/>
        <line num="8" count="1" type="stmt"/>
        <line num="9" count="1" type="stmt"/>
        <line num="10" count="1" type="stmt"/>
        <line num="11" count="1" type="stmt"/>
        <line num="12" count="1" type="stmt"/>
        <line num="13" count="1" type="stmt"/>
        <line num="14" count="1" type="stmt"/>
        <line num="15" count="1" type="stmt"/>
        <line num="16" count="1" type="stmt"/>
        <line num="17" count="1" type="stmt"/>
        <line num="18" count="1" type="stmt"/>
        <line num="19" count="1" type="stmt"/>
        <line num="20" count="1" type="stmt"/>
        <line num="21" count="1" type="stmt"/>
        <line num="22" count="1" type="stmt"/>
        <line num="23" count="1" type="stmt"/>
        <line num="24" count="1" type="stmt"/>
        <line num="38" count="1" type="stmt"/>
        <line num="39" count="1" type="stmt"/>
        <line num="40" count="1" type="stmt"/>
        <line num="41" count="1" type="stmt"/>
        <line num="42" count="1" type="stmt"/>
        <line num="43" count="1" type="stmt"/>
        <line num="44" count="1" type="stmt"/>
        <line num="45" count="1" type="stmt"/>
        <line num="46" count="1" type="stmt"/>
        <line num="47" count="1" type="stmt"/>
        <line num="48" count="1" type="stmt"/>
        <line num="49" count="1" type="stmt"/>
        <line num="50" count="1" type="stmt"/>
        <line num="51" count="1" type="stmt"/>
        <line num="52" count="1" type="stmt"/>
        <line num="53" count="1" type="stmt"/>
        <line num="54" count="1" type="stmt"/>
        <line num="55" count="1" type="stmt"/>
        <line num="56" count="1" type="stmt"/>
        <line num="57" count="1" type="stmt"/>
        <line num="64" count="1" type="cond" truecount="1" falsecount="0"/>
      </file>
      <file name="elbows.ts" path="/home/eilara/projects/effect-tree/src/draw/glyph/elbows.ts">
        <metrics statements="56" coveredstatements="56" conditionals="5" coveredconditionals="5" methods="4" coveredmethods="4"/>
        <line num="1" count="1" type="stmt"/>
        <line num="2" count="1" type="stmt"/>
        <line num="3" count="1" type="stmt"/>
        <line num="4" count="1" type="stmt"/>
        <line num="5" count="1" type="stmt"/>
        <line num="8" count="1" type="cond" truecount="1" falsecount="0"/>
        <line num="9" count="4" type="stmt"/>
        <line num="10" count="4" type="stmt"/>
        <line num="11" count="4" type="stmt"/>
        <line num="12" count="4" type="stmt"/>
        <line num="27" count="1" type="stmt"/>
        <line num="34" count="1" type="stmt"/>
        <line num="35" count="1" type="cond" truecount="2" falsecount="0"/>
        <line num="36" count="1" type="stmt"/>
        <line num="37" count="1" type="stmt"/>
        <line num="43" count="1" type="stmt"/>
        <line num="44" count="1" type="stmt"/>
        <line num="45" count="1" type="stmt"/>
        <line num="46" count="1" type="stmt"/>
        <line num="47" count="1" type="stmt"/>
        <line num="48" count="1" type="stmt"/>
        <line num="49" count="1" type="stmt"/>
        <line num="50" count="1" type="stmt"/>
        <line num="51" count="1" type="stmt"/>
        <line num="52" count="1" type="stmt"/>
        <line num="53" count="1" type="stmt"/>
        <line num="54" count="1" type="stmt"/>
        <line num="55" count="1" type="stmt"/>
        <line num="56" count="1" type="stmt"/>
        <line num="57" count="1" type="stmt"/>
        <line num="58" count="1" type="stmt"/>
        <line num="59" count="1" type="stmt"/>
        <line num="74" count="1" type="stmt"/>
        <line num="75" count="1" type="stmt"/>
        <line num="76" count="1" type="stmt"/>
        <line num="77" count="1" type="stmt"/>
        <line num="78" count="1" type="stmt"/>
        <line num="79" count="1" type="stmt"/>
        <line num="80" count="1" type="stmt"/>
        <line num="81" count="1" type="stmt"/>
        <line num="82" count="1" type="stmt"/>
        <line num="83" count="1" type="stmt"/>
        <line num="84" count="1" type="stmt"/>
        <line num="85" count="1" type="stmt"/>
        <line num="86" count="1" type="stmt"/>
        <line num="87" count="1" type="stmt"/>
        <line num="88" count="1" type="stmt"/>
        <line num="89" count="1" type="stmt"/>
        <line num="90" count="1" type="stmt"/>
        <line num="118" count="1" type="cond" truecount="1" falsecount="0"/>
        <line num="120" count="1644" type="cond" truecount="1" falsecount="0"/>
        <line num="121" count="1644" type="stmt"/>
        <line num="122" count="1644" type="stmt"/>
        <line num="123" count="1644" type="stmt"/>
        <line num="124" count="1644" type="stmt"/>
        <line num="125" count="1644" type="stmt"/>
      </file>
      <file name="index.ts" path="/home/eilara/projects/effect-tree/src/draw/glyph/index.ts">
        <metrics statements="34" coveredstatements="34" conditionals="9" coveredconditionals="9" methods="5" coveredmethods="5"/>
        <line num="1" count="1" type="stmt"/>
        <line num="2" count="1" type="stmt"/>
        <line num="3" count="1" type="stmt"/>
        <line num="4" count="1" type="stmt"/>
        <line num="5" count="1" type="stmt"/>
        <line num="24" count="1" type="cond" truecount="1" falsecount="0"/>
        <line num="25" count="4" type="stmt"/>
        <line num="26" count="4" type="stmt"/>
        <line num="27" count="4" type="stmt"/>
        <line num="28" count="4" type="stmt"/>
        <line num="29" count="4" type="stmt"/>
        <line num="30" count="4" type="stmt"/>
        <line num="31" count="4" type="stmt"/>
        <line num="37" count="1" type="stmt"/>
        <line num="38" count="1" type="cond" truecount="1" falsecount="0"/>
        <line num="39" count="1" type="cond" truecount="1" falsecount="0"/>
        <line num="40" count="1" type="stmt"/>
        <line num="41" count="1" type="stmt"/>
        <line num="42" count="1" type="stmt"/>
        <line num="48" count="1" type="stmt"/>
        <line num="49" count="1" type="cond" truecount="1" falsecount="0"/>
        <line num="50" count="1" type="cond" truecount="1" falsecount="0"/>
        <line num="51" count="1" type="stmt"/>
        <line num="52" count="1" type="stmt"/>
        <line num="53" count="1" type="stmt"/>
        <line num="59" count="1" type="stmt"/>
        <line num="60" count="1" type="cond" truecount="1" falsecount="0"/>
        <line num="61" count="1" type="cond" truecount="1" falsecount="0"/>
        <line num="62" count="1" type="stmt"/>
        <line num="63" count="1" type="stmt"/>
        <line num="64" count="1" type="stmt"/>
        <line num="70" count="1" type="stmt"/>
        <line num="71" count="1" type="cond" truecount="1" falsecount="0"/>
        <line num="72" count="1" type="cond" truecount="1" falsecount="0"/>
      </file>
      <file name="lines.ts" path="/home/eilara/projects/effect-tree/src/draw/glyph/lines.ts">
        <metrics statements="69" coveredstatements="69" conditionals="6" coveredconditionals="6" methods="5" coveredmethods="5"/>
        <line num="1" count="1" type="stmt"/>
        <line num="2" count="1" type="stmt"/>
        <line num="3" count="1" type="stmt"/>
        <line num="5" count="1" type="stmt"/>
        <line num="8" count="1" type="cond" truecount="1" falsecount="0"/>
        <line num="9" count="4" type="stmt"/>
        <line num="10" count="4" type="stmt"/>
        <line num="11" count="4" type="stmt"/>
        <line num="12" count="4" type="stmt"/>
        <line num="27" count="1" type="stmt"/>
        <line num="31" count="1" type="stmt"/>
        <line num="32" count="1" type="stmt"/>
        <line num="33" count="1" type="cond" truecount="1" falsecount="0"/>
        <line num="34" count="1" type="cond" truecount="1" falsecount="0"/>
        <line num="35" count="1" type="stmt"/>
        <line num="36" count="1" type="stmt"/>
        <line num="42" count="1" type="stmt"/>
        <line num="43" count="1" type="stmt"/>
        <line num="44" count="1" type="stmt"/>
        <line num="45" count="1" type="stmt"/>
        <line num="46" count="1" type="stmt"/>
        <line num="47" count="1" type="stmt"/>
        <line num="48" count="1" type="stmt"/>
        <line num="49" count="1" type="stmt"/>
        <line num="50" count="1" type="stmt"/>
        <line num="51" count="1" type="stmt"/>
        <line num="52" count="1" type="stmt"/>
        <line num="53" count="1" type="stmt"/>
        <line num="54" count="1" type="stmt"/>
        <line num="55" count="1" type="stmt"/>
        <line num="56" count="1" type="stmt"/>
        <line num="57" count="1" type="stmt"/>
        <line num="58" count="1" type="stmt"/>
        <line num="59" count="1" type="stmt"/>
        <line num="60" count="1" type="stmt"/>
        <line num="61" count="1" type="stmt"/>
        <line num="62" count="1" type="stmt"/>
        <line num="63" count="1" type="stmt"/>
        <line num="77" count="1" type="stmt"/>
        <line num="78" count="1" type="stmt"/>
        <line num="79" count="1" type="stmt"/>
        <line num="80" count="1" type="stmt"/>
        <line num="81" count="1" type="stmt"/>
        <line num="82" count="1" type="stmt"/>
        <line num="83" count="1" type="stmt"/>
        <line num="84" count="1" type="stmt"/>
        <line num="85" count="1" type="stmt"/>
        <line num="86" count="1" type="stmt"/>
        <line num="87" count="1" type="stmt"/>
        <line num="88" count="1" type="stmt"/>
        <line num="89" count="1" type="stmt"/>
        <line num="90" count="1" type="stmt"/>
        <line num="91" count="1" type="stmt"/>
        <line num="92" count="1" type="stmt"/>
        <line num="93" count="1" type="stmt"/>
        <line num="94" count="1" type="stmt"/>
        <line num="95" count="1" type="stmt"/>
        <line num="96" count="1" type="stmt"/>
        <line num="97" count="1" type="stmt"/>
        <line num="98" count="1" type="stmt"/>
        <line num="105" count="1" type="cond" truecount="1" falsecount="0"/>
        <line num="107" count="1918" type="cond" truecount="1" falsecount="0"/>
        <line num="108" count="1918" type="stmt"/>
        <line num="109" count="1918" type="stmt"/>
        <line num="110" count="1918" type="stmt"/>
        <line num="112" count="548" type="cond" truecount="1" falsecount="0"/>
        <line num="113" count="548" type="stmt"/>
        <line num="114" count="548" type="stmt"/>
        <line num="115" count="548" type="stmt"/>
      </file>
      <file name="tees.ts" path="/home/eilara/projects/effect-tree/src/draw/glyph/tees.ts">
        <metrics statements="50" coveredstatements="50" conditionals="5" coveredconditionals="5" methods="4" coveredmethods="4"/>
        <line num="1" count="1" type="stmt"/>
        <line num="2" count="1" type="stmt"/>
        <line num="3" count="1" type="stmt"/>
        <line num="4" count="1" type="stmt"/>
        <line num="5" count="1" type="stmt"/>
        <line num="8" count="1" type="cond" truecount="1" falsecount="0"/>
        <line num="9" count="2" type="stmt"/>
        <line num="10" count="2" type="stmt"/>
        <line num="11" count="2" type="stmt"/>
        <line num="12" count="2" type="stmt"/>
        <line num="27" count="1" type="stmt"/>
        <line num="31" count="1" type="stmt"/>
        <line num="32" count="1" type="stmt"/>
        <line num="33" count="1" type="cond" truecount="1" falsecount="0"/>
        <line num="34" count="1" type="cond" truecount="1" falsecount="0"/>
        <line num="35" count="1" type="stmt"/>
        <line num="36" count="1" type="stmt"/>
        <line num="42" count="1" type="stmt"/>
        <line num="43" count="1" type="stmt"/>
        <line num="44" count="1" type="stmt"/>
        <line num="45" count="1" type="stmt"/>
        <line num="46" count="1" type="stmt"/>
        <line num="47" count="1" type="stmt"/>
        <line num="48" count="1" type="stmt"/>
        <line num="49" count="1" type="stmt"/>
        <line num="50" count="1" type="stmt"/>
        <line num="51" count="1" type="stmt"/>
        <line num="52" count="1" type="stmt"/>
        <line num="53" count="1" type="stmt"/>
        <line num="54" count="1" type="stmt"/>
        <line num="55" count="1" type="stmt"/>
        <line num="70" count="1" type="stmt"/>
        <line num="71" count="1" type="stmt"/>
        <line num="72" count="1" type="stmt"/>
        <line num="73" count="1" type="stmt"/>
        <line num="74" count="1" type="stmt"/>
        <line num="75" count="1" type="stmt"/>
        <line num="76" count="1" type="stmt"/>
        <line num="77" count="1" type="stmt"/>
        <line num="78" count="1" type="stmt"/>
        <line num="79" count="1" type="stmt"/>
        <line num="80" count="1" type="stmt"/>
        <line num="81" count="1" type="stmt"/>
        <line num="82" count="1" type="stmt"/>
        <line num="83" count="1" type="stmt"/>
        <line num="90" count="1" type="cond" truecount="1" falsecount="0"/>
        <line num="92" count="1233" type="cond" truecount="1" falsecount="0"/>
        <line num="93" count="1233" type="stmt"/>
        <line num="94" count="1233" type="stmt"/>
        <line num="95" count="1233" type="stmt"/>
      </file>
    </package>
    <package name="src.draw.part">
      <metrics statements="197" coveredstatements="197" conditionals="48" coveredconditionals="48" methods="20" coveredmethods="20"/>
      <file name="column.ts" path="/home/eilara/projects/effect-tree/src/draw/part/column.ts">
        <metrics statements="32" coveredstatements="32" conditionals="14" coveredconditionals="14" methods="3" coveredmethods="3"/>
        <line num="2" count="1" type="stmt"/>
        <line num="3" count="1" type="stmt"/>
        <line num="4" count="1" type="stmt"/>
        <line num="18" count="1" type="stmt"/>
        <line num="19" count="1" type="cond" truecount="1" falsecount="0"/>
        <line num="20" count="442" type="cond" truecount="1" falsecount="0"/>
        <line num="21" count="1043" type="stmt"/>
        <line num="40" count="1" type="stmt"/>
        <line num="46" count="1" type="stmt"/>
        <line num="48" count="1" type="stmt"/>
        <line num="49" count="1" type="cond" truecount="1" falsecount="0"/>
        <line num="50" count="440" type="cond" truecount="1" falsecount="0"/>
        <line num="51" count="43" type="cond" truecount="1" falsecount="0"/>
        <line num="52" count="43" type="stmt"/>
        <line num="54" count="1" type="cond" truecount="3" falsecount="0"/>
        <line num="55" count="22" type="stmt"/>
        <line num="63" count="1" type="stmt"/>
        <line num="65" count="1" type="stmt"/>
        <line num="66" count="1" type="cond" truecount="1" falsecount="0"/>
        <line num="67" count="1" type="cond" truecount="1" falsecount="0"/>
        <line num="68" count="1" type="cond" truecount="1" falsecount="0"/>
        <line num="69" count="1" type="stmt"/>
        <line num="70" count="1" type="stmt"/>
        <line num="71" count="1" type="stmt"/>
        <line num="79" count="1" type="stmt"/>
        <line num="81" count="1" type="stmt"/>
        <line num="82" count="1" type="cond" truecount="1" falsecount="0"/>
        <line num="83" count="1" type="cond" truecount="1" falsecount="0"/>
        <line num="84" count="1" type="cond" truecount="1" falsecount="0"/>
        <line num="85" count="1" type="stmt"/>
        <line num="86" count="1" type="stmt"/>
        <line num="87" count="1" type="stmt"/>
      </file>
      <file name="data.ts" path="/home/eilara/projects/effect-tree/src/draw/part/data.ts">
        <metrics statements="39" coveredstatements="39" conditionals="11" coveredconditionals="11" methods="8" coveredmethods="8"/>
        <line num="2" count="1" type="stmt"/>
        <line num="3" count="1" type="stmt"/>
        <line num="4" count="1" type="stmt"/>
        <line num="27" count="1" type="stmt"/>
        <line num="40" count="1" type="stmt"/>
        <line num="55" count="1" type="cond" truecount="1" falsecount="0"/>
        <line num="56" count="4" type="stmt"/>
        <line num="71" count="1" type="cond" truecount="1" falsecount="0"/>
        <line num="72" count="4" type="stmt"/>
        <line num="87" count="1" type="cond" truecount="1" falsecount="0"/>
        <line num="88" count="4" type="stmt"/>
        <line num="103" count="1" type="cond" truecount="1" falsecount="0"/>
        <line num="104" count="4" type="stmt"/>
        <line num="117" count="1" type="cond" truecount="1" falsecount="0"/>
        <line num="132" count="1" type="stmt"/>
        <line num="133" count="1" type="cond" truecount="1" falsecount="0"/>
        <line num="134" count="2" type="cond" truecount="1" falsecount="0"/>
        <line num="135" count="2" type="stmt"/>
        <line num="150" count="1" type="stmt"/>
        <line num="151" count="1" type="cond" truecount="1" falsecount="0"/>
        <line num="152" count="2" type="cond" truecount="1" falsecount="0"/>
        <line num="153" count="2" type="stmt"/>
        <line num="179" count="1" type="stmt"/>
        <line num="180" count="1" type="cond" truecount="1" falsecount="0"/>
        <line num="181" count="5" type="stmt"/>
        <line num="182" count="5" type="stmt"/>
        <line num="183" count="5" type="stmt"/>
        <line num="184" count="5" type="stmt"/>
        <line num="186" count="5" type="cond" truecount="1" falsecount="0"/>
        <line num="187" count="8" type="stmt"/>
        <line num="188" count="8" type="stmt"/>
        <line num="189" count="8" type="stmt"/>
        <line num="190" count="8" type="stmt"/>
        <line num="191" count="8" type="stmt"/>
        <line num="192" count="8" type="stmt"/>
        <line num="193" count="8" type="stmt"/>
        <line num="194" count="8" type="stmt"/>
        <line num="195" count="8" type="stmt"/>
        <line num="196" count="8" type="stmt"/>
      </file>
      <file name="draw.ts" path="/home/eilara/projects/effect-tree/src/draw/part/draw.ts">
        <metrics statements="48" coveredstatements="48" conditionals="5" coveredconditionals="5" methods="3" coveredmethods="3"/>
        <line num="1" count="1" type="stmt"/>
        <line num="2" count="1" type="stmt"/>
        <line num="3" count="1" type="stmt"/>
        <line num="4" count="1" type="stmt"/>
        <line num="5" count="1" type="stmt"/>
        <line num="6" count="1" type="stmt"/>
        <line num="7" count="1" type="stmt"/>
        <line num="13" count="1" type="stmt"/>
        <line num="14" count="1" type="stmt"/>
        <line num="15" count="1" type="stmt"/>
        <line num="17" count="1" type="stmt"/>
        <line num="18" count="1" type="stmt"/>
        <line num="19" count="1" type="stmt"/>
        <line num="20" count="1" type="stmt"/>
        <line num="21" count="1" type="stmt"/>
        <line num="22" count="1" type="stmt"/>
        <line num="31" count="1" type="stmt"/>
        <line num="34" count="1" type="stmt"/>
        <line num="35" count="1" type="cond" truecount="1" falsecount="0"/>
        <line num="36" count="1" type="stmt"/>
        <line num="38" count="596" type="cond" truecount="1" falsecount="0"/>
        <line num="39" count="596" type="stmt"/>
        <line num="40" count="596" type="stmt"/>
        <line num="41" count="596" type="stmt"/>
        <line num="42" count="596" type="stmt"/>
        <line num="43" count="596" type="stmt"/>
        <line num="44" count="596" type="cond" truecount="1" falsecount="0"/>
        <line num="45" count="1" type="stmt"/>
        <line num="46" count="1" type="cond" truecount="1" falsecount="0"/>
        <line num="48" count="595" type="stmt"/>
        <line num="49" count="595" type="stmt"/>
        <line num="50" count="595" type="stmt"/>
        <line num="51" count="595" type="stmt"/>
        <line num="52" count="595" type="stmt"/>
        <line num="53" count="595" type="stmt"/>
        <line num="54" count="595" type="stmt"/>
        <line num="55" count="595" type="stmt"/>
        <line num="56" count="595" type="stmt"/>
        <line num="58" count="595" type="stmt"/>
        <line num="59" count="595" type="stmt"/>
        <line num="60" count="595" type="stmt"/>
        <line num="61" count="595" type="stmt"/>
        <line num="62" count="595" type="stmt"/>
        <line num="63" count="595" type="stmt"/>
        <line num="64" count="595" type="stmt"/>
        <line num="66" count="1097" type="cond" truecount="1" falsecount="0"/>
        <line num="67" count="1097" type="stmt"/>
        <line num="68" count="1097" type="stmt"/>
      </file>
      <file name="fold.ts" path="/home/eilara/projects/effect-tree/src/draw/part/fold.ts">
        <metrics statements="5" coveredstatements="5" conditionals="1" coveredconditionals="1" methods="1" coveredmethods="1"/>
        <line num="1" count="1" type="stmt"/>
        <line num="2" count="1" type="stmt"/>
        <line num="3" count="1" type="stmt"/>
        <line num="15" count="1" type="cond" truecount="1" falsecount="0"/>
        <line num="16" count="287" type="stmt"/>
      </file>
      <file name="row.ts" path="/home/eilara/projects/effect-tree/src/draw/part/row.ts">
        <metrics statements="40" coveredstatements="40" conditionals="15" coveredconditionals="15" methods="3" coveredmethods="3"/>
        <line num="1" count="1" type="stmt"/>
        <line num="2" count="1" type="stmt"/>
        <line num="8" count="1" type="stmt"/>
        <line num="9" count="1" type="stmt"/>
        <line num="28" count="1" type="stmt"/>
        <line num="29" count="1" type="cond" truecount="1" falsecount="0"/>
        <line num="30" count="946" type="cond" truecount="1" falsecount="0"/>
        <line num="31" count="1780" type="cond" truecount="1" falsecount="0"/>
        <line num="32" count="573" type="stmt"/>
        <line num="42" count="1" type="stmt"/>
        <line num="44" count="1" type="stmt"/>
        <line num="45" count="1" type="stmt"/>
        <line num="46" count="1" type="stmt"/>
        <line num="47" count="1" type="stmt"/>
        <line num="49" count="1" type="stmt"/>
        <line num="50" count="1" type="cond" truecount="1" falsecount="0"/>
        <line num="51" count="1254" type="cond" truecount="1" falsecount="0"/>
        <line num="52" count="1254" type="cond" truecount="1" falsecount="0"/>
        <line num="53" count="22" type="cond" truecount="1" falsecount="0"/>
        <line num="54" count="22" type="stmt"/>
        <line num="56" count="1" type="stmt"/>
        <line num="57" count="1" type="cond" truecount="1" falsecount="0"/>
        <line num="58" count="1253" type="cond" truecount="1" falsecount="0"/>
        <line num="59" count="1253" type="cond" truecount="1" falsecount="0"/>
        <line num="60" count="440" type="cond" truecount="1" falsecount="0"/>
        <line num="61" count="490" type="stmt"/>
        <line num="69" count="1" type="stmt"/>
        <line num="71" count="1" type="stmt"/>
        <line num="72" count="1" type="stmt"/>
        <line num="73" count="1" type="cond" truecount="1" falsecount="0"/>
        <line num="74" count="417" type="cond" truecount="1" falsecount="0"/>
        <line num="75" count="1" type="stmt"/>
        <line num="76" count="1" type="stmt"/>
        <line num="84" count="1" type="stmt"/>
        <line num="86" count="1" type="stmt"/>
        <line num="87" count="1" type="stmt"/>
        <line num="88" count="1" type="cond" truecount="1" falsecount="0"/>
        <line num="89" count="417" type="cond" truecount="1" falsecount="0"/>
        <line num="90" count="1" type="stmt"/>
        <line num="91" count="1" type="stmt"/>
      </file>
      <file name="show.ts" path="/home/eilara/projects/effect-tree/src/draw/part/show.ts">
        <metrics statements="33" coveredstatements="33" conditionals="2" coveredconditionals="2" methods="2" coveredmethods="2"/>
        <line num="1" count="1" type="stmt"/>
        <line num="2" count="1" type="stmt"/>
        <line num="3" count="1" type="stmt"/>
        <line num="4" count="1" type="stmt"/>
        <line num="6" count="1" type="stmt"/>
        <line num="7" count="1" type="stmt"/>
        <line num="13" count="1" type="stmt"/>
        <line num="14" count="1" type="stmt"/>
        <line num="15" count="1" type="stmt"/>
        <line num="16" count="1" type="stmt"/>
        <line num="17" count="1" type="stmt"/>
        <line num="18" count="1" type="stmt"/>
        <line num="24" count="1" type="stmt"/>
        <line num="30" count="8" type="cond" truecount="1" falsecount="0"/>
        <line num="31" count="8" type="stmt"/>
        <line num="32" count="8" type="stmt"/>
        <line num="33" count="8" type="stmt"/>
        <line num="34" count="8" type="stmt"/>
        <line num="35" count="8" type="stmt"/>
        <line num="36" count="8" type="stmt"/>
        <line num="37" count="8" type="stmt"/>
        <line num="38" count="8" type="stmt"/>
        <line num="39" count="8" type="stmt"/>
        <line num="40" count="8" type="stmt"/>
        <line num="46" count="4" type="cond" truecount="1" falsecount="0"/>
        <line num="47" count="4" type="stmt"/>
        <line num="48" count="4" type="stmt"/>
        <line num="49" count="4" type="stmt"/>
        <line num="50" count="4" type="stmt"/>
        <line num="51" count="4" type="stmt"/>
        <line num="52" count="4" type="stmt"/>
        <line num="53" count="4" type="stmt"/>
        <line num="54" count="4" type="stmt"/>
      </file>
    </package>
    <package name="src.draw.partF">
      <metrics statements="105" coveredstatements="105" conditionals="31" coveredconditionals="31" methods="11" coveredmethods="11"/>
      <file name="Equivalence.ts" path="/home/eilara/projects/effect-tree/src/draw/partF/Equivalence.ts">
        <metrics statements="28" coveredstatements="28" conditionals="14" coveredconditionals="14" methods="3" coveredmethods="3"/>
        <line num="1" count="1" type="stmt"/>
        <line num="2" count="1" type="stmt"/>
        <line num="3" count="1" type="stmt"/>
        <line num="4" count="1" type="stmt"/>
        <line num="23" count="1" type="stmt"/>
        <line num="24" count="1" type="cond" truecount="1" falsecount="0"/>
        <line num="25" count="20" type="cond" truecount="1" falsecount="0"/>
        <line num="26" count="4963" type="stmt"/>
        <line num="27" count="4963" type="stmt"/>
        <line num="28" count="4963" type="stmt"/>
        <line num="29" count="4963" type="stmt"/>
        <line num="30" count="4963" type="cond" truecount="2" falsecount="0"/>
        <line num="31" count="4963" type="cond" truecount="2" falsecount="0"/>
[...]
        <line num="88" count="2" type="stmt"/>
        <line num="160" count="1" type="stmt"/>
        <line num="161" count="1" type="stmt"/>
        <line num="162" count="1" type="stmt"/>
        <line num="163" count="1" type="stmt"/>
      </file>
      <file name="index.ts" path="/home/eilara/projects/effect-tree/src/zipper/index.ts">
        <metrics statements="42" coveredstatements="42" conditionals="10" coveredconditionals="10" methods="5" coveredmethods="5"/>
        <line num="1" count="1" type="stmt"/>
        <line num="2" count="1" type="stmt"/>
        <line num="3" count="1" type="stmt"/>
        <line num="4" count="1" type="stmt"/>
        <line num="50" count="1" type="cond" truecount="1" falsecount="0"/>
        <line num="51" count="100" type="stmt"/>
        <line num="52" count="100" type="stmt"/>
        <line num="53" count="100" type="stmt"/>
        <line num="54" count="100" type="stmt"/>
        <line num="55" count="100" type="stmt"/>
        <line num="56" count="100" type="stmt"/>
        <line num="66" count="1" type="cond" truecount="1" falsecount="0"/>
        <line num="67" count="17" type="stmt"/>
        <line num="68" count="17" type="stmt"/>
        <line num="70" count="17" type="cond" truecount="1" falsecount="0"/>
        <line num="71" count="7" type="stmt"/>
        <line num="72" count="7" type="cond" truecount="2" falsecount="0"/>
        <line num="74" count="10" type="stmt"/>
        <line num="75" count="14" type="cond" truecount="1" falsecount="0"/>
        <line num="76" count="13" type="stmt"/>
        <line num="77" count="13" type="cond" truecount="1" falsecount="0"/>
        <line num="79" count="10" type="stmt"/>
        <line num="80" count="10" type="stmt"/>
        <line num="129" count="1" type="cond" truecount="1" falsecount="0"/>
        <line num="132" count="91" type="stmt"/>
        <line num="133" count="91" type="stmt"/>
        <line num="134" count="91" type="stmt"/>
        <line num="135" count="91" type="stmt"/>
        <line num="136" count="91" type="stmt"/>
        <line num="137" count="91" type="stmt"/>
        <line num="138" count="91" type="stmt"/>
        <line num="139" count="91" type="stmt"/>
        <line num="140" count="91" type="stmt"/>
        <line num="146" count="1" type="cond" truecount="1" falsecount="0"/>
        <line num="147" count="44" type="stmt"/>
        <line num="148" count="44" type="stmt"/>
        <line num="149" count="44" type="stmt"/>
        <line num="150" count="44" type="stmt"/>
        <line num="151" count="44" type="stmt"/>
        <line num="152" count="44" type="cond" truecount="1" falsecount="0"/>
        <line num="153" count="44" type="stmt"/>
        <line num="154" count="44" type="stmt"/>
      </file>
      <file name="modify.ts" path="/home/eilara/projects/effect-tree/src/zipper/modify.ts">
        <metrics statements="63" coveredstatements="63" conditionals="11" coveredconditionals="11" methods="5" coveredmethods="5"/>
        <line num="1" count="1" type="stmt"/>
        <line num="2" count="1" type="stmt"/>
        <line num="3" count="1" type="stmt"/>
        <line num="4" count="1" type="stmt"/>
        <line num="5" count="1" type="stmt"/>
        <line num="6" count="1" type="stmt"/>
        <line num="7" count="1" type="stmt"/>
        <line num="31" count="1" type="stmt"/>
        <line num="34" count="1" type="stmt"/>
        <line num="35" count="1" type="stmt"/>
        <line num="36" count="1" type="cond" truecount="1" falsecount="0"/>
        <line num="37" count="7" type="stmt"/>
        <line num="38" count="7" type="stmt"/>
        <line num="39" count="7" type="stmt"/>
        <line num="40" count="1" type="stmt"/>
        <line num="42" count="1" type="cond" truecount="1" falsecount="0"/>
        <line num="43" count="5" type="stmt"/>
        <line num="44" count="5" type="stmt"/>
        <line num="45" count="5" type="stmt"/>
        <line num="46" count="5" type="stmt"/>
        <line num="47" count="5" type="stmt"/>
        <line num="48" count="5" type="stmt"/>
        <line num="50" count="1" type="cond" truecount="1" falsecount="0"/>
        <line num="51" count="6" type="stmt"/>
        <line num="52" count="6" type="stmt"/>
        <line num="53" count="6" type="stmt"/>
        <line num="54" count="6" type="stmt"/>
        <line num="55" count="6" type="stmt"/>
        <line num="56" count="6" type="stmt"/>
        <line num="91" count="1" type="stmt"/>
        <line num="95" count="1" type="stmt"/>
        <line num="96" count="1" type="stmt"/>
        <line num="97" count="1" type="cond" truecount="1" falsecount="0"/>
        <line num="98" count="2" type="cond" truecount="1" falsecount="0"/>
        <line num="99" count="2" type="stmt"/>
        <line num="100" count="1" type="stmt"/>
        <line num="135" count="1" type="stmt"/>
        <line num="139" count="1" type="stmt"/>
        <line num="140" count="1" type="stmt"/>
        <line num="141" count="1" type="cond" truecount="1" falsecount="0"/>
        <line num="142" count="2" type="cond" truecount="1" falsecount="0"/>
        <line num="143" count="2" type="stmt"/>
        <line num="144" count="1" type="stmt"/>
        <line num="180" count="1" type="cond" truecount="1" falsecount="0"/>
        <line num="182" count="5" type="cond" truecount="1" falsecount="0"/>
        <line num="183" count="1" type="stmt"/>
        <line num="186" count="1" type="stmt"/>
        <line num="187" count="1" type="cond" truecount="1" falsecount="0"/>
        <line num="189" count="4" type="stmt"/>
        <line num="190" count="5" type="cond" truecount="1" falsecount="0"/>
        <line num="191" count="2" type="stmt"/>
        <line num="192" count="2" type="stmt"/>
        <line num="195" count="2" type="stmt"/>
        <line num="196" count="2" type="stmt"/>
        <line num="197" count="2" type="stmt"/>
        <line num="198" count="2" type="stmt"/>
        <line num="199" count="2" type="stmt"/>
        <line num="200" count="2" type="stmt"/>
        <line num="201" count="2" type="stmt"/>
        <line num="202" count="2" type="stmt"/>
        <line num="203" count="2" type="stmt"/>
        <line num="204" count="2" type="stmt"/>
        <line num="205" count="2" type="stmt"/>
      </file>
      <file name="navigate.ts" path="/home/eilara/projects/effect-tree/src/zipper/navigate.ts">
        <metrics statements="188" coveredstatements="188" conditionals="34" coveredconditionals="34" methods="7" coveredmethods="7"/>
        <line num="1" count="1" type="stmt"/>
        <line num="2" count="1" type="stmt"/>
        <line num="9" count="1" type="stmt"/>
        <line num="10" count="1" type="stmt"/>
        <line num="11" count="1" type="stmt"/>
        <line num="21" count="1" type="stmt"/>
        <line num="36" count="1" type="cond" truecount="1" falsecount="0"/>
        <line num="37" count="92" type="stmt"/>
        <line num="38" count="92" type="cond" truecount="1" falsecount="0"/>
        <line num="39" count="22" type="stmt"/>
        <line num="40" count="22" type="cond" truecount="1" falsecount="0"/>
        <line num="42" count="70" type="stmt"/>
        <line num="43" count="70" type="stmt"/>
        <line num="44" count="70" type="stmt"/>
        <line num="45" count="70" type="stmt"/>
        <line num="46" count="70" type="stmt"/>
        <line num="47" count="70" type="stmt"/>
        <line num="48" count="70" type="stmt"/>
        <line num="49" count="70" type="stmt"/>
        <line num="68" count="1" type="stmt"/>
        <line num="71" count="1" type="stmt"/>
        <line num="72" count="1" type="stmt"/>
        <line num="73" count="1" type="cond" truecount="1" falsecount="0"/>
        <line num="74" count="3" type="stmt"/>
        <line num="75" count="1" type="stmt"/>
        <line num="89" count="1" type="cond" truecount="1" falsecount="0"/>
        <line num="90" count="22" type="stmt"/>
        <line num="91" count="22" type="cond" truecount="1" falsecount="0"/>
        <line num="92" count="3" type="stmt"/>
        <line num="93" count="3" type="cond" truecount="1" falsecount="0"/>
        <line num="95" count="19" type="stmt"/>
        <line num="96" count="19" type="stmt"/>
        <line num="97" count="19" type="stmt"/>
        <line num="98" count="19" type="stmt"/>
        <line num="99" count="19" type="stmt"/>
        <line num="100" count="19" type="stmt"/>
        <line num="101" count="19" type="stmt"/>
        <line num="102" count="19" type="stmt"/>
        <line num="121" count="1" type="stmt"/>
        <line num="124" count="1" type="stmt"/>
        <line num="125" count="1" type="stmt"/>
        <line num="126" count="1" type="cond" truecount="1" falsecount="0"/>
        <line num="127" count="2" type="stmt"/>
        <line num="128" count="1" type="stmt"/>
        <line num="144" count="1" type="cond" truecount="1" falsecount="0"/>
        <line num="145" count="2" type="stmt"/>
        <line num="146" count="2" type="cond" truecount="1" falsecount="0"/>
        <line num="147" count="1" type="stmt"/>
        <line num="148" count="1" type="stmt"/>
        <line num="149" count="1" type="stmt"/>
        <line num="150" count="1" type="stmt"/>
        <line num="151" count="1" type="stmt"/>
        <line num="152" count="1" type="stmt"/>
        <line num="153" count="1" type="stmt"/>
        <line num="154" count="1" type="stmt"/>
        <line num="155" count="1" type="stmt"/>
        <line num="156" count="1" type="stmt"/>
        <line num="172" count="1" type="cond" truecount="1" falsecount="0"/>
        <line num="173" count="2" type="stmt"/>
        <line num="174" count="2" type="cond" truecount="1" falsecount="0"/>
        <line num="175" count="1" type="stmt"/>
        <line num="176" count="1" type="stmt"/>
        <line num="178" count="1" type="stmt"/>
        <line num="179" count="1" type="stmt"/>
        <line num="180" count="1" type="stmt"/>
        <line num="181" count="1" type="stmt"/>
        <line num="182" count="1" type="stmt"/>
        <line num="184" count="1" type="stmt"/>
        <line num="185" count="1" type="stmt"/>
        <line num="197" count="1" type="cond" truecount="1" falsecount="0"/>
        <line num="198" count="14" type="stmt"/>
        <line num="199" count="14" type="stmt"/>
        <line num="200" count="14" type="stmt"/>
        <line num="201" count="14" type="stmt"/>
        <line num="202" count="14" type="stmt"/>
        <line num="203" count="14" type="cond" truecount="1" falsecount="0"/>
        <line num="204" count="2" type="stmt"/>
        <line num="205" count="2" type="cond" truecount="1" falsecount="0"/>
        <line num="206" count="12" type="stmt"/>
        <line num="207" count="12" type="stmt"/>
        <line num="208" count="12" type="stmt"/>
        <line num="209" count="12" type="stmt"/>
        <line num="210" count="12" type="stmt"/>
        <line num="211" count="12" type="stmt"/>
        <line num="212" count="12" type="stmt"/>
        <line num="213" count="12" type="stmt"/>
        <line num="231" count="1" type="stmt"/>
        <line num="234" count="1" type="stmt"/>
        <line num="235" count="1" type="stmt"/>
        <line num="236" count="1" type="cond" truecount="1" falsecount="0"/>
        <line num="237" count="1" type="stmt"/>
        <line num="238" count="1" type="stmt"/>
        <line num="250" count="1" type="cond" truecount="1" falsecount="0"/>
        <line num="251" count="39" type="cond" truecount="1" falsecount="0"/>
        <line num="252" count="4" type="stmt"/>
        <line num="253" count="4" type="cond" truecount="1" falsecount="0"/>
        <line num="254" count="35" type="stmt"/>
        <line num="255" count="35" type="stmt"/>
        <line num="256" count="35" type="stmt"/>
        <line num="257" count="35" type="stmt"/>
        <line num="258" count="35" type="stmt"/>
        <line num="259" count="35" type="stmt"/>
        <line num="260" count="35" type="stmt"/>
        <line num="261" count="35" type="stmt"/>
        <line num="280" count="1" type="stmt"/>
        <line num="283" count="1" type="stmt"/>
        <line num="284" count="1" type="stmt"/>
        <line num="285" count="1" type="cond" truecount="1" falsecount="0"/>
        <line num="286" count="1" type="stmt"/>
        <line num="287" count="1" type="stmt"/>
        <line num="299" count="1" type="cond" truecount="1" falsecount="0"/>
        <line num="300" count="18" type="stmt"/>
        <line num="301" count="18" type="stmt"/>
        <line num="302" count="18" type="stmt"/>
        <line num="303" count="18" type="stmt"/>
        <line num="304" count="18" type="stmt"/>
        <line num="305" count="18" type="cond" truecount="2" falsecount="0"/>
        <line num="306" count="4" type="stmt"/>
        <line num="307" count="4" type="cond" truecount="1" falsecount="0"/>
        <line num="309" count="14" type="stmt"/>
        <line num="310" count="14" type="stmt"/>
        <line num="311" count="14" type="stmt"/>
        <line num="312" count="14" type="stmt"/>
        <line num="313" count="14" type="stmt"/>
        <line num="314" count="14" type="stmt"/>
        <line num="315" count="14" type="stmt"/>
        <line num="333" count="1" type="stmt"/>
        <line num="336" count="1" type="cond" truecount="1" falsecount="0"/>
        <line num="337" count="3" type="stmt"/>
        <line num="339" count="3" type="stmt"/>
        <line num="340" count="3" type="cond" truecount="2" falsecount="0"/>
        <line num="341" count="3" type="cond" truecount="1" falsecount="0"/>
        <line num="342" count="1" type="stmt"/>
        <line num="343" count="1" type="cond" truecount="1" falsecount="0"/>
        <line num="345" count="2" type="stmt"/>
        <line num="346" count="2" type="stmt"/>
        <line num="347" count="2" type="stmt"/>
        <line num="348" count="2" type="stmt"/>
        <line num="349" count="2" type="stmt"/>
        <line num="350" count="2" type="stmt"/>
        <line num="351" count="2" type="stmt"/>
        <line num="353" count="2" type="stmt"/>
        <line num="354" count="2" type="stmt"/>
        <line num="355" count="2" type="stmt"/>
        <line num="356" count="2" type="stmt"/>
        <line num="357" count="2" type="stmt"/>
        <line num="358" count="2" type="stmt"/>
        <line num="359" count="2" type="stmt"/>
        <line num="360" count="2" type="stmt"/>
        <line num="369" count="1" type="stmt"/>
        <line num="401" count="1" type="stmt"/>
        <line num="420" count="1" type="stmt"/>
        <line num="423" count="1" type="stmt"/>
        <line num="424" count="1" type="stmt"/>
        <line num="425" count="1" type="cond" truecount="1" falsecount="0"/>
        <line num="426" count="2" type="stmt"/>
        <line num="427" count="1" type="stmt"/>
        <line num="459" count="1" type="stmt"/>
        <line num="478" count="1" type="stmt"/>
        <line num="481" count="1" type="stmt"/>
        <line num="482" count="1" type="stmt"/>
        <line num="483" count="1" type="cond" truecount="1" falsecount="0"/>
        <line num="484" count="1" type="stmt"/>
        <line num="485" count="1" type="stmt"/>
        <line num="515" count="1" type="stmt"/>
        <line num="516" count="1" type="stmt"/>
        <line num="517" count="1" type="stmt"/>
        <line num="518" count="1" type="stmt"/>
        <line num="536" count="1" type="stmt"/>
        <line num="539" count="1" type="stmt"/>
        <line num="540" count="1" type="stmt"/>
        <line num="541" count="1" type="cond" truecount="1" falsecount="0"/>
        <line num="542" count="1" type="stmt"/>
        <line num="543" count="1" type="stmt"/>
        <line num="574" count="1" type="stmt"/>
        <line num="593" count="1" type="stmt"/>
        <line num="596" count="1" type="stmt"/>
        <line num="597" count="1" type="stmt"/>
        <line num="598" count="1" type="cond" truecount="1" falsecount="0"/>
        <line num="599" count="1" type="stmt"/>
        <line num="600" count="1" type="stmt"/>
        <line num="633" count="1" type="stmt"/>
        <line num="650" count="1" type="stmt"/>
        <line num="653" count="1" type="stmt"/>
        <line num="654" count="1" type="stmt"/>
        <line num="655" count="1" type="cond" truecount="1" falsecount="0"/>
        <line num="656" count="2" type="stmt"/>
        <line num="657" count="1" type="stmt"/>
      </file>
      <file name="repeat.ts" path="/home/eilara/projects/effect-tree/src/zipper/repeat.ts">
        <metrics statements="57" coveredstatements="57" conditionals="16" coveredconditionals="16" methods="2" coveredmethods="2"/>
        <line num="1" count="1" type="stmt"/>
        <line num="2" count="1" type="stmt"/>
        <line num="3" count="1" type="stmt"/>
        <line num="4" count="1" type="stmt"/>
        <line num="5" count="1" type="stmt"/>
        <line num="24" count="1" type="stmt"/>
        <line num="27" count="1" type="stmt"/>
        <line num="28" count="1" type="stmt"/>
        <line num="29" count="1" type="cond" truecount="1" falsecount="0"/>
        <line num="30" count="9" type="stmt"/>
        <line num="31" count="9" type="stmt"/>
        <line num="32" count="9" type="stmt"/>
        <line num="33" count="9" type="stmt"/>
        <line num="34" count="9" type="stmt"/>
        <line num="35" count="9" type="cond" truecount="1" falsecount="0"/>
        <line num="36" count="13" type="stmt"/>
        <line num="37" count="13" type="cond" truecount="1" falsecount="0"/>
        <line num="38" count="3" type="stmt"/>
        <line num="39" count="3" type="cond" truecount="1" falsecount="0"/>
        <line num="40" count="10" type="stmt"/>
        <line num="41" count="10" type="cond" truecount="1" falsecount="0"/>
        <line num="43" count="6" type="stmt"/>
        <line num="44" count="9" type="stmt"/>
        <line num="45" count="1" type="stmt"/>
        <line num="73" count="1" type="stmt"/>
        <line num="74" count="1" type="cond" truecount="1" falsecount="0"/>
        <line num="75" count="9" type="stmt"/>
        <line num="76" count="9" type="stmt"/>
        <line num="79" count="9" type="cond" truecount="1" falsecount="0"/>
        <line num="80" count="9" type="stmt"/>
        <line num="81" count="9" type="stmt"/>
        <line num="82" count="9" type="stmt"/>
        <line num="84" count="9" type="cond" truecount="1" falsecount="0"/>
        <line num="85" count="23" type="cond" truecount="1" falsecount="0"/>
        <line num="86" count="5" type="stmt"/>
        <line num="87" count="5" type="cond" truecount="1" falsecount="0"/>
        <line num="88" count="18" type="stmt"/>
        <line num="89" count="23" type="cond" truecount="1" falsecount="0"/>
        <line num="90" count="15" type="stmt"/>
        <line num="91" count="15" type="cond" truecount="1" falsecount="0"/>
        <line num="92" count="1" type="stmt"/>
        <line num="93" count="1" type="cond" truecount="1" falsecount="0"/>
        <line num="94" count="14" type="stmt"/>
        <line num="95" count="14" type="stmt"/>
        <line num="96" count="23" type="cond" truecount="1" falsecount="0"/>
        <line num="97" count="3" type="stmt"/>
        <line num="98" count="9" type="stmt"/>
        <line num="128" count="1" type="cond" truecount="1" falsecount="0"/>
        <line num="129" count="5" type="stmt"/>
        <line num="130" count="5" type="stmt"/>
        <line num="132" count="5" type="stmt"/>
        <line num="144" count="1" type="stmt"/>
        <line num="147" count="1" type="stmt"/>
        <line num="148" count="1" type="stmt"/>
        <line num="149" count="1" type="cond" truecount="1" falsecount="0"/>
        <line num="150" count="1" type="stmt"/>
        <line num="151" count="1" type="stmt"/>
      </file>
    </package>
  </project>
</coverage>
