{"/home/eilara/projects/effect-tree/src/codec/Isomorphism.ts": {"path":"/home/eilara/projects/effect-tree/src/codec/Isomorphism.ts","all":false,"statementMap":{"0":{"start":{"line":1,"column":0},"end":{"line":1,"column":44}},"1":{"start":{"line":2,"column":0},"end":{"line":2,"column":27}},"2":{"start":{"line":3,"column":0},"end":{"line":3,"column":41}},"5":{"start":{"line":6,"column":0},"end":{"line":6,"column":8}},"10":{"start":{"line":11,"column":0},"end":{"line":11,"column":8}},"14":{"start":{"line":15,"column":0},"end":{"line":15,"column":71}},"15":{"start":{"line":16,"column":0},"end":{"line":16,"column":74}},"36":{"start":{"line":37,"column":0},"end":{"line":37,"column":79}},"37":{"start":{"line":38,"column":0},"end":{"line":38,"column":18}},"38":{"start":{"line":39,"column":0},"end":{"line":39,"column":20}},"39":{"start":{"line":40,"column":0},"end":{"line":40,"column":2}},"46":{"start":{"line":47,"column":0},"end":{"line":47,"column":37}},"47":{"start":{"line":48,"column":0},"end":{"line":48,"column":24}},"48":{"start":{"line":49,"column":0},"end":{"line":49,"column":52}},"49":{"start":{"line":50,"column":0},"end":{"line":50,"column":18}},"50":{"start":{"line":51,"column":0},"end":{"line":51,"column":27}},"51":{"start":{"line":52,"column":0},"end":{"line":52,"column":2}},"58":{"start":{"line":59,"column":0},"end":{"line":59,"column":71}},"59":{"start":{"line":60,"column":0},"end":{"line":60,"column":33}},"60":{"start":{"line":61,"column":0},"end":{"line":61,"column":21}},"61":{"start":{"line":62,"column":0},"end":{"line":62,"column":1}},"68":{"start":{"line":69,"column":0},"end":{"line":69,"column":36}},"69":{"start":{"line":70,"column":0},"end":{"line":70,"column":17}},"70":{"start":{"line":71,"column":0},"end":{"line":71,"column":55}},"71":{"start":{"line":72,"column":0},"end":{"line":72,"column":37}},"72":{"start":{"line":73,"column":0},"end":{"line":73,"column":23}},"73":{"start":{"line":74,"column":0},"end":{"line":74,"column":2}}},"s":{"0":1,"1":1,"2":1,"5":1,"10":1,"14":1,"15":1,"36":1,"37":2,"38":2,"39":2,"46":1,"47":2,"48":2,"49":2,"50":2,"51":2,"58":1,"59":1,"60":1,"61":1,"68":1,"69":2,"70":2,"71":2,"72":2,"73":2},"branchMap":{"0":{"type":"branch","line":37,"loc":{"start":{"line":37,"column":35},"end":{"line":40,"column":2}},"locations":[{"start":{"line":37,"column":35},"end":{"line":40,"column":2}}]},"1":{"type":"branch","line":47,"loc":{"start":{"line":47,"column":33},"end":{"line":52,"column":2}},"locations":[{"start":{"line":47,"column":33},"end":{"line":52,"column":2}}]},"2":{"type":"branch","line":69,"loc":{"start":{"line":69,"column":35},"end":{"line":74,"column":2}},"locations":[{"start":{"line":69,"column":35},"end":{"line":74,"column":2}}]}},"b":{"0":[2],"1":[2],"2":[2]},"fnMap":{"0":{"name":"EdgeListIsomorphism","decl":{"start":{"line":37,"column":35},"end":{"line":40,"column":2}},"loc":{"start":{"line":37,"column":35},"end":{"line":40,"column":2}},"line":37},"1":{"name":"ArraysIsomorphism","decl":{"start":{"line":47,"column":33},"end":{"line":52,"column":2}},"loc":{"start":{"line":47,"column":33},"end":{"line":52,"column":2}},"line":47},"2":{"name":"IndentedIsomorphism","decl":{"start":{"line":69,"column":35},"end":{"line":74,"column":2}},"loc":{"start":{"line":69,"column":35},"end":{"line":74,"column":2}},"line":69}},"f":{"0":2,"1":2,"2":2}}
,"/home/eilara/projects/effect-tree/src/codec/arrays/decode.ts": {"path":"/home/eilara/projects/effect-tree/src/codec/arrays/decode.ts","all":false,"statementMap":{"1":{"start":{"line":2,"column":0},"end":{"line":2,"column":29}},"2":{"start":{"line":3,"column":0},"end":{"line":3,"column":31}},"3":{"start":{"line":4,"column":0},"end":{"line":4,"column":28}},"12":{"start":{"line":13,"column":0},"end":{"line":13,"column":67}},"13":{"start":{"line":14,"column":0},"end":{"line":14,"column":55}},"37":{"start":{"line":38,"column":0},"end":{"line":38,"column":77}}},"s":{"1":1,"2":1,"3":1,"12":1,"13":20,"37":1},"branchMap":{"0":{"type":"branch","line":13,"loc":{"start":{"line":13,"column":28},"end":{"line":14,"column":55}},"locations":[{"start":{"line":13,"column":28},"end":{"line":14,"column":55}}]},"1":{"type":"branch","line":14,"loc":{"start":{"line":14,"column":17},"end":{"line":14,"column":41}},"locations":[{"start":{"line":14,"column":17},"end":{"line":14,"column":41}}]},"2":{"type":"branch","line":14,"loc":{"start":{"line":14,"column":37},"end":{"line":14,"column":55}},"locations":[{"start":{"line":14,"column":37},"end":{"line":14,"column":55}}]}},"b":{"0":[20],"1":[7],"2":[13]},"fnMap":{"0":{"name":"decodeUnfold","decl":{"start":{"line":13,"column":28},"end":{"line":14,"column":55}},"loc":{"start":{"line":13,"column":28},"end":{"line":14,"column":55}},"line":13}},"f":{"0":20}}
,"/home/eilara/projects/effect-tree/src/codec/arrays/encode.ts": {"path":"/home/eilara/projects/effect-tree/src/codec/arrays/encode.ts","all":false,"statementMap":{"1":{"start":{"line":2,"column":0},"end":{"line":2,"column":30}},"2":{"start":{"line":3,"column":0},"end":{"line":3,"column":31}},"3":{"start":{"line":4,"column":0},"end":{"line":4,"column":27}},"4":{"start":{"line":5,"column":0},"end":{"line":5,"column":37}},"19":{"start":{"line":20,"column":0},"end":{"line":20,"column":66}},"20":{"start":{"line":21,"column":0},"end":{"line":21,"column":38}},"21":{"start":{"line":22,"column":0},"end":{"line":22,"column":20}},"22":{"start":{"line":23,"column":0},"end":{"line":23,"column":43}},"23":{"start":{"line":24,"column":0},"end":{"line":24,"column":71}},"30":{"start":{"line":31,"column":0},"end":{"line":31,"column":14}},"31":{"start":{"line":32,"column":0},"end":{"line":32,"column":10}},"32":{"start":{"line":33,"column":0},"end":{"line":33,"column":48}},"33":{"start":{"line":34,"column":0},"end":{"line":34,"column":23}},"34":{"start":{"line":35,"column":0},"end":{"line":35,"column":35}},"35":{"start":{"line":36,"column":0},"end":{"line":36,"column":13}},"36":{"start":{"line":37,"column":0},"end":{"line":37,"column":52}},"37":{"start":{"line":38,"column":0},"end":{"line":38,"column":8}},"38":{"start":{"line":39,"column":0},"end":{"line":39,"column":7}},"39":{"start":{"line":40,"column":0},"end":{"line":40,"column":3}},"40":{"start":{"line":41,"column":0},"end":{"line":41,"column":1}},"55":{"start":{"line":56,"column":0},"end":{"line":56,"column":75}},"56":{"start":{"line":57,"column":0},"end":{"line":57,"column":40}}},"s":{"1":1,"2":1,"3":1,"4":1,"19":1,"20":16,"21":16,"22":16,"23":16,"30":15,"31":15,"32":15,"33":15,"34":15,"35":5,"36":5,"37":5,"38":15,"39":15,"40":15,"55":1,"56":3},"branchMap":{"0":{"type":"branch","line":20,"loc":{"start":{"line":20,"column":62},"end":{"line":41,"column":1}},"locations":[{"start":{"line":20,"column":62},"end":{"line":41,"column":1}}]},"1":{"type":"branch","line":24,"loc":{"start":{"line":24,"column":4},"end":{"line":24,"column":71}},"locations":[{"start":{"line":24,"column":4},"end":{"line":24,"column":71}}]},"2":{"type":"branch","line":24,"loc":{"start":{"line":24,"column":70},"end":{"line":41,"column":1}},"locations":[{"start":{"line":24,"column":70},"end":{"line":41,"column":1}}]},"3":{"type":"branch","line":35,"loc":{"start":{"line":35,"column":16},"end":{"line":38,"column":8}},"locations":[{"start":{"line":35,"column":16},"end":{"line":38,"column":8}}]},"4":{"type":"branch","line":56,"loc":{"start":{"line":56,"column":68},"end":{"line":57,"column":40}},"locations":[{"start":{"line":56,"column":68},"end":{"line":57,"column":40}}]}},"b":{"0":[16],"1":[1],"2":[15],"3":[5],"4":[3]},"fnMap":{"0":{"name":"unsafeEncodeFold","decl":{"start":{"line":20,"column":62},"end":{"line":41,"column":1}},"loc":{"start":{"line":20,"column":62},"end":{"line":41,"column":1}},"line":20},"1":{"name":"onBranch","decl":{"start":{"line":35,"column":16},"end":{"line":38,"column":8}},"loc":{"start":{"line":35,"column":16},"end":{"line":38,"column":8}},"line":35},"2":{"name":"encode","decl":{"start":{"line":56,"column":68},"end":{"line":57,"column":40}},"loc":{"start":{"line":56,"column":68},"end":{"line":57,"column":40}},"line":56}},"f":{"0":16,"1":5,"2":3}}
,"/home/eilara/projects/effect-tree/src/codec/edges/decode.ts": {"path":"/home/eilara/projects/effect-tree/src/codec/edges/decode.ts","all":false,"statementMap":{"0":{"start":{"line":1,"column":0},"end":{"line":1,"column":62}},"1":{"start":{"line":2,"column":0},"end":{"line":2,"column":31}},"2":{"start":{"line":3,"column":0},"end":{"line":3,"column":40}},"3":{"start":{"line":4,"column":0},"end":{"line":4,"column":37}},"4":{"start":{"line":5,"column":0},"end":{"line":5,"column":51}},"13":{"start":{"line":14,"column":0},"end":{"line":14,"column":70}},"14":{"start":{"line":15,"column":0},"end":{"line":15,"column":46}},"15":{"start":{"line":16,"column":0},"end":{"line":16,"column":14}},"16":{"start":{"line":17,"column":0},"end":{"line":17,"column":13}},"17":{"start":{"line":18,"column":0},"end":{"line":18,"column":17}},"18":{"start":{"line":19,"column":0},"end":{"line":19,"column":39}},"19":{"start":{"line":20,"column":0},"end":{"line":20,"column":75}},"20":{"start":{"line":21,"column":0},"end":{"line":21,"column":7}},"21":{"start":{"line":22,"column":0},"end":{"line":22,"column":3}},"22":{"start":{"line":23,"column":0},"end":{"line":23,"column":1}},"25":{"start":{"line":26,"column":0},"end":{"line":26,"column":48}},"26":{"start":{"line":27,"column":0},"end":{"line":27,"column":47}},"29":{"start":{"line":30,"column":0},"end":{"line":30,"column":65}},"30":{"start":{"line":31,"column":0},"end":{"line":31,"column":15}},"31":{"start":{"line":32,"column":0},"end":{"line":32,"column":12}},"32":{"start":{"line":33,"column":0},"end":{"line":33,"column":1}}},"s":{"0":1,"1":1,"2":1,"3":1,"4":1,"13":1,"14":1470,"15":1470,"16":1470,"17":1470,"18":1470,"19":1470,"20":1470,"21":1470,"22":1470,"25":1,"26":315,"29":1,"30":1,"31":1,"32":1},"branchMap":{"0":{"type":"branch","line":14,"loc":{"start":{"line":14,"column":62},"end":{"line":23,"column":1}},"locations":[{"start":{"line":14,"column":62},"end":{"line":23,"column":1}}]},"1":{"type":"branch","line":19,"loc":{"start":{"line":19,"column":15},"end":{"line":19,"column":39}},"locations":[{"start":{"line":19,"column":15},"end":{"line":19,"column":39}}]},"2":{"type":"branch","line":26,"loc":{"start":{"line":26,"column":25},"end":{"line":27,"column":47}},"locations":[{"start":{"line":26,"column":25},"end":{"line":27,"column":47}}]}},"b":{"0":[1470],"1":[826],"2":[315]},"fnMap":{"0":{"name":"decodeUnfold","decl":{"start":{"line":14,"column":62},"end":{"line":23,"column":1}},"loc":{"start":{"line":14,"column":62},"end":{"line":23,"column":1}},"line":14},"1":{"name":"onEmpty","decl":{"start":{"line":19,"column":15},"end":{"line":19,"column":39}},"loc":{"start":{"line":19,"column":15},"end":{"line":19,"column":39}},"line":19},"2":{"name":"decodeMap","decl":{"start":{"line":26,"column":25},"end":{"line":27,"column":47}},"loc":{"start":{"line":26,"column":25},"end":{"line":27,"column":47}},"line":26}},"f":{"0":1470,"1":826,"2":315}}
,"/home/eilara/projects/effect-tree/src/codec/edges/encode.ts": {"path":"/home/eilara/projects/effect-tree/src/codec/edges/encode.ts","all":false,"statementMap":{"0":{"start":{"line":1,"column":0},"end":{"line":1,"column":59}},"1":{"start":{"line":2,"column":0},"end":{"line":2,"column":31}},"2":{"start":{"line":3,"column":0},"end":{"line":3,"column":40}},"3":{"start":{"line":4,"column":0},"end":{"line":4,"column":37}},"4":{"start":{"line":5,"column":0},"end":{"line":5,"column":48}},"13":{"start":{"line":14,"column":0},"end":{"line":14,"column":72}},"14":{"start":{"line":15,"column":0},"end":{"line":15,"column":39}},"15":{"start":{"line":16,"column":0},"end":{"line":16,"column":29}},"16":{"start":{"line":17,"column":0},"end":{"line":17,"column":9}},"17":{"start":{"line":18,"column":0},"end":{"line":18,"column":13}},"18":{"start":{"line":19,"column":0},"end":{"line":19,"column":63}},"19":{"start":{"line":20,"column":0},"end":{"line":20,"column":40}},"20":{"start":{"line":21,"column":0},"end":{"line":21,"column":6}},"21":{"start":{"line":22,"column":0},"end":{"line":22,"column":2}},"62":{"start":{"line":63,"column":0},"end":{"line":63,"column":77}},"65":{"start":{"line":66,"column":0},"end":{"line":66,"column":60}},"66":{"start":{"line":67,"column":0},"end":{"line":67,"column":9}},"67":{"start":{"line":68,"column":0},"end":{"line":68,"column":15}},"68":{"start":{"line":69,"column":0},"end":{"line":69,"column":1}}},"s":{"0":1,"1":1,"2":1,"3":1,"4":1,"13":1,"14":1,"15":1,"16":44,"17":44,"18":44,"19":44,"20":44,"21":1,"62":1,"65":1,"66":1,"67":1,"68":1},"branchMap":{"0":{"type":"branch","line":15,"loc":{"start":{"line":15,"column":10},"end":{"line":15,"column":39}},"locations":[{"start":{"line":15,"column":10},"end":{"line":15,"column":39}}]},"1":{"type":"branch","line":16,"loc":{"start":{"line":16,"column":12},"end":{"line":21,"column":6}},"locations":[{"start":{"line":16,"column":12},"end":{"line":21,"column":6}}]}},"b":{"0":[123],"1":[44]},"fnMap":{"0":{"name":"onLeaf","decl":{"start":{"line":15,"column":10},"end":{"line":15,"column":39}},"loc":{"start":{"line":15,"column":10},"end":{"line":15,"column":39}},"line":15},"1":{"name":"onBranch","decl":{"start":{"line":16,"column":12},"end":{"line":21,"column":6}},"loc":{"start":{"line":16,"column":12},"end":{"line":21,"column":6}},"line":16}},"f":{"0":123,"1":44}}
,"/home/eilara/projects/effect-tree/src/codec/edges/map.ts": {"path":"/home/eilara/projects/effect-tree/src/codec/edges/map.ts","all":false,"statementMap":{"0":{"start":{"line":1,"column":0},"end":{"line":1,"column":8}},"23":{"start":{"line":24,"column":0},"end":{"line":24,"column":66}},"24":{"start":{"line":25,"column":0},"end":{"line":25,"column":58}},"28":{"start":{"line":29,"column":0},"end":{"line":29,"column":75}},"29":{"start":{"line":30,"column":0},"end":{"line":30,"column":7}},"30":{"start":{"line":31,"column":0},"end":{"line":31,"column":35}},"31":{"start":{"line":32,"column":0},"end":{"line":32,"column":16}},"32":{"start":{"line":33,"column":0},"end":{"line":33,"column":24}},"33":{"start":{"line":34,"column":0},"end":{"line":34,"column":27}},"34":{"start":{"line":35,"column":0},"end":{"line":35,"column":20}},"35":{"start":{"line":36,"column":0},"end":{"line":36,"column":3}},"41":{"start":{"line":42,"column":0},"end":{"line":42,"column":78}},"42":{"start":{"line":43,"column":0},"end":{"line":43,"column":18}},"43":{"start":{"line":44,"column":0},"end":{"line":44,"column":3}},"44":{"start":{"line":45,"column":0},"end":{"line":45,"column":12}},"45":{"start":{"line":46,"column":0},"end":{"line":46,"column":16}},"46":{"start":{"line":47,"column":0},"end":{"line":47,"column":12}},"47":{"start":{"line":48,"column":0},"end":{"line":48,"column":11}},"48":{"start":{"line":49,"column":0},"end":{"line":49,"column":15}},"49":{"start":{"line":50,"column":0},"end":{"line":50,"column":22}},"50":{"start":{"line":51,"column":0},"end":{"line":51,"column":36}},"51":{"start":{"line":52,"column":0},"end":{"line":52,"column":39}},"52":{"start":{"line":53,"column":0},"end":{"line":53,"column":11}},"53":{"start":{"line":54,"column":0},"end":{"line":54,"column":15}},"54":{"start":{"line":55,"column":0},"end":{"line":55,"column":6}},"55":{"start":{"line":56,"column":0},"end":{"line":56,"column":4}},"56":{"start":{"line":57,"column":0},"end":{"line":57,"column":1}},"59":{"start":{"line":60,"column":0},"end":{"line":60,"column":46}},"60":{"start":{"line":61,"column":0},"end":{"line":61,"column":18}},"61":{"start":{"line":62,"column":0},"end":{"line":62,"column":22}},"62":{"start":{"line":63,"column":0},"end":{"line":63,"column":7}},"63":{"start":{"line":64,"column":0},"end":{"line":64,"column":18}},"64":{"start":{"line":65,"column":0},"end":{"line":65,"column":3}},"65":{"start":{"line":66,"column":0},"end":{"line":66,"column":12}},"66":{"start":{"line":67,"column":0},"end":{"line":67,"column":19}},"67":{"start":{"line":68,"column":0},"end":{"line":68,"column":15}},"68":{"start":{"line":69,"column":0},"end":{"line":69,"column":11}},"69":{"start":{"line":70,"column":0},"end":{"line":70,"column":15}},"70":{"start":{"line":71,"column":0},"end":{"line":71,"column":22}},"71":{"start":{"line":72,"column":0},"end":{"line":72,"column":62}},"72":{"start":{"line":73,"column":0},"end":{"line":73,"column":55}},"73":{"start":{"line":74,"column":0},"end":{"line":74,"column":11}},"74":{"start":{"line":75,"column":0},"end":{"line":75,"column":8}},"75":{"start":{"line":76,"column":0},"end":{"line":76,"column":6}},"76":{"start":{"line":77,"column":0},"end":{"line":77,"column":4}},"77":{"start":{"line":78,"column":0},"end":{"line":78,"column":1}},"80":{"start":{"line":81,"column":0},"end":{"line":81,"column":49}},"81":{"start":{"line":82,"column":0},"end":{"line":82,"column":18}},"82":{"start":{"line":83,"column":0},"end":{"line":83,"column":24}},"83":{"start":{"line":84,"column":0},"end":{"line":84,"column":7}},"84":{"start":{"line":85,"column":0},"end":{"line":85,"column":18}},"85":{"start":{"line":86,"column":0},"end":{"line":86,"column":3}},"86":{"start":{"line":87,"column":0},"end":{"line":87,"column":12}},"87":{"start":{"line":88,"column":0},"end":{"line":88,"column":21}},"88":{"start":{"line":89,"column":0},"end":{"line":89,"column":13}},"89":{"start":{"line":90,"column":0},"end":{"line":90,"column":20}},"90":{"start":{"line":91,"column":0},"end":{"line":91,"column":33}},"91":{"start":{"line":92,"column":0},"end":{"line":92,"column":45}},"92":{"start":{"line":93,"column":0},"end":{"line":93,"column":9}},"93":{"start":{"line":94,"column":0},"end":{"line":94,"column":6}},"94":{"start":{"line":95,"column":0},"end":{"line":95,"column":4}},"95":{"start":{"line":96,"column":0},"end":{"line":96,"column":1}},"97":{"start":{"line":98,"column":0},"end":{"line":98,"column":17}},"98":{"start":{"line":99,"column":0},"end":{"line":99,"column":6}},"99":{"start":{"line":100,"column":0},"end":{"line":100,"column":36}},"100":{"start":{"line":101,"column":0},"end":{"line":101,"column":13}},"102":{"start":{"line":103,"column":0},"end":{"line":103,"column":11}},"103":{"start":{"line":104,"column":0},"end":{"line":104,"column":9}},"104":{"start":{"line":105,"column":0},"end":{"line":105,"column":17}},"105":{"start":{"line":106,"column":0},"end":{"line":106,"column":23}},"106":{"start":{"line":107,"column":0},"end":{"line":107,"column":15}},"107":{"start":{"line":108,"column":0},"end":{"line":108,"column":13}},"108":{"start":{"line":109,"column":0},"end":{"line":109,"column":77}},"109":{"start":{"line":110,"column":0},"end":{"line":110,"column":22}},"110":{"start":{"line":111,"column":0},"end":{"line":111,"column":10}},"111":{"start":{"line":112,"column":0},"end":{"line":112,"column":8}},"112":{"start":{"line":113,"column":0},"end":{"line":113,"column":5}},"115":{"start":{"line":116,"column":0},"end":{"line":116,"column":29}},"116":{"start":{"line":117,"column":0},"end":{"line":117,"column":25}},"117":{"start":{"line":118,"column":0},"end":{"line":118,"column":28}},"118":{"start":{"line":119,"column":0},"end":{"line":119,"column":30}},"119":{"start":{"line":120,"column":0},"end":{"line":120,"column":2}}},"s":{"0":1,"23":1,"24":318,"28":1,"29":1477,"30":1477,"31":1477,"32":1477,"33":1477,"34":1477,"35":1477,"41":1,"42":1477,"43":1477,"44":1477,"45":1477,"46":1477,"47":1477,"48":1477,"49":1477,"50":1477,"51":1477,"52":1477,"53":1477,"54":1477,"55":1477,"56":1477,"59":1,"60":1477,"61":1477,"62":1477,"63":1477,"64":1477,"65":1477,"66":1477,"67":1477,"68":1477,"69":1477,"70":1477,"71":1477,"72":1477,"73":1477,"74":1477,"75":1477,"76":1477,"77":1477,"80":1,"81":1477,"82":1477,"83":1477,"84":1477,"85":1477,"86":1477,"87":1477,"88":1477,"89":1477,"90":1477,"91":1477,"92":1477,"93":1477,"94":1477,"95":1477,"97":1,"98":1,"99":1477,"100":1477,"102":1477,"103":1159,"104":1159,"105":1159,"106":1159,"107":1159,"108":1159,"109":1159,"110":1159,"111":1159,"112":1159,"115":1,"116":318,"117":318,"118":318,"119":318},"branchMap":{"0":{"type":"branch","line":24,"loc":{"start":{"line":24,"column":28},"end":{"line":25,"column":58}},"locations":[{"start":{"line":24,"column":28},"end":{"line":25,"column":58}}]},"1":{"type":"branch","line":29,"loc":{"start":{"line":29,"column":19},"end":{"line":36,"column":3}},"locations":[{"start":{"line":29,"column":19},"end":{"line":36,"column":3}}]},"2":{"type":"branch","line":42,"loc":{"start":{"line":42,"column":36},"end":{"line":57,"column":1}},"locations":[{"start":{"line":42,"column":36},"end":{"line":57,"column":1}}]},"3":{"type":"branch","line":51,"loc":{"start":{"line":51,"column":18},"end":{"line":51,"column":36}},"locations":[{"start":{"line":51,"column":18},"end":{"line":51,"column":36}}]},"4":{"type":"branch","line":52,"loc":{"start":{"line":52,"column":18},"end":{"line":52,"column":39}},"locations":[{"start":{"line":52,"column":18},"end":{"line":52,"column":39}}]},"5":{"type":"branch","line":60,"loc":{"start":{"line":60,"column":44},"end":{"line":78,"column":1}},"locations":[{"start":{"line":60,"column":44},"end":{"line":78,"column":1}}]},"6":{"type":"branch","line":72,"loc":{"start":{"line":72,"column":18},"end":{"line":72,"column":62}},"locations":[{"start":{"line":72,"column":18},"end":{"line":72,"column":62}}]},"7":{"type":"branch","line":73,"loc":{"start":{"line":73,"column":18},"end":{"line":73,"column":55}},"locations":[{"start":{"line":73,"column":18},"end":{"line":73,"column":55}}]},"8":{"type":"branch","line":81,"loc":{"start":{"line":81,"column":47},"end":{"line":96,"column":1}},"locations":[{"start":{"line":81,"column":47},"end":{"line":96,"column":1}}]},"9":{"type":"branch","line":91,"loc":{"start":{"line":91,"column":16},"end":{"line":91,"column":33}},"locations":[{"start":{"line":91,"column":16},"end":{"line":91,"column":33}}]},"10":{"type":"branch","line":99,"loc":{"start":{"line":99,"column":2},"end":{"line":113,"column":5}},"locations":[{"start":{"line":99,"column":2},"end":{"line":113,"column":5}}]},"11":{"type":"branch","line":103,"loc":{"start":{"line":103,"column":2},"end":{"line":113,"column":5}},"locations":[{"start":{"line":103,"column":2},"end":{"line":113,"column":5}}]},"12":{"type":"branch","line":109,"loc":{"start":{"line":109,"column":32},"end":{"line":109,"column":47}},"locations":[{"start":{"line":109,"column":32},"end":{"line":109,"column":47}}]},"13":{"type":"branch","line":116,"loc":{"start":{"line":116,"column":21},"end":{"line":120,"column":2}},"locations":[{"start":{"line":116,"column":21},"end":{"line":120,"column":2}}]}},"b":{"0":[318],"1":[1477],"2":[1477],"3":[318],"4":[1159],"5":[1477],"6":[318],"7":[1159],"8":[1477],"9":[318],"10":[1477],"11":[1159],"12":[647],"13":[318]},"fnMap":{"0":{"name":"indexParents","decl":{"start":{"line":24,"column":28},"end":{"line":25,"column":58}},"loc":{"start":{"line":24,"column":28},"end":{"line":25,"column":58}},"line":24},"1":{"name":"addEdgeMap","decl":{"start":{"line":29,"column":19},"end":{"line":36,"column":3}},"loc":{"start":{"line":29,"column":19},"end":{"line":36,"column":3}},"line":29},"2":{"name":"updateRoots","decl":{"start":{"line":42,"column":36},"end":{"line":57,"column":1}},"loc":{"start":{"line":42,"column":36},"end":{"line":57,"column":1}},"line":42},"3":{"name":"onNone","decl":{"start":{"line":51,"column":18},"end":{"line":51,"column":36}},"loc":{"start":{"line":51,"column":18},"end":{"line":51,"column":36}},"line":51},"4":{"name":"onSome","decl":{"start":{"line":52,"column":18},"end":{"line":52,"column":39}},"loc":{"start":{"line":52,"column":18},"end":{"line":52,"column":39}},"line":52},"5":{"name":"updateChildToParent","decl":{"start":{"line":60,"column":44},"end":{"line":78,"column":1}},"loc":{"start":{"line":60,"column":44},"end":{"line":78,"column":1}},"line":60},"6":{"name":"onNone","decl":{"start":{"line":72,"column":18},"end":{"line":72,"column":62}},"loc":{"start":{"line":72,"column":18},"end":{"line":72,"column":62}},"line":72},"7":{"name":"onSome","decl":{"start":{"line":73,"column":18},"end":{"line":73,"column":55}},"loc":{"start":{"line":73,"column":18},"end":{"line":73,"column":55}},"line":73},"8":{"name":"updateParentToChildren","decl":{"start":{"line":81,"column":47},"end":{"line":96,"column":1}},"loc":{"start":{"line":81,"column":47},"end":{"line":96,"column":1}},"line":81},"9":{"name":"onNone","decl":{"start":{"line":91,"column":16},"end":{"line":91,"column":33}},"loc":{"start":{"line":91,"column":16},"end":{"line":91,"column":33}},"line":91},"10":{"name":"addParent","decl":{"start":{"line":99,"column":2},"end":{"line":113,"column":5}},"loc":{"start":{"line":99,"column":2},"end":{"line":113,"column":5}},"line":99},"11":{"name":"onNone","decl":{"start":{"line":109,"column":32},"end":{"line":109,"column":47}},"loc":{"start":{"line":109,"column":32},"end":{"line":109,"column":47}},"line":109},"12":{"name":"emptyEdgeMap","decl":{"start":{"line":116,"column":21},"end":{"line":120,"column":2}},"loc":{"start":{"line":116,"column":21},"end":{"line":120,"column":2}},"line":116}},"f":{"0":318,"1":1477,"2":1477,"3":318,"4":1159,"5":1477,"6":318,"7":1159,"8":1477,"9":318,"10":1477,"11":647,"12":318}}
,"/home/eilara/projects/effect-tree/src/codec/edges/ops.ts": {"path":"/home/eilara/projects/effect-tree/src/codec/edges/ops.ts","all":false,"statementMap":{"0":{"start":{"line":1,"column":0},"end":{"line":1,"column":8}},"18":{"start":{"line":19,"column":0},"end":{"line":19,"column":69}},"19":{"start":{"line":20,"column":0},"end":{"line":20,"column":8}},"20":{"start":{"line":21,"column":0},"end":{"line":21,"column":16}},"21":{"start":{"line":22,"column":0},"end":{"line":22,"column":1}},"28":{"start":{"line":29,"column":0},"end":{"line":29,"column":73}},"29":{"start":{"line":30,"column":0},"end":{"line":30,"column":6}},"30":{"start":{"line":31,"column":0},"end":{"line":31,"column":36}},"38":{"start":{"line":39,"column":0},"end":{"line":39,"column":35}},"39":{"start":{"line":40,"column":0},"end":{"line":40,"column":8}},"40":{"start":{"line":41,"column":0},"end":{"line":41,"column":13}},"41":{"start":{"line":42,"column":0},"end":{"line":42,"column":29}},"42":{"start":{"line":43,"column":0},"end":{"line":43,"column":38}},"47":{"start":{"line":48,"column":0},"end":{"line":48,"column":10}},"48":{"start":{"line":49,"column":0},"end":{"line":49,"column":9}},"49":{"start":{"line":50,"column":0},"end":{"line":50,"column":9}},"50":{"start":{"line":51,"column":0},"end":{"line":51,"column":17}},"51":{"start":{"line":52,"column":0},"end":{"line":52,"column":24}},"52":{"start":{"line":53,"column":0},"end":{"line":53,"column":33}},"53":{"start":{"line":54,"column":0},"end":{"line":54,"column":6}},"54":{"start":{"line":55,"column":0},"end":{"line":55,"column":3}},"55":{"start":{"line":56,"column":0},"end":{"line":56,"column":1}},"62":{"start":{"line":63,"column":0},"end":{"line":63,"column":25}},"63":{"start":{"line":64,"column":0},"end":{"line":64,"column":25}},"64":{"start":{"line":65,"column":0},"end":{"line":65,"column":74}},"71":{"start":{"line":72,"column":0},"end":{"line":72,"column":37}},"73":{"start":{"line":74,"column":0},"end":{"line":74,"column":54}},"74":{"start":{"line":75,"column":0},"end":{"line":75,"column":63}},"81":{"start":{"line":82,"column":0},"end":{"line":82,"column":41}},"83":{"start":{"line":84,"column":0},"end":{"line":84,"column":54}},"84":{"start":{"line":85,"column":0},"end":{"line":85,"column":57}},"91":{"start":{"line":92,"column":0},"end":{"line":92,"column":27}},"92":{"start":{"line":93,"column":0},"end":{"line":93,"column":27}},"93":{"start":{"line":94,"column":0},"end":{"line":94,"column":39}},"94":{"start":{"line":95,"column":0},"end":{"line":95,"column":66}},"102":{"start":{"line":103,"column":0},"end":{"line":103,"column":23}},"104":{"start":{"line":105,"column":0},"end":{"line":105,"column":49}},"105":{"start":{"line":106,"column":0},"end":{"line":106,"column":45}},"106":{"start":{"line":107,"column":0},"end":{"line":107,"column":1}}},"s":{"0":1,"18":1,"19":402,"20":402,"21":402,"28":1,"29":1,"30":44,"38":1,"39":1470,"40":1470,"41":1470,"42":1470,"47":1470,"48":1470,"49":1470,"50":1470,"51":1470,"52":1470,"53":1470,"54":1470,"55":1470,"62":1,"63":1,"64":1470,"71":1,"73":1,"74":1,"81":1,"83":1,"84":1,"91":1,"92":1,"93":235,"94":235,"102":1,"104":1,"105":1,"106":1},"branchMap":{"0":{"type":"branch","line":19,"loc":{"start":{"line":19,"column":28},"end":{"line":22,"column":1}},"locations":[{"start":{"line":19,"column":28},"end":{"line":22,"column":1}}]},"1":{"type":"branch","line":30,"loc":{"start":{"line":30,"column":2},"end":{"line":31,"column":36}},"locations":[{"start":{"line":30,"column":2},"end":{"line":31,"column":36}}]},"2":{"type":"branch","line":31,"loc":{"start":{"line":31,"column":2},"end":{"line":31,"column":36}},"locations":[{"start":{"line":31,"column":2},"end":{"line":31,"column":36}}]},"3":{"type":"branch","line":39,"loc":{"start":{"line":39,"column":30},"end":{"line":56,"column":1}},"locations":[{"start":{"line":39,"column":30},"end":{"line":56,"column":1}}]},"4":{"type":"branch","line":45,"loc":{"start":{"line":45,"column":26},"end":{"line":45,"column":63}},"locations":[{"start":{"line":45,"column":26},"end":{"line":45,"column":63}}]},"5":{"type":"branch","line":46,"loc":{"start":{"line":46,"column":33},"end":{"line":46,"column":70}},"locations":[{"start":{"line":46,"column":33},"end":{"line":46,"column":70}}]},"6":{"type":"branch","line":53,"loc":{"start":{"line":53,"column":23},"end":{"line":53,"column":31}},"locations":[{"start":{"line":53,"column":23},"end":{"line":53,"column":31}}]},"7":{"type":"branch","line":64,"loc":{"start":{"line":64,"column":2},"end":{"line":65,"column":74}},"locations":[{"start":{"line":64,"column":2},"end":{"line":65,"column":74}}]},"8":{"type":"branch","line":65,"loc":{"start":{"line":65,"column":2},"end":{"line":65,"column":74}},"locations":[{"start":{"line":65,"column":2},"end":{"line":65,"column":74}}]},"9":{"type":"branch","line":74,"loc":{"start":{"line":74,"column":44},"end":{"line":75,"column":63}},"locations":[{"start":{"line":74,"column":44},"end":{"line":75,"column":63}}]},"10":{"type":"branch","line":84,"loc":{"start":{"line":84,"column":44},"end":{"line":85,"column":57}},"locations":[{"start":{"line":84,"column":44},"end":{"line":85,"column":57}}]},"11":{"type":"branch","line":93,"loc":{"start":{"line":93,"column":2},"end":{"line":95,"column":66}},"locations":[{"start":{"line":93,"column":2},"end":{"line":95,"column":66}}]},"12":{"type":"branch","line":94,"loc":{"start":{"line":94,"column":2},"end":{"line":95,"column":66}},"locations":[{"start":{"line":94,"column":2},"end":{"line":95,"column":66}}]}},"b":{"0":[402],"1":[44],"2":[61],"3":[1470],"4":[1],"5":[1],"6":[826],"7":[1470],"8":[1155],"9":[1],"10":[1],"11":[235],"12":[235]},"fnMap":{"0":{"name":"rootTreeEdge","decl":{"start":{"line":19,"column":28},"end":{"line":22,"column":1}},"loc":{"start":{"line":19,"column":28},"end":{"line":22,"column":1}},"line":19},"1":{"name":"setParent","decl":{"start":{"line":30,"column":2},"end":{"line":31,"column":36}},"loc":{"start":{"line":30,"column":2},"end":{"line":31,"column":36}},"line":30},"2":{"name":"getMapChildren","decl":{"start":{"line":39,"column":30},"end":{"line":56,"column":1}},"loc":{"start":{"line":39,"column":30},"end":{"line":56,"column":1}},"line":39},"3":{"name":"setMapRoot","decl":{"start":{"line":64,"column":2},"end":{"line":65,"column":74}},"loc":{"start":{"line":64,"column":2},"end":{"line":65,"column":74}},"line":64},"4":{"name":"getEdgeEquivalence","decl":{"start":{"line":74,"column":44},"end":{"line":75,"column":63}},"loc":{"start":{"line":74,"column":44},"end":{"line":75,"column":63}},"line":74},"5":{"name":"getEdgeListEquivalence","decl":{"start":{"line":84,"column":44},"end":{"line":85,"column":57}},"loc":{"start":{"line":84,"column":44},"end":{"line":85,"column":57}},"line":84},"6":{"name":"sortEdgeList","decl":{"start":{"line":93,"column":2},"end":{"line":95,"column":66}},"loc":{"start":{"line":93,"column":2},"end":{"line":95,"column":66}},"line":93}},"f":{"0":402,"1":44,"2":1470,"3":1470,"4":1,"5":1,"6":235}}
,"/home/eilara/projects/effect-tree/src/codec/indented/index.ts": {"path":"/home/eilara/projects/effect-tree/src/codec/indented/index.ts","all":false,"statementMap":{"0":{"start":{"line":1,"column":0},"end":{"line":1,"column":54}},"1":{"start":{"line":2,"column":0},"end":{"line":2,"column":59}},"2":{"start":{"line":3,"column":0},"end":{"line":3,"column":31}},"3":{"start":{"line":4,"column":0},"end":{"line":4,"column":41}},"5":{"start":{"line":6,"column":0},"end":{"line":6,"column":80}},"6":{"start":{"line":7,"column":0},"end":{"line":7,"column":7}},"7":{"start":{"line":8,"column":0},"end":{"line":8,"column":14}},"8":{"start":{"line":9,"column":0},"end":{"line":9,"column":13}},"9":{"start":{"line":10,"column":0},"end":{"line":10,"column":34}},"10":{"start":{"line":11,"column":0},"end":{"line":11,"column":46}},"11":{"start":{"line":12,"column":0},"end":{"line":12,"column":6}},"12":{"start":{"line":13,"column":0},"end":{"line":13,"column":29}},"13":{"start":{"line":14,"column":0},"end":{"line":14,"column":67}},"14":{"start":{"line":15,"column":0},"end":{"line":15,"column":6}},"15":{"start":{"line":16,"column":0},"end":{"line":16,"column":3}},"27":{"start":{"line":28,"column":0},"end":{"line":28,"column":22}},"32":{"start":{"line":33,"column":0},"end":{"line":33,"column":28}},"33":{"start":{"line":34,"column":0},"end":{"line":34,"column":10}},"34":{"start":{"line":35,"column":0},"end":{"line":35,"column":24}},"35":{"start":{"line":36,"column":0},"end":{"line":36,"column":56}},"36":{"start":{"line":37,"column":0},"end":{"line":37,"column":28}},"37":{"start":{"line":38,"column":0},"end":{"line":38,"column":2}},"47":{"start":{"line":48,"column":0},"end":{"line":48,"column":77}},"48":{"start":{"line":49,"column":0},"end":{"line":49,"column":31}},"49":{"start":{"line":50,"column":0},"end":{"line":50,"column":62}},"51":{"start":{"line":52,"column":0},"end":{"line":52,"column":49}},"52":{"start":{"line":53,"column":0},"end":{"line":53,"column":76}},"53":{"start":{"line":54,"column":0},"end":{"line":54,"column":57}},"54":{"start":{"line":55,"column":0},"end":{"line":55,"column":12}},"55":{"start":{"line":56,"column":0},"end":{"line":56,"column":73}},"56":{"start":{"line":57,"column":0},"end":{"line":57,"column":5}},"58":{"start":{"line":59,"column":0},"end":{"line":59,"column":52}},"59":{"start":{"line":60,"column":0},"end":{"line":60,"column":1}},"68":{"start":{"line":69,"column":0},"end":{"line":69,"column":38}},"69":{"start":{"line":70,"column":0},"end":{"line":70,"column":17}},"70":{"start":{"line":71,"column":0},"end":{"line":71,"column":9}},"71":{"start":{"line":72,"column":0},"end":{"line":72,"column":9}},"72":{"start":{"line":73,"column":0},"end":{"line":73,"column":55}},"75":{"start":{"line":76,"column":0},"end":{"line":76,"column":6}},"76":{"start":{"line":77,"column":0},"end":{"line":77,"column":53}},"78":{"start":{"line":79,"column":0},"end":{"line":79,"column":66}},"80":{"start":{"line":81,"column":0},"end":{"line":81,"column":44}},"81":{"start":{"line":82,"column":0},"end":{"line":82,"column":30}},"82":{"start":{"line":83,"column":0},"end":{"line":83,"column":68}},"83":{"start":{"line":84,"column":0},"end":{"line":84,"column":18}},"84":{"start":{"line":85,"column":0},"end":{"line":85,"column":18}},"85":{"start":{"line":86,"column":0},"end":{"line":86,"column":8}},"86":{"start":{"line":87,"column":0},"end":{"line":87,"column":45}},"88":{"start":{"line":89,"column":0},"end":{"line":89,"column":36}},"89":{"start":{"line":90,"column":0},"end":{"line":90,"column":1}},"91":{"start":{"line":92,"column":0},"end":{"line":92,"column":50}},"92":{"start":{"line":93,"column":0},"end":{"line":93,"column":63}}},"s":{"0":1,"1":1,"2":1,"3":1,"5":1,"6":102,"7":102,"8":102,"9":102,"10":102,"11":102,"12":102,"13":271,"14":102,"15":102,"27":1,"32":1,"33":1,"34":1,"35":3,"36":102,"37":1,"47":1,"48":83,"49":83,"51":23,"52":23,"53":23,"54":23,"55":23,"56":23,"58":23,"59":23,"68":1,"69":150,"70":150,"71":150,"72":150,"75":150,"76":150,"78":49,"80":49,"81":150,"82":150,"83":72,"84":72,"85":72,"86":78,"88":49,"89":49,"91":1,"92":173},"branchMap":{"0":{"type":"branch","line":6,"loc":{"start":{"line":6,"column":16},"end":{"line":16,"column":3}},"locations":[{"start":{"line":6,"column":16},"end":{"line":16,"column":3}}]},"1":{"type":"branch","line":13,"loc":{"start":{"line":13,"column":14},"end":{"line":14,"column":67}},"locations":[{"start":{"line":13,"column":14},"end":{"line":14,"column":67}}]},"2":{"type":"branch","line":35,"loc":{"start":{"line":35,"column":4},"end":{"line":37,"column":28}},"locations":[{"start":{"line":35,"column":4},"end":{"line":37,"column":28}}]},"3":{"type":"branch","line":36,"loc":{"start":{"line":36,"column":4},"end":{"line":37,"column":28}},"locations":[{"start":{"line":36,"column":4},"end":{"line":37,"column":28}}]},"4":{"type":"branch","line":48,"loc":{"start":{"line":48,"column":22},"end":{"line":60,"column":1}},"locations":[{"start":{"line":48,"column":22},"end":{"line":60,"column":1}}]},"5":{"type":"branch","line":50,"loc":{"start":{"line":50,"column":28},"end":{"line":50,"column":62}},"locations":[{"start":{"line":50,"column":28},"end":{"line":50,"column":62}}]},"6":{"type":"branch","line":50,"loc":{"start":{"line":50,"column":61},"end":{"line":60,"column":1}},"locations":[{"start":{"line":50,"column":61},"end":{"line":60,"column":1}}]},"7":{"type":"branch","line":53,"loc":{"start":{"line":53,"column":19},"end":{"line":53,"column":76}},"locations":[{"start":{"line":53,"column":19},"end":{"line":53,"column":76}}]},"8":{"type":"branch","line":56,"loc":{"start":{"line":56,"column":16},"end":{"line":56,"column":71}},"locations":[{"start":{"line":56,"column":16},"end":{"line":56,"column":71}}]},"9":{"type":"branch","line":69,"loc":{"start":{"line":69,"column":36},"end":{"line":90,"column":1}},"locations":[{"start":{"line":69,"column":36},"end":{"line":90,"column":1}}]},"10":{"type":"branch","line":77,"loc":{"start":{"line":77,"column":28},"end":{"line":77,"column":53}},"locations":[{"start":{"line":77,"column":28},"end":{"line":77,"column":53}}]},"11":{"type":"branch","line":77,"loc":{"start":{"line":77,"column":52},"end":{"line":82,"column":8}},"locations":[{"start":{"line":77,"column":52},"end":{"line":82,"column":8}}]},"12":{"type":"branch","line":82,"loc":{"start":{"line":82,"column":4},"end":{"line":87,"column":45}},"locations":[{"start":{"line":82,"column":4},"end":{"line":87,"column":45}}]},"13":{"type":"branch","line":83,"loc":{"start":{"line":83,"column":7},"end":{"line":86,"column":8}},"locations":[{"start":{"line":83,"column":7},"end":{"line":86,"column":8}}]},"14":{"type":"branch","line":86,"loc":{"start":{"line":86,"column":7},"end":{"line":87,"column":45}},"locations":[{"start":{"line":86,"column":7},"end":{"line":87,"column":45}}]},"15":{"type":"branch","line":87,"loc":{"start":{"line":87,"column":44},"end":{"line":90,"column":1}},"locations":[{"start":{"line":87,"column":44},"end":{"line":90,"column":1}}]},"16":{"type":"branch","line":92,"loc":{"start":{"line":92,"column":28},"end":{"line":93,"column":63}},"locations":[{"start":{"line":92,"column":28},"end":{"line":93,"column":63}}]}},"b":{"0":[102],"1":[271],"2":[3],"3":[102],"4":[83],"5":[60],"6":[23],"7":[150],"8":[150],"9":[150],"10":[101],"11":[49],"12":[150],"13":[72],"14":[78],"15":[49],"16":[173]},"fnMap":{"0":{"name":"_encode","decl":{"start":{"line":6,"column":16},"end":{"line":16,"column":3}},"loc":{"start":{"line":6,"column":16},"end":{"line":16,"column":3}},"line":6},"1":{"name":"curried","decl":{"start":{"line":35,"column":4},"end":{"line":37,"column":28}},"loc":{"start":{"line":35,"column":4},"end":{"line":37,"column":28}},"line":35},"2":{"name":"decode","decl":{"start":{"line":48,"column":22},"end":{"line":60,"column":1}},"loc":{"start":{"line":48,"column":22},"end":{"line":60,"column":1}},"line":48},"3":{"name":"computeDepth","decl":{"start":{"line":53,"column":19},"end":{"line":53,"column":76}},"loc":{"start":{"line":53,"column":19},"end":{"line":53,"column":76}},"line":53},"4":{"name":"decodeIndentedUnfold","decl":{"start":{"line":69,"column":36},"end":{"line":90,"column":1}},"loc":{"start":{"line":69,"column":36},"end":{"line":90,"column":1}},"line":69},"5":{"name":"countStartingSpaces","decl":{"start":{"line":92,"column":28},"end":{"line":93,"column":63}},"loc":{"start":{"line":92,"column":28},"end":{"line":93,"column":63}},"line":92}},"f":{"0":102,"1":3,"2":83,"3":150,"4":150,"5":173}}
,"/home/eilara/projects/effect-tree/src/codec/paths/fold.ts": {"path":"/home/eilara/projects/effect-tree/src/codec/paths/fold.ts","all":false,"statementMap":{"0":{"start":{"line":1,"column":0},"end":{"line":1,"column":69}},"1":{"start":{"line":2,"column":0},"end":{"line":2,"column":31}},"2":{"start":{"line":3,"column":0},"end":{"line":3,"column":42}},"3":{"start":{"line":4,"column":0},"end":{"line":4,"column":34}},"19":{"start":{"line":20,"column":0},"end":{"line":20,"column":71}},"20":{"start":{"line":21,"column":0},"end":{"line":21,"column":42}},"22":{"start":{"line":23,"column":0},"end":{"line":23,"column":7}},"23":{"start":{"line":24,"column":0},"end":{"line":24,"column":9}},"24":{"start":{"line":25,"column":0},"end":{"line":25,"column":17}},"25":{"start":{"line":26,"column":0},"end":{"line":26,"column":52}},"26":{"start":{"line":27,"column":0},"end":{"line":27,"column":33}},"27":{"start":{"line":28,"column":0},"end":{"line":28,"column":13}},"28":{"start":{"line":29,"column":0},"end":{"line":29,"column":17}},"29":{"start":{"line":30,"column":0},"end":{"line":30,"column":24}},"30":{"start":{"line":31,"column":0},"end":{"line":31,"column":41}},"31":{"start":{"line":32,"column":0},"end":{"line":32,"column":10}},"32":{"start":{"line":33,"column":0},"end":{"line":33,"column":7}},"33":{"start":{"line":34,"column":0},"end":{"line":34,"column":3}}},"s":{"0":1,"1":1,"2":1,"3":1,"19":1,"20":909,"22":909,"23":909,"24":909,"25":909,"26":909,"27":436,"28":436,"29":436,"30":436,"31":436,"32":909,"33":909},"branchMap":{"0":{"type":"branch","line":20,"loc":{"start":{"line":20,"column":67},"end":{"line":34,"column":3}},"locations":[{"start":{"line":20,"column":67},"end":{"line":34,"column":3}}]},"1":{"type":"branch","line":26,"loc":{"start":{"line":26,"column":14},"end":{"line":26,"column":52}},"locations":[{"start":{"line":26,"column":14},"end":{"line":26,"column":52}}]},"2":{"type":"branch","line":27,"loc":{"start":{"line":27,"column":16},"end":{"line":32,"column":10}},"locations":[{"start":{"line":27,"column":16},"end":{"line":32,"column":10}}]},"3":{"type":"branch","line":31,"loc":{"start":{"line":31,"column":20},"end":{"line":31,"column":39}},"locations":[{"start":{"line":31,"column":20},"end":{"line":31,"column":39}}]}},"b":{"0":[909],"1":[473],"2":[436],"3":[721]},"fnMap":{"0":{"name":"pathListFold","decl":{"start":{"line":20,"column":67},"end":{"line":34,"column":3}},"loc":{"start":{"line":20,"column":67},"end":{"line":34,"column":3}},"line":20},"1":{"name":"onLeaf","decl":{"start":{"line":26,"column":14},"end":{"line":26,"column":52}},"loc":{"start":{"line":26,"column":14},"end":{"line":26,"column":52}},"line":26},"2":{"name":"onBranch","decl":{"start":{"line":27,"column":16},"end":{"line":32,"column":10}},"loc":{"start":{"line":27,"column":16},"end":{"line":32,"column":10}},"line":27}},"f":{"0":909,"1":473,"2":436}}
,"/home/eilara/projects/effect-tree/src/codec/paths/guard.ts": {"path":"/home/eilara/projects/effect-tree/src/codec/paths/guard.ts","all":false,"statementMap":{"1":{"start":{"line":2,"column":0},"end":{"line":2,"column":58}},"13":{"start":{"line":14,"column":0},"end":{"line":14,"column":30}},"14":{"start":{"line":15,"column":0},"end":{"line":15,"column":6}},"15":{"start":{"line":16,"column":0},"end":{"line":16,"column":39}},"17":{"start":{"line":18,"column":0},"end":{"line":18,"column":12}},"18":{"start":{"line":19,"column":0},"end":{"line":19,"column":36}},"19":{"start":{"line":20,"column":0},"end":{"line":20,"column":28}},"20":{"start":{"line":21,"column":0},"end":{"line":21,"column":24}},"22":{"start":{"line":23,"column":0},"end":{"line":23,"column":31}},"23":{"start":{"line":24,"column":0},"end":{"line":24,"column":79}},"25":{"start":{"line":26,"column":0},"end":{"line":26,"column":63}},"26":{"start":{"line":27,"column":0},"end":{"line":27,"column":22}},"28":{"start":{"line":29,"column":0},"end":{"line":29,"column":26}},"29":{"start":{"line":30,"column":0},"end":{"line":30,"column":33}},"30":{"start":{"line":31,"column":0},"end":{"line":31,"column":44}},"31":{"start":{"line":32,"column":0},"end":{"line":32,"column":7}},"32":{"start":{"line":33,"column":0},"end":{"line":33,"column":63}},"34":{"start":{"line":35,"column":0},"end":{"line":35,"column":45}},"35":{"start":{"line":36,"column":0},"end":{"line":36,"column":46}},"36":{"start":{"line":37,"column":0},"end":{"line":37,"column":65}},"37":{"start":{"line":38,"column":0},"end":{"line":38,"column":59}},"38":{"start":{"line":39,"column":0},"end":{"line":39,"column":7}},"39":{"start":{"line":40,"column":0},"end":{"line":40,"column":5}},"41":{"start":{"line":42,"column":0},"end":{"line":42,"column":15}},"42":{"start":{"line":43,"column":0},"end":{"line":43,"column":3}}},"s":{"1":1,"13":1,"14":1,"15":51,"17":51,"18":179,"19":179,"20":179,"22":179,"23":348,"25":348,"26":346,"28":346,"29":346,"30":346,"31":346,"32":348,"34":348,"35":651,"36":651,"37":86,"38":651,"39":309,"41":140,"42":140},"branchMap":{"0":{"type":"branch","line":15,"loc":{"start":{"line":15,"column":2},"end":{"line":43,"column":3}},"locations":[{"start":{"line":15,"column":2},"end":{"line":43,"column":3}}]},"1":{"type":"branch","line":18,"loc":{"start":{"line":18,"column":2},"end":{"line":43,"column":3}},"locations":[{"start":{"line":18,"column":2},"end":{"line":43,"column":3}}]},"2":{"type":"branch","line":23,"loc":{"start":{"line":23,"column":30},"end":{"line":40,"column":5}},"locations":[{"start":{"line":23,"column":30},"end":{"line":40,"column":5}}]},"3":{"type":"branch","line":26,"loc":{"start":{"line":26,"column":28},"end":{"line":26,"column":51}},"locations":[{"start":{"line":26,"column":28},"end":{"line":26,"column":51}}]},"4":{"type":"branch","line":26,"loc":{"start":{"line":26,"column":51},"end":{"line":26,"column":63}},"locations":[{"start":{"line":26,"column":51},"end":{"line":26,"column":63}}]},"5":{"type":"branch","line":26,"loc":{"start":{"line":26,"column":58},"end":{"line":33,"column":45}},"locations":[{"start":{"line":26,"column":58},"end":{"line":33,"column":45}}]},"6":{"type":"branch","line":33,"loc":{"start":{"line":33,"column":38},"end":{"line":33,"column":63}},"locations":[{"start":{"line":33,"column":38},"end":{"line":33,"column":63}}]},"7":{"type":"branch","line":33,"loc":{"start":{"line":33,"column":62},"end":{"line":35,"column":44}},"locations":[{"start":{"line":33,"column":62},"end":{"line":35,"column":44}}]},"8":{"type":"branch","line":35,"loc":{"start":{"line":35,"column":44},"end":{"line":39,"column":7}},"locations":[{"start":{"line":35,"column":44},"end":{"line":39,"column":7}}]},"9":{"type":"branch","line":37,"loc":{"start":{"line":37,"column":39},"end":{"line":37,"column":65}},"locations":[{"start":{"line":37,"column":39},"end":{"line":37,"column":65}}]},"10":{"type":"branch","line":37,"loc":{"start":{"line":37,"column":64},"end":{"line":38,"column":59}},"locations":[{"start":{"line":37,"column":64},"end":{"line":38,"column":59}}]},"11":{"type":"branch","line":38,"loc":{"start":{"line":38,"column":47},"end":{"line":38,"column":59}},"locations":[{"start":{"line":38,"column":47},"end":{"line":38,"column":59}}]},"12":{"type":"branch","line":39,"loc":{"start":{"line":39,"column":6},"end":{"line":40,"column":5}},"locations":[{"start":{"line":39,"column":6},"end":{"line":40,"column":5}}]},"13":{"type":"branch","line":40,"loc":{"start":{"line":40,"column":4},"end":{"line":43,"column":3}},"locations":[{"start":{"line":40,"column":4},"end":{"line":43,"column":3}}]}},"b":{"0":[51],"1":[179],"2":[348],"3":[347],"4":[2],"5":[346],"6":[36],"7":[310],"8":[651],"9":[565],"10":[86],"11":[1],"12":[309],"13":[140]},"fnMap":{"0":{"name":"isValidPathList","decl":{"start":{"line":15,"column":2},"end":{"line":43,"column":3}},"loc":{"start":{"line":15,"column":2},"end":{"line":43,"column":3}},"line":15}},"f":{"0":51}}
,"/home/eilara/projects/effect-tree/src/codec/paths/ops.ts": {"path":"/home/eilara/projects/effect-tree/src/codec/paths/ops.ts","all":false,"statementMap":{"0":{"start":{"line":1,"column":0},"end":{"line":1,"column":50}},"1":{"start":{"line":2,"column":0},"end":{"line":2,"column":34}},"2":{"start":{"line":3,"column":0},"end":{"line":3,"column":42}},"3":{"start":{"line":4,"column":0},"end":{"line":4,"column":38}},"4":{"start":{"line":5,"column":0},"end":{"line":5,"column":42}},"12":{"start":{"line":13,"column":0},"end":{"line":13,"column":62}},"13":{"start":{"line":14,"column":0},"end":{"line":14,"column":24}},"24":{"start":{"line":25,"column":0},"end":{"line":25,"column":21}},"25":{"start":{"line":26,"column":0},"end":{"line":26,"column":31}},"26":{"start":{"line":27,"column":0},"end":{"line":27,"column":43}},"27":{"start":{"line":28,"column":0},"end":{"line":28,"column":50}}},"s":{"0":1,"1":1,"2":1,"3":1,"4":1,"12":1,"13":1,"24":1,"25":1,"26":4,"27":82},"branchMap":{"0":{"type":"branch","line":26,"loc":{"start":{"line":26,"column":2},"end":{"line":28,"column":50}},"locations":[{"start":{"line":26,"column":2},"end":{"line":28,"column":50}}]},"1":{"type":"branch","line":27,"loc":{"start":{"line":27,"column":2},"end":{"line":28,"column":50}},"locations":[{"start":{"line":27,"column":2},"end":{"line":28,"column":50}}]}},"b":{"0":[4],"1":[82]},"fnMap":{"0":{"name":"decode","decl":{"start":{"line":26,"column":2},"end":{"line":28,"column":50}},"loc":{"start":{"line":26,"column":2},"end":{"line":28,"column":50}},"line":26}},"f":{"0":4}}
,"/home/eilara/projects/effect-tree/src/codec/paths/unfold.ts": {"path":"/home/eilara/projects/effect-tree/src/codec/paths/unfold.ts","all":false,"statementMap":{"0":{"start":{"line":1,"column":0},"end":{"line":1,"column":39}},"1":{"start":{"line":2,"column":0},"end":{"line":2,"column":31}},"2":{"start":{"line":3,"column":0},"end":{"line":3,"column":42}},"3":{"start":{"line":4,"column":0},"end":{"line":4,"column":35}},"4":{"start":{"line":5,"column":0},"end":{"line":5,"column":54}},"19":{"start":{"line":20,"column":0},"end":{"line":20,"column":29}},"20":{"start":{"line":21,"column":0},"end":{"line":21,"column":67}},"21":{"start":{"line":22,"column":0},"end":{"line":22,"column":12}},"22":{"start":{"line":23,"column":0},"end":{"line":23,"column":27}},"23":{"start":{"line":24,"column":0},"end":{"line":24,"column":12}},"24":{"start":{"line":25,"column":0},"end":{"line":25,"column":60}},"25":{"start":{"line":26,"column":0},"end":{"line":26,"column":25}},"27":{"start":{"line":28,"column":0},"end":{"line":28,"column":66}},"28":{"start":{"line":29,"column":0},"end":{"line":29,"column":29}},"30":{"start":{"line":31,"column":0},"end":{"line":31,"column":31}},"32":{"start":{"line":33,"column":0},"end":{"line":33,"column":26}},"33":{"start":{"line":34,"column":0},"end":{"line":34,"column":12}},"34":{"start":{"line":35,"column":0},"end":{"line":35,"column":36}},"35":{"start":{"line":36,"column":0},"end":{"line":36,"column":50}},"36":{"start":{"line":37,"column":0},"end":{"line":37,"column":5}},"38":{"start":{"line":39,"column":0},"end":{"line":39,"column":50}},"39":{"start":{"line":40,"column":0},"end":{"line":40,"column":22}},"40":{"start":{"line":41,"column":0},"end":{"line":41,"column":15}},"41":{"start":{"line":42,"column":0},"end":{"line":42,"column":26}},"42":{"start":{"line":43,"column":0},"end":{"line":43,"column":73}},"43":{"start":{"line":44,"column":0},"end":{"line":44,"column":24}},"44":{"start":{"line":45,"column":0},"end":{"line":45,"column":12}},"45":{"start":{"line":46,"column":0},"end":{"line":46,"column":9}},"46":{"start":{"line":47,"column":0},"end":{"line":47,"column":25}},"47":{"start":{"line":48,"column":0},"end":{"line":48,"column":3}}},"s":{"0":1,"1":1,"2":1,"3":1,"4":1,"19":1,"20":1,"21":82,"22":143,"23":143,"24":143,"25":143,"27":143,"28":143,"30":143,"32":143,"33":143,"34":143,"35":143,"36":143,"38":143,"39":36,"40":36,"41":36,"42":36,"43":36,"44":36,"45":36,"46":107,"47":143},"branchMap":{"0":{"type":"branch","line":21,"loc":{"start":{"line":21,"column":2},"end":{"line":48,"column":3}},"locations":[{"start":{"line":21,"column":2},"end":{"line":48,"column":3}}]},"1":{"type":"branch","line":22,"loc":{"start":{"line":22,"column":2},"end":{"line":48,"column":3}},"locations":[{"start":{"line":22,"column":2},"end":{"line":48,"column":3}}]},"2":{"type":"branch","line":39,"loc":{"start":{"line":39,"column":49},"end":{"line":46,"column":9}},"locations":[{"start":{"line":39,"column":49},"end":{"line":46,"column":9}}]},"3":{"type":"branch","line":46,"loc":{"start":{"line":46,"column":8},"end":{"line":47,"column":25}},"locations":[{"start":{"line":46,"column":8},"end":{"line":47,"column":25}}]}},"b":{"0":[82],"1":[143],"2":[36],"3":[107]},"fnMap":{"0":{"name":"pathListUnfold","decl":{"start":{"line":21,"column":2},"end":{"line":48,"column":3}},"loc":{"start":{"line":21,"column":2},"end":{"line":48,"column":3}},"line":21}},"f":{"0":82}}
,"/home/eilara/projects/effect-tree/src/codec/prufer/decoder.ts": {"path":"/home/eilara/projects/effect-tree/src/codec/prufer/decoder.ts","all":false,"statementMap":{"0":{"start":{"line":1,"column":0},"end":{"line":1,"column":47}},"1":{"start":{"line":2,"column":0},"end":{"line":2,"column":33}},"2":{"start":{"line":3,"column":0},"end":{"line":3,"column":43}},"4":{"start":{"line":5,"column":0},"end":{"line":5,"column":8}},"18":{"start":{"line":19,"column":0},"end":{"line":19,"column":75}},"19":{"start":{"line":20,"column":0},"end":{"line":20,"column":51}},"20":{"start":{"line":21,"column":0},"end":{"line":21,"column":34}},"22":{"start":{"line":23,"column":0},"end":{"line":23,"column":12}},"23":{"start":{"line":24,"column":0},"end":{"line":24,"column":23}},"24":{"start":{"line":25,"column":0},"end":{"line":25,"column":41}},"26":{"start":{"line":27,"column":0},"end":{"line":27,"column":50}},"27":{"start":{"line":28,"column":0},"end":{"line":28,"column":33}},"28":{"start":{"line":29,"column":0},"end":{"line":29,"column":44}},"29":{"start":{"line":30,"column":0},"end":{"line":30,"column":34}},"31":{"start":{"line":32,"column":0},"end":{"line":32,"column":37}},"32":{"start":{"line":33,"column":0},"end":{"line":33,"column":49}},"33":{"start":{"line":34,"column":0},"end":{"line":34,"column":63}},"34":{"start":{"line":35,"column":0},"end":{"line":35,"column":3}},"36":{"start":{"line":37,"column":0},"end":{"line":37,"column":10}},"37":{"start":{"line":38,"column":0},"end":{"line":38,"column":20}},"38":{"start":{"line":39,"column":0},"end":{"line":39,"column":12}},"39":{"start":{"line":40,"column":0},"end":{"line":40,"column":47}},"40":{"start":{"line":41,"column":0},"end":{"line":41,"column":33}},"41":{"start":{"line":42,"column":0},"end":{"line":42,"column":6}},"42":{"start":{"line":43,"column":0},"end":{"line":43,"column":3}},"43":{"start":{"line":44,"column":0},"end":{"line":44,"column":1}},"50":{"start":{"line":51,"column":0},"end":{"line":51,"column":65}},"51":{"start":{"line":52,"column":0},"end":{"line":52,"column":29}},"52":{"start":{"line":53,"column":0},"end":{"line":53,"column":38}},"53":{"start":{"line":54,"column":0},"end":{"line":54,"column":26}},"56":{"start":{"line":57,"column":0},"end":{"line":57,"column":23}},"57":{"start":{"line":58,"column":0},"end":{"line":58,"column":30}},"58":{"start":{"line":59,"column":0},"end":{"line":59,"column":47}},"59":{"start":{"line":60,"column":0},"end":{"line":60,"column":53}},"60":{"start":{"line":61,"column":0},"end":{"line":61,"column":34}},"61":{"start":{"line":62,"column":0},"end":{"line":62,"column":36}},"62":{"start":{"line":63,"column":0},"end":{"line":63,"column":49}},"63":{"start":{"line":64,"column":0},"end":{"line":64,"column":3}},"65":{"start":{"line":66,"column":0},"end":{"line":66,"column":36}},"66":{"start":{"line":67,"column":0},"end":{"line":67,"column":1}},"69":{"start":{"line":70,"column":0},"end":{"line":70,"column":68}},"70":{"start":{"line":71,"column":0},"end":{"line":71,"column":21}},"71":{"start":{"line":72,"column":0},"end":{"line":72,"column":15}},"72":{"start":{"line":73,"column":0},"end":{"line":73,"column":40}},"73":{"start":{"line":74,"column":0},"end":{"line":74,"column":77}},"74":{"start":{"line":75,"column":0},"end":{"line":75,"column":3}},"76":{"start":{"line":77,"column":0},"end":{"line":77,"column":23}},"77":{"start":{"line":78,"column":0},"end":{"line":78,"column":22}},"78":{"start":{"line":79,"column":0},"end":{"line":79,"column":19}},"79":{"start":{"line":80,"column":0},"end":{"line":80,"column":23}},"80":{"start":{"line":81,"column":0},"end":{"line":81,"column":3}},"81":{"start":{"line":82,"column":0},"end":{"line":82,"column":60}},"83":{"start":{"line":84,"column":0},"end":{"line":84,"column":16}},"84":{"start":{"line":85,"column":0},"end":{"line":85,"column":1}}},"s":{"0":1,"1":1,"2":1,"4":1,"18":1,"19":235,"20":235,"22":235,"23":235,"24":235,"26":235,"27":1113,"28":1113,"29":1113,"31":1113,"32":1113,"33":735,"34":1113,"36":235,"37":235,"38":235,"39":235,"40":235,"41":235,"42":235,"43":235,"50":1,"51":237,"52":234,"53":3,"56":1,"57":235,"58":235,"59":235,"60":235,"61":235,"62":235,"63":235,"65":235,"66":235,"69":1,"70":235,"71":235,"72":235,"73":235,"74":235,"76":235,"77":235,"78":235,"79":235,"80":235,"81":235,"83":235,"84":235},"branchMap":{"0":{"type":"branch","line":19,"loc":{"start":{"line":19,"column":23},"end":{"line":44,"column":1}},"locations":[{"start":{"line":19,"column":23},"end":{"line":44,"column":1}}]},"1":{"type":"branch","line":27,"loc":{"start":{"line":27,"column":49},"end":{"line":35,"column":3}},"locations":[{"start":{"line":27,"column":49},"end":{"line":35,"column":3}}]},"2":{"type":"branch","line":28,"loc":{"start":{"line":28,"column":27},"end":{"line":28,"column":33}},"locations":[{"start":{"line":28,"column":27},"end":{"line":28,"column":33}}]},"3":{"type":"branch","line":32,"loc":{"start":{"line":32,"column":19},"end":{"line":32,"column":37}},"locations":[{"start":{"line":32,"column":19},"end":{"line":32,"column":37}}]},"4":{"type":"branch","line":33,"loc":{"start":{"line":33,"column":6},"end":{"line":33,"column":49}},"locations":[{"start":{"line":33,"column":6},"end":{"line":33,"column":49}}]},"5":{"type":"branch","line":33,"loc":{"start":{"line":33,"column":48},"end":{"line":34,"column":63}},"locations":[{"start":{"line":33,"column":48},"end":{"line":34,"column":63}}]},"6":{"type":"branch","line":34,"loc":{"start":{"line":34,"column":35},"end":{"line":34,"column":63}},"locations":[{"start":{"line":34,"column":35},"end":{"line":34,"column":63}}]},"7":{"type":"branch","line":51,"loc":{"start":{"line":51,"column":58},"end":{"line":54,"column":26}},"locations":[{"start":{"line":51,"column":58},"end":{"line":54,"column":26}}]},"8":{"type":"branch","line":52,"loc":{"start":{"line":52,"column":28},"end":{"line":53,"column":38}},"locations":[{"start":{"line":52,"column":28},"end":{"line":53,"column":38}}]},"9":{"type":"branch","line":53,"loc":{"start":{"line":53,"column":37},"end":{"line":54,"column":26}},"locations":[{"start":{"line":53,"column":37},"end":{"line":54,"column":26}}]},"10":{"type":"branch","line":57,"loc":{"start":{"line":57,"column":22},"end":{"line":67,"column":1}},"locations":[{"start":{"line":57,"column":22},"end":{"line":67,"column":1}}]},"11":{"type":"branch","line":70,"loc":{"start":{"line":70,"column":18},"end":{"line":85,"column":1}},"locations":[{"start":{"line":70,"column":18},"end":{"line":85,"column":1}}]},"12":{"type":"branch","line":82,"loc":{"start":{"line":82,"column":38},"end":{"line":82,"column":60}},"locations":[{"start":{"line":82,"column":38},"end":{"line":82,"column":60}}]},"13":{"type":"branch","line":74,"loc":{"start":{"line":74,"column":14},"end":{"line":74,"column":75}},"locations":[{"start":{"line":74,"column":14},"end":{"line":74,"column":75}}]}},"b":{"0":[235],"1":[1113],"2":[235],"3":[522],"4":[378],"5":[735],"6":[644],"7":[237],"8":[234],"9":[3],"10":[235],"11":[235],"12":[522],"13":[522]},"fnMap":{"0":{"name":"toEdges","decl":{"start":{"line":19,"column":23},"end":{"line":44,"column":1}},"loc":{"start":{"line":19,"column":23},"end":{"line":44,"column":1}},"line":19},"1":{"name":"decode","decl":{"start":{"line":51,"column":58},"end":{"line":54,"column":26}},"loc":{"start":{"line":51,"column":58},"end":{"line":54,"column":26}},"line":51},"2":{"name":"makeDegreeMap","decl":{"start":{"line":57,"column":22},"end":{"line":67,"column":1}},"loc":{"start":{"line":57,"column":22},"end":{"line":67,"column":1}},"line":57},"3":{"name":"degreeMap","decl":{"start":{"line":70,"column":18},"end":{"line":85,"column":1}},"loc":{"start":{"line":70,"column":18},"end":{"line":85,"column":1}},"line":70}},"f":{"0":235,"1":237,"2":235,"3":235}}
,"/home/eilara/projects/effect-tree/src/codec/prufer/encoder.ts": {"path":"/home/eilara/projects/effect-tree/src/codec/prufer/encoder.ts","all":false,"statementMap":{"0":{"start":{"line":1,"column":0},"end":{"line":1,"column":38}},"1":{"start":{"line":2,"column":0},"end":{"line":2,"column":69}},"2":{"start":{"line":3,"column":0},"end":{"line":3,"column":40}},"3":{"start":{"line":4,"column":0},"end":{"line":4,"column":37}},"26":{"start":{"line":27,"column":0},"end":{"line":27,"column":21}},"27":{"start":{"line":28,"column":0},"end":{"line":28,"column":59}},"28":{"start":{"line":29,"column":0},"end":{"line":29,"column":11}},"29":{"start":{"line":30,"column":0},"end":{"line":30,"column":49}},"32":{"start":{"line":33,"column":0},"end":{"line":33,"column":44}},"33":{"start":{"line":34,"column":0},"end":{"line":34,"column":15}},"34":{"start":{"line":35,"column":0},"end":{"line":35,"column":5}},"36":{"start":{"line":37,"column":0},"end":{"line":37,"column":43}},"38":{"start":{"line":39,"column":0},"end":{"line":39,"column":56}},"39":{"start":{"line":40,"column":0},"end":{"line":40,"column":52}},"41":{"start":{"line":42,"column":0},"end":{"line":42,"column":18}},"42":{"start":{"line":43,"column":0},"end":{"line":43,"column":20}},"43":{"start":{"line":44,"column":0},"end":{"line":44,"column":22}},"44":{"start":{"line":45,"column":0},"end":{"line":45,"column":43}},"45":{"start":{"line":46,"column":0},"end":{"line":46,"column":27}},"46":{"start":{"line":47,"column":0},"end":{"line":47,"column":17}},"47":{"start":{"line":48,"column":0},"end":{"line":48,"column":50}},"48":{"start":{"line":49,"column":0},"end":{"line":49,"column":48}},"49":{"start":{"line":50,"column":0},"end":{"line":50,"column":14}},"50":{"start":{"line":51,"column":0},"end":{"line":51,"column":11}},"51":{"start":{"line":52,"column":0},"end":{"line":52,"column":7}},"52":{"start":{"line":53,"column":0},"end":{"line":53,"column":5}},"54":{"start":{"line":55,"column":0},"end":{"line":55,"column":16}},"55":{"start":{"line":56,"column":0},"end":{"line":56,"column":64}},"56":{"start":{"line":57,"column":0},"end":{"line":57,"column":45}},"57":{"start":{"line":58,"column":0},"end":{"line":58,"column":5}},"58":{"start":{"line":59,"column":0},"end":{"line":59,"column":3}}},"s":{"0":1,"1":1,"2":1,"3":1,"26":1,"27":1,"28":86,"29":147,"32":147,"33":2,"34":2,"36":145,"38":145,"39":940,"41":940,"42":940,"43":940,"44":940,"45":940,"46":795,"47":795,"48":795,"49":795,"50":940,"51":940,"52":940,"54":145,"55":145,"56":145,"57":145,"58":145},"branchMap":{"0":{"type":"branch","line":28,"loc":{"start":{"line":28,"column":2},"end":{"line":59,"column":3}},"locations":[{"start":{"line":28,"column":2},"end":{"line":59,"column":3}}]},"1":{"type":"branch","line":29,"loc":{"start":{"line":29,"column":2},"end":{"line":59,"column":3}},"locations":[{"start":{"line":29,"column":2},"end":{"line":59,"column":3}}]},"2":{"type":"branch","line":33,"loc":{"start":{"line":33,"column":24},"end":{"line":33,"column":43}},"locations":[{"start":{"line":33,"column":24},"end":{"line":33,"column":43}}]},"3":{"type":"branch","line":33,"loc":{"start":{"line":33,"column":43},"end":{"line":35,"column":5}},"locations":[{"start":{"line":33,"column":43},"end":{"line":35,"column":5}}]},"4":{"type":"branch","line":35,"loc":{"start":{"line":35,"column":4},"end":{"line":59,"column":3}},"locations":[{"start":{"line":35,"column":4},"end":{"line":59,"column":3}}]},"5":{"type":"branch","line":39,"loc":{"start":{"line":39,"column":16},"end":{"line":53,"column":5}},"locations":[{"start":{"line":39,"column":16},"end":{"line":53,"column":5}}]},"6":{"type":"branch","line":45,"loc":{"start":{"line":45,"column":18},"end":{"line":45,"column":43}},"locations":[{"start":{"line":45,"column":18},"end":{"line":45,"column":43}}]},"7":{"type":"branch","line":46,"loc":{"start":{"line":46,"column":18},"end":{"line":50,"column":14}},"locations":[{"start":{"line":46,"column":18},"end":{"line":50,"column":14}}]},"8":{"type":"branch","line":48,"loc":{"start":{"line":48,"column":29},"end":{"line":48,"column":48}},"locations":[{"start":{"line":48,"column":29},"end":{"line":48,"column":48}}]}},"b":{"0":[86],"1":[147],"2":[29],"3":[2],"4":[145],"5":[940],"6":[145],"7":[795],"8":[795]},"fnMap":{"0":{"name":"encode","decl":{"start":{"line":28,"column":2},"end":{"line":59,"column":3}},"loc":{"start":{"line":28,"column":2},"end":{"line":59,"column":3}},"line":28},"1":{"name":"run","decl":{"start":{"line":39,"column":16},"end":{"line":53,"column":5}},"loc":{"start":{"line":39,"column":16},"end":{"line":53,"column":5}},"line":39},"2":{"name":"onNone","decl":{"start":{"line":45,"column":18},"end":{"line":45,"column":43}},"loc":{"start":{"line":45,"column":18},"end":{"line":45,"column":43}},"line":45},"3":{"name":"onSome","decl":{"start":{"line":46,"column":18},"end":{"line":50,"column":14}},"loc":{"start":{"line":46,"column":18},"end":{"line":50,"column":14}},"line":46}},"f":{"0":86,"1":940,"2":145,"3":795}}
,"/home/eilara/projects/effect-tree/src/codec/prufer/enumerate.ts": {"path":"/home/eilara/projects/effect-tree/src/codec/prufer/enumerate.ts","all":false,"statementMap":{"0":{"start":{"line":1,"column":0},"end":{"line":1,"column":56}},"1":{"start":{"line":2,"column":0},"end":{"line":2,"column":28}},"2":{"start":{"line":3,"column":0},"end":{"line":3,"column":28}},"3":{"start":{"line":4,"column":0},"end":{"line":4,"column":34}},"5":{"start":{"line":6,"column":0},"end":{"line":6,"column":35}},"6":{"start":{"line":7,"column":0},"end":{"line":7,"column":35}},"15":{"start":{"line":16,"column":0},"end":{"line":16,"column":67}},"22":{"start":{"line":23,"column":0},"end":{"line":23,"column":68}},"24":{"start":{"line":25,"column":0},"end":{"line":25,"column":50}},"32":{"start":{"line":33,"column":0},"end":{"line":33,"column":72}},"33":{"start":{"line":34,"column":0},"end":{"line":34,"column":22}},"34":{"start":{"line":35,"column":0},"end":{"line":35,"column":13}},"35":{"start":{"line":36,"column":0},"end":{"line":36,"column":3}},"37":{"start":{"line":38,"column":0},"end":{"line":38,"column":79}},"38":{"start":{"line":39,"column":0},"end":{"line":39,"column":40}},"40":{"start":{"line":41,"column":0},"end":{"line":41,"column":14}},"41":{"start":{"line":42,"column":0},"end":{"line":42,"column":11}},"42":{"start":{"line":43,"column":0},"end":{"line":43,"column":65}},"43":{"start":{"line":44,"column":0},"end":{"line":44,"column":3}},"44":{"start":{"line":45,"column":0},"end":{"line":45,"column":1}},"54":{"start":{"line":55,"column":0},"end":{"line":55,"column":25}},"56":{"start":{"line":57,"column":0},"end":{"line":57,"column":53}},"57":{"start":{"line":58,"column":0},"end":{"line":58,"column":37}},"58":{"start":{"line":59,"column":0},"end":{"line":59,"column":17}},"59":{"start":{"line":60,"column":0},"end":{"line":60,"column":3}},"61":{"start":{"line":62,"column":0},"end":{"line":62,"column":36}},"62":{"start":{"line":63,"column":0},"end":{"line":63,"column":9}},"63":{"start":{"line":64,"column":0},"end":{"line":64,"column":32}},"64":{"start":{"line":65,"column":0},"end":{"line":65,"column":39}},"65":{"start":{"line":66,"column":0},"end":{"line":66,"column":3}},"67":{"start":{"line":68,"column":0},"end":{"line":68,"column":62}},"68":{"start":{"line":69,"column":0},"end":{"line":69,"column":1}},"75":{"start":{"line":76,"column":0},"end":{"line":76,"column":79}},"76":{"start":{"line":77,"column":0},"end":{"line":77,"column":47}},"85":{"start":{"line":86,"column":0},"end":{"line":86,"column":29}},"87":{"start":{"line":88,"column":0},"end":{"line":88,"column":53}},"88":{"start":{"line":89,"column":0},"end":{"line":89,"column":47}},"95":{"start":{"line":96,"column":0},"end":{"line":96,"column":73}},"96":{"start":{"line":97,"column":0},"end":{"line":97,"column":7}},"97":{"start":{"line":98,"column":0},"end":{"line":98,"column":48}},"98":{"start":{"line":99,"column":0},"end":{"line":99,"column":46}},"99":{"start":{"line":100,"column":0},"end":{"line":100,"column":3}},"106":{"start":{"line":107,"column":0},"end":{"line":107,"column":64}},"107":{"start":{"line":108,"column":0},"end":{"line":108,"column":15}},"108":{"start":{"line":109,"column":0},"end":{"line":109,"column":8}},"109":{"start":{"line":110,"column":0},"end":{"line":110,"column":21}},"110":{"start":{"line":111,"column":0},"end":{"line":111,"column":28}},"111":{"start":{"line":112,"column":0},"end":{"line":112,"column":54}}},"s":{"0":1,"1":1,"2":1,"3":1,"5":1,"6":1,"15":1,"22":1,"24":1,"32":1,"33":172,"34":3,"35":3,"37":169,"38":169,"40":169,"41":169,"42":172,"43":172,"44":172,"54":1,"56":1,"57":31,"58":2,"59":2,"61":29,"62":29,"63":29,"64":29,"65":29,"67":29,"68":29,"75":1,"76":4,"85":1,"87":1,"88":6,"95":1,"96":4,"97":4,"98":4,"99":4,"106":1,"107":4,"108":1,"109":3,"110":1,"111":2},"branchMap":{"0":{"type":"branch","line":16,"loc":{"start":{"line":16,"column":32},"end":{"line":16,"column":67}},"locations":[{"start":{"line":16,"column":32},"end":{"line":16,"column":67}}]},"1":{"type":"branch","line":23,"loc":{"start":{"line":23,"column":32},"end":{"line":23,"column":68}},"locations":[{"start":{"line":23,"column":32},"end":{"line":23,"column":68}}]},"2":{"type":"branch","line":25,"loc":{"start":{"line":25,"column":14},"end":{"line":25,"column":50}},"locations":[{"start":{"line":25,"column":14},"end":{"line":25,"column":50}}]},"3":{"type":"branch","line":33,"loc":{"start":{"line":33,"column":27},"end":{"line":45,"column":1}},"locations":[{"start":{"line":33,"column":27},"end":{"line":45,"column":1}}]},"4":{"type":"branch","line":34,"loc":{"start":{"line":34,"column":21},"end":{"line":36,"column":3}},"locations":[{"start":{"line":34,"column":21},"end":{"line":36,"column":3}}]},"5":{"type":"branch","line":36,"loc":{"start":{"line":36,"column":2},"end":{"line":43,"column":34}},"locations":[{"start":{"line":36,"column":2},"end":{"line":43,"column":34}}]},"6":{"type":"branch","line":43,"loc":{"start":{"line":43,"column":30},"end":{"line":43,"column":39}},"locations":[{"start":{"line":43,"column":30},"end":{"line":43,"column":39}}]},"7":{"type":"branch","line":43,"loc":{"start":{"line":43,"column":35},"end":{"line":43,"column":63}},"locations":[{"start":{"line":43,"column":35},"end":{"line":43,"column":63}}]},"8":{"type":"branch","line":57,"loc":{"start":{"line":57,"column":44},"end":{"line":69,"column":1}},"locations":[{"start":{"line":57,"column":44},"end":{"line":69,"column":1}}]},"9":{"type":"branch","line":58,"loc":{"start":{"line":58,"column":36},"end":{"line":60,"column":3}},"locations":[{"start":{"line":58,"column":36},"end":{"line":60,"column":3}}]},"10":{"type":"branch","line":60,"loc":{"start":{"line":60,"column":2},"end":{"line":69,"column":1}},"locations":[{"start":{"line":60,"column":2},"end":{"line":69,"column":1}}]},"11":{"type":"branch","line":76,"loc":{"start":{"line":76,"column":26},"end":{"line":77,"column":47}},"locations":[{"start":{"line":76,"column":26},"end":{"line":77,"column":47}}]},"12":{"type":"branch","line":88,"loc":{"start":{"line":88,"column":44},"end":{"line":89,"column":47}},"locations":[{"start":{"line":88,"column":44},"end":{"line":89,"column":47}}]},"13":{"type":"branch","line":96,"loc":{"start":{"line":96,"column":26},"end":{"line":100,"column":3}},"locations":[{"start":{"line":96,"column":26},"end":{"line":100,"column":3}}]},"14":{"type":"branch","line":99,"loc":{"start":{"line":99,"column":14},"end":{"line":99,"column":44}},"locations":[{"start":{"line":99,"column":14},"end":{"line":99,"column":44}}]},"15":{"type":"branch","line":107,"loc":{"start":{"line":107,"column":26},"end":{"line":112,"column":54}},"locations":[{"start":{"line":107,"column":26},"end":{"line":112,"column":54}}]},"16":{"type":"branch","line":108,"loc":{"start":{"line":108,"column":14},"end":{"line":109,"column":8}},"locations":[{"start":{"line":108,"column":14},"end":{"line":109,"column":8}}]},"17":{"type":"branch","line":109,"loc":{"start":{"line":109,"column":7},"end":{"line":112,"column":54}},"locations":[{"start":{"line":109,"column":7},"end":{"line":112,"column":54}}]},"18":{"type":"branch","line":110,"loc":{"start":{"line":110,"column":20},"end":{"line":111,"column":28}},"locations":[{"start":{"line":110,"column":20},"end":{"line":111,"column":28}}]},"19":{"type":"branch","line":111,"loc":{"start":{"line":111,"column":27},"end":{"line":112,"column":54}},"locations":[{"start":{"line":111,"column":27},"end":{"line":112,"column":54}}]}},"b":{"0":[7],"1":[61],"2":[14],"3":[172],"4":[3],"5":[169],"6":[136],"7":[33],"8":[31],"9":[2],"10":[29],"11":[4],"12":[6],"13":[4],"14":[145],"15":[4],"16":[1],"17":[3],"18":[1],"19":[2]},"fnMap":{"0":{"name":"labeledTreeCount","decl":{"start":{"line":16,"column":32},"end":{"line":16,"column":67}},"loc":{"start":{"line":16,"column":32},"end":{"line":16,"column":67}},"line":16},"1":{"name":"computeNodeCount","decl":{"start":{"line":23,"column":32},"end":{"line":23,"column":68}},"loc":{"start":{"line":23,"column":32},"end":{"line":23,"column":68}},"line":23},"2":{"name":"codeCount","decl":{"start":{"line":25,"column":14},"end":{"line":25,"column":50}},"loc":{"start":{"line":25,"column":14},"end":{"line":25,"column":50}},"line":25},"3":{"name":"fromOrdinal","decl":{"start":{"line":33,"column":27},"end":{"line":45,"column":1}},"loc":{"start":{"line":33,"column":27},"end":{"line":45,"column":1}},"line":33},"4":{"name":"toOrdinal","decl":{"start":{"line":57,"column":44},"end":{"line":69,"column":1}},"loc":{"start":{"line":57,"column":44},"end":{"line":69,"column":1}},"line":57},"5":{"name":"getNthTree","decl":{"start":{"line":76,"column":26},"end":{"line":77,"column":47}},"loc":{"start":{"line":76,"column":26},"end":{"line":77,"column":47}},"line":76},"6":{"name":"treeToOrdinal","decl":{"start":{"line":88,"column":44},"end":{"line":89,"column":47}},"loc":{"start":{"line":88,"column":44},"end":{"line":89,"column":47}},"line":88},"7":{"name":"allCodesAt","decl":{"start":{"line":96,"column":26},"end":{"line":100,"column":3}},"loc":{"start":{"line":96,"column":26},"end":{"line":100,"column":3}},"line":96},"8":{"name":"allTreesAt","decl":{"start":{"line":107,"column":26},"end":{"line":112,"column":54}},"loc":{"start":{"line":107,"column":26},"end":{"line":112,"column":54}},"line":107}},"f":{"0":7,"1":61,"2":14,"3":172,"4":31,"5":4,"6":6,"7":4,"8":4}}
,"/home/eilara/projects/effect-tree/src/codec/prufer/step.ts": {"path":"/home/eilara/projects/effect-tree/src/codec/prufer/step.ts","all":false,"statementMap":{"0":{"start":{"line":1,"column":0},"end":{"line":1,"column":33}},"1":{"start":{"line":2,"column":0},"end":{"line":2,"column":33}},"2":{"start":{"line":3,"column":0},"end":{"line":3,"column":37}},"3":{"start":{"line":4,"column":0},"end":{"line":4,"column":53}},"4":{"start":{"line":5,"column":0},"end":{"line":5,"column":35}},"5":{"start":{"line":6,"column":0},"end":{"line":6,"column":35}},"6":{"start":{"line":7,"column":0},"end":{"line":7,"column":8}},"18":{"start":{"line":19,"column":0},"end":{"line":19,"column":76}},"19":{"start":{"line":20,"column":0},"end":{"line":20,"column":15}},"20":{"start":{"line":21,"column":0},"end":{"line":21,"column":8}},"21":{"start":{"line":22,"column":0},"end":{"line":22,"column":68}},"28":{"start":{"line":29,"column":0},"end":{"line":29,"column":67}},"29":{"start":{"line":30,"column":0},"end":{"line":30,"column":15}},"30":{"start":{"line":31,"column":0},"end":{"line":31,"column":8}},"31":{"start":{"line":32,"column":0},"end":{"line":32,"column":76}},"38":{"start":{"line":39,"column":0},"end":{"line":39,"column":65}},"39":{"start":{"line":40,"column":0},"end":{"line":40,"column":70}},"46":{"start":{"line":47,"column":0},"end":{"line":47,"column":66}},"47":{"start":{"line":48,"column":0},"end":{"line":48,"column":36}},"48":{"start":{"line":49,"column":0},"end":{"line":49,"column":44}},"49":{"start":{"line":50,"column":0},"end":{"line":50,"column":16}},"50":{"start":{"line":51,"column":0},"end":{"line":51,"column":11}},"51":{"start":{"line":52,"column":0},"end":{"line":52,"column":40}},"52":{"start":{"line":53,"column":0},"end":{"line":53,"column":5}},"53":{"start":{"line":54,"column":0},"end":{"line":54,"column":20}},"54":{"start":{"line":55,"column":0},"end":{"line":55,"column":1}},"64":{"start":{"line":65,"column":0},"end":{"line":65,"column":53}},"65":{"start":{"line":66,"column":0},"end":{"line":66,"column":29}},"66":{"start":{"line":67,"column":0},"end":{"line":67,"column":23}},"67":{"start":{"line":68,"column":0},"end":{"line":68,"column":25}},"68":{"start":{"line":69,"column":0},"end":{"line":69,"column":12}},"69":{"start":{"line":70,"column":0},"end":{"line":70,"column":52}},"70":{"start":{"line":71,"column":0},"end":{"line":71,"column":65}},"71":{"start":{"line":72,"column":0},"end":{"line":72,"column":8}},"79":{"start":{"line":80,"column":0},"end":{"line":80,"column":49}},"80":{"start":{"line":81,"column":0},"end":{"line":81,"column":18}},"81":{"start":{"line":82,"column":0},"end":{"line":82,"column":49}},"82":{"start":{"line":83,"column":0},"end":{"line":83,"column":63}},"92":{"start":{"line":93,"column":0},"end":{"line":93,"column":57}},"93":{"start":{"line":94,"column":0},"end":{"line":94,"column":29}},"94":{"start":{"line":95,"column":0},"end":{"line":95,"column":23}},"95":{"start":{"line":96,"column":0},"end":{"line":96,"column":52}},"96":{"start":{"line":97,"column":0},"end":{"line":97,"column":26}},"97":{"start":{"line":98,"column":0},"end":{"line":98,"column":8}},"107":{"start":{"line":108,"column":0},"end":{"line":108,"column":53}},"108":{"start":{"line":109,"column":0},"end":{"line":109,"column":18}},"109":{"start":{"line":110,"column":0},"end":{"line":110,"column":51}},"110":{"start":{"line":111,"column":0},"end":{"line":111,"column":20}},"121":{"start":{"line":122,"column":0},"end":{"line":122,"column":59}},"122":{"start":{"line":123,"column":0},"end":{"line":123,"column":56}},"132":{"start":{"line":133,"column":0},"end":{"line":133,"column":55}},"133":{"start":{"line":134,"column":0},"end":{"line":134,"column":52}},"141":{"start":{"line":142,"column":0},"end":{"line":142,"column":63}},"142":{"start":{"line":143,"column":0},"end":{"line":143,"column":60}},"150":{"start":{"line":151,"column":0},"end":{"line":151,"column":59}},"151":{"start":{"line":152,"column":0},"end":{"line":152,"column":56}},"159":{"start":{"line":160,"column":0},"end":{"line":160,"column":19}},"160":{"start":{"line":161,"column":0},"end":{"line":161,"column":35}},"161":{"start":{"line":162,"column":0},"end":{"line":162,"column":33}},"162":{"start":{"line":163,"column":0},"end":{"line":163,"column":51}},"163":{"start":{"line":164,"column":0},"end":{"line":164,"column":36}},"164":{"start":{"line":165,"column":0},"end":{"line":165,"column":3}}},"s":{"0":1,"1":1,"2":1,"3":1,"4":1,"5":1,"6":1,"18":1,"19":9,"20":2,"21":7,"28":1,"29":7,"30":1,"31":6,"38":1,"39":21,"46":1,"47":23,"48":21,"49":21,"50":21,"51":21,"52":21,"53":23,"54":23,"64":1,"65":13,"66":12,"67":4,"68":2,"69":2,"70":8,"71":1,"79":1,"80":14,"81":3,"82":11,"92":1,"93":9,"94":8,"95":3,"96":5,"97":1,"107":1,"108":9,"109":3,"110":6,"121":1,"122":1,"132":1,"133":1,"141":1,"142":1,"150":1,"151":1,"159":1,"160":1,"161":19,"162":19,"163":19,"164":19},"
[...]
olumn":0},"end":{"line":359,"column":2}},"367":{"start":{"line":368,"column":0},"end":{"line":368,"column":67}},"377":{"start":{"line":378,"column":0},"end":{"line":378,"column":77}},"396":{"start":{"line":397,"column":0},"end":{"line":397,"column":21}},"399":{"start":{"line":400,"column":0},"end":{"line":400,"column":9}},"400":{"start":{"line":401,"column":0},"end":{"line":401,"column":4}},"401":{"start":{"line":402,"column":0},"end":{"line":402,"column":47}},"402":{"start":{"line":403,"column":0},"end":{"line":403,"column":47}},"403":{"start":{"line":404,"column":0},"end":{"line":404,"column":1}},"413":{"start":{"line":414,"column":0},"end":{"line":414,"column":77}},"432":{"start":{"line":433,"column":0},"end":{"line":433,"column":21}},"435":{"start":{"line":436,"column":0},"end":{"line":436,"column":9}},"436":{"start":{"line":437,"column":0},"end":{"line":437,"column":4}},"437":{"start":{"line":438,"column":0},"end":{"line":438,"column":47}},"438":{"start":{"line":439,"column":0},"end":{"line":439,"column":47}},"439":{"start":{"line":440,"column":0},"end":{"line":440,"column":1}},"449":{"start":{"line":450,"column":0},"end":{"line":450,"column":54}},"450":{"start":{"line":451,"column":0},"end":{"line":451,"column":14}},"451":{"start":{"line":452,"column":0},"end":{"line":452,"column":20}},"452":{"start":{"line":453,"column":0},"end":{"line":453,"column":1}},"470":{"start":{"line":471,"column":0},"end":{"line":471,"column":25}},"473":{"start":{"line":474,"column":0},"end":{"line":474,"column":9}},"474":{"start":{"line":475,"column":0},"end":{"line":475,"column":4}},"475":{"start":{"line":476,"column":0},"end":{"line":476,"column":47}},"476":{"start":{"line":477,"column":0},"end":{"line":477,"column":51}},"477":{"start":{"line":478,"column":0},"end":{"line":478,"column":1}},"488":{"start":{"line":489,"column":0},"end":{"line":489,"column":77}},"507":{"start":{"line":508,"column":0},"end":{"line":508,"column":21}},"510":{"start":{"line":511,"column":0},"end":{"line":511,"column":9}},"511":{"start":{"line":512,"column":0},"end":{"line":512,"column":4}},"512":{"start":{"line":513,"column":0},"end":{"line":513,"column":47}},"513":{"start":{"line":514,"column":0},"end":{"line":514,"column":47}},"514":{"start":{"line":515,"column":0},"end":{"line":515,"column":1}},"524":{"start":{"line":525,"column":0},"end":{"line":525,"column":73}},"541":{"start":{"line":542,"column":0},"end":{"line":542,"column":18}},"544":{"start":{"line":545,"column":0},"end":{"line":545,"column":9}},"545":{"start":{"line":546,"column":0},"end":{"line":546,"column":4}},"546":{"start":{"line":547,"column":0},"end":{"line":547,"column":47}},"547":{"start":{"line":548,"column":0},"end":{"line":548,"column":44}},"548":{"start":{"line":549,"column":0},"end":{"line":549,"column":1}}},"s":{"0":1,"1":1,"8":1,"9":1,"10":1,"20":1,"34":1,"35":77,"36":77,"37":17,"38":17,"40":60,"41":60,"42":60,"43":60,"44":60,"45":60,"46":60,"47":60,"66":1,"69":1,"70":1,"71":1,"72":3,"73":1,"87":1,"88":18,"89":18,"90":2,"91":2,"93":16,"94":16,"95":16,"96":16,"97":16,"98":16,"99":16,"100":16,"119":1,"122":1,"123":1,"124":1,"125":2,"126":1,"142":1,"143":2,"144":2,"145":1,"146":1,"147":1,"148":1,"149":1,"150":1,"151":1,"152":1,"153":1,"154":1,"170":1,"171":2,"172":2,"173":1,"174":1,"176":1,"177":1,"178":1,"179":1,"180":1,"182":1,"183":1,"195":1,"196":11,"197":11,"198":11,"199":11,"200":11,"201":11,"202":1,"203":1,"204":10,"205":10,"206":10,"207":10,"208":10,"209":10,"210":10,"211":10,"229":1,"232":1,"233":1,"234":1,"235":1,"236":1,"248":1,"249":33,"250":3,"251":3,"252":30,"253":30,"254":30,"255":30,"256":30,"257":30,"258":30,"259":30,"278":1,"281":1,"282":1,"283":1,"284":1,"285":1,"297":1,"298":11,"299":11,"300":11,"301":11,"302":11,"303":11,"304":2,"305":2,"307":9,"308":9,"309":9,"310":9,"311":9,"312":9,"313":9,"331":1,"334":1,"335":3,"337":3,"338":3,"339":3,"340":1,"341":1,"343":2,"344":2,"345":2,"346":2,"347":2,"348":2,"349":2,"351":2,"352":2,"353":2,"354":2,"355":2,"356":2,"357":2,"358":2,"367":1,"377":1,"396":1,"399":1,"400":1,"401":1,"402":2,"403":1,"413":1,"432":1,"435":1,"436":1,"437":1,"438":1,"439":1,"449":1,"450":1,"451":1,"452":1,"470":1,"473":1,"474":1,"475":1,"476":1,"477":1,"488":1,"507":1,"510":1,"511":1,"512":1,"513":1,"514":1,"524":1,"541":1,"544":1,"545":1,"546":1,"547":2,"548":1},"branchMap":{"0":{"type":"branch","line":35,"loc":{"start":{"line":35,"column":39},"end":{"line":48,"column":1}},"locations":[{"start":{"line":35,"column":39},"end":{"line":48,"column":1}}]},"1":{"type":"branch","line":37,"loc":{"start":{"line":37,"column":26},"end":{"line":39,"column":3}},"locations":[{"start":{"line":37,"column":26},"end":{"line":39,"column":3}}]},"2":{"type":"branch","line":39,"loc":{"start":{"line":39,"column":2},"end":{"line":48,"column":1}},"locations":[{"start":{"line":39,"column":2},"end":{"line":48,"column":1}}]},"3":{"type":"branch","line":72,"loc":{"start":{"line":72,"column":2},"end":{"line":73,"column":32}},"locations":[{"start":{"line":72,"column":2},"end":{"line":73,"column":32}}]},"4":{"type":"branch","line":88,"loc":{"start":{"line":88,"column":39},"end":{"line":101,"column":1}},"locations":[{"start":{"line":88,"column":39},"end":{"line":101,"column":1}}]},"5":{"type":"branch","line":90,"loc":{"start":{"line":90,"column":26},"end":{"line":92,"column":3}},"locations":[{"start":{"line":90,"column":26},"end":{"line":92,"column":3}}]},"6":{"type":"branch","line":92,"loc":{"start":{"line":92,"column":2},"end":{"line":101,"column":1}},"locations":[{"start":{"line":92,"column":2},"end":{"line":101,"column":1}}]},"7":{"type":"branch","line":125,"loc":{"start":{"line":125,"column":2},"end":{"line":126,"column":32}},"locations":[{"start":{"line":125,"column":2},"end":{"line":126,"column":32}}]},"8":{"type":"branch","line":143,"loc":{"start":{"line":143,"column":47},"end":{"line":155,"column":1}},"locations":[{"start":{"line":143,"column":47},"end":{"line":155,"column":1}}]},"9":{"type":"branch","line":145,"loc":{"start":{"line":145,"column":31},"end":{"line":155,"column":1}},"locations":[{"start":{"line":145,"column":31},"end":{"line":155,"column":1}}]},"10":{"type":"branch","line":171,"loc":{"start":{"line":171,"column":44},"end":{"line":184,"column":1}},"locations":[{"start":{"line":171,"column":44},"end":{"line":184,"column":1}}]},"11":{"type":"branch","line":173,"loc":{"start":{"line":173,"column":32},"end":{"line":184,"column":1}},"locations":[{"start":{"line":173,"column":32},"end":{"line":184,"column":1}}]},"12":{"type":"branch","line":196,"loc":{"start":{"line":196,"column":43},"end":{"line":212,"column":1}},"locations":[{"start":{"line":196,"column":43},"end":{"line":212,"column":1}}]},"13":{"type":"branch","line":202,"loc":{"start":{"line":202,"column":31},"end":{"line":204,"column":3}},"locations":[{"start":{"line":202,"column":31},"end":{"line":204,"column":3}}]},"14":{"type":"branch","line":204,"loc":{"start":{"line":204,"column":2},"end":{"line":212,"column":1}},"locations":[{"start":{"line":204,"column":2},"end":{"line":212,"column":1}}]},"15":{"type":"branch","line":235,"loc":{"start":{"line":235,"column":2},"end":{"line":236,"column":36}},"locations":[{"start":{"line":235,"column":2},"end":{"line":236,"column":36}}]},"16":{"type":"branch","line":249,"loc":{"start":{"line":249,"column":39},"end":{"line":260,"column":1}},"locations":[{"start":{"line":249,"column":39},"end":{"line":260,"column":1}}]},"17":{"type":"branch","line":250,"loc":{"start":{"line":250,"column":32},"end":{"line":252,"column":3}},"locations":[{"start":{"line":250,"column":32},"end":{"line":252,"column":3}}]},"18":{"type":"branch","line":252,"loc":{"start":{"line":252,"column":2},"end":{"line":260,"column":1}},"locations":[{"start":{"line":252,"column":2},"end":{"line":260,"column":1}}]},"19":{"type":"branch","line":284,"loc":{"start":{"line":284,"column":2},"end":{"line":285,"column":32}},"locations":[{"start":{"line":284,"column":2},"end":{"line":285,"column":32}}]},"20":{"type":"branch","line":298,"loc":{"start":{"line":298,"column":37},"end":{"line":314,"column":1}},"locations":[{"start":{"line":298,"column":37},"end":{"line":314,"column":1}}]},"21":{"type":"branch","line":304,"loc":{"start":{"line":304,"column":26},"end":{"line":304,"column":65}},"locations":[{"start":{"line":304,"column":26},"end":{"line":304,"column":65}}]},"22":{"type":"branch","line":304,"loc":{"start":{"line":304,"column":65},"end":{"line":306,"column":3}},"locations":[{"start":{"line":304,"column":65},"end":{"line":306,"column":3}}]},"23":{"type":"branch","line":306,"loc":{"start":{"line":306,"column":2},"end":{"line":314,"column":1}},"locations":[{"start":{"line":306,"column":2},"end":{"line":314,"column":1}}]},"24":{"type":"branch","line":335,"loc":{"start":{"line":335,"column":12},"end":{"line":359,"column":2}},"locations":[{"start":{"line":335,"column":12},"end":{"line":359,"column":2}}]},"25":{"type":"branch","line":339,"loc":{"start":{"line":339,"column":25},"end":{"line":339,"column":38}},"locations":[{"start":{"line":339,"column":25},"end":{"line":339,"column":38}}]},"26":{"type":"branch","line":339,"loc":{"start":{"line":339,"column":29},"end":{"line":339,"column":40}},"locations":[{"start":{"line":339,"column":29},"end":{"line":339,"column":40}}]},"27":{"type":"branch","line":340,"loc":{"start":{"line":340,"column":63},"end":{"line":342,"column":3}},"locations":[{"start":{"line":340,"column":63},"end":{"line":342,"column":3}}]},"28":{"type":"branch","line":342,"loc":{"start":{"line":342,"column":2},"end":{"line":359,"column":2}},"locations":[{"start":{"line":342,"column":2},"end":{"line":359,"column":2}}]},"29":{"type":"branch","line":402,"loc":{"start":{"line":402,"column":2},"end":{"line":403,"column":47}},"locations":[{"start":{"line":402,"column":2},"end":{"line":403,"column":47}}]},"30":{"type":"branch","line":438,"loc":{"start":{"line":438,"column":2},"end":{"line":439,"column":47}},"locations":[{"start":{"line":438,"column":2},"end":{"line":439,"column":47}}]},"31":{"type":"branch","line":476,"loc":{"start":{"line":476,"column":2},"end":{"line":477,"column":51}},"locations":[{"start":{"line":476,"column":2},"end":{"line":477,"column":51}}]},"32":{"type":"branch","line":513,"loc":{"start":{"line":513,"column":2},"end":{"line":514,"column":47}},"locations":[{"start":{"line":513,"column":2},"end":{"line":514,"column":47}}]},"33":{"type":"branch","line":547,"loc":{"start":{"line":547,"column":2},"end":{"line":548,"column":44}},"locations":[{"start":{"line":547,"column":2},"end":{"line":548,"column":44}}]}},"b":{"0":[77],"1":[17],"2":[60],"3":[3],"4":[18],"5":[2],"6":[16],"7":[2],"8":[2],"9":[1],"10":[2],"11":[1],"12":[11],"13":[1],"14":[10],"15":[1],"16":[33],"17":[3],"18":[30],"19":[1],"20":[11],"21":[9],"22":[2],"23":[9],"24":[3],"25":[1],"26":[2],"27":[1],"28":[2],"29":[2],"30":[1],"31":[1],"32":[1],"33":[2]},"fnMap":{"0":{"name":"tryHead","decl":{"start":{"line":35,"column":39},"end":{"line":48,"column":1}},"loc":{"start":{"line":35,"column":39},"end":{"line":48,"column":1}},"line":35},"1":{"name":"tryLast","decl":{"start":{"line":88,"column":39},"end":{"line":101,"column":1}},"loc":{"start":{"line":88,"column":39},"end":{"line":101,"column":1}},"line":88},"2":{"name":"rewind","decl":{"start":{"line":143,"column":47},"end":{"line":155,"column":1}},"loc":{"start":{"line":143,"column":47},"end":{"line":155,"column":1}},"line":143},"3":{"name":"end","decl":{"start":{"line":171,"column":44},"end":{"line":184,"column":1}},"loc":{"start":{"line":171,"column":44},"end":{"line":184,"column":1}},"line":171},"4":{"name":"tryPrevious","decl":{"start":{"line":196,"column":43},"end":{"line":212,"column":1}},"loc":{"start":{"line":196,"column":43},"end":{"line":212,"column":1}},"line":196},"5":{"name":"tryNext","decl":{"start":{"line":249,"column":39},"end":{"line":260,"column":1}},"loc":{"start":{"line":249,"column":39},"end":{"line":260,"column":1}},"line":249},"6":{"name":"tryUp","decl":{"start":{"line":298,"column":37},"end":{"line":314,"column":1}},"loc":{"start":{"line":298,"column":37},"end":{"line":314,"column":1}},"line":298}},"f":{"0":77,"1":18,"2":2,"3":2,"4":11,"5":33,"6":11}}
,"/home/eilara/projects/effect-tree/src/zipper/repeat.ts": {"path":"/home/eilara/projects/effect-tree/src/zipper/repeat.ts","all":false,"statementMap":{"0":{"start":{"line":1,"column":0},"end":{"line":1,"column":29}},"1":{"start":{"line":2,"column":0},"end":{"line":2,"column":42}},"2":{"start":{"line":3,"column":0},"end":{"line":3,"column":57}},"3":{"start":{"line":4,"column":0},"end":{"line":4,"column":34}},"4":{"start":{"line":5,"column":0},"end":{"line":5,"column":8}},"23":{"start":{"line":24,"column":0},"end":{"line":24,"column":25}},"26":{"start":{"line":27,"column":0},"end":{"line":27,"column":9}},"27":{"start":{"line":28,"column":0},"end":{"line":28,"column":4}},"28":{"start":{"line":29,"column":0},"end":{"line":29,"column":6}},"29":{"start":{"line":30,"column":0},"end":{"line":30,"column":20}},"30":{"start":{"line":31,"column":0},"end":{"line":31,"column":14}},"31":{"start":{"line":32,"column":0},"end":{"line":32,"column":24}},"32":{"start":{"line":33,"column":0},"end":{"line":33,"column":34}},"33":{"start":{"line":34,"column":0},"end":{"line":34,"column":22}},"34":{"start":{"line":35,"column":0},"end":{"line":35,"column":45}},"35":{"start":{"line":36,"column":0},"end":{"line":36,"column":33}},"36":{"start":{"line":37,"column":0},"end":{"line":37,"column":34}},"37":{"start":{"line":38,"column":0},"end":{"line":38,"column":21}},"38":{"start":{"line":39,"column":0},"end":{"line":39,"column":7}},"39":{"start":{"line":40,"column":0},"end":{"line":40,"column":28}},"40":{"start":{"line":41,"column":0},"end":{"line":41,"column":5}},"42":{"start":{"line":43,"column":0},"end":{"line":43,"column":31}},"43":{"start":{"line":44,"column":0},"end":{"line":44,"column":4}},"44":{"start":{"line":45,"column":0},"end":{"line":45,"column":1}},"72":{"start":{"line":73,"column":0},"end":{"line":73,"column":26}},"73":{"start":{"line":74,"column":0},"end":{"line":74,"column":6}},"74":{"start":{"line":75,"column":0},"end":{"line":75,"column":31}},"75":{"start":{"line":76,"column":0},"end":{"line":76,"column":49}},"78":{"start":{"line":79,"column":0},"end":{"line":79,"column":50}},"79":{"start":{"line":80,"column":0},"end":{"line":80,"column":29}},"80":{"start":{"line":81,"column":0},"end":{"line":81,"column":35}},"81":{"start":{"line":82,"column":0},"end":{"line":82,"column":31}},"83":{"start":{"line":84,"column":0},"end":{"line":84,"column":36}},"84":{"start":{"line":85,"column":0},"end":{"line":85,"column":53}},"85":{"start":{"line":86,"column":0},"end":{"line":86,"column":22}},"86":{"start":{"line":87,"column":0},"end":{"line":87,"column":7}},"87":{"start":{"line":88,"column":0},"end":{"line":88,"column":51}},"88":{"start":{"line":89,"column":0},"end":{"line":89,"column":35}},"89":{"start":{"line":90,"column":0},"end":{"line":90,"column":44}},"90":{"start":{"line":91,"column":0},"end":{"line":91,"column":32}},"91":{"start":{"line":92,"column":0},"end":{"line":92,"column":73}},"92":{"start":{"line":93,"column":0},"end":{"line":93,"column":9}},"93":{"start":{"line":94,"column":0},"end":{"line":94,"column":25}},"94":{"start":{"line":95,"column":0},"end":{"line":95,"column":7}},"95":{"start":{"line":96,"column":0},"end":{"line":96,"column":5}},"96":{"start":{"line":97,"column":0},"end":{"line":97,"column":24}},"97":{"start":{"line":98,"column":0},"end":{"line":98,"column":3}},"127":{"start":{"line":128,"column":0},"end":{"line":128,"column":36}},"128":{"start":{"line":129,"column":0},"end":{"line":129,"column":29}},"129":{"start":{"line":130,"column":0},"end":{"line":130,"column":36}},"131":{"start":{"line":132,"column":0},"end":{"line":132,"column":63}},"143":{"start":{"line":144,"column":0},"end":{"line":144,"column":22}},"146":{"start":{"line":147,"column":0},"end":{"line":147,"column":9}},"147":{"start":{"line":148,"column":0},"end":{"line":148,"column":4}},"148":{"start":{"line":149,"column":0},"end":{"line":149,"column":68}},"149":{"start":{"line":150,"column":0},"end":{"line":150,"column":53}},"150":{"start":{"line":151,"column":0},"end":{"line":151,"column":1}}},"s":{"0":1,"1":1,"2":1,"3":1,"4":1,"23":1,"26":1,"27":1,"28":1,"29":9,"30":9,"31":9,"32":9,"33":9,"34":9,"35":13,"36":13,"37":3,"38":3,"39":10,"40":10,"42":6,"43":9,"44":1,"72":1,"73":1,"74":9,"75":9,"78":9,"79":9,"80":9,"81":9,"83":9,"84":23,"85":5,"86":5,"87":18,"88":23,"89":15,"90":15,"91":1,"92":1,"93":14,"94":14,"95":23,"96":3,"97":9,"127":1,"128":5,"129":5,"131":5,"143":1,"146":1,"147":1,"148":1,"149":1,"150":1},"branchMap":{"0":{"type":"branch","line":29,"loc":{"start":{"line":29,"column":2},"end":{"line":44,"column":4}},"locations":[{"start":{"line":29,"column":2},"end":{"line":44,"column":4}}]},"1":{"type":"branch","line":35,"loc":{"start":{"line":35,"column":44},"end":{"line":41,"column":5}},"locations":[{"start":{"line":35,"column":44},"end":{"line":41,"column":5}}]},"2":{"type":"branch","line":37,"loc":{"start":{"line":37,"column":33},"end":{"line":39,"column":7}},"locations":[{"start":{"line":37,"column":33},"end":{"line":39,"column":7}}]},"3":{"type":"branch","line":39,"loc":{"start":{"line":39,"column":6},"end":{"line":41,"column":5}},"locations":[{"start":{"line":39,"column":6},"end":{"line":41,"column":5}}]},"4":{"type":"branch","line":41,"loc":{"start":{"line":41,"column":4},"end":{"line":43,"column":31}},"locations":[{"start":{"line":41,"column":4},"end":{"line":43,"column":31}}]},"5":{"type":"branch","line":74,"loc":{"start":{"line":74,"column":2},"end":{"line":98,"column":3}},"locations":[{"start":{"line":74,"column":2},"end":{"line":98,"column":3}}]},"6":{"type":"branch","line":79,"loc":{"start":{"line":79,"column":2},"end":{"line":98,"column":3}},"locations":[{"start":{"line":79,"column":2},"end":{"line":98,"column":3}}]},"7":{"type":"branch","line":84,"loc":{"start":{"line":84,"column":35},"end":{"line":96,"column":5}},"locations":[{"start":{"line":84,"column":35},"end":{"line":96,"column":5}}]},"8":{"type":"branch","line":85,"loc":{"start":{"line":85,"column":52},"end":{"line":87,"column":7}},"locations":[{"start":{"line":85,"column":52},"end":{"line":87,"column":7}}]},"9":{"type":"branch","line":87,"loc":{"start":{"line":87,"column":6},"end":{"line":89,"column":34}},"locations":[{"start":{"line":87,"column":6},"end":{"line":89,"column":34}}]},"10":{"type":"branch","line":89,"loc":{"start":{"line":89,"column":34},"end":{"line":95,"column":7}},"locations":[{"start":{"line":89,"column":34},"end":{"line":95,"column":7}}]},"11":{"type":"branch","line":91,"loc":{"start":{"line":91,"column":31},"end":{"line":93,"column":9}},"locations":[{"start":{"line":91,"column":31},"end":{"line":93,"column":9}}]},"12":{"type":"branch","line":93,"loc":{"start":{"line":93,"column":8},"end":{"line":95,"column":7}},"locations":[{"start":{"line":93,"column":8},"end":{"line":95,"column":7}}]},"13":{"type":"branch","line":96,"loc":{"start":{"line":96,"column":4},"end":{"line":97,"column":24}},"locations":[{"start":{"line":96,"column":4},"end":{"line":97,"column":24}}]},"14":{"type":"branch","line":128,"loc":{"start":{"line":128,"column":32},"end":{"line":132,"column":63}},"locations":[{"start":{"line":128,"column":32},"end":{"line":132,"column":63}}]},"15":{"type":"branch","line":149,"loc":{"start":{"line":149,"column":2},"end":{"line":150,"column":53}},"locations":[{"start":{"line":149,"column":2},"end":{"line":150,"column":53}}]}},"b":{"0":[9],"1":[13],"2":[3],"3":[10],"4":[6],"5":[9],"6":[9],"7":[23],"8":[5],"9":[18],"10":[15],"11":[1],"12":[14],"13":[3],"14":[5],"15":[1]},"fnMap":{"0":{"name":"repeatUntil","decl":{"start":{"line":74,"column":2},"end":{"line":98,"column":3}},"loc":{"start":{"line":74,"column":2},"end":{"line":98,"column":3}},"line":74},"1":{"name":"repeatUntilValue","decl":{"start":{"line":128,"column":32},"end":{"line":132,"column":63}},"loc":{"start":{"line":128,"column":32},"end":{"line":132,"column":63}},"line":128}},"f":{"0":9,"1":5}}
}
